<?xml version="1.0" encoding="UTF-8"?>
<testsuite name="com.ollee.TwitchFollowerSuggestionApplicationTests" tests="1" skipped="0" failures="0" errors="0" timestamp="2017-05-01T03:08:30" hostname="Tron" time="0.034">
  <properties/>
  <testcase name="contextLoads" classname="com.ollee.TwitchFollowerSuggestionApplicationTests" time="0.034"/>
  <system-out><![CDATA[23:08:27.189 [Test worker] ?[39m[DEBUG]?[0;39m o.s.t.c.j.SpringJUnit4ClassRunner - SpringJUnit4ClassRunner constructor called with [class com.ollee.TwitchFollowerSuggestionApplicationTests]
23:08:27.192 [Test worker] ?[39m[DEBUG]?[0;39m o.s.t.c.BootstrapUtils - Instantiating CacheAwareContextLoaderDelegate from class [org.springframework.test.context.cache.DefaultCacheAwareContextLoaderDelegate]
23:08:27.199 [Test worker] ?[39m[DEBUG]?[0;39m o.s.t.c.BootstrapUtils - Instantiating BootstrapContext using constructor [public org.springframework.test.context.support.DefaultBootstrapContext(java.lang.Class,org.springframework.test.context.CacheAwareContextLoaderDelegate)]
23:08:27.211 [Test worker] ?[39m[DEBUG]?[0;39m o.s.t.c.BootstrapUtils - Instantiating TestContextBootstrapper for test class [com.ollee.TwitchFollowerSuggestionApplicationTests] from class [org.springframework.boot.test.context.SpringBootTestContextBootstrapper]
23:08:27.224 [Test worker] ?[34m[INFO ]?[0;39m o.s.b.t.c.SpringBootTestContextBootstrapper - Neither @ContextConfiguration nor @ContextHierarchy found for test class [com.ollee.TwitchFollowerSuggestionApplicationTests], using SpringBootContextLoader
23:08:27.228 [Test worker] ?[39m[DEBUG]?[0;39m o.s.t.c.s.AbstractContextLoader - Did not detect default resource location for test class [com.ollee.TwitchFollowerSuggestionApplicationTests]: class path resource [com/ollee/TwitchFollowerSuggestionApplicationTests-context.xml] does not exist
23:08:27.228 [Test worker] ?[39m[DEBUG]?[0;39m o.s.t.c.s.AbstractContextLoader - Did not detect default resource location for test class [com.ollee.TwitchFollowerSuggestionApplicationTests]: class path resource [com/ollee/TwitchFollowerSuggestionApplicationTestsContext.groovy] does not exist
23:08:27.228 [Test worker] ?[34m[INFO ]?[0;39m o.s.t.c.s.AbstractContextLoader - Could not detect default resource locations for test class [com.ollee.TwitchFollowerSuggestionApplicationTests]: no resource found for suffixes {-context.xml, Context.groovy}.
23:08:27.228 [Test worker] ?[34m[INFO ]?[0;39m o.s.t.c.s.AnnotationConfigContextLoaderUtils - Could not detect default configuration classes for test class [com.ollee.TwitchFollowerSuggestionApplicationTests]: TwitchFollowerSuggestionApplicationTests does not declare any static, non-private, non-final, nested classes annotated with @Configuration.
23:08:27.256 [Test worker] ?[39m[DEBUG]?[0;39m o.s.t.c.s.ActiveProfilesUtils - Could not find an 'annotation declaring class' for annotation type [org.springframework.test.context.ActiveProfiles] and class [com.ollee.TwitchFollowerSuggestionApplicationTests]
23:08:27.265 [Test worker] ?[39m[DEBUG]?[0;39m o.s.c.e.StandardEnvironment - Adding [systemProperties] PropertySource with lowest search precedence
23:08:27.266 [Test worker] ?[39m[DEBUG]?[0;39m o.s.c.e.StandardEnvironment - Adding [systemEnvironment] PropertySource with lowest search precedence
23:08:27.266 [Test worker] ?[39m[DEBUG]?[0;39m o.s.c.e.StandardEnvironment - Initialized StandardEnvironment with PropertySources [systemProperties,systemEnvironment]
23:08:27.275 [Test worker] ?[39m[DEBUG]?[0;39m o.s.c.i.s.PathMatchingResourcePatternResolver - Resolved classpath location [com/ollee/] to resources [URL [file:/C:/Users/Chris/Documents/GitHub/TwitchFollwerSuggestion/springapp/TwitchFollowerSuggestion/build/classes/test/com/ollee/], URL [file:/C:/Users/Chris/Documents/GitHub/TwitchFollwerSuggestion/springapp/TwitchFollowerSuggestion/build/classes/main/com/ollee/]]
23:08:27.276 [Test worker] ?[39m[DEBUG]?[0;39m o.s.c.i.s.PathMatchingResourcePatternResolver - Looking for matching resources in directory tree [C:\Users\Chris\Documents\GitHub\TwitchFollwerSuggestion\springapp\TwitchFollowerSuggestion\build\classes\test\com\ollee]
23:08:27.277 [Test worker] ?[39m[DEBUG]?[0;39m o.s.c.i.s.PathMatchingResourcePatternResolver - Searching directory [C:\Users\Chris\Documents\GitHub\TwitchFollwerSuggestion\springapp\TwitchFollowerSuggestion\build\classes\test\com\ollee] for files matching pattern [C:/Users/Chris/Documents/GitHub/TwitchFollwerSuggestion/springapp/TwitchFollowerSuggestion/build/classes/test/com/ollee/*.class]
23:08:27.283 [Test worker] ?[39m[DEBUG]?[0;39m o.s.c.i.s.PathMatchingResourcePatternResolver - Looking for matching resources in directory tree [C:\Users\Chris\Documents\GitHub\TwitchFollwerSuggestion\springapp\TwitchFollowerSuggestion\build\classes\main\com\ollee]
23:08:27.283 [Test worker] ?[39m[DEBUG]?[0;39m o.s.c.i.s.PathMatchingResourcePatternResolver - Searching directory [C:\Users\Chris\Documents\GitHub\TwitchFollwerSuggestion\springapp\TwitchFollowerSuggestion\build\classes\main\com\ollee] for files matching pattern [C:/Users/Chris/Documents/GitHub/TwitchFollwerSuggestion/springapp/TwitchFollowerSuggestion/build/classes/main/com/ollee/*.class]
23:08:27.285 [Test worker] ?[39m[DEBUG]?[0;39m o.s.c.i.s.PathMatchingResourcePatternResolver - Resolved location pattern [classpath*:com/ollee/*.class] to resources [file [C:\Users\Chris\Documents\GitHub\TwitchFollwerSuggestion\springapp\TwitchFollowerSuggestion\build\classes\test\com\ollee\TwitchFollowerSuggestionApplicationTests.class], file [C:\Users\Chris\Documents\GitHub\TwitchFollwerSuggestion\springapp\TwitchFollowerSuggestion\build\classes\main\com\ollee\CassandraDriver3.class], file [C:\Users\Chris\Documents\GitHub\TwitchFollwerSuggestion\springapp\TwitchFollowerSuggestion\build\classes\main\com\ollee\LoginController.class], file [C:\Users\Chris\Documents\GitHub\TwitchFollwerSuggestion\springapp\TwitchFollowerSuggestion\build\classes\main\com\ollee\TwitchAPICallHandler$1.class], file [C:\Users\Chris\Documents\GitHub\TwitchFollwerSuggestion\springapp\TwitchFollowerSuggestion\build\classes\main\com\ollee\TwitchAPICallHandler.class], file [C:\Users\Chris\Documents\GitHub\TwitchFollwerSuggestion\springapp\TwitchFollowerSuggestion\build\classes\main\com\ollee\TwitchFollowerSuggestionApplication.class], file [C:\Users\Chris\Documents\GitHub\TwitchFollwerSuggestion\springapp\TwitchFollowerSuggestion\build\classes\main\com\ollee\TwitchWrapper.class], file [C:\Users\Chris\Documents\GitHub\TwitchFollwerSuggestion\springapp\TwitchFollowerSuggestion\build\classes\main\com\ollee\UserName.class]]
23:08:27.337 [Test worker] ?[39m[DEBUG]?[0;39m o.s.c.a.ClassPathScanningCandidateComponentProvider - Identified candidate component class: file [C:\Users\Chris\Documents\GitHub\TwitchFollwerSuggestion\springapp\TwitchFollowerSuggestion\build\classes\main\com\ollee\TwitchFollowerSuggestionApplication.class]
23:08:27.340 [Test worker] ?[34m[INFO ]?[0;39m o.s.b.t.c.SpringBootTestContextBootstrapper - Found @SpringBootConfiguration com.ollee.TwitchFollowerSuggestionApplication for test class com.ollee.TwitchFollowerSuggestionApplicationTests
23:08:27.344 [Test worker] ?[39m[DEBUG]?[0;39m o.s.b.t.c.SpringBootTestContextBootstrapper - @TestExecutionListeners is not present for class [com.ollee.TwitchFollowerSuggestionApplicationTests]: using defaults.
23:08:27.348 [Test worker] ?[34m[INFO ]?[0;39m o.s.b.t.c.SpringBootTestContextBootstrapper - Loaded default TestExecutionListener class names from location [META-INF/spring.factories]: [org.springframework.boot.test.mock.mockito.MockitoTestExecutionListener, org.springframework.boot.test.mock.mockito.ResetMocksTestExecutionListener, org.springframework.boot.test.autoconfigure.restdocs.RestDocsTestExecutionListener, org.springframework.boot.test.autoconfigure.web.client.MockRestServiceServerResetTestExecutionListener, org.springframework.boot.test.autoconfigure.web.servlet.MockMvcPrintOnlyOnFailureTestExecutionListener, org.springframework.boot.test.autoconfigure.web.servlet.WebDriverTestExecutionListener, org.springframework.test.context.web.ServletTestExecutionListener, org.springframework.test.context.support.DirtiesContextBeforeModesTestExecutionListener, org.springframework.test.context.support.DependencyInjectionTestExecutionListener, org.springframework.test.context.support.DirtiesContextTestExecutionListener, org.springframework.test.context.transaction.TransactionalTestExecutionListener, org.springframework.test.context.jdbc.SqlScriptsTestExecutionListener]
23:08:27.371 [Test worker] ?[34m[INFO ]?[0;39m o.s.b.t.c.SpringBootTestContextBootstrapper - Could not instantiate TestExecutionListener [org.springframework.test.context.transaction.TransactionalTestExecutionListener]. Specify custom listener classes or make the default listener classes (and their required dependencies) available. Offending class: [org/springframework/transaction/interceptor/TransactionAttributeSource]
23:08:27.372 [Test worker] ?[34m[INFO ]?[0;39m o.s.b.t.c.SpringBootTestContextBootstrapper - Could not instantiate TestExecutionListener [org.springframework.test.context.jdbc.SqlScriptsTestExecutionListener]. Specify custom listener classes or make the default listener classes (and their required dependencies) available. Offending class: [org/springframework/transaction/interceptor/TransactionAttribute]
23:08:27.373 [Test worker] ?[34m[INFO ]?[0;39m o.s.b.t.c.SpringBootTestContextBootstrapper - Using TestExecutionListeners: [org.springframework.test.context.web.ServletTestExecutionListener@19352a11, org.springframework.test.context.support.DirtiesContextBeforeModesTestExecutionListener@44c13479, org.springframework.boot.test.autoconfigure.SpringBootDependencyInjectionTestExecutionListener@3f9ebabc, org.springframework.test.context.support.DirtiesContextTestExecutionListener@3de3f614, org.springframework.boot.test.mock.mockito.MockitoTestExecutionListener@db6361b, org.springframework.boot.test.mock.mockito.ResetMocksTestExecutionListener@4099a928, org.springframework.boot.test.autoconfigure.restdocs.RestDocsTestExecutionListener@a98b0dd, org.springframework.boot.test.autoconfigure.web.client.MockRestServiceServerResetTestExecutionListener@28e9b4cc, org.springframework.boot.test.autoconfigure.web.servlet.MockMvcPrintOnlyOnFailureTestExecutionListener@14535924, org.springframework.boot.test.autoconfigure.web.servlet.WebDriverTestExecutionListener@190e726f]
23:08:27.376 [Test worker] ?[39m[DEBUG]?[0;39m o.s.t.a.ProfileValueUtils - Retrieved @ProfileValueSourceConfiguration [null] for test class [com.ollee.TwitchFollowerSuggestionApplicationTests]
23:08:27.376 [Test worker] ?[39m[DEBUG]?[0;39m o.s.t.a.ProfileValueUtils - Retrieved ProfileValueSource type [class org.springframework.test.annotation.SystemProfileValueSource] for class [com.ollee.TwitchFollowerSuggestionApplicationTests]
23:08:27.377 [Test worker] ?[39m[DEBUG]?[0;39m o.s.t.a.ProfileValueUtils - Retrieved @ProfileValueSourceConfiguration [null] for test class [com.ollee.TwitchFollowerSuggestionApplicationTests]
23:08:27.378 [Test worker] ?[39m[DEBUG]?[0;39m o.s.t.a.ProfileValueUtils - Retrieved ProfileValueSource type [class org.springframework.test.annotation.SystemProfileValueSource] for class [com.ollee.TwitchFollowerSuggestionApplicationTests]
23:08:27.381 [Test worker] ?[39m[DEBUG]?[0;39m o.s.t.c.s.AbstractDirtiesContextTestExecutionListener - Before test class: context [DefaultTestContext@3a94e046 testClass = TwitchFollowerSuggestionApplicationTests, testInstance = [null], testMethod = [null], testException = [null], mergedContextConfiguration = [WebMergedContextConfiguration@4e374d5a testClass = TwitchFollowerSuggestionApplicationTests, locations = '{}', classes = '{class com.ollee.TwitchFollowerSuggestionApplication}', contextInitializerClasses = '[]', activeProfiles = '{}', propertySourceLocations = '{}', propertySourceProperties = '{org.springframework.boot.test.context.SpringBootTestContextBootstrapper=true}', contextCustomizers = set[org.springframework.boot.test.context.SpringBootTestContextCustomizer@1d732a8f, org.springframework.boot.test.context.filter.ExcludeFilterContextCustomizer@4bc5695e, org.springframework.boot.test.mock.mockito.MockitoContextCustomizer@0, org.springframework.boot.test.autoconfigure.properties.PropertyMappingContextCustomizer@0, org.springframework.boot.test.autoconfigure.web.servlet.WebDriverContextCustomizerFactory$Customizer@3dac4438], resourceBasePath = 'src/main/webapp', contextLoader = 'org.springframework.boot.test.context.SpringBootContextLoader', parent = [null]]], class annotated with @DirtiesContext [false] with mode [null].
23:08:27.382 [Test worker] ?[39m[DEBUG]?[0;39m o.s.t.a.ProfileValueUtils - Retrieved @ProfileValueSourceConfiguration [null] for test class [com.ollee.TwitchFollowerSuggestionApplicationTests]
23:08:27.387 [Test worker] ?[39m[DEBUG]?[0;39m o.s.t.a.ProfileValueUtils - Retrieved ProfileValueSource type [class org.springframework.test.annotation.SystemProfileValueSource] for class [com.ollee.TwitchFollowerSuggestionApplicationTests]
23:08:27.441 [Test worker] ?[39m[DEBUG]?[0;39m o.s.c.e.StandardEnvironment - Adding [systemProperties] PropertySource with lowest search precedence
23:08:27.441 [Test worker] ?[39m[DEBUG]?[0;39m o.s.c.e.StandardEnvironment - Adding [systemEnvironment] PropertySource with lowest search precedence
23:08:27.442 [Test worker] ?[39m[DEBUG]?[0;39m o.s.c.e.StandardEnvironment - Initialized StandardEnvironment with PropertySources [systemProperties,systemEnvironment]
23:08:27.443 [Test worker] ?[39m[DEBUG]?[0;39m o.s.c.e.MutablePropertySources - Adding [inline] PropertySource with highest search precedence
23:08:27.448 [Test worker] ?[39m[DEBUG]?[0;39m o.s.t.c.s.TestPropertySourceUtils - Adding inlined properties to environment: {spring.jmx.enabled=false, org.springframework.boot.test.context.SpringBootTestContextBootstrapper=true, server.port=-1}
23:08:27.449 [Test worker] ?[39m[DEBUG]?[0;39m o.s.c.e.StandardEnvironment - Adding [Inlined Test Properties] PropertySource with highest search precedence
23:08:27.609 [Test worker] ?[39m[DEBUG]?[0;39m o.s.b.l.ClasspathLoggingApplicationListener - Application started with classpath: [file:/C:/Users/Chris/.gradle/caches/3.4.1/workerMain/gradle-worker.jar, file:/C:/Users/Chris/Documents/GitHub/TwitchFollwerSuggestion/springapp/TwitchFollowerSuggestion/build/classes/test/, file:/C:/Users/Chris/Documents/GitHub/TwitchFollwerSuggestion/springapp/TwitchFollowerSuggestion/build/resources/test, file:/C:/Users/Chris/Documents/GitHub/TwitchFollwerSuggestion/springapp/TwitchFollowerSuggestion/build/classes/main/, file:/C:/Users/Chris/Documents/GitHub/TwitchFollwerSuggestion/springapp/TwitchFollowerSuggestion/build/resources/main/, file:/C:/Users/Chris/.gradle/caches/modules-2/files-2.1/org.springframework.boot/spring-boot-starter-web/1.5.2.RELEASE/27f29876980c079b46be16b759eafe92720f3338/spring-boot-starter-web-1.5.2.RELEASE.jar, file:/C:/Users/Chris/.gradle/caches/modules-2/files-2.1/org.springframework.boot/spring-boot-starter-thymeleaf/1.5.2.RELEASE/f72002abba821b4b7bf6f32afac33b526607c2af/spring-boot-starter-thymeleaf-1.5.2.RELEASE.jar, file:/C:/Users/Chris/.gradle/caches/modules-2/files-2.1/com.github.Netflix.astyanax/astyanax/v3.9.0/d6c10f6b17b3c22596c575a67e1170a941c802fd/astyanax-v3.9.0.jar, file:/C:/Users/Chris/.gradle/caches/modules-2/files-2.1/com.github.PhilippHeuer/twitch4j/develop-SNAPSHOT/51f8f81b6fc6d26760762322946a5f9f079edece/twitch4j-develop-SNAPSHOT.jar, file:/C:/Users/Chris/.gradle/caches/modules-2/files-2.1/org.springframework.boot/spring-boot-starter-test/1.5.2.RELEASE/d1d42ca043ea8b25cdf0ac8a2108ee924bfae707/spring-boot-starter-test-1.5.2.RELEASE.jar, file:/C:/Users/Chris/.gradle/caches/modules-2/files-2.1/org.springframework.boot/spring-boot-starter/1.5.2.RELEASE/c72938c86ed3beadb385f29bc2954c8ca3aa47ab/spring-boot-starter-1.5.2.RELEASE.jar, file:/C:/Users/Chris/.gradle/caches/modules-2/files-2.1/org.springframework.boot/spring-boot-starter-tomcat/1.5.2.RELEASE/354320ef371fc4fc126d1bb8564cd73085a48823/spring-boot-starter-tomcat-1.5.2.RELEASE.jar, file:/C:/Users/Chris/.gradle/caches/modules-2/files-2.1/org.hibernate/hibernate-validator/5.3.4.Final/2f6c8c0b646afe18e3ad205726729d3c4a85fe2e/hibernate-validator-5.3.4.Final.jar, file:/C:/Users/Chris/.gradle/caches/modules-2/files-2.1/com.fasterxml.jackson.core/jackson-databind/2.8.7/6c3257ef458ac58a8da69a6dca3d2a15286d88c8/jackson-databind-2.8.7.jar, file:/C:/Users/Chris/.gradle/caches/modules-2/files-2.1/org.springframework/spring-web/4.3.7.RELEASE/7b69fc68cdb74c1c92f72905af6995696fcb56aa/spring-web-4.3.7.RELEASE.jar, file:/C:/Users/Chris/.gradle/caches/modules-2/files-2.1/org.springframework/spring-webmvc/4.3.7.RELEASE/d25b11a605589f176e3ecf1dcae62a991a18b377/spring-webmvc-4.3.7.RELEASE.jar, file:/C:/Users/Chris/.gradle/caches/modules-2/files-2.1/org.thymeleaf/thymeleaf-spring4/2.1.5.RELEASE/74cb9028e99597b5d71a98e919fd531a7fc290b4/thymeleaf-spring4-2.1.5.RELEASE.jar, file:/C:/Users/Chris/.gradle/caches/modules-2/files-2.1/nz.net.ultraq.thymeleaf/thymeleaf-layout-dialect/1.4.0/8d7810c069ed1534b9631fb1e85c35973546086/thymeleaf-layout-dialect-1.4.0.jar, file:/C:/Users/Chris/.gradle/caches/modules-2/files-2.1/com.github.Netflix.astyanax/astyanax-core/v3.9.0/c2a78ddad069b8320a70ca63a3513ee8989e6526/astyanax-core-v3.9.0.jar, file:/C:/Users/Chris/.gradle/caches/modules-2/files-2.1/com.github.Netflix.astyanax/astyanax-cassandra/v3.9.0/c0feebab620d63c70b5cef3197a731bf5f9d1af0/astyanax-cassandra-v3.9.0.jar, file:/C:/Users/Chris/.gradle/caches/modules-2/files-2.1/com.github.Netflix.astyanax/astyanax-thrift/v3.9.0/cc20ae04d1cb617fc4d0c22df6044179a5a350c1/astyanax-thrift-v3.9.0.jar, file:/C:/Users/Chris/.gradle/caches/modules-2/files-2.1/com.github.Netflix.astyanax/astyanax-cql/v3.9.0/f6424d3c42c51ac244fa9cf6de76e59126163046/astyanax-cql-v3.9.0.jar, file:/C:/Users/Chris/.gradle/caches/modules-2/files-2.1/com.github.Netflix.astyanax/astyanax-queue/v3.9.0/48cef796c05a44f16ec412a65ae2f5f4861047cd/astyanax-queue-v3.9.0.jar, file:/C:/Users/Chris/.gradle/caches/modules-2/files-2.1/com.github.Netflix.astyanax/astyanax-recipes/v3.9.0/b8ebdc6ab35ea46377de7e549df268e388065dec/astyanax-recipes-v3.9.0.jar, file:/C:/Users/Chris/.gradle/caches/modules-2/files-2.1/com.github.Netflix.astyanax/astyanax-entity-mapper/v3.9.0/3b9e03c89453777098a2b1dcf2cb743ee4f0523c/astyanax-entity-mapper-v3.9.0.jar, file:/C:/Users/Chris/.gradle/caches/modules-2/files-2.1/com.github.Netflix.astyanax/astyanax-examples/v3.9.0/3fa11615b2b9b3f63955a7d1a72ed409837c666f/astyanax-examples-v3.9.0.jar, file:/C:/Users/Chris/.gradle/caches/modules-2/files-2.1/com.github.Netflix.astyanax/astyanax-contrib/v3.9.0/8adfae920c5cdce510f2b018a9a17e6ac260b08a/astyanax-contrib-v3.9.0.jar, file:/C:/Users/Chris/.gradle/caches/modules-2/files-2.1/io.ratpack/ratpack-core/1.4.5/a50265679d053f5f63cd843f65679a7fa2f1ccf1/ratpack-core-1.4.5.jar, file:/C:/Users/Chris/.gradle/caches/modules-2/files-2.1/ch.qos.logback/logback-classic/1.1.11/ccedfbacef4a6515d2983e3f89ed753d5d4fb665/logback-classic-1.1.11.jar, file:/C:/Users/Chris/.gradle/caches/modules-2/files-2.1/com.jcabi/jcabi-log/0.17.2/72f76493ec20d1bebd8dc8be50283ed021588a87/jcabi-log-0.17.2.jar, file:/C:/Users/Chris/.gradle/caches/modules-2/files-2.1/org.springframework.social/spring-social-core/1.1.4.RELEASE/cb43c308fa99cbe16f476fabfd6ded2c6b8bb8ed/spring-social-core-1.1.4.RELEASE.jar, file:/C:/Users/Chris/.gradle/caches/modules-2/files-2.1/com.neovisionaries/nv-websocket-client/2.2/225e2a6eb3efa44b3bede68b19f5a26ae9cc17c1/nv-websocket-client-2.2.jar, file:/C:/Users/Chris/.gradle/caches/modules-2/files-2.1/org.kitteh.irc/client-lib/3.0.3/175949e27b5efb9487e0dcb7e8fcefc7efa837d4/client-lib-3.0.3.jar, file:/C:/Users/Chris/.gradle/caches/modules-2/files-2.1/commons-io/commons-io/2.5/2852e6e05fbb95076fc091f6d1780f1f8fe35e0f/commons-io-2.5.jar, file:/C:/Users/Chris/.gradle/caches/modules-2/files-2.1/org.isomorphism/token-bucket/1.7/c042997e81cd4f4326dab974fe3127a7e65e34ff/token-bucket-1.7.jar, file:/C:/Users/Chris/.gradle/caches/modules-2/files-2.1/net.jodah/expiringmap/0.5.8/48c79672c74c5605042a3343e9d8a07ad8372be2/expiringmap-0.5.8.jar, file:/C:/Users/Chris/.gradle/caches/modules-2/files-2.1/net.jodah/typetools/0.4.9/be3e69f1723d51cbd1627338f140988dfcc9ae7d/typetools-0.4.9.jar, file:/C:/Users/Chris/.gradle/caches/modules-2/files-2.1/args4j/args4j/2.33/bd87a75374a6d6523de82fef51fc3cfe9baf9fc9/args4j-2.33.jar, file:/C:/Users/Chris/.gradle/caches/modules-2/files-2.1/org.projectlombok/lombok/1.16.14/8486573ff5a5f17f48920c860caf534e7461976b/lombok-1.16.14.jar, file:/C:/Users/Chris/.gradle/caches/modules-2/files-2.1/org.springframework.boot/spring-boot-test/1.5.2.RELEASE/7dcdee8bc720b379d6072c742e2a48ccbb00aa09/spring-boot-test-1.5.2.RELEASE.jar, file:/C:/Users/Chris/.gradle/caches/modules-2/files-2.1/org.springframework.boot/spring-boot-test-autoconfigure/1.5.2.RELEASE/5fb69965871626aea437c0d676d3be6186d2415d/spring-boot-test-autoconfigure-1.5.2.RELEASE.jar, file:/C:/Users/Chris/.gradle/caches/modules-2/files-2.1/com.jayway.jsonpath/json-path/2.2.0/22290d17944bd239fabf5ac69005a60a7ecbbbcb/json-path-2.2.0.jar, file:/C:/Users/Chris/.gradle/caches/modules-2/files-2.1/junit/junit/4.12/2973d150c0dc1fefe998f834810d68f278ea58ec/junit-4.12.jar, file:/C:/Users/Chris/.gradle/caches/modules-2/files-2.1/org.assertj/assertj-core/2.6.0/b532c3fc4f66bcfee4989a3514f1cd56203a33ad/assertj-core-2.6.0.jar, file:/C:/Users/Chris/.gradle/caches/modules-2/files-2.1/org.mockito/mockito-core/1.10.19/e8546f5bef4e061d8dd73895b4e8f40e3fe6effe/mockito-core-1.10.19.jar, file:/C:/Users/Chris/.gradle/caches/modules-2/files-2.1/org.hamcrest/hamcrest-core/1.3/42a25dc3219429f0e5d060061f71acb49bf010a0/hamcrest-core-1.3.jar, file:/C:/Users/Chris/.gradle/caches/modules-2/files-2.1/org.hamcrest/hamcrest-library/1.3/4785a3c21320980282f9f33d0d1264a69040538f/hamcrest-library-1.3.jar, file:/C:/Users/Chris/.gradle/caches/modules-2/files-2.1/org.skyscreamer/jsonassert/1.4.0/9cdbb373a06f6513e51e8c545ee6a5e981463edb/jsonassert-1.4.0.jar, file:/C:/Users/Chris/.gradle/caches/modules-2/files-2.1/org.springframework/spring-core/4.3.7.RELEASE/54fa2db94cc7222edc90ec71354e47cd1dc07f7b/spring-core-4.3.7.RELEASE.jar, file:/C:/Users/Chris/.gradle/caches/modules-2/files-2.1/org.springframework/spring-test/4.3.7.RELEASE/480fc4673b53daa1993eb1940711828ebf35807b/spring-test-4.3.7.RELEASE.jar, file:/C:/Users/Chris/.gradle/caches/modules-2/files-2.1/org.springframework.boot/spring-boot/1.5.2.RELEASE/46bb5d8c9ab5d3ef9e158ca5906ee7d3569befc1/spring-boot-1.5.2.RELEASE.jar, file:/C:/Users/Chris/.gradle/caches/modules-2/files-2.1/org.springframework.boot/spring-boot-autoconfigure/1.5.2.RELEASE/8a9b8c747bc2c86eefde10330cb2984541bcb9d1/spring-boot-autoconfigure-1.5.2.RELEASE.jar, file:/C:/Users/Chris/.gradle/caches/modules-2/files-2.1/org.springframework.boot/spring-boot-starter-logging/1.5.2.RELEASE/32210889e1f9bb09ac134b9f43a117ed62f0bed2/spring-boot-starter-logging-1.5.2.RELEASE.jar, file:/C:/Users/Chris/.gradle/caches/modules-2/files-2.1/org.yaml/snakeyaml/1.17/7a27ea250c5130b2922b86dea63cbb1cc10a660c/snakeyaml-1.17.jar, file:/C:/Users/Chris/.gradle/caches/modules-2/files-2.1/org.apache.tomcat.embed/tomcat-embed-core/8.5.11/72761f51fc7cef3ee19d4aafc7adc605df9f611f/tomcat-embed-core-8.5.11.jar, file:/C:/Users/Chris/.gradle/caches/modules-2/files-2.1/org.apache.tomcat.embed/tomcat-embed-el/8.5.11/60253815b897166903bf5ec41219c5bb15333a69/tomcat-embed-el-8.5.11.jar, file:/C:/Users/Chris/.gradle/caches/modules-2/files-2.1/org.apache.tomcat.embed/tomcat-embed-websocket/8.5.11/dfa65e7857d46630761c0571758a56f7cbd1e9ba/tomcat-embed-websocket-8.5.11.jar, file:/C:/Users/Chris/.gradle/caches/modules-2/files-2.1/javax.validation/validation-api/1.1.0.Final/8613ae82954779d518631e05daa73a6a954817d5/validation-api-1.1.0.Final.jar, file:/C:/Users/Chris/.gradle/caches/modules-2/files-2.1/org.jboss.logging/jboss-logging/3.3.0.Final/3616bb87707910296e2c195dc016287080bba5af/jboss-logging-3.3.0.Final.jar, file:/C:/Users/Chris/.gradle/caches/modules-2/files-2.1/com.fasterxml/classmate/1.3.3/864c8e370a691e343210cc7c532fc198cee460d8/classmate-1.3.3.jar, file:/C:/Users/Chris/.gradle/caches/modules-2/files-2.1/com.fasterxml.jackson.core/jackson-annotations/2.8.0/45b426f7796b741035581a176744d91090e2e6fb/jackson-annotations-2.8.0.jar, file:/C:/Users/Chris/.gradle/caches/modules-2/files-2.1/com.fasterxml.jackson.core/jackson-core/2.8.7/8b46f39c78476fb848c81a49fa807a9e9506dddd/jackson-core-2.8.7.jar, file:/C:/Users/Chris/.gradle/caches/modules-2/files-2.1/org.springframework/spring-aop/4.3.7.RELEASE/3f243d685e4a8a78a0c291445c6d85560ec4d339/spring-aop-4.3.7.RELEASE.jar, file:/C:/Users/Chris/.gradle/caches/modules-2/files-2.1/org.springframework/spring-beans/4.3.7.RELEASE/2de9f59f3202965438f3a02057d6ad8274636044/spring-beans-4.3.7.RELEASE.jar, file:/C:/Users/Chris/.gradle/caches/modules-2/files-2.1/org.springframework/spring-context/4.3.7.RELEASE/34b66b0b7910122ef95ba4fff6da9238ef80a5de/spring-context-4.3.7.RELEASE.jar, file:/C:/Users/Chris/.gradle/caches/modules-2/files-2.1/org.springframework/spring-expression/4.3.7.RELEASE/5257b6486e43d8c05674323fea5b415d4da72f38/spring-expression-4.3.7.RELEASE.jar, file:/C:/Users/Chris/.gradle/caches/modules-2/files-2.1/org.thymeleaf/thymeleaf/2.1.5.RELEASE/513bffa3daaac277460c1a0a2dccb228fa40569e/thymeleaf-2.1.5.RELEASE.jar, file:/C:/Users/Chris/.gradle/caches/modules-2/files-2.1/org.slf4j/slf4j-api/1.7.24/3f6b4bd4f8dbe8d4bea06d107a3826469b85c3e9/slf4j-api-1.7.24.jar, file:/C:/Users/Chris/.gradle/caches/modules-2/files-2.1/org.codehaus.groovy/groovy/2.4.9/f2d11babe9a12219fe74e3518d55d9502527b9b9/groovy-2.4.9.jar, file:/C:/Users/Chris/.gradle/caches/modules-2/files-2.1/joda-time/joda-time/2.9.7/6eb2e87ddb09e944bb88f06f19ba0638d4607ffd/joda-time-2.9.7.jar, file:/C:/Users/Chris/.gradle/caches/modules-2/files-2.1/com.github.stephenc.high-scale-lib/high-scale-lib/1.1.2/e3fbb2a95269eb8049bc72a3b0ce3208378a30f5/high-scale-lib-1.1.2.jar, file:/C:/Users/Chris/.gradle/caches/modules-2/files-2.1/com.eaio.uuid/uuid/3.2/77ba5105d949cd589aff75400d9f7d3676691a46/uuid-3.2.jar, file:/C:/Users/Chris/.gradle/caches/modules-2/files-2.1/org.apache.cassandra/cassandra-all/2.0.12/84c12bd66a499c1fcc187aa889916671c55965b0/cassandra-all-2.0.12.jar, file:/C:/Users/Chris/.gradle/caches/modules-2/files-2.1/org.xerial.snappy/snappy-java/1.0.5/10cb4550360a0ec6b80f09a5209d00b6058e82bf/snappy-java-1.0.5.jar, file:/C:/Users/Chris/.gradle/caches/modules-2/files-2.1/org.apache.cassandra/cassandra-thrift/2.0.12/470a72dafc8d16ccdb41342aeb8001b28dcd6e40/cassandra-thrift-2.0.12.jar, file:/C:/Users/Chris/.gradle/caches/modules-2/files-2.1/org.apache.servicemix.bundles/org.apache.servicemix.bundles.commons-csv/1.0-r706900_3/ff0cd44f590a80c5c87aaa85a0d2bab2d350bc4a/org.apache.servicemix.bundles.commons-csv-1.0-r706900_3.jar, file:/C:/Users/Chris/.gradle/caches/modules-2/files-2.1/org.codehaus.jettison/jettison/1.2/765a6181653f4b05c18c7a9e8f5c1f8269bf9b2/jettison-1.2.jar, file:/C:/Users/Chris/.gradle/caches/modules-2/files-2.1/commons-codec/commons-codec/1.10/4b95f4897fa13f2cd904aee711aeafc0c5295cd8/commons-codec-1.10.jar, file:/C:/Users/Chris/.gradle/caches/modules-2/files-2.1/org.apache.thrift/libthrift/0.9.2/9b067e2e2c5291e9f0d8b3561b1654286e6d81ee/libthrift-0.9.2.jar, file:/C:/Users/Chris/.gradle/caches/modules-2/files-2.1/com.datastax.cassandra/cassandra-driver-core/3.1.4/10728598c6e573e16c456405fe1d6c4292b47299/cassandra-driver-core-3.1.4.jar, file:/C:/Users/Chris/.gradle/caches/modules-2/files-2.1/io.netty/netty/3.9.0.Final/bead2f4609b302c43859f156df8911e50df0610b/netty-3.9.0.Final.jar, file:/C:/Users/Chris/.gradle/caches/modules-2/files-2.1/net.jpountz.lz4/lz4/1.2.0/cd301e9a481eae5b68c53267100aeca43b782b9f/lz4-1.2.0.jar, file:/C:/Users/Chris/.gradle/caches/modules-2/files-2.1/com.codahale.metrics/metrics-core/3.0.2/c6a7fb32776e984b64ff1a548e3044238ea5a931/metrics-core-3.0.2.jar, file:/C:/Users/Chris/.gradle/caches/modules-2/files-2.1/javax.persistence/persistence-api/1.0/5725f57873e05e068803e2bf9d5a8ea3740ffec5/persistence-api-1.0.jar, file:/C:/Users/Chris/.gradle/caches/modules-2/files-2.1/com.netflix.eureka/eureka-client/1.1.110/b8423175933fbe4f518b0c0c41f05eb4f5eef7f8/eureka-client-1.1.110.jar, file:/C:/Users/Chris/.gradle/caches/modules-2/files-2.1/com.netflix.archaius/archaius-core/0.5.12/5bc62e7eb09bf0eb378929f0fac9851dcc9a8e63/archaius-core-0.5.12.jar, file:/C:/Users/Chris/.gradle/caches/modules-2/files-2.1/io.netty/netty-codec-http/4.1.6.Final/ee6c65cb3f39f212241e9131dc05a837e776fd70/netty-codec-http-4.1.6.Final.jar, file:/C:/Users/Chris/.gradle/caches/modules-2/files-2.1/io.netty/netty-handler/4.1.6.Final/a24e92d67e467a3b97ff63642ab56637990685fd/netty-handler-4.1.6.Final.jar, file:/C:/Users/Chris/.gradle/caches/modules-2/files-2.1/io.netty/netty-transport-native-epoll/4.1.6.Final/8c5a8d691d6d97a35a22af45c8e67b8aede1c35d/netty-transport-native-epoll-4.1.6.Final-linux-x86_64.jar, file:/C:/Users/Chris/.gradle/caches/modules-2/files-2.1/org.reactivestreams/reactive-streams/1.0.0.final/e62537f8218067557606489b2790cd74dda39059/reactive-streams-1.0.0.final.jar, file:/C:/Users/Chris/.gradle/caches/modules-2/files-2.1/com.github.ben-manes.caffeine/caffeine/2.3.5/672d74bd3fb0611f671ea4bf65e278c8a5d4af3c/caffeine-2.3.5.jar, file:/C:/Users/Chris/.gradle/caches/modules-2/files-2.1/org.javassist/javassist/3.21.0-GA/598244f595db5c5fb713731eddbb1c91a58d959b/javassist-3.21.0-GA.jar, file:/C:/Users/Chris/.gradle/caches/modules-2/files-2.1/com.fasterxml.jackson.dataformat/jackson-dataformat-yaml/2.8.7/8edf8581b942d4b2727d56ac5dd1f5333a58c376/jackson-dataformat-yaml-2.8.7.jar, file:/C:/Users/Chris/.gradle/caches/modules-2/files-2.1/com.fasterxml.jackson.datatype/jackson-datatype-guava/2.8.7/e1fa48ae9a2a6fa28b310016127aff594a049cdb/jackson-datatype-guava-2.8.7.jar, file:/C:/Users/Chris/.gradle/caches/modules-2/files-2.1/com.fasterxml.jackson.datatype/jackson-datatype-jdk8/2.8.7/ede7f189ea752d17b76ff2145673592e70ad3202/jackson-datatype-jdk8-2.8.7.jar, file:/C:/Users/Chris/.gradle/caches/modules-2/files-2.1/com.fasterxml.jackson.datatype/jackson-datatype-jsr310/2.8.7/7a7d1f890e6c96bb386db4937c96bf3c3f95528a/jackson-datatype-jsr310-2.8.7.jar, file:/C:/Users/Chris/.gradle/caches/modules-2/files-2.1/ch.qos.logback/logback-core/1.1.11/88b8df40340eed549fb07e2613879bf6b006704d/logback-core-1.1.11.jar, file:/C:/Users/Chris/.gradle/caches/modules-2/files-2.1/com.jcabi/jcabi-aspects/0.22/91f5ae18fe67cdc606ce979045071fab16845c1/jcabi-aspects-0.22.jar, file:/C:/Users/Chris/.gradle/caches/modules-2/files-2.1/net.engio/mbassador/1.2.4/dcbed7dc8bf16fe591cd049118fec8e29900a3f2/mbassador-1.2.4.jar, file:/C:/Users/Chris/.gradle/caches/modules-2/files-2.1/io.netty/netty-codec/4.1.6.Final/86ce3c559af6759a0b991b9ad2faec20981e18e/netty-codec-4.1.6.Final.jar, file:/C:/Users/Chris/.gradle/caches/modules-2/files-2.1/net.minidev/json-smart/2.2.1/5b9e5df7a62d1279b70dc882b041d249c4f0b002/json-smart-2.2.1.jar, file:/C:/Users/Chris/.gradle/caches/modules-2/files-2.1/org.objenesis/objenesis/2.1/87c0ea803b69252868d09308b4618f766f135a96/objenesis-2.1.jar, file:/C:/Users/Chris/.gradle/caches/modules-2/files-2.1/com.vaadin.external.google/android-json/0.0.20131108.vaadin1/fa26d351fe62a6a17f5cda1287c1c6110dec413f/android-json-0.0.20131108.vaadin1.jar, file:/C:/Users/Chris/.gradle/caches/modules-2/files-2.1/commons-logging/commons-logging/1.2/4bfc12adfe4842bf07b657f0369c4cb522955686/commons-logging-1.2.jar, file:/C:/Users/Chris/.gradle/caches/modules-2/files-2.1/org.slf4j/jcl-over-slf4j/1.7.24/e6a8629079856a2aa7862c6327ccf6dd1988d7fc/jcl-over-slf4j-1.7.24.jar, file:/C:/Users/Chris/.gradle/caches/modules-2/files-2.1/org.slf4j/jul-to-slf4j/1.7.24/25a2be668cb2ad1d05d76c0773df73b4b53617fd/jul-to-slf4j-1.7.24.jar, file:/C:/Users/Chris/.gradle/caches/modules-2/files-2.1/org.slf4j/log4j-over-slf4j/1.7.24/6ab46c51a3848286a0db3ba7b22037b3834c3c44/log4j-over-slf4j-1.7.24.jar, file:/C:/Users/Chris/.gradle/caches/modules-2/files-2.1/ognl/ognl/3.0.8/37e1aebfde7eb7baebc9ad4f85116ef9009c5fc5/ognl-3.0.8.jar, file:/C:/Users/Chris/.gradle/caches/modules-2/files-2.1/org.unbescape/unbescape/1.1.0.RELEASE/ab0db4fe0a6fa89fb8da2a40008a4e63a7f3f5b9/unbescape-1.1.0.RELEASE.jar, file:/C:/Users/Chris/.gradle/caches/modules-2/files-2.1/com.ning/compress-lzf/0.8.4/994da6bddb79a40c368d3040f2aa06b94faf6b1f/compress-lzf-0.8.4.jar, file:/C:/Users/Chris/.gradle/caches/modules-2/files-2.1/commons-cli/commons-cli/1.1/11c98b99ad538f2f67633afd4d7f4d98ecfbb408/commons-cli-1.1.jar, file:/C:/Users/Chris/.gradle/caches/modules-2/files-2.1/org.apache.commons/commons-lang3/3.1/905075e6c80f206bbe6cf1e809d2caa69f420c76/commons-lang3-3.1.jar, file:/C:/Users/Chris/.gradle/caches/modules-2/files-2.1/com.googlecode.concurrentlinkedhashmap/concurrentlinkedhashmap-lru/1.3/beb907bae0604fdc153cbcc2f0dc84d3ae35bf36/concurrentlinkedhashmap-lru-1.3.jar, file:/C:/Users/Chris/.gradle/caches/modules-2/files-2.1/org.antlr/antlr/3.2/6b0acabea7bb3da058200a77178057e47e25cb69/antlr-3.2.jar, file:/C:/Users/Chris/.gradle/caches/modules-2/files-2.1/jline/jline/1.0/e8f2d4690059d42a8f0f29195884a72a82ce4bb7/jline-1.0.jar, file:/C:/Users/Chris/.gradle/caches/modules-2/files-2.1/com.googlecode.json-simple/json-simple/1.1.1/c9ad4a0850ab676c5c64461a05ca524cdfff59f1/json-simple-1.1.1.jar, file:/C:/Users/Chris/.gradle/caches/modules-2/files-2.1/edu.stanford.ppl/snaptree/0.1/88caaa75fba09a4944f696c398c09da956f7c2c2/snaptree-0.1.jar, file:/C:/Users/Chris/.gradle/caches/modules-2/files-2.1/org.mindrot/jbcrypt/0.3m/fe2d9c5f23767d681a7e38fc8986b812400ec583/jbcrypt-0.3m.jar, file:/C:/Users/Chris/.gradle/caches/modules-2/files-2.1/com.yammer.metrics/metrics-core/2.2.0/f82c035cfa786d3cbec362c38c22a5f5b1bc8724/metrics-core-2.2.0.jar, file:/C:/Users/Chris/.gradle/caches/modules-2/files-2.1/com.addthis.metrics/reporter-config/2.1.0/1f4c83a733634be5f550ed94ceb9475b17ce8ba6/reporter-config-2.1.0.jar, file:/C:/Users/Chris/.gradle/caches/modules-2/files-2.1/com.thinkaurelius.thrift/thrift-server/0.3.7/e8182774da1b1dde3704f450837c79997b5d7025/thrift-server-0.3.7.jar, file:/C:/Users/Chris/.gradle/caches/modules-2/files-2.1/net.sf.supercsv/super-csv/2.1.0/c6466dd0e28c034272b9f70a3f1896c03f1f2b27/super-csv-2.1.0.jar, file:/C:/Users/Chris/.gradle/caches/modules-2/files-2.1/org.slf4j/slf4j-log4j12/1.7.24/309d7b29b14573c05d4c69cc7e44da0cb17212d3/slf4j-log4j12-1.7.24.jar, file:/C:/Users/Chris/.gradle/caches/modules-2/files-2.1/com.github.stephenc/jamm/0.2.5/422d3543c01df2f1d8bd1f3064adb54fb9e93f3/jamm-0.2.5.jar, file:/C:/Users/Chris/.gradle/caches/modules-2/files-2.1/stax/stax-api/1.0.1/49c100caf72d658aca8e58bd74a4ba90fa2b0d70/stax-api-1.0.1.jar, file:/C:/Users/Chris/.gradle/caches/modules-2/files-2.1/io.dropwizard.metrics/metrics-core/3.1.3/60c95a0f487b3b86e7d0e11e8ab7cd7d64288734/metrics-core-3.1.3.jar, file:/C:/Users/Chris/.gradle/caches/modules-2/files-2.1/com.github.jnr/jnr-ffi/2.0.7/f0968c5bb5a283ebda2df3604c2c1129d45196e3/jnr-ffi-2.0.7.jar, file:/C:/Users/Chris/.gradle/caches/modules-2/files-2.1/com.github.jnr/jnr-posix/3.0.27/f7441d13187d93d59656ac8f800cba3043935b59/jnr-posix-3.0.27.jar, file:/C:/Users/Chris/.gradle/caches/modules-2/files-2.1/javax.ws.rs/jsr311-api/1.1.1/59033da2a1afd56af1ac576750a8d0b1830d59e6/jsr311-api-1.1.1.jar, file:/C:/Users/Chris/.gradle/caches/modules-2/files-2.1/com.netflix.servo/servo-core/0.4.36/f537fc916c392236e73a994d266da20a156e8646/servo-core-0.4.36.jar, file:/C:/Users/Chris/.gradle/caches/modules-2/files-2.1/com.sun.jersey/jersey-bundle/1.9.1/67d37c4e80633a0196b733886441855201742a65/jersey-bundle-1.9.1.jar, file:/C:/Users/Chris/.gradle/caches/modules-2/files-2.1/org.apache.httpcomponents/httpclient/4.5.3/d1577ae15f01ef5438c5afc62162457c00a34713/httpclient-4.5.3.jar, file:/C:/Users/Chris/.gradle/caches/modules-2/files-2.1/com.thoughtworks.xstream/xstream/1.4.2/97e5013f391487cce4de6b0eebcde21549e91872/xstream-1.4.2.jar, file:/C:/Users/Chris/.gradle/caches/modules-2/files-2.1/com.sun.jersey.contribs/jersey-apache-client4/1.8/d38bd129a677ae85463f91580634f69d734ce8e0/jersey-apache-client4-1.8.jar, file:/C:/Users/Chris/.gradle/caches/modules-2/files-2.1/io.netty/netty-common/4.1.6.Final/654e4d8e87bc442be5c1d82d0369a3885f7168ea/netty-common-4.1.6.Final.jar, file:/C:/Users/Chris/.gradle/caches/modules-2/files-2.1/io.netty/netty-buffer/4.1.6.Final/dc1a304ee7c448bfa241f60c41948db6f12b653b/netty-buffer-4.1.6.Final.jar, file:/C:/Users/Chris/.gradle/caches/modules-2/files-2.1/io.netty/netty-transport/4.1.6.Final/4cba91ad2711c13a063d480f01edf70aa3f9387d/netty-transport-4.1.6.Final.jar, file:/C:/Users/Chris/.gradle/caches/modules-2/files-2.1/org.aspectj/aspectjrt/1.8.9/87372d9e2323313bec24b09a325bfea8ae0eb867/aspectjrt-1.8.9.jar, file:/C:/Users/Chris/.gradle/caches/modules-2/files-2.1/net.minidev/accessors-smart/1.1/a527213f2fea112a04c9bdf0ec0264e34104cd08/accessors-smart-1.1.jar, file:/C:/Users/Chris/.gradle/caches/modules-2/files-2.1/org.antlr/antlr-runtime/3.2/31c746001016c6226bd7356c9f87a6a084ce3715/antlr-runtime-3.2.jar, file:/C:/Users/Chris/.gradle/caches/modules-2/files-2.1/com.lmax/disruptor/3.0.1/d68c363b12827c644bd60469827b862cad7dc0a2/disruptor-3.0.1.jar, file:/C:/Users/Chris/.gradle/caches/modules-2/files-2.1/com.github.jnr/jffi/1.2.10/d58fdb2283456bc3f049bfbef40b592fa1aaa975/jffi-1.2.10.jar, file:/C:/Users/Chris/.gradle/caches/modules-2/files-2.1/com.github.jnr/jffi/1.2.10/7de1bb566847c2ed71d91ca063a8af604f250ade/jffi-1.2.10-native.jar, file:/C:/Users/Chris/.gradle/caches/modules-2/files-2.1/org.ow2.asm/asm/5.0.3/dcc2193db20e19e1feca8b1240dbbc4e190824fa/asm-5.0.3.jar, file:/C:/Users/Chris/.gradle/caches/modules-2/files-2.1/org.ow2.asm/asm-commons/5.0.3/a7111830132c7f87d08fe48cb0ca07630f8cb91c/asm-commons-5.0.3.jar, file:/C:/Users/Chris/.gradle/caches/modules-2/files-2.1/org.ow2.asm/asm-analysis/5.0.3/c7126aded0e8e13fed5f913559a0dd7b770a10f3/asm-analysis-5.0.3.jar, file:/C:/Users/Chris/.gradle/caches/modules-2/files-2.1/org.ow2.asm/asm-tree/5.0.3/287749b48ba7162fb67c93a026d690b29f410bed/asm-tree-5.0.3.jar, file:/C:/Users/Chris/.gradle/caches/modules-2/files-2.1/org.ow2.asm/asm-util/5.0.3/1512e5571325854b05fb1efce1db75fcced54389/asm-util-5.0.3.jar, file:/C:/Users/Chris/.gradle/caches/modules-2/files-2.1/com.github.jnr/jnr-x86asm/1.0.2/6936bbd6c5b235665d87bd450f5e13b52d4b48/jnr-x86asm-1.0.2.jar, file:/C:/Users/Chris/.gradle/caches/modules-2/files-2.1/com.github.jnr/jnr-constants/0.9.0/6894684e17a84cd500836e82b5e6c674b4d4dda6/jnr-constants-0.9.0.jar, file:/C:/Users/Chris/.gradle/caches/modules-2/files-2.1/com.google.code.findbugs/annotations/2.0.0/d8dff1d83a79f0c0609c360f02bcd2f2fc1f1369/annotations-2.0.0.jar, file:/C:/Users/Chris/.gradle/caches/modules-2/files-2.1/org.apache.httpcomponents/httpcore/4.4.6/e3fd8ced1f52c7574af952e2e6da0df8df08eb82/httpcore-4.4.6.jar, file:/C:/Users/Chris/.gradle/caches/modules-2/files-2.1/xmlpull/xmlpull/1.1.3.1/2b8e230d2ab644e4ecaa94db7cdedbc40c805dfa/xmlpull-1.1.3.1.jar, file:/C:/Users/Chris/.gradle/caches/modules-2/files-2.1/xpp3/xpp3_min/1.1.4c/19d4e90b43059058f6e056f794f0ea4030d60b86/xpp3_min-1.1.4c.jar, file:/C:/Users/Chris/.gradle/caches/modules-2/files-2.1/com.sun.jersey/jersey-client/1.8/89f74128c8371c95e2d88470686473b8745023c0/jersey-client-1.8.jar, file:/C:/Users/Chris/.gradle/caches/modules-2/files-2.1/io.netty/netty-resolver/4.1.6.Final/2a1c97445b6aa544cd029faa72abfb3f85e9957e/netty-resolver-4.1.6.Final.jar, file:/C:/Users/Chris/.gradle/caches/modules-2/files-2.1/org.antlr/stringtemplate/3.2/6fe2e3bb57daebd1555494818909f9664376dd6c/stringtemplate-3.2.jar, file:/C:/Users/Chris/.gradle/caches/modules-2/files-2.1/com.sun.jersey/jersey-core/1.8/b6a0553c0eb3da45a9b8947a0a7283b3b9266d0d/jersey-core-1.8.jar, file:/C:/Users/Chris/.gradle/caches/modules-2/files-2.1/antlr/antlr/2.7.7/83cd2cd674a217ade95a4bb83a8a14f351f48bd0/antlr-2.7.7.jar, file:/C:/Users/Chris/.gradle/caches/modules-2/files-2.1/com.google.guava/guava/19.0/6ce200f6b23222af3d8abb6b6459e6c44f4bb0e9/guava-19.0.jar, file:/C:/Users/Chris/.gradle/caches/modules-2/files-2.1/commons-configuration/commons-configuration/1.8/6cce40435bcd8018018f16898de01976b319941a/commons-configuration-1.8.jar, file:/C:/Users/Chris/.gradle/caches/modules-2/files-2.1/log4j/log4j/1.2.17/5af35056b4d257e4b64b9e8069c0746e8b08629f/log4j-1.2.17.jar, file:/C:/Users/Chris/.gradle/caches/modules-2/files-2.1/org.codehaus.jackson/jackson-mapper-asl/1.9.11/45d70862fa016993193075a1e8e32a01dcf438e8/jackson-mapper-asl-1.9.11.jar, file:/C:/Users/Chris/.gradle/caches/modules-2/files-2.1/org.codehaus.jackson/jackson-core-asl/1.9.11/e32303ef8bd18a5c9272780d49b81c95e05ddf43/jackson-core-asl-1.9.11.jar, file:/C:/Users/Chris/.gradle/caches/modules-2/files-2.1/commons-lang/commons-lang/2.6/ce1edb914c94ebc388f086c6827e8bdeec71ac2/commons-lang-2.6.jar]
23:08:27.613 [Test worker] ?[39m[DEBUG]?[0;39m o.s.c.e.PropertySourcesPropertyResolver - Could not find key 'context.listener.classes' in any property source
23:08:27.615 [Test worker] ?[39m[DEBUG]?[0;39m o.s.c.e.PropertySourcesPropertyResolver - Could not find key 'banner.image.location' in any property source
23:08:27.616 [Test worker] ?[39m[DEBUG]?[0;39m o.s.c.e.PropertySourcesPropertyResolver - Could not find key 'banner.location' in any property source

  .   ____          _            __ _ _
 /\\ / ___'_ __ _ _(_)_ __  __ _ \ \ \ \
( ( )\___ | '_ | '_| | '_ \/ _` | \ \ \ \
 \\/  ___)| |_)| | | | | || (_| |  ) ) ) )
  '  |____| .__|_| |_|_| |_\__, | / / / /
 =========|_|==============|___/=/_/_/_/
 :: Spring Boot ::        (v1.5.2.RELEASE)

23:08:27.652 [Test worker] ?[39m[DEBUG]?[0;39m o.s.c.e.PropertySourcesPropertyResolver - Could not find key 'context.initializer.classes' in any property source
23:08:27.653 [Test worker] ?[39m[DEBUG]?[0;39m o.s.c.e.PropertySourcesPropertyResolver - Could not find key 'spring.config.name:application' in any property source
23:08:27.653 [Test worker] ?[39m[DEBUG]?[0;39m o.s.c.e.PropertySourcesPropertyResolver - Could not find key 'spring.config.name' in any property source
23:08:27.653 [Test worker] ?[39m[DEBUG]?[0;39m o.s.c.e.PropertySourcesPropertyResolver - Could not find key 'vcap.application.name:application' in any property source
23:08:27.653 [Test worker] ?[39m[DEBUG]?[0;39m o.s.c.e.PropertySourcesPropertyResolver - Could not find key 'vcap.application.name' in any property source
23:08:27.653 [Test worker] ?[39m[DEBUG]?[0;39m o.s.c.e.PropertySourcesPropertyResolver - Could not find key 'spring.application.name:application' in any property source
23:08:27.654 [Test worker] ?[39m[DEBUG]?[0;39m o.s.c.e.PropertySourcesPropertyResolver - Could not find key 'spring.application.name' in any property source
23:08:27.654 [Test worker] ?[39m[DEBUG]?[0;39m o.s.c.e.PropertySourcesPropertyResolver - Could not find key 'PORT:null' in any property source
23:08:27.654 [Test worker] ?[39m[DEBUG]?[0;39m o.s.c.e.PropertySourcesPropertyResolver - Could not find key 'PORT' in any property source
23:08:27.654 [Test worker] ?[39m[DEBUG]?[0;39m o.s.c.e.PropertySourcesPropertyResolver - Could not find key 'server.port:null' in any property source
23:08:27.654 [Test worker] ?[39m[DEBUG]?[0;39m o.s.c.e.PropertySourcesPropertyResolver - Found key 'server.port' in [Inlined Test Properties] with type [String]
23:08:27.654 [Test worker] ?[39m[DEBUG]?[0;39m o.s.c.e.PropertySourcesPropertyResolver - Could not find key 'spring.application.index:-1' in any property source
23:08:27.657 [Test worker] ?[39m[DEBUG]?[0;39m o.s.c.e.PropertySourcesPropertyResolver - Could not find key 'spring.application.index' in any property source
23:08:27.658 [Test worker] ?[39m[DEBUG]?[0;39m o.s.c.e.PropertySourcesPropertyResolver - Could not find key 'vcap.application.instance_index:-1' in any property source
23:08:27.658 [Test worker] ?[39m[DEBUG]?[0;39m o.s.c.e.PropertySourcesPropertyResolver - Could not find key 'vcap.application.instance_index' in any property source
23:08:27.659 [Test worker] ?[39m[DEBUG]?[0;39m o.s.c.e.PropertySourcesPropertyResolver - Could not find key 'spring.profiles.active' in any property source
23:08:27.669 [Test worker] ?[39m[DEBUG]?[0;39m o.s.b.f.s.DefaultListableBeanFactory - Returning cached instance of singleton bean 'autoConfigurationReport'
23:08:27.673 [Test worker] ?[34m[INFO ]?[0;39m c.o.TwitchFollowerSuggestionApplicationTests - Starting TwitchFollowerSuggestionApplicationTests on Tron with PID 4576 (started by Chris in C:\Users\Chris\Documents\GitHub\TwitchFollwerSuggestion\springapp\TwitchFollowerSuggestion)
23:08:27.674 [Test worker] ?[39m[DEBUG]?[0;39m c.o.TwitchFollowerSuggestionApplicationTests - Running with Spring Boot v1.5.2.RELEASE, Spring v4.3.7.RELEASE
23:08:27.674 [Test worker] ?[39m[DEBUG]?[0;39m o.s.c.e.PropertySourcesPropertyResolver - Could not find key 'spring.profiles.active' in any property source
23:08:27.675 [Test worker] ?[39m[DEBUG]?[0;39m o.s.c.e.PropertySourcesPropertyResolver - Could not find key 'spring.profiles.default' in any property source
23:08:27.675 [Test worker] ?[34m[INFO ]?[0;39m c.o.TwitchFollowerSuggestionApplicationTests - No active profile set, falling back to default profiles: default
23:08:27.675 [Test worker] ?[39m[DEBUG]?[0;39m o.s.b.SpringApplication - Loading source class com.ollee.TwitchFollowerSuggestionApplication
23:08:27.915 [Test worker] ?[39m[DEBUG]?[0;39m o.s.c.a.ClassPathBeanDefinitionScanner - JSR-250 'javax.annotation.ManagedBean' found and supported for component scanning
23:08:27.925 [Test worker] ?[39m[DEBUG]?[0;39m o.s.b.c.c.ConfigFileApplicationListener - Skipped (empty) config file 'file:/C:/Users/Chris/Documents/GitHub/TwitchFollwerSuggestion/springapp/TwitchFollowerSuggestion/build/resources/main/application.properties' (classpath:/application.properties)
23:08:27.926 [Test worker] ?[39m[DEBUG]?[0;39m o.s.b.c.c.ConfigFileApplicationListener - Skipped (empty) config file 'file:/C:/Users/Chris/Documents/GitHub/TwitchFollwerSuggestion/springapp/TwitchFollowerSuggestion/build/resources/main/application.properties' (classpath:/application.properties) for profile default
23:08:27.929 [Test worker] ?[34m[INFO ]?[0;39m o.s.w.c.s.GenericWebApplicationContext - Refreshing org.springframework.web.context.support.GenericWebApplicationContext@651903ed: startup date [Sun Apr 30 23:08:27 EDT 2017]; root of context hierarchy
23:08:27.929 [Test worker] ?[39m[DEBUG]?[0;39m o.s.w.c.s.GenericWebApplicationContext - Bean factory for org.springframework.web.context.support.GenericWebApplicationContext@651903ed: org.springframework.beans.factory.support.DefaultListableBeanFactory@3e028640: defining beans [org.springframework.boot.test.mock.mockito.MockitoPostProcessor$SpyPostProcessor,org.springframework.boot.test.mock.mockito.MockitoPostProcessor,org.springframework.context.annotation.internalConfigurationAnnotationProcessor,org.springframework.context.annotation.internalAutowiredAnnotationProcessor,org.springframework.context.annotation.internalRequiredAnnotationProcessor,org.springframework.context.annotation.internalCommonAnnotationProcessor,org.springframework.context.event.internalEventListenerProcessor,org.springframework.context.event.internalEventListenerFactory,twitchFollowerSuggestionApplication]; root of factory hierarchy
23:08:27.955 [Test worker] ?[39m[DEBUG]?[0;39m o.s.b.f.s.DefaultListableBeanFactory - Registering scope 'request' with implementation [org.springframework.web.context.request.RequestScope@72ee1e58]
23:08:27.955 [Test worker] ?[39m[DEBUG]?[0;39m o.s.b.f.s.DefaultListableBeanFactory - Registering scope 'session' with implementation [org.springframework.web.context.request.SessionScope@627613a0]
23:08:27.955 [Test worker] ?[39m[DEBUG]?[0;39m o.s.b.f.s.DefaultListableBeanFactory - Registering scope 'globalSession' with implementation [org.springframework.web.context.request.SessionScope@6068cd68]
23:08:27.956 [Test worker] ?[39m[DEBUG]?[0;39m o.s.b.f.s.DefaultListableBeanFactory - Registering scope 'application' with implementation [org.springframework.web.context.support.ServletContextScope@d0fc83c]
23:08:27.960 [Test worker] ?[39m[DEBUG]?[0;39m o.s.b.f.s.DefaultListableBeanFactory - Creating shared instance of singleton bean 'org.springframework.context.annotation.internalConfigurationAnnotationProcessor'
23:08:27.960 [Test worker] ?[39m[DEBUG]?[0;39m o.s.b.f.s.DefaultListableBeanFactory - Creating instance of bean 'org.springframework.context.annotation.internalConfigurationAnnotationProcessor'
23:08:27.966 [Test worker] ?[39m[DEBUG]?[0;39m o.s.b.f.s.DefaultListableBeanFactory - Eagerly caching bean 'org.springframework.context.annotation.internalConfigurationAnnotationProcessor' to allow for resolving potential circular references
23:08:28.013 [Test worker] ?[39m[DEBUG]?[0;39m o.s.b.f.s.DefaultListableBeanFactory - Creating shared instance of singleton bean 'org.springframework.boot.autoconfigure.internalCachingMetadataReaderFactory'
23:08:28.014 [Test worker] ?[39m[DEBUG]?[0;39m o.s.b.f.s.DefaultListableBeanFactory - Creating instance of bean 'org.springframework.boot.autoconfigure.internalCachingMetadataReaderFactory'
23:08:28.017 [Test worker] ?[39m[DEBUG]?[0;39m o.s.b.f.s.DefaultListableBeanFactory - Eagerly caching bean 'org.springframework.boot.autoconfigure.internalCachingMetadataReaderFactory' to allow for resolving potential circular references
23:08:28.019 [Test worker] ?[39m[DEBUG]?[0;39m o.s.b.f.s.DefaultListableBeanFactory - Finished creating instance of bean 'org.springframework.boot.autoconfigure.internalCachingMetadataReaderFactory'
23:08:28.034 [Test worker] ?[39m[DEBUG]?[0;39m o.s.b.f.s.DefaultListableBeanFactory - Finished creating instance of bean 'org.springframework.context.annotation.internalConfigurationAnnotationProcessor'
23:08:28.051 [Test worker] ?[39m[DEBUG]?[0;39m o.s.c.a.ClassPathBeanDefinitionScanner - JSR-250 'javax.annotation.ManagedBean' found and supported for component scanning
23:08:28.054 [Test worker] ?[39m[DEBUG]?[0;39m o.s.c.i.s.PathMatchingResourcePatternResolver - Resolved classpath location [com/ollee/] to resources [URL [file:/C:/Users/Chris/Documents/GitHub/TwitchFollwerSuggestion/springapp/TwitchFollowerSuggestion/build/classes/test/com/ollee/], URL [file:/C:/Users/Chris/Documents/GitHub/TwitchFollwerSuggestion/springapp/TwitchFollowerSuggestion/build/classes/main/com/ollee/]]
23:08:28.055 [Test worker] ?[39m[DEBUG]?[0;39m o.s.c.i.s.PathMatchingResourcePatternResolver - Looking for matching resources in directory tree [C:\Users\Chris\Documents\GitHub\TwitchFollwerSuggestion\springapp\TwitchFollowerSuggestion\build\classes\test\com\ollee]
23:08:28.056 [Test worker] ?[39m[DEBUG]?[0;39m o.s.c.i.s.PathMatchingResourcePatternResolver - Searching directory [C:\Users\Chris\Documents\GitHub\TwitchFollwerSuggestion\springapp\TwitchFollowerSuggestion\build\classes\test\com\ollee] for files matching pattern [C:/Users/Chris/Documents/GitHub/TwitchFollwerSuggestion/springapp/TwitchFollowerSuggestion/build/classes/test/com/ollee/**/*.class]
23:08:28.056 [Test worker] ?[39m[DEBUG]?[0;39m o.s.c.i.s.PathMatchingResourcePatternResolver - Looking for matching resources in directory tree [C:\Users\Chris\Documents\GitHub\TwitchFollwerSuggestion\springapp\TwitchFollowerSuggestion\build\classes\main\com\ollee]
23:08:28.057 [Test worker] ?[39m[DEBUG]?[0;39m o.s.c.i.s.PathMatchingResourcePatternResolver - Searching directory [C:\Users\Chris\Documents\GitHub\TwitchFollwerSuggestion\springapp\TwitchFollowerSuggestion\build\classes\main\com\ollee] for files matching pattern [C:/Users/Chris/Documents/GitHub/TwitchFollwerSuggestion/springapp/TwitchFollowerSuggestion/build/classes/main/com/ollee/**/*.class]
23:08:28.057 [Test worker] ?[39m[DEBUG]?[0;39m o.s.c.i.s.PathMatchingResourcePatternResolver - Searching directory [C:\Users\Chris\Documents\GitHub\TwitchFollwerSuggestion\springapp\TwitchFollowerSuggestion\build\classes\main\com\ollee\deprecated] for files matching pattern [C:/Users/Chris/Documents/GitHub/TwitchFollwerSuggestion/springapp/TwitchFollowerSuggestion/build/classes/main/com/ollee/**/*.class]
23:08:28.059 [Test worker] ?[39m[DEBUG]?[0;39m o.s.c.i.s.PathMatchingResourcePatternResolver - Resolved location pattern [classpath*:com/ollee/**/*.class] to resources [file [C:\Users\Chris\Documents\GitHub\TwitchFollwerSuggestion\springapp\TwitchFollowerSuggestion\build\classes\test\com\ollee\TwitchFollowerSuggestionApplicationTests.class], file [C:\Users\Chris\Documents\GitHub\TwitchFollwerSuggestion\springapp\TwitchFollowerSuggestion\build\classes\main\com\ollee\CassandraDriver3.class], file [C:\Users\Chris\Documents\GitHub\TwitchFollwerSuggestion\springapp\TwitchFollowerSuggestion\build\classes\main\com\ollee\deprecated\CassandraDriver.class], file [C:\Users\Chris\Documents\GitHub\TwitchFollwerSuggestion\springapp\TwitchFollowerSuggestion\build\classes\main\com\ollee\deprecated\CassandraDriver2.class], file [C:\Users\Chris\Documents\GitHub\TwitchFollwerSuggestion\springapp\TwitchFollowerSuggestion\build\classes\main\com\ollee\deprecated\ThreadedGetUserChannelsTimePair.class], file [C:\Users\Chris\Documents\GitHub\TwitchFollwerSuggestion\springapp\TwitchFollowerSuggestion\build\classes\main\com\ollee\deprecated\ThreadedInsert.class], file [C:\Users\Chris\Documents\GitHub\TwitchFollwerSuggestion\springapp\TwitchFollowerSuggestion\build\classes\main\com\ollee\deprecated\ThreadedTwitchWrapperGetUserChannelsFollowed.class], file [C:\Users\Chris\Documents\GitHub\TwitchFollwerSuggestion\springapp\TwitchFollowerSuggestion\build\classes\main\com\ollee\deprecated\TwitchAPIRateLimiter.class], file [C:\Users\Chris\Documents\GitHub\TwitchFollwerSuggestion\springapp\TwitchFollowerSuggestion\build\classes\main\com\ollee\LoginController.class], file [C:\Users\Chris\Documents\GitHub\TwitchFollwerSuggestion\springapp\TwitchFollowerSuggestion\build\classes\main\com\ollee\TwitchAPICallHandler$1.class], file [C:\Users\Chris\Documents\GitHub\TwitchFollwerSuggestion\springapp\TwitchFollowerSuggestion\build\classes\main\com\ollee\TwitchAPICallHandler.class], file [C:\Users\Chris\Documents\GitHub\TwitchFollwerSuggestion\springapp\TwitchFollowerSuggestion\build\classes\main\com\ollee\TwitchFollowerSuggestionApplication.class], file [C:\Users\Chris\Documents\GitHub\TwitchFollwerSuggestion\springapp\TwitchFollowerSuggestion\build\classes\main\com\ollee\TwitchWrapper.class], file [C:\Users\Chris\Documents\GitHub\TwitchFollwerSuggestion\springapp\TwitchFollowerSuggestion\build\classes\main\com\ollee\UserName.class]]
23:08:28.060 [Test worker] ?[39m[DEBUG]?[0;39m o.s.b.f.s.DefaultListableBeanFactory - Returning cached instance of singleton bean 'org.springframework.boot.test.context.filter.TestTypeExcludeFilter'
23:08:28.062 [Test worker] ?[39m[DEBUG]?[0;39m o.s.b.f.s.DefaultListableBeanFactory - Returning cached instance of singleton bean 'org.springframework.boot.test.context.filter.TestTypeExcludeFilter'
23:08:28.064 [Test worker] ?[39m[DEBUG]?[0;39m o.s.b.f.s.DefaultListableBeanFactory - Returning cached instance of singleton bean 'org.springframework.boot.test.context.filter.TestTypeExcludeFilter'
23:08:28.066 [Test worker] ?[39m[DEBUG]?[0;39m o.s.b.f.s.DefaultListableBeanFactory - Returning cached instance of singleton bean 'org.springframework.boot.test.context.filter.TestTypeExcludeFilter'
23:08:28.066 [Test worker] ?[39m[DEBUG]?[0;39m o.s.b.f.s.DefaultListableBeanFactory - Returning cached instance of singleton bean 'org.springframework.boot.test.context.filter.TestTypeExcludeFilter'
23:08:28.067 [Test worker] ?[39m[DEBUG]?[0;39m o.s.b.f.s.DefaultListableBeanFactory - Returning cached instance of singleton bean 'org.springframework.boot.test.context.filter.TestTypeExcludeFilter'
23:08:28.067 [Test worker] ?[39m[DEBUG]?[0;39m o.s.b.f.s.DefaultListableBeanFactory - Returning cached instance of singleton bean 'org.springframework.boot.test.context.filter.TestTypeExcludeFilter'
23:08:28.068 [Test worker] ?[39m[DEBUG]?[0;39m o.s.b.f.s.DefaultListableBeanFactory - Returning cached instance of singleton bean 'org.springframework.boot.test.context.filter.TestTypeExcludeFilter'
23:08:28.069 [Test worker] ?[39m[DEBUG]?[0;39m o.s.b.f.s.DefaultListableBeanFactory - Returning cached instance of singleton bean 'org.springframework.boot.test.context.filter.TestTypeExcludeFilter'
23:08:28.069 [Test worker] ?[39m[DEBUG]?[0;39m o.s.c.a.ClassPathBeanDefinitionScanner - Identified candidate component class: file [C:\Users\Chris\Documents\GitHub\TwitchFollwerSuggestion\springapp\TwitchFollowerSuggestion\build\classes\main\com\ollee\LoginController.class]
23:08:28.069 [Test worker] ?[39m[DEBUG]?[0;39m o.s.b.f.s.DefaultListableBeanFactory - Returning cached instance of singleton bean 'org.springframework.boot.test.context.filter.TestTypeExcludeFilter'
23:08:28.071 [Test worker] ?[39m[DEBUG]?[0;39m o.s.b.f.s.DefaultListableBeanFactory - Returning cached instance of singleton bean 'org.springframework.boot.test.context.filter.TestTypeExcludeFilter'
23:08:28.079 [Test worker] ?[39m[DEBUG]?[0;39m o.s.b.f.s.DefaultListableBeanFactory - Returning cached instance of singleton bean 'org.springframework.boot.test.context.filter.TestTypeExcludeFilter'
23:08:28.079 [Test worker] ?[39m[DEBUG]?[0;39m o.s.b.f.s.DefaultListableBeanFactory - Returning cached instance of singleton bean 'org.springframework.boot.test.context.filter.TestTypeExcludeFilter'
23:08:28.078 [background-preinit] ?[39m[DEBUG]?[0;39m org.jboss.logging - Logging Provider: org.jboss.logging.Slf4jLoggerProvider found via system property
23:08:28.080 [background-preinit] ?[34m[INFO ]?[0;39m o.h.v.i.util.Version - HV000001: Hibernate Validator 5.3.4.Final
23:08:28.086 [Test worker] ?[39m[DEBUG]?[0;39m o.s.c.e.PropertySourcesPropertyResolver - Could not find key 'spring.boot.enableautoconfiguration' in any property source
23:08:28.095 [Test worker] ?[39m[DEBUG]?[0;39m o.s.b.f.s.DefaultListableBeanFactory - Returning cached instance of singleton bean 'org.springframework.boot.autoconfigure.internalCachingMetadataReaderFactory'
23:08:28.112 [background-preinit] ?[39m[DEBUG]?[0;39m o.h.v.i.e.r.DefaultTraversableResolver - Found javax.persistence.Persistence on classpath, but no method 'getPersistenceUtil'. Assuming JPA 1 environment. All properties will per default be traversable.
23:08:28.113 [Test worker] ?[39m[DEBUG]?[0;39m o.s.b.f.s.DefaultListableBeanFactory - Returning cached instance of singleton bean 'autoConfigurationReport'
23:08:28.155 [Test worker] ?[39m[DEBUG]?[0;39m o.s.b.f.s.DefaultListableBeanFactory - Returning cached instance of singleton bean 'autoConfigurationReport'
23:08:28.195 [Test worker] ?[39m[DEBUG]?[0;39m o.s.c.e.PropertySourcesPropertyResolver - Could not find key 'spring.messages.basename' in any property source
23:08:28.195 [Test worker] ?[39m[DEBUG]?[0;39m o.s.c.i.s.PathMatchingResourcePatternResolver - Resolved classpath location [messages.properties] to resources []
23:08:28.195 [Test worker] ?[39m[DEBUG]?[0;39m o.s.b.f.s.DefaultListableBeanFactory - Returning cached instance of singleton bean 'autoConfigurationReport'
23:08:28.199 [Test worker] ?[39m[DEBUG]?[0;39m o.s.b.f.s.DefaultListableBeanFactory - Returning cached instance of singleton bean 'autoConfigurationReport'
23:08:28.207 [Test worker] ?[39m[DEBUG]?[0;39m o.s.b.f.s.DefaultListableBeanFactory - Returning cached instance of singleton bean 'autoConfigurationReport'
23:08:28.215 [Test worker] ?[39m[DEBUG]?[0;39m o.s.b.f.s.DefaultListableBeanFactory - Returning cached instance of singleton bean 'autoConfigurationReport'
23:08:28.217 [Test worker] ?[39m[DEBUG]?[0;39m o.s.b.f.s.DefaultListableBeanFactory - Returning cached instance of singleton bean 'autoConfigurationReport'
23:08:28.217 [Test worker] ?[39m[DEBUG]?[0;39m o.s.b.f.s.DefaultListableBeanFactory - Returning cached instance of singleton bean 'autoConfigurationReport'
23:08:28.218 [Test worker] ?[39m[DEBUG]?[0;39m o.s.b.f.s.DefaultListableBeanFactory - Returning cached instance of singleton bean 'autoConfigurationReport'
23:08:28.222 [Test worker] ?[39m[DEBUG]?[0;39m o.s.b.f.s.DefaultListableBeanFactory - Returning cached instance of singleton bean 'autoConfigurationReport'
23:08:28.223 [Test worker] ?[39m[DEBUG]?[0;39m o.s.b.f.s.DefaultListableBeanFactory - Returning cached instance of singleton bean 'autoConfigurationReport'
23:08:28.225 [Test worker] ?[39m[DEBUG]?[0;39m o.s.b.f.s.DefaultListableBeanFactory - Returning cached instance of singleton bean 'autoConfigurationReport'
23:08:28.226 [Test worker] ?[39m[DEBUG]?[0;39m o.s.b.f.s.DefaultListableBeanFactory - Returning cached instance of singleton bean 'autoConfigurationReport'
23:08:28.228 [Test worker] ?[39m[DEBUG]?[0;39m o.s.b.f.s.DefaultListableBeanFactory - Returning cached instance of singleton bean 'autoConfigurationReport'
23:08:28.230 [Test worker] ?[39m[DEBUG]?[0;39m o.s.b.f.s.DefaultListableBeanFactory - Returning cached instance of singleton bean 'autoConfigurationReport'
23:08:28.235 [Test worker] ?[39m[DEBUG]?[0;39m o.s.b.f.s.DefaultListableBeanFactory - Returning cached instance of singleton bean 'autoConfigurationReport'
23:08:28.238 [Test worker] ?[39m[DEBUG]?[0;39m o.s.b.f.s.DefaultListableBeanFactory - Returning cached instance of singleton bean 'autoConfigurationReport'
23:08:28.239 [Test worker] ?[39m[DEBUG]?[0;39m o.s.b.f.s.DefaultListableBeanFactory - Returning cached instance of singleton bean 'autoConfigurationReport'
23:08:28.243 [Test worker] ?[39m[DEBUG]?[0;39m o.s.b.f.s.DefaultListableBeanFactory - Returning cached instance of singleton bean 'autoConfigurationReport'
23:08:28.243 [Test worker] ?[39m[DEBUG]?[0;39m o.s.b.f.s.DefaultListableBeanFactory - Returning cached instance of singleton bean 'autoConfigurationReport'
23:08:28.246 [Test worker] ?[39m[DEBUG]?[0;39m o.s.b.f.s.DefaultListableBeanFactory - Returning cached instance of singleton bean 'autoConfigurationReport'
23:08:28.248 [Test worker] ?[39m[DEBUG]?[0;39m o.s.b.f.s.DefaultListableBeanFactory - Returning cached instance of singleton bean 'autoConfigurationReport'
23:08:28.252 [Test worker] ?[39m[DEBUG]?[0;39m o.s.b.f.s.DefaultListableBeanFactory - Returning cached instance of singleton bean 'autoConfigurationReport'
23:08:28.255 [Test worker] ?[39m[DEBUG]?[0;39m o.s.b.f.s.DefaultListableBeanFactory - Returning cached instance of singleton bean 'autoConfigurationReport'
23:08:28.258 [Test worker] ?[39m[DEBUG]?[0;39m o.s.b.f.s.DefaultListableBeanFactory - Returning cached instance of singleton bean 'autoConfigurationReport'
23:08:28.259 [Test worker] ?[39m[DEBUG]?[0;39m o.s.b.f.s.DefaultListableBeanFactory - Returning cached instance of singleton bean 'autoConfigurationReport'
23:08:28.261 [Test worker] ?[39m[DEBUG]?[0;39m o.s.b.f.s.DefaultListableBeanFactory - Returning cached instance of singleton bean 'autoConfigurationReport'
23:08:28.262 [Test worker] ?[39m[DEBUG]?[0;39m o.s.b.f.s.DefaultListableBeanFactory - Returning cached instance of singleton bean 'autoConfigurationReport'
23:08:28.263 [Test worker] ?[39m[DEBUG]?[0;39m o.s.b.f.s.DefaultListableBeanFactory - Returning cached instance of singleton bean 'autoConfigurationReport'
23:08:28.263 [Test worker] ?[39m[DEBUG]?[0;39m o.s.b.f.s.DefaultListableBeanFactory - Returning cached instance of singleton bean 'autoConfigurationReport'
23:08:28.268 [Test worker] ?[39m[DEBUG]?[0;39m o.s.b.f.s.DefaultListableBeanFactory - Returning cached instance of singleton bean 'autoConfigurationReport'
23:08:28.274 [Test worker] ?[39m[DEBUG]?[0;39m o.s.b.f.s.DefaultListableBeanFactory - Returning cached instance of singleton bean 'autoConfigurationReport'
23:08:28.278 [Test worker] ?[39m[DEBUG]?[0;39m o.s.b.f.s.DefaultListableBeanFactory - Returning cached instance of singleton bean 'autoConfigurationReport'
23:08:28.278 [Test worker] ?[39m[DEBUG]?[0;39m o.s.b.f.s.DefaultListableBeanFactory - Returning cached instance of singleton bean 'autoConfigurationReport'
23:08:28.283 [Test worker] ?[39m[DEBUG]?[0;39m o.s.b.f.s.DefaultListableBeanFactory - Returning cached instance of singleton bean 'autoConfigurationReport'
23:08:28.288 [Test worker] ?[39m[DEBUG]?[0;39m o.s.b.f.s.DefaultListableBeanFactory - Returning cached instance of singleton bean 'autoConfigurationReport'
23:08:28.294 [Test worker] ?[39m[DEBUG]?[0;39m o.s.b.f.s.DefaultListableBeanFactory - Returning cached instance of singleton bean 'autoConfigurationReport'
23:08:28.294 [Test worker] ?[39m[DEBUG]?[0;39m o.s.c.e.PropertySourcesPropertyResolver - Found key 'spring.jmx.enabled' in [Inlined Test Properties] with type [String]
23:08:28.294 [Test worker] ?[39m[DEBUG]?[0;39m o.s.b.f.s.DefaultListableBeanFactory - Returning cached instance of singleton bean 'autoConfigurationReport'
23:08:28.295 [Test worker] ?[39m[DEBUG]?[0;39m o.s.b.f.s.DefaultListableBeanFactory - Returning cached instance of singleton bean 'autoConfigurationReport'
23:08:28.295 [Test worker] ?[39m[DEBUG]?[0;39m o.s.b.f.s.DefaultListableBeanFactory - Returning cached instance of singleton bean 'autoConfigurationReport'
23:08:28.295 [Test worker] ?[39m[DEBUG]?[0;39m o.s.b.f.s.DefaultListableBeanFactory - Returning cached instance of singleton bean 'autoConfigurationReport'
23:08:28.297 [Test worker] ?[39m[DEBUG]?[0;39m o.s.b.f.s.DefaultListableBeanFactory - Returning cached instance of singleton bean 'autoConfigurationReport'
23:08:28.298 [Test worker] ?[39m[DEBUG]?[0;39m o.s.b.f.s.DefaultListableBeanFactory - Returning cached instance of singleton bean 'autoConfigurationReport'
23:08:28.302 [Test worker] ?[39m[DEBUG]?[0;39m o.s.b.f.s.DefaultListableBeanFactory - Returning cached instance of singleton bean 'autoConfigurationReport'
23:08:28.304 [Test worker] ?[39m[DEBUG]?[0;39m o.s.b.f.s.DefaultListableBeanFactory - Returning cached instance of singleton bean 'autoConfigurationReport'
23:08:28.318 [Test worker] ?[39m[DEBUG]?[0;39m o.s.b.f.s.DefaultListableBeanFactory - Returning cached instance of singleton bean 'autoConfigurationReport'
23:08:28.321 [Test worker] ?[39m[DEBUG]?[0;39m o.s.b.f.s.DefaultListableBeanFactory - Returning cached instance of singleton bean 'autoConfigurationReport'
23:08:28.323 [Test worker] ?[39m[DEBUG]?[0;39m o.s.b.f.s.DefaultListableBeanFactory - Returning cached instance of singleton bean 'autoConfigurationReport'
23:08:28.324 [Test worker] ?[39m[DEBUG]?[0;39m o.s.b.f.s.DefaultListableBeanFactory - Returning cached instance of singleton bean 'autoConfigurationReport'
23:08:28.324 [Test worker] ?[39m[DEBUG]?[0;39m o.s.b.f.s.DefaultListableBeanFactory - Returning cached instance of singleton bean 'autoConfigurationReport'
23:08:28.326 [Test worker] ?[39m[DEBUG]?[0;39m o.s.b.f.s.DefaultListableBeanFactory - Returning cached instance of singleton bean 'autoConfigurationReport'
23:08:28.327 [Test worker] ?[39m[DEBUG]?[0;39m o.s.b.f.s.DefaultListableBeanFactory - Returning cached instance of singleton bean 'autoConfigurationReport'
23:08:28.331 [Test worker] ?[39m[DEBUG]?[0;39m o.s.b.f.s.DefaultListableBeanFactory - Returning cached instance of singleton bean 'autoConfigurationReport'
23:08:28.333 [Test worker] ?[39m[DEBUG]?[0;39m o.s.b.f.s.DefaultListableBeanFactory - Returning cached instance of singleton bean 'autoConfigurationReport'
23:08:28.336 [Test worker] ?[39m[DEBUG]?[0;39m o.s.b.f.s.DefaultListableBeanFactory - Returning cached instance of singleton bean 'autoConfigurationReport'
23:08:28.337 [Test worker] ?[39m[DEBUG]?[0;39m o.s.b.f.s.DefaultListableBeanFactory - Returning cached instance of singleton bean 'autoConfigurationReport'
23:08:28.338 [Test worker] ?[39m[DEBUG]?[0;39m o.s.b.f.s.DefaultListableBeanFactory - Returning cached instance of singleton bean 'autoConfigurationReport'
23:08:28.342 [Test worker] ?[39m[DEBUG]?[0;39m o.s.b.f.s.DefaultListableBeanFactory - Returning cached instance of singleton bean 'autoConfigurationReport'
23:08:28.343 [Test worker] ?[39m[DEBUG]?[0;39m o.s.b.f.s.DefaultListableBeanFactory - Returning cached instance of singleton bean 'autoConfigurationReport'
23:08:28.348 [Test worker] ?[39m[DEBUG]?[0;39m o.s.b.f.s.DefaultListableBeanFactory - Returning cached instance of singleton bean 'autoConfigurationReport'
23:08:28.348 [Test worker] ?[39m[DEBUG]?[0;39m o.s.b.f.s.DefaultListableBeanFactory - Returning cached instance of singleton bean 'autoConfigurationReport'
23:08:28.348 [Test worker] ?[39m[DEBUG]?[0;39m o.s.b.f.s.DefaultListableBeanFactory - Returning cached instance of singleton bean 'autoConfigurationReport'
23:08:28.350 [Test worker] ?[39m[DEBUG]?[0;39m o.s.b.f.s.DefaultListableBeanFactory - Returning cached instance of singleton bean 'autoConfigurationReport'
23:08:28.353 [Test worker] ?[39m[DEBUG]?[0;39m o.s.b.f.s.DefaultListableBeanFactory - Returning cached instance of singleton bean 'autoConfigurationReport'
23:08:28.353 [Test worker] ?[39m[DEBUG]?[0;39m o.s.b.f.s.DefaultListableBeanFactory - Returning cached instance of singleton bean 'autoConfigurationReport'
23:08:28.357 [Test worker] ?[39m[DEBUG]?[0;39m o.s.b.f.s.DefaultListableBeanFactory - Returning cached instance of singleton bean 'autoConfigurationReport'
23:08:28.358 [Test worker] ?[39m[DEBUG]?[0;39m o.s.b.f.s.DefaultListableBeanFactory - Returning cached instance of singleton bean 'autoConfigurationReport'
23:08:28.358 [Test worker] ?[39m[DEBUG]?[0;39m o.s.b.f.s.DefaultListableBeanFactory - Returning cached instance of singleton bean 'autoConfigurationReport'
23:08:28.358 [Test worker] ?[39m[DEBUG]?[0;39m o.s.b.f.s.DefaultListableBeanFactory - Returning cached instance of singleton bean 'autoConfigurationReport'
23:08:28.360 [Test worker] ?[39m[DEBUG]?[0;39m o.s.b.f.s.DefaultListableBeanFactory - Returning cached instance of singleton bean 'autoConfigurationReport'
23:08:28.361 [Test worker] ?[39m[DEBUG]?[0;39m o.s.b.f.s.DefaultListableBeanFactory - Returning cached instance of singleton bean 'autoConfigurationReport'
23:08:28.362 [Test worker] ?[39m[DEBUG]?[0;39m o.s.b.f.s.DefaultListableBeanFactory - Returning cached instance of singleton bean 'autoConfigurationReport'
23:08:28.363 [Test worker] ?[39m[DEBUG]?[0;39m o.s.b.f.s.DefaultListableBeanFactory - Returning cached instance of singleton bean 'autoConfigurationReport'
23:08:28.364 [Test worker] ?[39m[DEBUG]?[0;39m o.s.b.f.s.DefaultListableBeanFactory - Returning cached instance of singleton bean 'autoConfigurationReport'
23:08:28.364 [Test worker] ?[39m[DEBUG]?[0;39m o.s.b.f.s.DefaultListableBeanFactory - Returning cached instance of singleton bean 'autoConfigurationReport'
23:08:28.369 [Test worker] ?[39m[DEBUG]?[0;39m o.s.b.f.s.DefaultListableBeanFactory - Returning cached instance of singleton bean 'autoConfigurationReport'
23:08:28.369 [Test worker] ?[39m[DEBUG]?[0;39m o.s.b.f.s.DefaultListableBeanFactory - Returning cached instance of singleton bean 'autoConfigurationReport'
23:08:28.369 [Test worker] ?[39m[DEBUG]?[0;39m o.s.b.f.s.DefaultListableBeanFactory - Returning cached instance of singleton bean 'autoConfigurationReport'
23:08:28.372 [Test worker] ?[39m[DEBUG]?[0;39m o.s.b.f.s.DefaultListableBeanFactory - Returning cached instance of singleton bean 'autoConfigurationReport'
23:08:28.372 [Test worker] ?[39m[DEBUG]?[0;39m o.s.b.f.s.DefaultListableBeanFactory - Returning cached instance of singleton bean 'autoConfigurationReport'
23:08:28.374 [Test worker] ?[39m[DEBUG]?[0;39m o.s.b.f.s.DefaultListableBeanFactory - Returning cached instance of singleton bean 'autoConfigurationReport'
23:08:28.378 [Test worker] ?[39m[DEBUG]?[0;39m o.s.b.f.s.DefaultListableBeanFactory - Returning cached instance of singleton bean 'autoConfigurationReport'
23:08:28.382 [Test worker] ?[39m[DEBUG]?[0;39m o.s.c.a.ConfigurationClassBeanDefinitionReader - Registered bean definition for imported class 'org.springframework.boot.autoconfigure.context.PropertyPlaceholderAutoConfiguration'
23:08:28.385 [Test worker] ?[39m[DEBUG]?[0;39m o.s.b.f.s.DefaultListableBeanFactory - Creating shared instance of singleton bean 'org.springframework.boot.autoconfigure.condition.BeanTypeRegistry'
23:08:28.385 [Test worker] ?[39m[DEBUG]?[0;39m o.s.b.f.s.DefaultListableBeanFactory - Creating instance of bean 'org.springframework.boot.autoconfigure.condition.BeanTypeRegistry'
23:08:28.393 [Test worker] ?[39m[DEBUG]?[0;39m o.s.b.f.s.DefaultListableBeanFactory - Eagerly caching bean 'org.springframework.boot.autoconfigure.condition.BeanTypeRegistry' to allow for resolving potential circular references
23:08:28.393 [Test worker] ?[39m[DEBUG]?[0;39m o.s.b.f.s.DefaultListableBeanFactory - Finished creating instance of bean 'org.springframework.boot.autoconfigure.condition.BeanTypeRegistry'
23:08:28.394 [Test worker] ?[39m[DEBUG]?[0;39m o.s.b.f.s.DefaultListableBeanFactory - Returning cached instance of singleton bean 'autoConfigurationReport'
23:08:28.396 [Test worker] ?[39m[DEBUG]?[0;39m o.s.c.a.ConfigurationClassBeanDefinitionReader - Registering bean definition for @Bean method org.springframework.boot.autoconfigure.context.PropertyPlaceholderAutoConfiguration.propertySourcesPlaceholderConfigurer()
23:08:28.397 [Test worker] ?[39m[DEBUG]?[0;39m o.s.b.f.s.DefaultListableBeanFactory - Returning cached instance of singleton bean 'autoConfigurationReport'
23:08:28.397 [Test worker] ?[39m[DEBUG]?[0;39m o.s.b.f.s.DefaultListableBeanFactory - Returning cached instance of singleton bean 'autoConfigurationReport'
23:08:28.397 [Test worker] ?[39m[DEBUG]?[0;39m o.s.c.a.ConfigurationClassBeanDefinitionReader - Registered bean definition for imported class 'org.springframework.boot.autoconfigure.jackson.JacksonAutoConfiguration$Jackson2ObjectMapperBuilderCustomizerConfiguration'
23:08:28.397 [Test worker] ?[39m[DEBUG]?[0;39m o.s.c.a.ConfigurationClassBeanDefinitionReader - Registering bean definition for @Bean method org.springframework.boot.autoconfigure.jackson.JacksonAutoConfiguration$Jackson2ObjectMapperBuilderCustomizerConfiguration.standardJacksonObjectMapperBuilderCustomizer()
23:08:28.401 [Test worker] ?[39m[DEBUG]?[0;39m o.s.b.f.s.DefaultListableBeanFactory - Returning cached instance of singleton bean 'autoConfigurationReport'
23:08:28.401 [Test worker] ?[39m[DEBUG]?[0;39m o.s.c.a.ConfigurationClassBeanDefinitionReader - Registered bean definition for imported class 'org.springframework.boot.autoconfigure.jackson.JacksonAutoConfiguration$JacksonObjectMapperBuilderConfiguration'
23:08:28.401 [Test worker] ?[39m[DEBUG]?[0;39m o.s.b.f.s.DefaultListableBeanFactory - Returning cached instance of singleton bean 'org.springframework.boot.autoconfigure.condition.BeanTypeRegistry'
23:08:28.403 [Test worker] ?[39m[DEBUG]?[0;39m o.s.b.f.s.DefaultListableBeanFactory - Returning cached instance of singleton bean 'autoConfigurationReport'
23:08:28.404 [Test worker] ?[39m[DEBUG]?[0;39m o.s.c.a.ConfigurationClassBeanDefinitionReader - Registering bean definition for @Bean method org.springframework.boot.autoconfigure.jackson.JacksonAutoConfiguration$JacksonObjectMapperBuilderConfiguration.jacksonObjectMapperBuilder()
23:08:28.404 [Test worker] ?[39m[DEBUG]?[0;39m o.s.b.f.s.DefaultListableBeanFactory - Returning cached instance of singleton bean 'autoConfigurationReport'
23:08:28.404 [Test worker] ?[39m[DEBUG]?[0;39m o.s.c.a.ConfigurationClassBeanDefinitionReader - Registered bean definition for imported class 'org.springframework.boot.autoconfigure.jackson.JacksonAutoConfiguration$JacksonObjectMapperConfiguration'
23:08:28.404 [Test worker] ?[39m[DEBUG]?[0;39m o.s.b.f.s.DefaultListableBeanFactory - Returning cached instance of singleton bean 'org.springframework.boot.autoconfigure.condition.BeanTypeRegistry'
23:08:28.405 [Test worker] ?[39m[DEBUG]?[0;39m o.s.b.f.s.DefaultListableBeanFactory - Returning cached instance of singleton bean 'autoConfigurationReport'
23:08:28.405 [Test worker] ?[39m[DEBUG]?[0;39m o.s.c.a.ConfigurationClassBeanDefinitionReader - Registering bean definition for @Bean method org.springframework.boot.autoconfigure.jackson.JacksonAutoConfiguration$JacksonObjectMapperConfiguration.jacksonObjectMapper()
23:08:28.405 [Test worker] ?[39m[DEBUG]?[0;39m o.s.c.a.ConfigurationClassBeanDefinitionReader - Registered bean definition for imported class 'org.springframework.boot.autoconfigure.jackson.JacksonAutoConfiguration'
23:08:28.405 [Test worker] ?[39m[DEBUG]?[0;39m o.s.c.a.ConfigurationClassBeanDefinitionReader - Registering bean definition for @Bean method org.springframework.boot.autoconfigure.jackson.JacksonAutoConfiguration.jsonComponentModule()
23:08:28.405 [Test worker] ?[39m[DEBUG]?[0;39m o.s.b.f.s.DefaultListableBeanFactory - Returning cached instance of singleton bean 'autoConfigurationReport'
23:08:28.405 [Test worker] ?[39m[DEBUG]?[0;39m o.s.b.f.s.DefaultListableBeanFactory - Returning cached instance of singleton bean 'autoConfigurationReport'
23:08:28.406 [Test worker] ?[39m[DEBUG]?[0;39m o.s.b.f.s.DefaultListableBeanFactory - Returning cached instance of singleton bean 'autoConfigurationReport'
23:08:28.406 [Test worker] ?[39m[DEBUG]?[0;39m o.s.c.a.ConfigurationClassBeanDefinitionReader - Registered bean definition for imported class 'org.springframework.boot.autoconfigure.websocket.WebSocketAutoConfiguration$TomcatWebSocketConfiguration'
23:08:28.406 [Test worker] ?[39m[DEBUG]?[0;39m o.s.b.f.s.DefaultListableBeanFactory - Returning cached instance of singleton bean 'autoConfigurationReport'
23:08:28.406 [Test worker] ?[39m[DEBUG]?[0;39m o.s.b.f.s.DefaultListableBeanFactory - Returning cached instance of singleton bean 'autoConfigurationReport'
23:08:28.406 [Test worker] ?[39m[DEBUG]?[0;39m o.s.c.a.ConfigurationClassBeanDefinitionReader - Registering bean definition for @Bean method org.springframework.boot.autoconfigure.websocket.WebSocketAutoConfiguration$TomcatWebSocketConfiguration.websocketContainerCustomizer()
23:08:28.407 [Test worker] ?[39m[DEBUG]?[0;39m o.s.c.a.ConfigurationClassBeanDefinitionReader - Registered bean definition for imported class 'org.springframework.boot.autoconfigure.websocket.WebSocketAutoConfiguration'
23:08:28.407 [Test worker] ?[39m[DEBUG]?[0;39m o.s.b.f.s.DefaultListableBeanFactory - Returning cached instance of singleton bean 'autoConfigurationReport'
23:08:28.407 [Test worker] ?[39m[DEBUG]?[0;39m o.s.b.f.s.DefaultListableBeanFactory - Returning cached instance of singleton bean 'autoConfigurationReport'
23:08:28.408 [Test worker] ?[39m[DEBUG]?[0;39m o.s.b.f.s.DefaultListableBeanFactory - Returning cached instance of singleton bean 'org.springframework.boot.autoconfigure.condition.BeanTypeRegistry'
23:08:28.410 [Test worker] ?[39m[DEBUG]?[0;39m o.s.b.f.s.DefaultListableBeanFactory - Returning cached instance of singleton bean 'autoConfigurationReport'
23:08:28.410 [Test worker] ?[39m[DEBUG]?[0;39m o.s.c.a.ConfigurationClassBeanDefinitionReader - Registered bean definition for imported class 'org.springframework.boot.autoconfigure.web.EmbeddedServletContainerAutoConfiguration$EmbeddedTomcat'
23:08:28.414 [Test worker] ?[39m[DEBUG]?[0;39m o.s.c.a.ConfigurationClassBeanDefinitionReader - Registering bean definition for @Bean method org.springframework.boot.autoconfigure.web.EmbeddedServletContainerAutoConfiguration$EmbeddedTomcat.tomcatEmbeddedServletContainerFactory()
23:08:28.414 [Test worker] ?[39m[DEBUG]?[0;39m o.s.c.a.ConfigurationClassBeanDefinitionReader - Registered bean definition for imported class 'org.springframework.boot.autoconfigure.web.EmbeddedServletContainerAutoConfiguration'
23:08:28.418 [Test worker] ?[39m[DEBUG]?[0;39m o.s.b.f.s.DefaultListableBeanFactory - Returning cached instance of singleton bean 'autoConfigurationReport'
23:08:28.418 [Test worker] ?[39m[DEBUG]?[0;39m o.s.b.f.s.DefaultListableBeanFactory - Returning cached instance of singleton bean 'autoConfigurationReport'
23:08:28.418 [Test worker] ?[39m[DEBUG]?[0;39m o.s.b.f.s.DefaultListableBeanFactory - Returning cached instance of singleton bean 'autoConfigurationReport'
23:08:28.418 [Test worker] ?[39m[DEBUG]?[0;39m o.s.b.f.s.DefaultListableBeanFactory - Returning cached instance of singleton bean 'autoConfigurationReport'
23:08:28.418 [Test worker] ?[39m[DEBUG]?[0;39m o.s.b.f.s.DefaultListableBeanFactory - Returning cached instance of singleton bean 'autoConfigurationReport'
23:08:28.419 [Test worker] ?[39m[DEBUG]?[0;39m o.s.b.f.s.DefaultListableBeanFactory - Returning cached instance of singleton bean 'autoConfigurationReport'
23:08:28.419 [Test worker] ?[39m[DEBUG]?[0;39m o.s.c.a.ConfigurationClassBeanDefinitionReader - Registered bean definition for imported class 'org.springframework.boot.autoconfigure.web.DispatcherServletAutoConfiguration$DispatcherServletConfiguration'
23:08:28.419 [Test worker] ?[39m[DEBUG]?[0;39m o.s.c.a.ConfigurationClassBeanDefinitionReader - Registering bean definition for @Bean method org.springframework.boot.autoconfigure.web.DispatcherServletAutoConfiguration$DispatcherServletConfiguration.dispatcherServlet()
23:08:28.419 [Test worker] ?[39m[DEBUG]?[0;39m o.s.b.f.s.DefaultListableBeanFactory - Returning cached instance of singleton bean 'org.springframework.boot.autoconfigure.condition.BeanTypeRegistry'
23:08:28.420 [Test worker] ?[39m[DEBUG]?[0;39m o.s.b.f.s.DefaultListableBeanFactory - Returning cached instance of singleton bean 'autoConfigurationReport'
23:08:28.421 [Test worker] ?[39m[DEBUG]?[0;39m o.s.c.a.ConfigurationClassBeanDefinitionReader - Registered bean definition for imported class 'org.springframework.boot.autoconfigure.web.DispatcherServletAutoConfiguration$DispatcherServletRegistrationConfiguration'
23:08:28.421 [Test worker] ?[39m[DEBUG]?[0;39m o.s.b.f.s.DefaultListableBeanFactory - Returning cached instance of singleton bean 'org.springframework.boot.autoconfigure.condition.BeanTypeRegistry'
23:08:28.422 [Test worker] ?[39m[DEBUG]?[0;39m o.s.b.f.s.DefaultListableBeanFactory - Returning cached instance of singleton bean 'autoConfigurationReport'
23:08:28.422 [Test worker] ?[39m[DEBUG]?[0;39m o.s.c.a.ConfigurationClassBeanDefinitionReader - Registering bean definition for @Bean method org.springframework.boot.autoconfigure.web.DispatcherServletAutoConfiguration$DispatcherServletRegistrationConfiguration.dispatcherServletRegistration()
23:08:28.422 [Test worker] ?[39m[DEBUG]?[0;39m o.s.c.a.ConfigurationClassBeanDefinitionReader - Registered bean definition for imported class 'org.springframework.boot.autoconfigure.web.DispatcherServletAutoConfiguration'
23:08:28.422 [Test worker] ?[39m[DEBUG]?[0;39m o.s.b.f.s.DefaultListableBeanFactory - Returning cached instance of singleton bean 'autoConfigurationReport'
23:08:28.423 [Test worker] ?[39m[DEBUG]?[0;39m o.s.b.f.s.DefaultListableBeanFactory - Returning cached instance of singleton bean 'autoConfigurationReport'
23:08:28.423 [Test worker] ?[39m[DEBUG]?[0;39m o.s.c.a.ConfigurationClassBeanDefinitionReader - Registered bean definition for imported class 'org.springframework.boot.autoconfigure.validation.ValidationAutoConfiguration'
23:08:28.424 [Test worker] ?[39m[DEBUG]?[0;39m o.s.b.f.s.DefaultListableBeanFactory - Returning cached instance of singleton bean 'org.springframework.boot.autoconfigure.condition.BeanTypeRegistry'
23:08:28.425 [Test worker] ?[39m[DEBUG]?[0;39m o.s.b.f.s.DefaultListableBeanFactory - Returning cached instance of singleton bean 'autoConfigurationReport'
23:08:28.425 [Test worker] ?[39m[DEBUG]?[0;39m o.s.c.a.ConfigurationClassBeanDefinitionReader - Registering bean definition for @Bean method org.springframework.boot.autoconfigure.validation.ValidationAutoConfiguration.jsr303Validator()
23:08:28.427 [Test worker] ?[39m[DEBUG]?[0;39m o.s.b.f.s.DefaultListableBeanFactory - Returning cached instance of singleton bean 'org.springframework.boot.autoconfigure.condition.BeanTypeRegistry'
23:08:28.428 [Test worker] ?[39m[DEBUG]?[0;39m o.s.b.f.s.DefaultListableBeanFactory - Returning cached instance of singleton bean 'autoConfigurationReport'
23:08:28.428 [Test worker] ?[39m[DEBUG]?[0;39m o.s.c.a.ConfigurationClassBeanDefinitionReader - Registering bean definition for @Bean method org.springframework.boot.autoconfigure.validation.ValidationAutoConfiguration.methodValidationPostProcessor()
23:08:28.428 [Test worker] ?[39m[DEBUG]?[0;39m o.s.b.f.s.DefaultListableBeanFactory - Returning cached instance of singleton bean 'autoConfigurationReport'
23:08:28.428 [Test worker] ?[39m[DEBUG]?[0;39m o.s.b.f.s.DefaultListableBeanFactory - Returning cached instance of singleton bean 'autoConfigurationReport'
23:08:28.429 [Test worker] ?[39m[DEBUG]?[0;39m o.s.b.f.s.DefaultListableBeanFactory - Returning cached instance of singleton bean 'autoConfigurationReport'
23:08:28.433 [Test worker] ?[39m[DEBUG]?[0;39m o.s.b.f.s.DefaultListableBeanFactory - Returning cached instance of singleton bean 'autoConfigurationReport'
23:08:28.433 [Test worker] ?[39m[DEBUG]?[0;39m o.s.c.a.ConfigurationClassBeanDefinitionReader - Registered bean definition for imported class 'org.springframework.boot.autoconfigure.web.ErrorMvcAutoConfiguration$WhitelabelErrorViewConfiguration'
23:08:28.433 [Test worker] ?[39m[DEBUG]?[0;39m o.s.b.f.s.DefaultListableBeanFactory - Returning cached instance of singleton bean 'autoConfigurationReport'
23:08:28.433 [Test worker] ?[39m[DEBUG]?[0;39m o.s.c.a.ConfigurationClassBeanDefinitionReader - Registering bean definition for @Bean method org.springframework.boot.autoconfigure.web.ErrorMvcAutoConfiguration$WhitelabelErrorViewConfiguration.error()
23:08:28.434 [Test worker] ?[39m[DEBUG]?[0;39m o.s.b.f.s.DefaultListableBeanFactory - Returning cached instance of singleton bean 'org.springframework.boot.autoconfigure.condition.BeanTypeRegistry'
23:08:28.435 [Test worker] ?[39m[DEBUG]?[0;39m o.s.b.f.s.DefaultListableBeanFactory - Returning cached instance of singleton bean 'autoConfigurationReport'
23:08:28.436 [Test worker] ?[39m[DEBUG]?[0;39m o.s.c.a.ConfigurationClassBeanDefinitionReader - Registering bean definition for @Bean method org.springframework.boot.autoconfigure.web.ErrorMvcAutoConfiguration$WhitelabelErrorViewConfiguration.beanNameViewResolver()
23:08:28.436 [Test worker] ?[39m[DEBUG]?[0;39m o.s.c.a.ConfigurationClassBeanDefinitionReader - Registered bean definition for imported class 'org.springframework.boot.autoconfigure.web.ErrorMvcAutoConfiguration$DefaultErrorViewResolverConfiguration'
23:08:28.436 [Test worker] ?[39m[DEBUG]?[0;39m o.s.b.f.s.DefaultListableBeanFactory - Returning cached instance of singleton bean 'org.springframework.boot.autoconfigure.condition.BeanTypeRegistry'
23:08:28.437 [Test worker] ?[39m[DEBUG]?[0;39m o.s.b.f.s.DefaultListableBeanFactory - Returning cached instance of singleton bean 'org.springframework.boot.autoconfigure.condition.BeanTypeRegistry'
23:08:28.438 [Test worker] ?[39m[DEBUG]?[0;39m o.s.b.f.s.DefaultListableBeanFactory - Returning cached instance of singleton bean 'autoConfigurationReport'
23:08:28.438 [Test worker] ?[39m[DEBUG]?[0;39m o.s.b.f.s.DefaultListableBeanFactory - Returning cached instance of singleton bean 'org.springframework.boot.autoconfigure.condition.BeanTypeRegistry'
23:08:28.438 [Test worker] ?[39m[DEBUG]?[0;39m o.s.b.f.s.DefaultListableBeanFactory - Returning cached instance of singleton bean 'org.springframework.boot.autoconfigure.condition.BeanTypeRegistry'
23:08:28.438 [Test worker] ?[39m[DEBUG]?[0;39m o.s.b.f.s.DefaultListableBeanFactory - Returning cached instance of singleton bean 'autoConfigurationReport'
23:08:28.439 [Test worker] ?[39m[DEBUG]?[0;39m o.s.c.a.ConfigurationClassBeanDefinitionReader - Registering bean definition for @Bean method org.springframework.boot.autoconfigure.web.ErrorMvcAutoConfiguration$DefaultErrorViewResolverConfiguration.conventionErrorViewResolver()
23:08:28.440 [Test worker] ?[39m[DEBUG]?[0;39m o.s.c.a.ConfigurationClassBeanDefinitionReader - Registered bean definition for imported class 'org.springframework.boot.autoconfigure.web.ErrorMvcAutoConfiguration'
23:08:28.440 [Test worker] ?[39m[DEBUG]?[0;39m o.s.b.f.s.DefaultListableBeanFactory - Returning cached instance of singleton bean 'org.springframework.boot.autoconfigure.condition.BeanTypeRegistry'
23:08:28.441 [Test worker] ?[39m[DEBUG]?[0;39m o.s.b.f.s.DefaultListableBeanFactory - Returning cached instance of singleton bean 'autoConfigurationReport'
23:08:28.441 [Test worker] ?[39m[DEBUG]?[0;39m o.s.c.a.ConfigurationClassBeanDefinitionReader - Registering bean definition for @Bean method org.springframework.boot.autoconfigure.web.ErrorMvcAutoConfiguration.errorAttributes()
23:08:28.441 [Test worker] ?[39m[DEBUG]?[0;39m o.s.b.f.s.DefaultListableBeanFactory - Returning cached instance of singleton bean 'org.springframework.boot.autoconfigure.condition.BeanTypeRegistry'
23:08:28.444 [Test worker] ?[39m[DEBUG]?[0;39m o.s.b.f.s.DefaultListableBeanFactory - Returning cached instance of singleton bean 'autoConfigurationReport'
23:08:28.444 [Test worker] ?[39m[DEBUG]?[0;39m o.s.c.a.ConfigurationClassBeanDefinitionReader - Registering bean definition for @Bean method org.springframework.boot.autoconfigure.web.ErrorMvcAutoConfiguration.basicErrorController()
23:08:28.444 [Test worker] ?[39m[DEBUG]?[0;39m o.s.c.a.ConfigurationClassBeanDefinitionReader - Registering bean definition for @Bean method org.springframework.boot.autoconfigure.web.ErrorMvcAutoConfiguration.errorPageCustomizer()
23:08:28.444 [Test worker] ?[39m[DEBUG]?[0;39m o.s.c.a.ConfigurationClassBeanDefinitionReader - Registering bean definition for @Bean method org.springframework.boot.autoconfigure.web.ErrorMvcAutoConfiguration.preserveErrorControllerTargetClassPostProcessor()
23:08:28.445 [Test worker] ?[39m[DEBUG]?[0;39m o.s.b.f.s.DefaultListableBeanFactory - Returning cached instance of singleton bean 'autoConfigurationReport'
23:08:28.445 [Test worker] ?[39m[DEBUG]?[0;39m o.s.b.f.s.DefaultListableBeanFactory - Returning cached instance of singleton bean 'autoConfigurationReport'
23:08:28.446 [Test worker] ?[39m[DEBUG]?[0;39m o.s.b.f.s.DefaultListableBeanFactory - Returning cached instance of singleton bean 'org.springframework.boot.autoconfigure.condition.BeanTypeRegistry'
23:08:28.446 [Test worker] ?[39m[DEBUG]?[0;39m o.s.b.f.s.DefaultListableBeanFactory - Returning cached instance of singleton bean 'autoConfigurationReport'
23:08:28.447 [Test worker] ?[39m[DEBUG]?[0;39m o.s.c.a.ConfigurationClassBeanDefinitionReader - Registered bean definition for imported class 'org.springframework.boot.autoconfigure.web.WebMvcAutoConfiguration$EnableWebMvcConfiguration'
23:08:28.447 [Test worker] ?[39m[DEBUG]?[0;39m o.s.c.a.ConfigurationClassBeanDefinitionReader - Registering bean definition for @Bean method org.springframework.boot.autoconfigure.web.WebMvcAutoConfiguration$EnableWebMvcConfiguration.requestMappingHandlerAdapter()
23:08:28.447 [Test worker] ?[39m[DEBUG]?[0;39m o.s.c.a.ConfigurationClassBeanDefinitionReader - Registering bean definition for @Bean method org.springframework.boot.autoconfigure.web.WebMvcAutoConfiguration$EnableWebMvcConfiguration.requestMappingHandlerMapping()
23:08:28.447 [Test worker] ?[39m[DEBUG]?[0;39m o.s.c.a.ConfigurationClassBeanDefinitionReader - Registering bean definition for @Bean method org.springframework.boot.autoconfigure.web.WebMvcAutoConfiguration$EnableWebMvcConfiguration.mvcValidator()
23:08:28.448 [Test worker] ?[39m[DEBUG]?[0;39m o.s.c.a.ConfigurationClassBeanDefinitionReader - Registering bean definition for @Bean method org.springframework.boot.autoconfigure.web.WebMvcAutoConfiguration$EnableWebMvcConfiguration.mvcPathMatcher()
23:08:28.448 [Test worker] ?[39m[DEBUG]?[0;39m o.s.c.a.ConfigurationClassBeanDefinitionReader - Registering bean definition for @Bean method org.springframework.boot.autoconfigure.web.WebMvcAutoConfiguration$EnableWebMvcConfiguration.mvcUrlPathHelper()
23:08:28.448 [Test worker] ?[39m[DEBUG]?[0;39m o.s.c.a.ConfigurationClassBeanDefinitionReader - Registering bean definition for @Bean method org.springframework.boot.autoconfigure.web.WebMvcAutoConfiguration$EnableWebMvcConfiguration.mvcContentNegotiationManager()
23:08:28.453 [Test worker] ?[39m[DEBUG]?[0;39m o.s.c.a.ConfigurationClassBeanDefinitionReader - Registering bean definition for @Bean method org.springframework.boot.autoconfigure.web.WebMvcAutoConfiguration$EnableWebMvcConfiguration.viewControllerHandlerMapping()
23:08:28.453 [Test worker] ?[39m[DEBUG]?[0;39m o.s.c.a.ConfigurationClassBeanDefinitionReader - Registering bean definition for @Bean method org.springframework.boot.autoconfigure.web.WebMvcAutoConfiguration$EnableWebMvcConfiguration.beanNameHandlerMapping()
23:08:28.453 [Test worker] ?[39m[DEBUG]?[0;39m o.s.c.a.ConfigurationClassBeanDefinitionReader - Registering bean definition for @Bean method org.springframework.boot.autoconfigure.web.WebMvcAutoConfiguration$EnableWebMvcConfiguration.resourceHandlerMapping()
23:08:28.453 [Test worker] ?[39m[DEBUG]?[0;39m o.s.c.a.ConfigurationClassBeanDefinitionReader - Registering bean definition for @Bean method org.springframework.boot.autoconfigure.web.WebMvcAutoConfiguration$EnableWebMvcConfiguration.mvcResourceUrlProvider()
23:08:28.454 [Test worker] ?[39m[DEBUG]?[0;39m o.s.c.a.ConfigurationClassBeanDefinitionReader - Registering bean definition for @Bean method org.springframework.boot.autoconfigure.web.WebMvcAutoConfiguration$EnableWebMvcConfiguration.defaultServletHandlerMapping()
23:08:28.454 [Test worker] ?[39m[DEBUG]?[0;39m o.s.c.a.ConfigurationClassBeanDefinitionReader - Registering bean definition for @Bean method org.springframework.boot.autoconfigure.web.WebMvcAutoConfiguration$EnableWebMvcConfiguration.mvcConversionService()
23:08:28.454 [Test worker] ?[39m[DEBUG]?[0;39m o.s.c.a.ConfigurationClassBeanDefinitionReader - Registering bean definition for @Bean method org.springframework.boot.autoconfigure.web.WebMvcAutoConfiguration$EnableWebMvcConfiguration.mvcUriComponentsContributor()
23:08:28.455 [Test worker] ?[39m[DEBUG]?[0;39m o.s.c.a.ConfigurationClassBeanDefinitionReader - Registering bean definition for @Bean method org.springframework.boot.autoconfigure.web.WebMvcAutoConfiguration$EnableWebMvcConfiguration.httpRequestHandlerAdapter()
23:08:28.455 [Test worker] ?[39m[DEBUG]?[0;39m o.s.c.a.ConfigurationClassBeanDefinitionReader - Registering bean definition for @Bean method org.springframework.boot.autoconfigure.web.WebMvcAutoConfiguration$EnableWebMvcConfiguration.simpleControllerHandlerAdapter()
23:08:28.455 [Test worker] ?[39m[DEBUG]?[0;39m o.s.c.a.ConfigurationClassBeanDefinitionReader - Registering bean definition for @Bean method org.springframework.boot.autoconfigure.web.WebMvcAutoConfiguration$EnableWebMvcConfiguration.handlerExceptionResolver()
23:08:28.455 [Test worker] ?[39m[DEBUG]?[0;39m o.s.c.a.ConfigurationClassBeanDefinitionReader - Registering bean definition for @Bean method org.springframework.boot.autoconfigure.web.WebMvcAutoConfiguration$EnableWebMvcConfiguration.mvcViewResolver()
23:08:28.455 [Test worker] ?[39m[DEBUG]?[0;39m o.s.b.f.s.DefaultListableBeanFactory - Returning cached instance of singleton bean 'autoConfigurationReport'
23:08:28.455 [Test worker] ?[39m[DEBUG]?[0;39m o.s.c.a.ConfigurationClassBeanDefinitionReader - Registered bean definition for imported class 'org.springframework.boot.autoconfigure.web.WebMvcAutoConfiguration$WebMvcAutoConfigurationAdapter$FaviconConfiguration'
23:08:28.455 [Test worker] ?[39m[DEBUG]?[0;39m o.s.c.a.ConfigurationClassBeanDefinitionReader - Registering bean definition for @Bean method org.springframework.boot.autoconfigure.web.WebMvcAutoConfiguration$WebMvcAutoConfigurationAdapter$FaviconConfiguration.faviconHandlerMapping()
23:08:28.456 [Test worker] ?[39m[DEBUG]?[0;39m o.s.c.a.ConfigurationClassBeanDefinitionReader - Registering bean definition for @Bean method org.springframework.boot.autoconfigure.web.WebMvcAutoConfiguration$WebMvcAutoConfigurationAdapter$FaviconConfiguration.faviconRequestHandler()
23:08:28.456 [Test worker] ?[39m[DEBUG]?[0;39m o.s.c.a.ConfigurationClassBeanDefinitionReader - Registered bean definition for imported class 'org.springframework.boot.autoconfigure.web.WebMvcAutoConfiguration$WebMvcAutoConfigurationAdapter'
23:08:28.458 [Test worker] ?[39m[DEBUG]?[0;39m o.s.b.f.s.DefaultListableBeanFactory - Returning cached instance of singleton bean 'org.springframework.boot.autoconfigure.condition.BeanTypeRegistry'
23:08:28.475 [Test worker] ?[39m[DEBUG]?[0;39m o.s.b.f.s.DefaultListableBeanFactory - Returning cached instance of singleton bean 'autoConfigurationReport'
23:08:28.476 [Test worker] ?[39m[DEBUG]?[0;39m o.s.c.a.ConfigurationClassBeanDefinitionReader - Registering bean definition for @Bean method org.springframework.boot.autoconfigure.web.WebMvcAutoConfiguration$WebMvcAutoConfigurationAdapter.defaultViewResolver()
23:08:28.476 [Test worker] ?[39m[DEBUG]?[0;39m o.s.b.f.s.DefaultListableBeanFactory - Returning cached instance of singleton bean 'org.springframework.boot.autoconfigure.condition.BeanTypeRegistry'
23:08:28.479 [Test worker] ?[39m[DEBUG]?[0;39m o.s.b.f.s.DefaultListableBeanFactory - Returning cached instance of singleton bean 'org.springframework.boot.autoconfigure.condition.BeanTypeRegistry'
23:08:28.479 [Test worker] ?[39m[DEBUG]?[0;39m o.s.b.f.s.DefaultListableBeanFactory - Returning cached instance of singleton bean 'autoConfigurationReport'
23:08:28.480 [Test worker] ?[39m[DEBUG]?[0;39m o.s.b.f.s.DefaultListableBeanFactory - Returning cached instance of singleton bean 'org.springframework.boot.autoconfigure.condition.BeanTypeRegistry'
23:08:28.480 [Test worker] ?[39m[DEBUG]?[0;39m o.s.b.f.s.DefaultListableBeanFactory - Returning cached instance of singleton bean 'org.springframework.boot.autoconfigure.condition.BeanTypeRegistry'
23:08:28.480 [Test worker] ?[39m[DEBUG]?[0;39m o.s.b.f.s.DefaultListableBeanFactory - Returning cached instance of singleton bean 'autoConfigurationReport'
23:08:28.480 [Test worker] ?[39m[DEBUG]?[0;39m o.s.b.f.s.DefaultListableBeanFactory - Returning cached instance of singleton bean 'org.springframework.boot.autoconfigure.condition.BeanTypeRegistry'
23:08:28.480 [Test worker] ?[39m[DEBUG]?[0;39m o.s.b.f.s.DefaultListableBeanFactory - Returning cached instance of singleton bean 'org.springframework.boot.autoconfigure.condition.BeanTypeRegistry'
23:08:28.480 [Test worker] ?[39m[DEBUG]?[0;39m o.s.b.f.s.DefaultListableBeanFactory - Returning cached instance of singleton bean 'autoConfigurationReport'
23:08:28.480 [Test worker] ?[39m[DEBUG]?[0;39m o.s.c.a.ConfigurationClassBeanDefinitionReader - Registering bean definition for @Bean method org.springframework.boot.autoconfigure.web.WebMvcAutoConfiguration$WebMvcAutoConfigurationAdapter.viewResolver()
23:08:28.481 [Test worker] ?[39m[DEBUG]?[0;39m o.s.b.f.s.DefaultListableBeanFactory - Returning cached instance of singleton bean 'autoConfigurationReport'
23:08:28.481 [Test worker] ?[39m[DEBUG]?[0;39m o.s.b.f.s.DefaultListableBeanFactory - Returning cached instance of singleton bean 'autoConfigurationReport'
23:08:28.481 [Test worker] ?[39m[DEBUG]?[0;39m o.s.c.a.ConfigurationClassBeanDefinitionReader - Registering bean definition for @Bean method org.springframework.boot.autoconfigure.web.WebMvcAutoConfiguration$WebMvcAutoConfigurationAdapter.welcomePageHandlerMapping()
23:08:28.482 [Test worker] ?[39m[DEBUG]?[0;39m o.s.b.f.s.DefaultListableBeanFactory - Returning cached instance of singleton bean 'org.springframework.boot.autoconfigure.condition.BeanTypeRegistry'
23:08:28.483 [Test worker] ?[39m[DEBUG]?[0;39m o.s.b.f.s.DefaultListableBeanFactory - Returning cached instance of singleton bean 'org.springframework.boot.autoconfigure.condition.BeanTypeRegistry'
23:08:28.483 [Test worker] ?[39m[DEBUG]?[0;39m o.s.b.f.s.DefaultListableBeanFactory - Returning cached instance of singleton bean 'autoConfigurationReport'
23:08:28.483 [Test worker] ?[39m[DEBUG]?[0;39m o.s.c.a.ConfigurationClassBeanDefinitionReader - Registering bean definition for @Bean method org.springframework.boot.autoconfigure.web.WebMvcAutoConfiguration$WebMvcAutoConfigurationAdapter.requestContextFilter()
23:08:28.483 [Test worker] ?[39m[DEBUG]?[0;39m o.s.c.a.ConfigurationClassBeanDefinitionReader - Registered bean definition for imported class 'org.springframework.boot.autoconfigure.web.WebMvcAutoConfiguration'
23:08:28.484 [Test worker] ?[39m[DEBUG]?[0;39m o.s.b.f.s.DefaultListableBeanFactory - Returning cached instance of singleton bean 'org.springframework.boot.autoconfigure.condition.BeanTypeRegistry'
23:08:28.484 [Test worker] ?[39m[DEBUG]?[0;39m o.s.b.f.s.DefaultListableBeanFactory - Returning cached instance of singleton bean 'autoConfigurationReport'
23:08:28.484 [Test worker] ?[39m[DEBUG]?[0;39m o.s.c.a.ConfigurationClassBeanDefinitionReader - Registering bean definition for @Bean method org.springframework.boot.autoconfigure.web.WebMvcAutoConfiguration.hiddenHttpMethodFilter()
23:08:28.485 [Test worker] ?[39m[DEBUG]?[0;39m o.s.b.f.s.DefaultListableBeanFactory - Returning cached instance of singleton bean 'autoConfigurationReport'
23:08:28.485 [Test worker] ?[39m[DEBUG]?[0;39m o.s.b.f.s.DefaultListableBeanFactory - Returning cached instance of singleton bean 'org.springframework.boot.autoconfigure.condition.BeanTypeRegistry'
23:08:28.487 [Test worker] ?[39m[DEBUG]?[0;39m o.s.b.f.s.DefaultListableBeanFactory - Returning cached instance of singleton bean 'autoConfigurationReport'
23:08:28.488 [Test worker] ?[39m[DEBUG]?[0;39m o.s.c.a.ConfigurationClassBeanDefinitionReader - Registering bean definition for @Bean method org.springframework.boot.autoconfigure.web.WebMvcAutoConfiguration.httpPutFormContentFilter()
23:08:28.488 [Test worker] ?[39m[DEBUG]?[0;39m o.s.b.f.s.DefaultListableBeanFactory - Returning cached instance of singleton bean 'autoConfigurationReport'
23:08:28.488 [Test worker] ?[39m[DEBUG]?[0;39m o.s.b.f.s.DefaultListableBeanFactory - Returning cached instance of singleton bean 'autoConfigurationReport'
23:08:28.489 [Test worker] ?[39m[DEBUG]?[0;39m o.s.b.f.s.DefaultListableBeanFactory - Returning cached instance of singleton bean 'autoConfigurationReport'
23:08:28.489 [Test worker] ?[39m[DEBUG]?[0;39m o.s.c.a.ConfigurationClassBeanDefinitionReader - Registered bean definition for imported class 'org.springframework.boot.autoconfigure.aop.AopAutoConfiguration$JdkDynamicAutoProxyConfiguration'
23:08:28.492 [Test worker] ?[39m[DEBUG]?[0;39m o.s.c.a.ConfigurationClassBeanDefinitionReader - Registered bean definition for imported class 'org.springframework.boot.autoconfigure.aop.AopAutoConfiguration'
23:08:28.493 [Test worker] ?[39m[DEBUG]?[0;39m o.s.b.f.s.DefaultListableBeanFactory - Returning cached instance of singleton bean 'autoConfigurationReport'
23:08:28.495 [Test worker] ?[39m[DEBUG]?[0;39m o.s.b.f.s.DefaultListableBeanFactory - Returning cached instance of singleton bean 'org.springframework.boot.autoconfigure.condition.BeanTypeRegistry'
23:08:28.496 [Test worker] ?[39m[DEBUG]?[0;39m o.s.b.f.s.DefaultListableBeanFactory - Returning cached instance of singleton bean 'autoConfigurationReport'
23:08:28.496 [Test worker] ?[39m[DEBUG]?[0;39m o.s.b.f.s.DefaultListableBeanFactory - Returning cached instance of singleton bean 'autoConfigurationReport'
23:08:28.496 [Test worker] ?[39m[DEBUG]?[0;39m o.s.c.a.ConfigurationClassBeanDefinitionReader - Registered bean definition for imported class 'org.springframework.boot.autoconfigure.cassandra.CassandraAutoConfiguration'
23:08:28.496 [Test worker] ?[39m[DEBUG]?[0;39m o.s.b.f.s.DefaultListableBeanFactory - Returning cached instance of singleton bean 'org.springframework.boot.autoconfigure.condition.BeanTypeRegistry'
23:08:28.497 [Test worker] ?[39m[DEBUG]?[0;39m o.s.b.f.s.DefaultListableBeanFactory - Returning cached instance of singleton bean 'autoConfigurationReport'
23:08:28.497 [Test worker] ?[39m[DEBUG]?[0;39m o.s.c.a.ConfigurationClassBeanDefinitionReader - Registering bean definition for @Bean method org.springframework.boot.autoconfigure.cassandra.CassandraAutoConfiguration.cluster()
23:08:28.498 [Test worker] ?[39m[DEBUG]?[0;39m o.s.c.a.ConfigurationClassBeanDefinitionReader - Registered bean definition for imported class 'org.springframework.boot.autoconfigure.context.ConfigurationPropertiesAutoConfiguration'
23:08:28.498 [Test worker] ?[39m[DEBUG]?[0;39m o.s.b.f.s.DefaultListableBeanFactory - Returning cached instance of singleton bean 'autoConfigurationReport'
23:08:28.498 [Test worker] ?[39m[DEBUG]?[0;39m o.s.b.f.s.DefaultListableBeanFactory - Returning cached instance of singleton bean 'autoConfigurationReport'
23:08:28.498 [Test worker] ?[39m[DEBUG]?[0;39m o.s.c.a.ConfigurationClassBeanDefinitionReader - Registered bean definition for imported class 'org.springframework.boot.autoconfigure.web.HttpMessageConvertersAutoConfiguration$StringHttpMessageConverterConfiguration'
23:08:28.498 [Test worker] ?[39m[DEBUG]?[0;39m o.s.b.f.s.DefaultListableBeanFactory - Returning cached instance of singleton bean 'org.springframework.boot.autoconfigure.condition.BeanTypeRegistry'
23:08:28.501 [Test worker] ?[39m[DEBUG]?[0;39m o.s.b.f.s.DefaultListableBeanFactory - Returning cached instance of singleton bean 'autoConfigurationReport'
23:08:28.501 [Test worker] ?[39m[DEBUG]?[0;39m o.s.c.a.ConfigurationClassBeanDefinitionReader - Registering bean definition for @Bean method org.springframework.boot.autoconfigure.web.HttpMessageConvertersAutoConfiguration$StringHttpMessageConverterConfiguration.stringHttpMessageConverter()
23:08:28.502 [Test worker] ?[39m[DEBUG]?[0;39m o.s.b.f.s.DefaultListableBeanFactory - Returning cached instance of singleton bean 'autoConfigurationReport'
23:08:28.502 [Test worker] ?[39m[DEBUG]?[0;39m o.s.b.f.s.DefaultListableBeanFactory - Returning cached instance of singleton bean 'autoConfigurationReport'
23:08:28.502 [Test worker] ?[39m[DEBUG]?[0;39m o.s.b.f.s.DefaultListableBeanFactory - Returning cached instance of singleton bean 'org.springframework.boot.autoconfigure.condition.BeanTypeRegistry'
23:08:28.503 [Test worker] ?[39m[DEBUG]?[0;39m o.s.b.f.s.DefaultListableBeanFactory - Returning cached instance of singleton bean 'autoConfigurationReport'
23:08:28.503 [Test worker] ?[39m[DEBUG]?[0;39m o.s.c.a.ConfigurationClassBeanDefinitionReader - Registered bean definition for imported class 'org.springframework.boot.autoconfigure.web.JacksonHttpMessageConvertersConfiguration$MappingJackson2HttpMessageConverterConfiguration'
23:08:28.503 [Test worker] ?[39m[DEBUG]?[0;39m o.s.b.f.s.DefaultListableBeanFactory - Returning cached instance of singleton bean 'org.springframework.boot.autoconfigure.condition.BeanTypeRegistry'
23:08:28.505 [Test worker] ?[39m[DEBUG]?[0;39m o.s.b.f.s.DefaultListableBeanFactory - Returning cached instance of singleton bean 'autoConfigurationReport'
23:08:28.506 [Test worker] ?[39m[DEBUG]?[0;39m o.s.c.a.ConfigurationClassBeanDefinitionReader - Registering bean definition for @Bean method org.springframework.boot.autoconfigure.web.JacksonHttpMessageConvertersConfiguration$MappingJackson2HttpMessageConverterConfiguration.mappingJackson2HttpMessageConverter()
23:08:28.508 [Test worker] ?[39m[DEBUG]?[0;39m o.s.c.a.ConfigurationClassBeanDefinitionReader - Registered bean definition for imported class 'org.springframework.boot.autoconfigure.web.JacksonHttpMessageConvertersConfiguration'
23:08:28.512 [Test worker] ?[39m[DEBUG]?[0;39m o.s.c.a.ConfigurationClassBeanDefinitionReader - Registered bean definition for imported class 'org.springframework.boot.autoconfigure.web.HttpMessageConvertersAutoConfiguration'
23:08:28.513 [Test worker] ?[39m[DEBUG]?[0;39m o.s.b.f.s.DefaultListableBeanFactory - Returning cached instance of singleton bean 'org.springframework.boot.autoconfigure.condition.BeanTypeRegistry'
23:08:28.514 [Test worker] ?[39m[DEBUG]?[0;39m o.s.b.f.s.DefaultListableBeanFactory - Returning cached instance of singleton bean 'autoConfigurationReport'
23:08:28.515 [Test worker] ?[39m[DEBUG]?[0;39m o.s.c.a.ConfigurationClassBeanDefinitionReader - Registering bean definition for @Bean method org.springframework.boot.autoconfigure.web.HttpMessageConvertersAutoConfiguration.messageConverters()
23:08:28.515 [Test worker] ?[39m[DEBUG]?[0;39m o.s.c.a.ConfigurationClassBeanDefinitionReader - Registered bean definition for imported class 'org.springframework.boot.autoconfigure.info.ProjectInfoAutoConfiguration'
23:08:28.517 [Test worker] ?[39m[DEBUG]?[0;39m o.s.b.f.s.DefaultListableBeanFactory - Returning cached instance of singleton bean 'autoConfigurationReport'
23:08:28.518 [Test worker] ?[39m[DEBUG]?[0;39m o.s.c.e.PropertySourcesPropertyResolver - Could not find key 'spring.info.build.location:classpath:META-INF/build-info.properties' in any property source
23:08:28.518 [Test worker] ?[39m[DEBUG]?[0;39m o.s.c.e.PropertySourcesPropertyResolver - Could not find key 'spring.info.build.location' in any property source
23:08:28.518 [Test worker] ?[39m[DEBUG]?[0;39m o.s.b.f.s.DefaultListableBeanFactory - Returning cached instance of singleton bean 'autoConfigurationReport'
23:08:28.519 [Test worker] ?[39m[DEBUG]?[0;39m o.s.b.f.s.DefaultListableBeanFactory - Returning cached instance of singleton bean 'autoConfigurationReport'
23:08:28.519 [Test worker] ?[39m[DEBUG]?[0;39m o.s.b.f.s.DefaultListableBeanFactory - Returning cached instance of singleton bean 'autoConfigurationReport'
23:08:28.519 [Test worker] ?[39m[DEBUG]?[0;39m o.s.c.a.ConfigurationClassBeanDefinitionReader - Registered bean definition for imported class 'org.springframework.boot.autoconfigure.thymeleaf.ThymeleafAutoConfiguration$ThymeleafResourceHandlingConfig'
23:08:28.520 [Test worker] ?[39m[DEBUG]?[0;39m o.s.b.f.s.DefaultListableBeanFactory - Returning cached instance of singleton bean 'org.springframework.boot.autoconfigure.condition.BeanTypeRegistry'
23:08:28.521 [Test worker] ?[39m[DEBUG]?[0;39m o.s.b.f.s.DefaultListableBeanFactory - Returning cached instance of singleton bean 'autoConfigurationReport'
23:08:28.522 [Test worker] ?[39m[DEBUG]?[0;39m o.s.b.f.s.DefaultListableBeanFactory - Returning cached instance of singleton bean 'autoConfigurationReport'
23:08:28.523 [Test worker] ?[39m[DEBUG]?[0;39m o.s.b.f.s.DefaultListableBeanFactory - Returning cached instance of singleton bean 'autoConfigurationReport'
23:08:28.523 [Test worker] ?[39m[DEBUG]?[0;39m o.s.c.a.ConfigurationClassBeanDefinitionReader - Registered bean definition for imported class 'org.springframework.boot.autoconfigure.thymeleaf.ThymeleafAutoConfiguration$ThymeleafWebLayoutConfiguration'
23:08:28.523 [Test worker] ?[39m[DEBUG]?[0;39m o.s.b.f.s.DefaultListableBeanFactory - Returning cached instance of singleton bean 'org.springframework.boot.autoconfigure.condition.BeanTypeRegistry'
23:08:28.526 [Test worker] ?[39m[DEBUG]?[0;39m o.s.b.f.s.DefaultListableBeanFactory - Returning cached instance of singleton bean 'autoConfigurationReport'
23:08:28.526 [Test worker] ?[39m[DEBUG]?[0;39m o.s.c.a.ConfigurationClassBeanDefinitionReader - Registering bean definition for @Bean method org.springframework.boot.autoconfigure.thymeleaf.ThymeleafAutoConfiguration$ThymeleafWebLayoutConfiguration.layoutDialect()
23:08:28.526 [Test worker] ?[39m[DEBUG]?[0;39m o.s.b.f.s.DefaultListableBeanFactory - Returning cached instance of singleton bean 'org.springframework.boot.autoconfigure.condition.BeanTypeRegistry'
23:08:28.527 [Test worker] ?[39m[DEBUG]?[0;39m o.s.b.f.s.DefaultListableBeanFactory - Returning cached instance of singleton bean 'autoConfigurationReport'
23:08:28.527 [Test worker] ?[39m[DEBUG]?[0;39m o.s.c.a.ConfigurationClassBeanDefinitionReader - Registered bean definition for imported class 'org.springframework.boot.autoconfigure.thymeleaf.ThymeleafAutoConfiguration$ThymeleafDefaultConfiguration'
23:08:28.527 [Test worker] ?[39m[DEBUG]?[0;39m o.s.c.a.ConfigurationClassBeanDefinitionReader - Registering bean definition for @Bean method org.springframework.boot.autoconfigure.thymeleaf.ThymeleafAutoConfiguration$ThymeleafDefaultConfiguration.templateEngine()
23:08:28.529 [Test worker] ?[39m[DEBUG]?[0;39m o.s.b.f.s.DefaultListableBeanFactory - Returning cached instance of singleton bean 'autoConfigurationReport'
23:08:28.529 [Test worker] ?[39m[DEBUG]?[0;39m o.s.b.f.s.DefaultListableBeanFactory - Returning cached instance of singleton bean 'autoConfigurationReport'
23:08:28.529 [Test worker] ?[39m[DEBUG]?[0;39m o.s.b.f.s.DefaultListableBeanFactory - Returning cached instance of singleton bean 'autoConfigurationReport'
23:08:28.530 [Test worker] ?[39m[DEBUG]?[0;39m o.s.c.a.ConfigurationClassBeanDefinitionReader - Registered bean definition for imported class 'org.springframework.boot.autoconfigure.thymeleaf.ThymeleafAutoConfiguration$Thymeleaf2Configuration$Thymeleaf2ViewResolverConfiguration'
23:08:28.530 [Test worker] ?[39m[DEBUG]?[0;39m o.s.b.f.s.DefaultListableBeanFactory - Returning cached instance of singleton bean 'autoConfigurationReport'
23:08:28.530 [Test worker] ?[39m[DEBUG]?[0;39m o.s.b.f.s.DefaultListableBeanFactory - Returning cached instance of singleton bean 'autoConfigurationReport'
23:08:28.530 [Test worker] ?[39m[DEBUG]?[0;39m o.s.c.a.ConfigurationClassBeanDefinitionReader - Registering bean definition for @Bean method org.springframework.boot.autoconfigure.thymeleaf.ThymeleafAutoConfiguration$Thymeleaf2Configuration$Thymeleaf2ViewResolverConfiguration.thymeleafViewResolver()
23:08:28.530 [Test worker] ?[39m[DEBUG]?[0;39m o.s.b.f.s.DefaultListableBeanFactory - Returning cached instance of singleton bean 'autoConfigurationReport'
23:08:28.531 [Test worker] ?[39m[DEBUG]?[0;39m o.s.c.a.ConfigurationClassBeanDefinitionReader - Registered bean definition for imported class 'org.springframework.boot.autoconfigure.thymeleaf.ThymeleafAutoConfiguration$Thymeleaf2Configuration$DefaultTemplateResolverConfiguration'
23:08:28.531 [Test worker] ?[39m[DEBUG]?[0;39m o.s.c.a.ConfigurationClassBeanDefinitionReader - Registering bean definition for @Bean method org.springframework.boot.autoconfigure.thymeleaf.ThymeleafAutoConfiguration$Thymeleaf2Configuration$DefaultTemplateResolverConfiguration.thymeleafResourceResolver()
23:08:28.531 [Test worker] ?[39m[DEBUG]?[0;39m o.s.c.a.ConfigurationClassBeanDefinitionReader - Registering bean definition for @Bean method org.springframework.boot.autoconfigure.thymeleaf.ThymeleafAutoConfiguration$Thymeleaf2Configuration$DefaultTemplateResolverConfiguration.defaultTemplateResolver()
23:08:28.531 [Test worker] ?[39m[DEBUG]?[0;39m o.s.c.a.ConfigurationClassBeanDefinitionReader - Registered bean definition for imported class 'org.springframework.boot.autoconfigure.thymeleaf.ThymeleafAutoConfiguration$Thymeleaf2Configuration'
23:08:28.531 [Test worker] ?[39m[DEBUG]?[0;39m o.s.c.a.ConfigurationClassBeanDefinitionReader - Registered bean definition for imported class 'org.springframework.boot.autoconfigure.thymeleaf.ThymeleafAutoConfiguration'
23:08:28.531 [Test worker] ?[39m[DEBUG]?[0;39m o.s.b.f.s.DefaultListableBeanFactory - Returning cached instance of singleton bean 'autoConfigurationReport'
23:08:28.531 [Test worker] ?[39m[DEBUG]?[0;39m o.s.b.f.s.DefaultListableBeanFactory - Returning cached instance of singleton bean 'autoConfigurationReport'
23:08:28.531 [Test worker] ?[39m[DEBUG]?[0;39m o.s.b.f.s.DefaultListableBeanFactory - Returning cached instance of singleton bean 'autoConfigurationReport'
23:08:28.531 [Test worker] ?[39m[DEBUG]?[0;39m o.s.c.a.ConfigurationClassBeanDefinitionReader - Registered bean definition for imported class 'org.springframework.boot.autoconfigure.web.HttpEncodingAutoConfiguration'
23:08:28.532 [Test worker] ?[39m[DEBUG]?[0;39m o.s.b.f.s.DefaultListableBeanFactory - Returning cached instance of singleton bean 'org.springframework.boot.autoconfigure.condition.BeanTypeRegistry'
23:08:28.537 [Test worker] ?[39m[DEBUG]?[0;39m o.s.b.f.s.DefaultListableBeanFactory - Returning cached instance of singleton bean 'autoConfigurationReport'
23:08:28.537 [Test worker] ?[39m[DEBUG]?[0;39m o.s.c.a.ConfigurationClassBeanDefinitionReader - Registering bean definition for @Bean method org.springframework.boot.autoconfigure.web.HttpEncodingAutoConfiguration.characterEncodingFilter()
23:08:28.538 [Test worker] ?[39m[DEBUG]?[0;39m o.s.c.a.ConfigurationClassBeanDefinitionReader - Registering bean definition for @Bean method org.springframework.boot.autoconfigure.web.HttpEncodingAutoConfiguration.localeCharsetMappingsCustomizer()
23:08:28.538 [Test worker] ?[39m[DEBUG]?[0;39m o.s.b.f.s.DefaultListableBeanFactory - Returning cached instance of singleton bean 'autoConfigurationReport'
23:08:28.538 [Test worker] ?[39m[DEBUG]?[0;39m o.s.b.f.s.DefaultListableBeanFactory - Returning cached instance of singleton bean 'autoConfigurationReport'
23:08:28.538 [Test worker] ?[39m[DEBUG]?[0;39m o.s.c.a.ConfigurationClassBeanDefinitionReader - Registered bean definition for imported class 'org.springframework.boot.autoconfigure.web.MultipartAutoConfiguration'
23:08:28.538 [Test worker] ?[39m[DEBUG]?[0;39m o.s.b.f.s.DefaultListableBeanFactory - Returning cached instance of singleton bean 'org.springframework.boot.autoconfigure.condition.BeanTypeRegistry'
23:08:28.539 [Test worker] ?[39m[DEBUG]?[0;39m o.s.b.f.s.DefaultListableBeanFactory - Returning cached instance of singleton bean 'autoConfigurationReport'
23:08:28.540 [Test worker] ?[39m[DEBUG]?[0;39m o.s.c.a.ConfigurationClassBeanDefinitionReader - Registering bean definition for @Bean method org.springframework.boot.autoconfigure.web.MultipartAutoConfiguration.multipartConfigElement()
23:08:28.540 [Test worker] ?[39m[DEBUG]?[0;39m o.s.b.f.s.DefaultListableBeanFactory - Returning cached instance of singleton bean 'org.springframework.boot.autoconfigure.condition.BeanTypeRegistry'
23:08:28.541 [Test worker] ?[39m[DEBUG]?[0;39m o.s.b.f.s.DefaultListableBeanFactory - Returning cached instance of singleton bean 'autoConfigurationReport'
23:08:28.541 [Test worker] ?[39m[DEBUG]?[0;39m o.s.c.a.ConfigurationClassBeanDefinitionReader - Registering bean definition for @Bean method org.springframework.boot.autoconfigure.web.MultipartAutoConfiguration.multipartResolver()
23:08:28.541 [Test worker] ?[39m[DEBUG]?[0;39m o.s.b.f.s.DefaultListableBeanFactory - Returning cached instance of singleton bean 'autoConfigurationReport'
23:08:28.541 [Test worker] ?[39m[DEBUG]?[0;39m o.s.c.a.ConfigurationClassBeanDefinitionReader - Registered bean definition for imported class 'org.springframework.boot.autoconfigure.web.ServerPropertiesAutoConfiguration'
23:08:28.542 [Test worker] ?[39m[DEBUG]?[0;39m o.s.b.f.s.DefaultListableBeanFactory - Returning cached instance of singleton bean 'org.springframework.boot.autoconfigure.condition.BeanTypeRegistry'
23:08:28.542 [Test worker] ?[39m[DEBUG]?[0;39m o.s.b.f.s.DefaultListableBeanFactory - Returning cached instance of singleton bean 'autoConfigurationReport'
23:08:28.543 [Test worker] ?[39m[DEBUG]?[0;39m o.s.c.a.ConfigurationClassBeanDefinitionReader - Registering bean definition for @Bean method org.springframework.boot.autoconfigure.web.ServerPropertiesAutoConfiguration.serverProperties()
23:08:28.543 [Test worker] ?[39m[DEBUG]?[0;39m o.s.c.a.ConfigurationClassBeanDefinitionReader - Registering bean definition for @Bean method org.springframework.boot.autoconfigure.web.ServerPropertiesAutoConfiguration.duplicateServerPropertiesDetector()
23:08:28.543 [Test worker] ?[39m[DEBUG]?[0;39m o.s.b.f.s.DefaultListableBeanFactory - Returning cached instance of singleton bean 'autoConfigurationReport'
23:08:28.543 [Test worker] ?[39m[DEBUG]?[0;39m o.s.c.a.ConfigurationClassBeanDefinitionReader - Registered bean definition for imported class 'org.springframework.boot.autoconfigure.web.WebClientAutoConfiguration$RestTemplateConfiguration'
23:08:28.545 [Test worker] ?[39m[DEBUG]?[0;39m o.s.b.f.s.DefaultListableBeanFactory - Returning cached instance of singleton bean 'org.springframework.boot.autoconfigure.condition.BeanTypeRegistry'
23:08:28.546 [Test worker] ?[39m[DEBUG]?[0;39m o.s.b.f.s.DefaultListableBeanFactory - Returning cached instance of singleton bean 'autoConfigurationReport'
23:08:28.546 [Test worker] ?[39m[DEBUG]?[0;39m o.s.c.a.ConfigurationClassBeanDefinitionReader - Registering bean definition for @Bean method org.springframework.boot.autoconfigure.web.WebClientAutoConfiguration$RestTemplateConfiguration.restTemplateBuilder()
23:08:28.546 [Test worker] ?[39m[DEBUG]?[0;39m o.s.c.a.ConfigurationClassBeanDefinitionReader - Registered bean definition for imported class 'org.springframework.boot.autoconfigure.web.WebClientAutoConfiguration'
23:08:28.611 [Test worker] ?[39m[DEBUG]?[0;39m o.s.c.a.ConfigurationClassEnhancer - Successfully enhanced com.ollee.TwitchFollowerSuggestionApplication; enhanced class name is: com.ollee.TwitchFollowerSuggestionApplication$$EnhancerBySpringCGLIB$$3e3a6308
23:08:28.611 [Test worker] ?[39m[DEBUG]?[0;39m o.s.c.a.ConfigurationClassPostProcessor - Replacing bean definition 'twitchFollowerSuggestionApplication' existing class 'com.ollee.TwitchFollowerSuggestionApplication' with enhanced class 'com.ollee.TwitchFollowerSuggestionApplication$$EnhancerBySpringCGLIB$$3e3a6308'
23:08:28.613 [Test worker] ?[39m[DEBUG]?[0;39m o.s.c.a.ConfigurationClassEnhancer - Successfully enhanced org.springframework.boot.autoconfigure.context.PropertyPlaceholderAutoConfiguration; enhanced class name is: org.springframework.boot.autoconfigure.context.PropertyPlaceholderAutoConfiguration$$EnhancerBySpringCGLIB$$31877a8d
23:08:28.613 [Test worker] ?[39m[DEBUG]?[0;39m o.s.c.a.ConfigurationClassPostProcessor - Replacing bean definition 'org.springframework.boot.autoconfigure.context.PropertyPlaceholderAutoConfiguration' existing class 'org.springframework.boot.autoconfigure.context.PropertyPlaceholderAutoConfiguration' with enhanced class 'org.springframework.boot.autoconfigure.context.PropertyPlaceholderAutoConfiguration$$EnhancerBySpringCGLIB$$31877a8d'
23:08:28.613 [Test worker] ?[39m[DEBUG]?[0;39m o.s.c.a.ConfigurationClassEnhancer - Successfully enhanced org.springframework.boot.autoconfigure.context.PropertyPlaceholderAutoConfiguration; enhanced class name is: org.springframework.boot.autoconfigure.context.PropertyPlaceholderAutoConfiguration$$EnhancerBySpringCGLIB$$31877a8d
23:08:28.613 [Test worker] ?[39m[DEBUG]?[0;39m o.s.c.a.ConfigurationClassPostProcessor - Replacing bean definition 'propertySourcesPlaceholderConfigurer' existing class 'org.springframework.boot.autoconfigure.context.PropertyPlaceholderAutoConfiguration' with enhanced class 'org.springframework.boot.autoconfigure.context.PropertyPlaceholderAutoConfiguration$$EnhancerBySpringCGLIB$$31877a8d'
23:08:28.616 [Test worker] ?[39m[DEBUG]?[0;39m o.s.c.a.ConfigurationClassEnhancer - Successfully enhanced org.springframework.boot.autoconfigure.jackson.JacksonAutoConfiguration$Jackson2ObjectMapperBuilderCustomizerConfiguration; enhanced class name is: org.springframework.boot.autoconfigure.jackson.JacksonAutoConfiguration$Jackson2ObjectMapperBuilderCustomizerConfiguration$$EnhancerBySpringCGLIB$$f9c82fed
23:08:28.616 [Test worker] ?[39m[DEBUG]?[0;39m o.s.c.a.ConfigurationClassPostProcessor - Replacing bean definition 'org.springframework.boot.autoconfigure.jackson.JacksonAutoConfiguration$Jackson2ObjectMapperBuilderCustomizerConfiguration' existing class 'org.springframework.boot.autoconfigure.jackson.JacksonAutoConfiguration$Jackson2ObjectMapperBuilderCustomizerConfiguration' with enhanced class 'org.springframework.boot.autoconfigure.jackson.JacksonAutoConfiguration$Jackson2ObjectMapperBuilderCustomizerConfiguration$$EnhancerBySpringCGLIB$$f9c82fed'
23:08:28.621 [Test worker] ?[39m[DEBUG]?[0;39m o.s.c.a.ConfigurationClassEnhancer - Successfully enhanced org.springframework.boot.autoconfigure.jackson.JacksonAutoConfiguration$JacksonObjectMapperBuilderConfiguration; enhanced class name is: org.springframework.boot.autoconfigure.jackson.JacksonAutoConfiguration$JacksonObjectMapperBuilderConfiguration$$EnhancerBySpringCGLIB$$3eb149fe
23:08:28.621 [Test worker] ?[39m[DEBUG]?[0;39m o.s.c.a.ConfigurationClassPostProcessor - Replacing bean definition 'org.springframework.boot.autoconfigure.jackson.JacksonAutoConfiguration$JacksonObjectMapperBuilderConfiguration' existing class 'org.springframework.boot.autoconfigure.jackson.JacksonAutoConfiguration$JacksonObjectMapperBuilderConfiguration' with enhanced class 'org.springframework.boot.autoconfigure.jackson.JacksonAutoConfiguration$JacksonObjectMapperBuilderConfiguration$$EnhancerBySpringCGLIB$$3eb149fe'
23:08:28.624 [Test worker] ?[39m[DEBUG]?[0;39m o.s.c.a.ConfigurationClassEnhancer - Successfully enhanced org.springframework.boot.autoconfigure.jackson.JacksonAutoConfiguration$JacksonObjectMapperConfiguration; enhanced class name is: org.springframework.boot.autoconfigure.jackson.JacksonAutoConfiguration$JacksonObjectMapperConfiguration$$EnhancerBySpringCGLIB$$8c6487e5
23:08:28.624 [Test worker] ?[39m[DEBUG]?[0;39m o.s.c.a.ConfigurationClassPostProcessor - Replacing bean definition 'org.springframework.boot.autoconfigure.jackson.JacksonAutoConfiguration$JacksonObjectMapperConfiguration' existing class 'org.springframework.boot.autoconfigure.jackson.JacksonAutoConfiguration$JacksonObjectMapperConfiguration' with enhanced class 'org.springframework.boot.autoconfigure.jackson.JacksonAutoConfiguration$JacksonObjectMapperConfiguration$$EnhancerBySpringCGLIB$$8c6487e5'
23:08:28.626 [Test worker] ?[39m[DEBUG]?[0;39m o.s.c.a.ConfigurationClassEnhancer - Successfully enhanced org.springframework.boot.autoconfigure.jackson.JacksonAutoConfiguration; enhanced class name is: org.springframework.boot.autoconfigure.jackson.JacksonAutoConfiguration$$EnhancerBySpringCGLIB$$6e702574
23:08:28.626 [Test worker] ?[39m[DEBUG]?[0;39m o.s.c.a.ConfigurationClassPostProcessor - Replacing bean definition 'org.springframework.boot.autoconfigure.jackson.JacksonAutoConfiguration' existing class 'org.springframework.boot.autoconfigure.jackson.JacksonAutoConfiguration' with enhanced class 'org.springframework.boot.autoconfigure.jackson.JacksonAutoConfiguration$$EnhancerBySpringCGLIB$$6e702574'
23:08:28.628 [Test worker] ?[39m[DEBUG]?[0;39m o.s.c.a.ConfigurationClassEnhancer - Successfully enhanced org.springframework.boot.autoconfigure.websocket.WebSocketAutoConfiguration$TomcatWebSocketConfiguration; enhanced class name is: org.springframework.boot.autoconfigure.websocket.WebSocketAutoConfiguration$TomcatWebSocketConfiguration$$EnhancerBySpringCGLIB$$5fa3887d
23:08:28.628 [Test worker] ?[39m[DEBUG]?[0;39m o.s.c.a.ConfigurationClassPostProcessor - Replacing bean definition 'org.springframework.boot.autoconfigure.websocket.WebSocketAutoConfiguration$TomcatWebSocketConfiguration' existing class 'org.springframework.boot.autoconfigure.websocket.WebSocketAutoConfiguration$TomcatWebSocketConfiguration' with enhanced class 'org.springframework.boot.autoconfigure.websocket.WebSocketAutoConfiguration$TomcatWebSocketConfiguration$$EnhancerBySpringCGLIB$$5fa3887d'
23:08:28.630 [Test worker] ?[39m[DEBUG]?[0;39m o.s.c.a.ConfigurationClassEnhancer - Successfully enhanced org.springframework.boot.autoconfigure.websocket.WebSocketAutoConfiguration; enhanced class name is: org.springframework.boot.autoconfigure.websocket.WebSocketAutoConfiguration$$EnhancerBySpringCGLIB$$43819cac
23:08:28.630 [Test worker] ?[39m[DEBUG]?[0;39m o.s.c.a.ConfigurationClassPostProcessor - Replacing bean definition 'org.springframework.boot.autoconfigure.websocket.WebSocketAutoConfiguration' existing class 'org.springframework.boot.autoconfigure.websocket.WebSocketAutoConfiguration' with enhanced class 'org.springframework.boot.autoconfigure.websocket.WebSocketAutoConfiguration$$EnhancerBySpringCGLIB$$43819cac'
23:08:28.631 [Test worker] ?[39m[DEBUG]?[0;39m o.s.c.a.ConfigurationClassEnhancer - Successfully enhanced org.springframework.boot.autoconfigure.web.EmbeddedServletContainerAutoConfiguration$EmbeddedTomcat; enhanced class name is: org.springframework.boot.autoconfigure.web.EmbeddedServletContainerAutoConfiguration$EmbeddedTomcat$$EnhancerBySpringCGLIB$$e4544b70
23:08:28.631 [Test worker] ?[39m[DEBUG]?[0;39m o.s.c.a.ConfigurationClassPostProcessor - Replacing bean definition 'org.springframework.boot.autoconfigure.web.EmbeddedServletContainerAutoConfiguration$EmbeddedTomcat' existing class 'org.springframework.boot.autoconfigure.web.EmbeddedServletContainerAutoConfiguration$EmbeddedTomcat' with enhanced class 'org.springframework.boot.autoconfigure.web.EmbeddedServletContainerAutoConfiguration$EmbeddedTomcat$$EnhancerBySpringCGLIB$$e4544b70'
23:08:28.633 [Test worker] ?[39m[DEBUG]?[0;39m o.s.c.a.ConfigurationClassEnhancer - Successfully enhanced org.springframework.boot.autoconfigure.web.EmbeddedServletContainerAutoConfiguration; enhanced class name is: org.springframework.boot.autoconfigure.web.EmbeddedServletContainerAutoConfiguration$$EnhancerBySpringCGLIB$$9d3dd894
23:08:28.633 [Test worker] ?[39m[DEBUG]?[0;39m o.s.c.a.ConfigurationClassPostProcessor - Replacing bean definition 'org.springframework.boot.autoconfigure.web.EmbeddedServletContainerAutoConfiguration' existing class 'org.springframework.boot.autoconfigure.web.EmbeddedServletContainerAutoConfiguration' with enhanced class 'org.springframework.boot.autoconfigure.web.EmbeddedServletContainerAutoConfiguration$$EnhancerBySpringCGLIB$$9d3dd894'
23:08:28.636 [Test worker] ?[39m[DEBUG]?[0;39m o.s.c.a.ConfigurationClassEnhancer - Successfully enhanced org.springframework.boot.autoconfigure.web.DispatcherServletAutoConfiguration$DispatcherServletConfiguration; enhanced class name is: org.springframework.boot.autoconfigure.web.DispatcherServletAutoConfiguration$DispatcherServletConfiguration$$EnhancerBySpringCGLIB$$d736b7a6
23:08:28.636 [Test worker] ?[39m[DEBUG]?[0;39m o.s.c.a.ConfigurationClassPostProcessor - Replacing bean definition 'org.springframework.boot.autoconfigure.web.DispatcherServletAutoConfiguration$DispatcherServletConfiguration' existing class 'org.springframework.boot.autoconfigure.web.DispatcherServletAutoConfiguration$DispatcherServletConfiguration' with enhanced class 'org.springframework.boot.autoconfigure.web.DispatcherServletAutoConfiguration$DispatcherServletConfiguration$$EnhancerBySpringCGLIB$$d736b7a6'
23:08:28.638 [Test worker] ?[39m[DEBUG]?[0;39m o.s.c.a.ConfigurationClassEnhancer - Successfully enhanced org.springframework.boot.autoconfigure.web.DispatcherServletAutoConfiguration$DispatcherServletRegistrationConfiguration; enhanced class name is: org.springframework.boot.autoconfigure.web.DispatcherServletAutoConfiguration$DispatcherServletRegistrationConfiguration$$EnhancerBySpringCGLIB$$522646cd
23:08:28.638 [Test worker] ?[39m[DEBUG]?[0;39m o.s.c.a.ConfigurationClassPostProcessor - Replacing bean definition 'org.springframework.boot.autoconfigure.web.DispatcherServletAutoConfiguration$DispatcherServletRegistrationConfiguration' existing class 'org.springframework.boot.autoconfigure.web.DispatcherServletAutoConfiguration$DispatcherServletRegistrationConfiguration' with enhanced class 'org.springframework.boot.autoconfigure.web.DispatcherServletAutoConfiguration$DispatcherServletRegistrationConfiguration$$EnhancerBySpringCGLIB$$522646cd'
23:08:28.639 [Test worker] ?[39m[DEBUG]?[0;39m o.s.c.a.ConfigurationClassEnhancer - Successfully enhanced org.springframework.boot.autoconfigure.web.DispatcherServletAutoConfiguration; enhanced class name is: org.springframework.boot.autoconfigure.web.DispatcherServletAutoConfiguration$$EnhancerBySpringCGLIB$$26454aa8
23:08:28.639 [Test worker] ?[39m[DEBUG]?[0;39m o.s.c.a.ConfigurationClassPostProcessor - Replacing bean definition 'org.springframework.boot.autoconfigure.web.DispatcherServletAutoConfiguration' existing class 'org.springframework.boot.autoconfigure.web.DispatcherServletAutoConfiguration' with enhanced class 'org.springframework.boot.autoconfigure.web.DispatcherServletAutoConfiguration$$EnhancerBySpringCGLIB$$26454aa8'
23:08:28.641 [Test worker] ?[39m[DEBUG]?[0;39m o.s.c.a.ConfigurationClassEnhancer - Successfully enhanced org.springframework.boot.autoconfigure.validation.ValidationAutoConfiguration; enhanced class name is: org.springframework.boot.autoconfigure.validation.ValidationAutoConfiguration$$EnhancerBySpringCGLIB$$a1d098de
23:08:28.641 [Test worker] ?[39m[DEBUG]?[0;39m o.s.c.a.ConfigurationClassPostProcessor - Replacing bean definition 'org.springframework.boot.autoconfigure.validation.ValidationAutoConfiguration' existing class 'org.springframework.boot.autoconfigure.validation.ValidationAutoConfiguration' with enhanced class 'org.springframework.boot.autoconfigure.validation.ValidationAutoConfiguration$$EnhancerBySpringCGLIB$$a1d098de'
23:08:28.641 [Test worker] ?[39m[DEBUG]?[0;39m o.s.c.a.ConfigurationClassEnhancer - Successfully enhanced org.springframework.boot.autoconfigure.validation.ValidationAutoConfiguration; enhanced class name is: org.springframework.boot.autoconfigure.validation.ValidationAutoConfiguration$$EnhancerBySpringCGLIB$$a1d098de
23:08:28.641 [Test worker] ?[39m[DEBUG]?[0;39m o.s.c.a.ConfigurationClassPostProcessor - Replacing bean definition 'jsr303Validator' existing class 'org.springframework.boot.autoconfigure.validation.ValidationAutoConfiguration' with enhanced class 'org.springframework.boot.autoconfigure.validation.ValidationAutoConfiguration$$EnhancerBySpringCGLIB$$a1d098de'
23:08:28.641 [Test worker] ?[39m[DEBUG]?[0;39m o.s.c.a.ConfigurationClassEnhancer - Successfully enhanced org.springframework.boot.autoconfigure.validation.ValidationAutoConfiguration; enhanced class name is: org.springframework.boot.autoconfigure.validation.ValidationAutoConfiguration$$EnhancerBySpringCGLIB$$a1d098de
23:08:28.641 [Test worker] ?[39m[DEBUG]?[0;39m o.s.c.a.ConfigurationClassPostProcessor - Replacing bean definition 'methodValidationPostProcessor' existing class 'org.springframework.boot.autoconfigure.validation.ValidationAutoConfiguration' with enhanced class 'org.springframework.boot.autoconfigure.validation.ValidationAutoConfiguration$$EnhancerBySpringCGLIB$$a1d098de'
23:08:28.643 [Test worker] ?[39m[DEBUG]?[0;39m o.s.c.a.ConfigurationClassEnhancer - Successfully enhanced org.springframework.boot.autoconfigure.web.ErrorMvcAutoConfiguration$WhitelabelErrorViewConfiguration; enhanced class name is: org.springframework.boot.autoconfigure.web.ErrorMvcAutoConfiguration$WhitelabelErrorViewConfiguration$$EnhancerBySpringCGLIB$$771879c2
23:08:28.643 [Test worker] ?[39m[DEBUG]?[0;39m o.s.c.a.ConfigurationClassPostProcessor - Replacing bean definition 'org.springframework.boot.autoconfigure.web.ErrorMvcAutoConfiguration$WhitelabelErrorViewConfiguration' existing class 'org.springframework.boot.autoconfigure.web.ErrorMvcAutoConfiguration$WhitelabelErrorViewConfiguration' with enhanced class 'org.springframework.boot.autoconfigure.web.ErrorMvcAutoConfiguration$WhitelabelErrorViewConfiguration$$EnhancerBySpringCGLIB$$771879c2'
23:08:28.645 [Test worker] ?[39m[DEBUG]?[0;39m o.s.c.a.ConfigurationClassEnhancer - Successfully enhanced org.springframework.boot.autoconfigure.web.ErrorMvcAutoConfiguration$DefaultErrorViewResolverConfiguration; enhanced class name is: org.springframework.boot.autoconfigure.web.ErrorMvcAutoConfiguration$DefaultErrorViewResolverConfiguration$$EnhancerBySpringCGLIB$$f3691ba8
23:08:28.646 [Test worker] ?[39m[DEBUG]?[0;39m o.s.c.a.ConfigurationClassPostProcessor - Replacing bean definition 'org.springframework.boot.autoconfigure.web.ErrorMvcAutoConfiguration$DefaultErrorViewResolverConfiguration' existing class 'org.springframework.boot.autoconfigure.web.ErrorMvcAutoConfiguration$DefaultErrorViewResolverConfiguration' with enhanced class 'org.springframework.boot.autoconfigure.web.ErrorMvcAutoConfiguration$DefaultErrorViewResolverConfiguration$$EnhancerBySpringCGLIB$$f3691ba8'
23:08:28.648 [Test worker] ?[39m[DEBUG]?[0;39m o.s.c.a.ConfigurationClassEnhancer - Successfully enhanced org.springframework.boot.autoconfigure.web.ErrorMvcAutoConfiguration; enhanced class name is: org.springframework.boot.autoconfigure.web.ErrorMvcAutoConfiguration$$EnhancerBySpringCGLIB$$e6cc1248
23:08:28.648 [Test worker] ?[39m[DEBUG]?[0;39m o.s.c.a.ConfigurationClassPostProcessor - Replacing bean definition 'org.springframework.boot.autoconfigure.web.ErrorMvcAutoConfiguration' existing class 'org.springframework.boot.autoconfigure.web.ErrorMvcAutoConfiguration' with enhanced class 'org.springframework.boot.autoconfigure.web.ErrorMvcAutoConfiguration$$EnhancerBySpringCGLIB$$e6cc1248'
23:08:28.648 [Test worker] ?[39m[DEBUG]?[0;39m o.s.c.a.ConfigurationClassEnhancer - Successfully enhanced org.springframework.boot.autoconfigure.web.ErrorMvcAutoConfiguration; enhanced class name is: org.springframework.boot.autoconfigure.web.ErrorMvcAutoConfiguration$$EnhancerBySpringCGLIB$$e6cc1248
23:08:28.648 [Test worker] ?[39m[DEBUG]?[0;39m o.s.c.a.ConfigurationClassPostProcessor - Replacing bean definition 'preserveErrorControllerTargetClassPostProcessor' existing class 'org.springframework.boot.autoconfigure.web.ErrorMvcAutoConfiguration' with enhanced class 'org.springframework.boot.autoconfigure.web.ErrorMvcAutoConfiguration$$EnhancerBySpringCGLIB$$e6cc1248'
23:08:28.654 [Test worker] ?[39m[DEBUG]?[0;39m o.s.c.a.ConfigurationClassEnhancer - Successfully enhanced org.springframework.boot.autoconfigure.web.WebMvcAutoConfiguration$EnableWebMvcConfiguration; enhanced class name is: org.springframework.boot.autoconfigure.web.WebMvcAutoConfiguration$EnableWebMvcConfiguration$$EnhancerBySpringCGLIB$$87feaa5d
23:08:28.655 [Test worker] ?[39m[DEBUG]?[0;39m o.s.c.a.ConfigurationClassPostProcessor - Replacing bean definition 'org.springframework.boot.autoconfigure.web.WebMvcAutoConfiguration$EnableWebMvcConfiguration' existing class 'org.springframework.boot.autoconfigure.web.WebMvcAutoConfiguration$EnableWebMvcConfiguration' with enhanced class 'org.springframework.boot.autoconfigure.web.WebMvcAutoConfiguration$EnableWebMvcConfiguration$$EnhancerBySpringCGLIB$$87feaa5d'
23:08:28.656 [Test worker] ?[39m[DEBUG]?[0;39m o.s.c.a.ConfigurationClassEnhancer - Successfully enhanced org.springframework.boot.autoconfigure.web.WebMvcAutoConfiguration$WebMvcAutoConfigurationAdapter$FaviconConfiguration; enhanced class name is: org.springframework.boot.autoconfigure.web.WebMvcAutoConfiguration$WebMvcAutoConfigurationAdapter$FaviconConfiguration$$EnhancerBySpringCGLIB$$68ee3448
23:08:28.657 [Test worker] ?[39m[DEBUG]?[0;39m o.s.c.a.ConfigurationClassPostProcessor - Replacing bean definition 'org.springframework.boot.autoconfigure.web.WebMvcAutoConfiguration$WebMvcAutoConfigurationAdapter$FaviconConfiguration' existing class 'org.springframework.boot.autoconfigure.web.WebMvcAutoConfiguration$WebMvcAutoConfigurationAdapter$FaviconConfiguration' with enhanced class 'org.springframework.boot.autoconfigure.web.WebMvcAutoConfiguration$WebMvcAutoConfigurationAdapter$FaviconConfiguration$$EnhancerBySpringCGLIB$$68ee3448'
23:08:28.660 [Test worker] ?[39m[DEBUG]?[0;39m o.s.c.a.ConfigurationClassEnhancer - Successfully enhanced org.springframework.boot.autoconfigure.web.WebMvcAutoConfiguration$WebMvcAutoConfigurationAdapter; enhanced class name is: org.springframework.boot.autoconfigure.web.WebMvcAutoConfiguration$WebMvcAutoConfigurationAdapter$$EnhancerBySpringCGLIB$$1bd45fd0
23:08:28.661 [Test worker] ?[39m[DEBUG]?[0;39m o.s.c.a.ConfigurationClassPostProcessor - Replacing bean definition 'org.springframework.boot.autoconfigure.web.WebMvcAutoConfiguration$WebMvcAutoConfigurationAdapter' existing class 'org.springframework.boot.autoconfigure.web.WebMvcAutoConfiguration$WebMvcAutoConfigurationAdapter' with enhanced class 'org.springframework.boot.autoconfigure.web.WebMvcAutoConfiguration$WebMvcAutoConfigurationAdapter$$EnhancerBySpringCGLIB$$1bd45fd0'
23:08:28.661 [Test worker] ?[39m[DEBUG]?[0;39m o.s.c.a.ConfigurationClassEnhancer - Successfully enhanced org.springframework.boot.autoconfigure.web.WebMvcAutoConfiguration$WebMvcAutoConfigurationAdapter; enhanced class name is: org.springframework.boot.autoconfigure.web.WebMvcAutoConfiguration$WebMvcAutoConfigurationAdapter$$EnhancerBySpringCGLIB$$1bd45fd0
23:08:28.661 [Test worker] ?[39m[DEBUG]?[0;39m o.s.c.a.ConfigurationClassPostProcessor - Replacing bean definition 'requestContextFilter' existing class 'org.springframework.boot.autoconfigure.web.WebMvcAutoConfiguration$WebMvcAutoConfigurationAdapter' with enhanced class 'org.springframework.boot.autoconfigure.web.WebMvcAutoConfiguration$WebMvcAutoConfigurationAdapter$$EnhancerBySpringCGLIB$$1bd45fd0'
23:08:28.663 [Test worker] ?[39m[DEBUG]?[0;39m o.s.c.a.ConfigurationClassEnhancer - Successfully enhanced org.springframework.boot.autoconfigure.web.WebMvcAutoConfiguration; enhanced class name is: org.springframework.boot.autoconfigure.web.WebMvcAutoConfiguration$$EnhancerBySpringCGLIB$$a00df194
23:08:28.663 [Test worker] ?[39m[DEBUG]?[0;39m o.s.c.a.ConfigurationClassPostProcessor - Replacing bean definition 'org.springframework.boot.autoconfigure.web.WebMvcAutoConfiguration' existing class 'org.springframework.boot.autoconfigure.web.WebMvcAutoConfiguration' with enhanced class 'org.springframework.boot.autoconfigure.web.WebMvcAutoConfiguration$$EnhancerBySpringCGLIB$$a00df194'
23:08:28.664 [Test worker] ?[39m[DEBUG]?[0;39m o.s.c.a.ConfigurationClassEnhancer - Successfully enhanced org.springframework.boot.autoconfigure.aop.AopAutoConfiguration$JdkDynamicAutoProxyConfiguration; enhanced class name is: org.springframework.boot.autoconfigure.aop.AopAutoConfiguration$JdkDynamicAutoProxyConfiguration$$EnhancerBySpringCGLIB$$c0424fc5
23:08:28.665 [Test worker] ?[39m[DEBUG]?[0;39m o.s.c.a.ConfigurationClassPostProcessor - Replacing bean definition 'org.springframework.boot.autoconfigure.aop.AopAutoConfiguration$JdkDynamicAutoProxyConfiguration' existing class 'org.springframework.boot.autoconfigure.aop.AopAutoConfiguration$JdkDynamicAutoProxyConfiguration' with enhanced class 'org.springframework.boot.autoconfigure.aop.AopAutoConfiguration$JdkDynamicAutoProxyConfiguration$$EnhancerBySpringCGLIB$$c0424fc5'
23:08:28.666 [Test worker] ?[39m[DEBUG]?[0;39m o.s.c.a.ConfigurationClassEnhancer - Successfully enhanced org.springframework.boot.autoconfigure.aop.AopAutoConfiguration; enhanced class name is: org.springframework.boot.autoconfigure.aop.AopAutoConfiguration$$EnhancerBySpringCGLIB$$7c278716
23:08:28.666 [Test worker] ?[39m[DEBUG]?[0;39m o.s.c.a.ConfigurationClassPostProcessor - Replacing bean definition 'org.springframework.boot.autoconfigure.aop.AopAutoConfiguration' existing class 'org.springframework.boot.autoconfigure.aop.AopAutoConfiguration' with enhanced class 'org.springframework.boot.autoconfigure.aop.AopAutoConfiguration$$EnhancerBySpringCGLIB$$7c278716'
23:08:28.667 [Test worker] ?[39m[DEBUG]?[0;39m o.s.c.a.ConfigurationClassEnhancer - Successfully enhanced org.springframework.boot.autoconfigure.cassandra.CassandraAutoConfiguration; enhanced class name is: org.springframework.boot.autoconfigure.cassandra.CassandraAutoConfiguration$$EnhancerBySpringCGLIB$$322aa00a
23:08:28.668 [Test worker] ?[39m[DEBUG]?[0;39m o.s.c.a.ConfigurationClassPostProcessor - Replacing bean definition 'org.springframework.boot.autoconfigure.cassandra.CassandraAutoConfiguration' existing class 'org.springframework.boot.autoconfigure.cassandra.CassandraAutoConfiguration' with enhanced class 'org.springframework.boot.autoconfigure.cassandra.CassandraAutoConfiguration$$EnhancerBySpringCGLIB$$322aa00a'
23:08:28.669 [Test worker] ?[39m[DEBUG]?[0;39m o.s.c.a.ConfigurationClassEnhancer - Successfully enhanced org.springframework.boot.autoconfigure.context.ConfigurationPropertiesAutoConfiguration; enhanced class name is: org.springframework.boot.autoconfigure.context.ConfigurationPropertiesAutoConfiguration$$EnhancerBySpringCGLIB$$205a93a2
23:08:28.669 [Test worker] ?[39m[DEBUG]?[0;39m o.s.c.a.ConfigurationClassPostProcessor - Replacing bean definition 'org.springframework.boot.autoconfigure.context.ConfigurationPropertiesAutoConfiguration' existing class 'org.springframework.boot.autoconfigure.context.ConfigurationPropertiesAutoConfiguration' with enhanced class 'org.springframework.boot.autoconfigure.context.ConfigurationPropertiesAutoConfiguration$$EnhancerBySpringCGLIB$$205a93a2'
23:08:28.671 [Test worker] ?[39m[DEBUG]?[0;39m o.s.c.a.ConfigurationClassEnhancer - Successfully enhanced org.springframework.boot.autoconfigure.web.HttpMessageConvertersAutoConfiguration$StringHttpMessageConverterConfiguration; enhanced class name is: org.springframework.boot.autoconfigure.web.HttpMessageConvertersAutoConfiguration$StringHttpMessageConverterConfiguration$$EnhancerBySpringCGLIB$$7dff3154
23:08:28.671 [Test worker] ?[39m[DEBUG]?[0;39m o.s.c.a.ConfigurationClassPostProcessor - Replacing bean definition 'org.springframework.boot.autoconfigure.web.HttpMessageConvertersAutoConfiguration$StringHttpMessageConverterConfiguration' existing class 'org.springframework.boot.autoconfigure.web.HttpMessageConvertersAutoConfiguration$StringHttpMessageConverterConfiguration' with enhanced class 'org.springframework.boot.autoconfigure.web.HttpMessageConvertersAutoConfiguration$StringHttpMessageConverterConfiguration$$EnhancerBySpringCGLIB$$7dff3154'
23:08:28.673 [Test worker] ?[39m[DEBUG]?[0;39m o.s.c.a.ConfigurationClassEnhancer - Successfully enhanced org.springframework.boot.autoconfigure.web.JacksonHttpMessageConvertersConfiguration$MappingJackson2HttpMessageConverterConfiguration; enhanced class name is: org.springframework.boot.autoconfigure.web.JacksonHttpMessageConvertersConfiguration$MappingJackson2HttpMessageConverterConfiguration$$EnhancerBySpringCGLIB$$c0d5b54
23:08:28.673 [Test worker] ?[39m[DEBUG]?[0;39m o.s.c.a.ConfigurationClassPostProcessor - Replacing bean definition 'org.springframework.boot.autoconfigure.web.JacksonHttpMessageConvertersConfiguration$MappingJackson2HttpMessageConverterConfiguration' existing class 'org.springframework.boot.autoconfigure.web.JacksonHttpMessageConvertersConfiguration$MappingJackson2HttpMessageConverterConfiguration' with enhanced class 'org.springframework.boot.autoconfigure.web.JacksonHttpMessageConvertersConfiguration$MappingJackson2HttpMessageConverterConfiguration$$EnhancerBySpringCGLIB$$c0d5b54'
23:08:28.676 [Test worker] ?[39m[DEBUG]?[0;39m o.s.c.a.ConfigurationClassEnhancer - Successfully enhanced org.springframework.boot.autoconfigure.web.JacksonHttpMessageConvertersConfiguration; enhanced class name is: org.springframework.boot.autoconfigure.web.JacksonHttpMessageConvertersConfiguration$$EnhancerBySpringCGLIB$$9efaf3ca
23:08:28.676 [Test worker] ?[39m[DEBUG]?[0;39m o.s.c.a.ConfigurationClassPostProcessor - Replacing bean definition 'org.springframework.boot.autoconfigure.web.JacksonHttpMessageConvertersConfiguration' existing class 'org.springframework.boot.autoconfigure.web.JacksonHttpMessageConvertersConfiguration' with enhanced class 'org.springframework.boot.autoconfigure.web.JacksonHttpMessageConvertersConfiguration$$EnhancerBySpringCGLIB$$9efaf3ca'
23:08:28.680 [Test worker] ?[39m[DEBUG]?[0;39m o.s.c.a.ConfigurationClassEnhancer - Successfully enhanced org.springframework.boot.autoconfigure.web.HttpMessageConvertersAutoConfiguration; enhanced class name is: org.springframework.boot.autoconfigure.web.HttpMessageConvertersAutoConfiguration$$EnhancerBySpringCGLIB$$c18926b4
23:08:28.680 [Test worker] ?[39m[DEBUG]?[0;39m o.s.c.a.ConfigurationClassPostProcessor - Replacing bean definition 'org.springframework.boot.autoconfigure.web.HttpMessageConvertersAutoConfiguration' existing class 'org.springframework.boot.autoconfigure.web.HttpMessageConvertersAutoConfiguration' with enhanced class 'org.springframework.boot.autoconfigure.web.HttpMessageConvertersAutoConfiguration$$EnhancerBySpringCGLIB$$c18926b4'
23:08:28.684 [Test worker] ?[39m[DEBUG]?[0;39m o.s.c.a.ConfigurationClassEnhancer - Successfully enhanced org.springframework.boot.autoconfigure.info.ProjectInfoAutoConfiguration; enhanced class name is: org.springframework.boot.autoconfigure.info.ProjectInfoAutoConfiguration$$EnhancerBySpringCGLIB$$6ccb156d
23:08:28.684 [Test worker] ?[39m[DEBUG]?[0;39m o.s.c.a.ConfigurationClassPostProcessor - Replacing bean definition 'org.springframework.boot.autoconfigure.info.ProjectInfoAutoConfiguration' existing class 'org.springframework.boot.autoconfigure.info.ProjectInfoAutoConfiguration' with enhanced class 'org.springframework.boot.autoconfigure.info.ProjectInfoAutoConfiguration$$EnhancerBySpringCGLIB$$6ccb156d'
23:08:28.686 [Test worker] ?[39m[DEBUG]?[0;39m o.s.c.a.ConfigurationClassEnhancer - Successfully enhanced org.springframework.boot.autoconfigure.thymeleaf.ThymeleafAutoConfiguration$ThymeleafResourceHandlingConfig; enhanced class name is: org.springframework.boot.autoconfigure.thymeleaf.ThymeleafAutoConfiguration$ThymeleafResourceHandlingConfig$$EnhancerBySpringCGLIB$$bb792a70
23:08:28.686 [Test worker] ?[39m[DEBUG]?[0;39m o.s.c.a.ConfigurationClassPostProcessor - Replacing bean definition 'org.springframework.boot.autoconfigure.thymeleaf.ThymeleafAutoConfiguration$ThymeleafResourceHandlingConfig' existing class 'org.springframework.boot.autoconfigure.thymeleaf.ThymeleafAutoConfiguration$ThymeleafResourceHandlingConfig' with enhanced class 'org.springframework.boot.autoconfigure.thymeleaf.ThymeleafAutoConfiguration$ThymeleafResourceHandlingConfig$$EnhancerBySpringCGLIB$$bb792a70'
23:08:28.687 [Test worker] ?[39m[DEBUG]?[0;39m o.s.c.a.ConfigurationClassEnhancer - Successfully enhanced org.springframework.boot.autoconfigure.thymeleaf.ThymeleafAutoConfiguration$ThymeleafWebLayoutConfiguration; enhanced class name is: org.springframework.boot.autoconfigure.thymeleaf.ThymeleafAutoConfiguration$ThymeleafWebLayoutConfiguration$$EnhancerBySpringCGLIB$$d75d2d93
23:08:28.688 [Test worker] ?[39m[DEBUG]?[0;39m o.s.c.a.ConfigurationClassPostProcessor - Replacing bean definition 'org.springframework.boot.autoconfigure.thymeleaf.ThymeleafAutoConfiguration$ThymeleafWebLayoutConfiguration' existing class 'org.springframework.boot.autoconfigure.thymeleaf.ThymeleafAutoConfiguration$ThymeleafWebLayoutConfiguration' with enhanced class 'org.springframework.boot.autoconfigure.thymeleaf.ThymeleafAutoConfiguration$ThymeleafWebLayoutConfiguration$$EnhancerBySpringCGLIB$$d75d2d93'
23:08:28.689 [Test worker] ?[39m[DEBUG]?[0;39m o.s.c.a.ConfigurationClassEnhancer - Successfully enhanced org.springframework.boot.autoconfigure.thymeleaf.ThymeleafAutoConfiguration$ThymeleafDefaultConfiguration; enhanced class name is: org.springframework.boot.autoconfigure.thymeleaf.ThymeleafAutoConfiguration$ThymeleafDefaultConfiguration$$EnhancerBySpringCGLIB$$ef994af0
23:08:28.689 [Test worker] ?[39m[DEBUG]?[0;39m o.s.c.a.ConfigurationClassPostProcessor - Replacing bean definition 'org.springframework.boot.autoconfigure.thymeleaf.ThymeleafAutoConfiguration$ThymeleafDefaultConfiguration' existing class 'org.springframework.boot.autoconfigure.thymeleaf.ThymeleafAutoConfiguration$ThymeleafDefaultConfiguration' with enhanced class 'org.springframework.boot.autoconfigure.thymeleaf.ThymeleafAutoConfiguration$ThymeleafDefaultConfiguration$$EnhancerBySpringCGLIB$$ef994af0'
23:08:28.690 [Test worker] ?[39m[DEBUG]?[0;39m o.s.c.a.ConfigurationClassEnhancer - Successfully enhanced org.springframework.boot.autoconfigure.thymeleaf.ThymeleafAutoConfiguration$Thymeleaf2Configuration$Thymeleaf2ViewResolverConfiguration; enhanced class name is: org.springframework.boot.autoconfigure.thymeleaf.ThymeleafAutoConfiguration$Thymeleaf2Configuration$Thymeleaf2ViewResolverConfiguration$$EnhancerBySpringCGLIB$$371b43ef
23:08:28.690 [Test worker] ?[39m[DEBUG]?[0;39m o.s.c.a.ConfigurationClassPostProcessor - Replacing bean definition 'org.springframework.boot.autoconfigure.thymeleaf.ThymeleafAutoConfiguration$Thymeleaf2Configuration$Thymeleaf2ViewResolverConfiguration' existing class 'org.springframework.boot.autoconfigure.thymeleaf.ThymeleafAutoConfiguration$Thymeleaf2Configuration$Thymeleaf2ViewResolverConfiguration' with enhanced class 'org.springframework.boot.autoconfigure.thymeleaf.ThymeleafAutoConfiguration$Thymeleaf2Configuration$Thymeleaf2ViewResolverConfiguration$$EnhancerBySpringCGLIB$$371b43ef'
23:08:28.692 [Test worker] ?[39m[DEBUG]?[0;39m o.s.c.a.ConfigurationClassEnhancer - Successfully enhanced org.springframework.boot.autoconfigure.thymeleaf.ThymeleafAutoConfiguration$Thymeleaf2Configuration$DefaultTemplateResolverConfiguration; enhanced class name is: org.springframework.boot.autoconfigure.thymeleaf.ThymeleafAutoConfiguration$Thymeleaf2Configuration$DefaultTemplateResolverConfiguration$$EnhancerBySpringCGLIB$$c099922c
23:08:28.692 [Test worker] ?[39m[DEBUG]?[0;39m o.s.c.a.ConfigurationClassPostProcessor - Replacing bean definition 'org.springframework.boot.autoconfigure.thymeleaf.ThymeleafAutoConfiguration$Thymeleaf2Configuration$DefaultTemplateResolverConfiguration' existing class 'org.springframework.boot.autoconfigure.thymeleaf.ThymeleafAutoConfiguration$Thymeleaf2Configuration$DefaultTemplateResolverConfiguration' with enhanced class 'org.springframework.boot.autoconfigure.thymeleaf.ThymeleafAutoConfiguration$Thymeleaf2Configuration$DefaultTemplateResolverConfiguration$$EnhancerBySpringCGLIB$$c099922c'
23:08:28.693 [Test worker] ?[39m[DEBUG]?[0;39m o.s.c.a.ConfigurationClassEnhancer - Successfully enhanced org.springframework.boot.autoconfigure.thymeleaf.ThymeleafAutoConfiguration$Thymeleaf2Configuration; enhanced class name is: org.springframework.boot.autoconfigure.thymeleaf.ThymeleafAutoConfiguration$Thymeleaf2Configuration$$EnhancerBySpringCGLIB$$d08d34df
23:08:28.693 [Test worker] ?[39m[DEBUG]?[0;39m o.s.c.a.ConfigurationClassPostProcessor - Replacing bean definition 'org.springframework.boot.autoconfigure.thymeleaf.ThymeleafAutoConfiguration$Thymeleaf2Configuration' existing class 'org.springframework.boot.autoconfigure.thymeleaf.ThymeleafAutoConfiguration$Thymeleaf2Configuration' with enhanced class 'org.springframework.boot.autoconfigure.thymeleaf.ThymeleafAutoConfiguration$Thymeleaf2Configuration$$EnhancerBySpringCGLIB$$d08d34df'
23:08:28.694 [Test worker] ?[39m[DEBUG]?[0;39m o.s.c.a.ConfigurationClassEnhancer - Successfully enhanced org.springframework.boot.autoconfigure.thymeleaf.ThymeleafAutoConfiguration; enhanced class name is: org.springframework.boot.autoconfigure.thymeleaf.ThymeleafAutoConfiguration$$EnhancerBySpringCGLIB$$1a7ca5e4
23:08:28.695 [Test worker] ?[39m[DEBUG]?[0;39m o.s.c.a.ConfigurationClassPostProcessor - Replacing bean definition 'org.springframework.boot.autoconfigure.thymeleaf.ThymeleafAutoConfiguration' existing class 'org.springframework.boot.autoconfigure.thymeleaf.ThymeleafAutoConfiguration' with enhanced class 'org.springframework.boot.autoconfigure.thymeleaf.ThymeleafAutoConfiguration$$EnhancerBySpringCGLIB$$1a7ca5e4'
23:08:28.696 [Test worker] ?[39m[DEBUG]?[0;39m o.s.c.a.ConfigurationClassEnhancer - Successfully enhanced org.springframework.boot.autoconfigure.web.HttpEncodingAutoConfiguration; enhanced class name is: org.springframework.boot.autoconfigure.web.HttpEncodingAutoConfiguration$$EnhancerBySpringCGLIB$$7bd6eff
23:08:28.697 [Test worker] ?[39m[DEBUG]?[0;39m o.s.c.a.ConfigurationClassPostProcessor - Replacing bean definition 'org.springframework.boot.autoconfigure.web.HttpEncodingAutoConfiguration' existing class 'org.springframework.boot.autoconfigure.web.HttpEncodingAutoConfiguration' with enhanced class 'org.springframework.boot.autoconfigure.web.HttpEncodingAutoConfiguration$$EnhancerBySpringCGLIB$$7bd6eff'
23:08:28.698 [Test worker] ?[39m[DEBUG]?[0;39m o.s.c.a.ConfigurationClassEnhancer - Successfully enhanced org.springframework.boot.autoconfigure.web.MultipartAutoConfiguration; enhanced class name is: org.springframework.boot.autoconfigure.web.MultipartAutoConfiguration$$EnhancerBySpringCGLIB$$eb7ebb9a
23:08:28.698 [Test worker] ?[39m[DEBUG]?[0;39m o.s.c.a.ConfigurationClassPostProcessor - Replacing bean definition 'org.springframework.boot.autoconfigure.web.MultipartAutoConfiguration' existing class 'org.springframework.boot.autoconfigure.web.MultipartAutoConfiguration' with enhanced class 'org.springframework.boot.autoconfigure.web.MultipartAutoConfiguration$$EnhancerBySpringCGLIB$$eb7ebb9a'
23:08:28.699 [Test worker] ?[39m[DEBUG]?[0;39m o.s.c.a.ConfigurationClassEnhancer - Successfully enhanced org.springframework.boot.autoconfigure.web.ServerPropertiesAutoConfiguration; enhanced class name is: org.springframework.boot.autoconfigure.web.ServerPropertiesAutoConfiguration$$EnhancerBySpringCGLIB$$e7268424
23:08:28.700 [Test worker] ?[39m[DEBUG]?[0;39m o.s.c.a.ConfigurationClassPostProcessor - Replacing bean definition 'org.springframework.boot.autoconfigure.web.ServerPropertiesAutoConfiguration' existing class 'org.springframework.boot.autoconfigure.web.ServerPropertiesAutoConfiguration' with enhanced class 'org.springframework.boot.autoconfigure.web.ServerPropertiesAutoConfiguration$$EnhancerBySpringCGLIB$$e7268424'
23:08:28.701 [Test worker] ?[39m[DEBUG]?[0;39m o.s.c.a.ConfigurationClassEnhancer - Successfully enhanced org.springframework.boot.autoconfigure.web.WebClientAutoConfiguration$RestTemplateConfiguration; enhanced class name is: org.springframework.boot.autoconfigure.web.WebClientAutoConfiguration$RestTemplateConfiguration$$EnhancerBySpringCGLIB$$38007f6b
23:08:28.701 [Test worker] ?[39m[DEBUG]?[0;39m o.s.c.a.ConfigurationClassPostProcessor - Replacing bean definition 'org.springframework.boot.autoconfigure.web.WebClientAutoConfiguration$RestTemplateConfiguration' existing class 'org.springframework.boot.autoconfigure.web.WebClientAutoConfiguration$RestTemplateConfiguration' with enhanced class 'org.springframework.boot.autoconfigure.web.WebClientAutoConfiguration$RestTemplateConfiguration$$EnhancerBySpringCGLIB$$38007f6b'
23:08:28.702 [Test worker] ?[39m[DEBUG]?[0;39m o.s.c.a.ConfigurationClassEnhancer - Successfully enhanced org.springframework.boot.autoconfigure.web.WebClientAutoConfiguration; enhanced class name is: org.springframework.boot.autoconfigure.web.WebClientAutoConfiguration$$EnhancerBySpringCGLIB$$41702d07
23:08:28.702 [Test worker] ?[39m[DEBUG]?[0;39m o.s.c.a.ConfigurationClassPostProcessor - Replacing bean definition 'org.springframework.boot.autoconfigure.web.WebClientAutoConfiguration' existing class 'org.springframework.boot.autoconfigure.web.WebClientAutoConfiguration' with enhanced class 'org.springframework.boot.autoconfigure.web.WebClientAutoConfiguration$$EnhancerBySpringCGLIB$$41702d07'
23:08:28.703 [Test worker] ?[39m[DEBUG]?[0;39m o.s.c.e.StandardEnvironment - Removing [applicationConfigurationProperties] PropertySource
23:08:28.703 [Test worker] ?[39m[DEBUG]?[0;39m o.s.c.e.StandardEnvironment - Removing [defaultProperties] PropertySource
23:08:28.703 [Test worker] ?[39m[DEBUG]?[0;39m o.s.b.f.s.DefaultListableBeanFactory - Creating shared instance of singleton bean 'propertySourcesPlaceholderConfigurer'
23:08:28.703 [Test worker] ?[39m[DEBUG]?[0;39m o.s.b.f.s.DefaultListableBeanFactory - Creating instance of bean 'propertySourcesPlaceholderConfigurer'
23:08:28.706 [Test worker] ?[39m[DEBUG]?[0;39m o.s.b.f.s.DefaultListableBeanFactory - Eagerly caching bean 'propertySourcesPlaceholderConfigurer' to allow for resolving potential circular references
23:08:28.712 [Test worker] ?[39m[DEBUG]?[0;39m o.s.b.f.s.DefaultListableBeanFactory - Finished creating instance of bean 'propertySourcesPlaceholderConfigurer'
23:08:28.713 [Test worker] ?[39m[DEBUG]?[0;39m o.s.c.e.MutablePropertySources - Adding [environmentProperties] PropertySource with lowest search precedence
23:08:28.713 [Test worker] ?[39m[DEBUG]?[0;39m o.s.c.e.MutablePropertySources - Adding [localProperties] PropertySource with lowest search precedence
23:08:28.715 [Test worker] ?[39m[DEBUG]?[0;39m o.s.b.f.s.DefaultListableBeanFactory - Creating shared instance of singleton bean 'org.springframework.boot.test.mock.mockito.MockitoPostProcessor'
23:08:28.715 [Test worker] ?[39m[DEBUG]?[0;39m o.s.b.f.s.DefaultListableBeanFactory - Creating instance of bean 'org.springframework.boot.test.mock.mockito.MockitoPostProcessor'
23:08:28.719 [Test worker] ?[39m[DEBUG]?[0;39m o.s.b.f.s.DefaultListableBeanFactory - Eagerly caching bean 'org.springframework.boot.test.mock.mockito.MockitoPostProcessor' to allow for resolving potential circular references
23:08:28.725 [Test worker] ?[39m[DEBUG]?[0;39m o.s.b.f.s.DefaultListableBeanFactory - Finished creating instance of bean 'org.springframework.boot.test.mock.mockito.MockitoPostProcessor'
23:08:28.739 [Test worker] ?[39m[DEBUG]?[0;39m o.s.b.f.s.DefaultListableBeanFactory - Creating shared instance of singleton bean 'org.springframework.boot.context.properties.ConfigurationPropertiesBindingPostProcessor.store'
23:08:28.739 [Test worker] ?[39m[DEBUG]?[0;39m o.s.b.f.s.DefaultListableBeanFactory - Creating instance of bean 'org.springframework.boot.context.properties.ConfigurationPropertiesBindingPostProcessor.store'
23:08:28.740 [Test worker] ?[39m[DEBUG]?[0;39m o.s.b.f.s.DefaultListableBeanFactory - Eagerly caching bean 'org.springframework.boot.context.properties.ConfigurationPropertiesBindingPostProcessor.store' to allow for resolving potential circular references
23:08:28.742 [Test worker] ?[39m[DEBUG]?[0;39m o.s.b.f.s.DefaultListableBeanFactory - Finished creating instance of bean 'org.springframework.boot.context.properties.ConfigurationPropertiesBindingPostProcessor.store'
23:08:28.742 [Test worker] ?[39m[DEBUG]?[0;39m o.s.b.f.s.DefaultListableBeanFactory - Creating shared instance of singleton bean 'preserveErrorControllerTargetClassPostProcessor'
23:08:28.742 [Test worker] ?[39m[DEBUG]?[0;39m o.s.b.f.s.DefaultListableBeanFactory - Creating instance of bean 'preserveErrorControllerTargetClassPostProcessor'
23:08:28.743 [Test worker] ?[39m[DEBUG]?[0;39m o.s.b.f.s.DefaultListableBeanFactory - Eagerly caching bean 'preserveErrorControllerTargetClassPostProcessor' to allow for resolving potential circular references
23:08:28.746 [Test worker] ?[39m[DEBUG]?[0;39m o.s.b.f.s.DefaultListableBeanFactory - Finished creating instance of bean 'preserveErrorControllerTargetClassPostProcessor'
23:08:28.754 [Test worker] ?[39m[DEBUG]?[0;39m o.s.b.f.s.DefaultListableBeanFactory - Creating shared instance of singleton bean 'org.springframework.boot.test.mock.mockito.MockitoPostProcessor$SpyPostProcessor'
23:08:28.754 [Test worker] ?[39m[DEBUG]?[0;39m o.s.b.f.s.DefaultListableBeanFactory - Creating instance of bean 'org.springframework.boot.test.mock.mockito.MockitoPostProcessor$SpyPostProcessor'
23:08:28.754 [Test worker] ?[39m[DEBUG]?[0;39m o.s.b.f.s.DefaultListableBeanFactory - Returning cached instance of singleton bean 'org.springframework.boot.test.mock.mockito.MockitoPostProcessor'
23:08:28.758 [Test worker] ?[39m[DEBUG]?[0;39m o.s.b.f.s.DefaultListableBeanFactory - Eagerly caching bean 'org.springframework.boot.test.mock.mockito.MockitoPostProcessor$SpyPostProcessor' to allow for resolving potential circular references
23:08:28.761 [Test worker] ?[39m[DEBUG]?[0;39m o.s.b.f.s.DefaultListableBeanFactory - Finished creating instance of bean 'org.springframework.boot.test.mock.mockito.MockitoPostProcessor$SpyPostProcessor'
23:08:28.761 [Test worker] ?[39m[DEBUG]?[0;39m o.s.b.f.s.DefaultListableBeanFactory - Creating shared instance of singleton bean 'org.springframework.context.annotation.internalAutowiredAnnotationProcessor'
23:08:28.762 [Test worker] ?[39m[DEBUG]?[0;39m o.s.b.f.s.DefaultListableBeanFactory - Creating instance of bean 'org.springframework.context.annotation.internalAutowiredAnnotationProcessor'
23:08:28.762 [Test worker] ?[39m[DEBUG]?[0;39m o.s.b.f.s.DefaultListableBeanFactory - Eagerly caching bean 'org.springframework.context.annotation.internalAutowiredAnnotationProcessor' to allow for resolving potential circular references
23:08:28.767 [Test worker] ?[39m[DEBUG]?[0;39m o.s.b.f.s.DefaultListableBeanFactory - Finished creating instance of bean 'org.springframework.context.annotation.internalAutowiredAnnotationProcessor'
23:08:28.768 [Test worker] ?[39m[DEBUG]?[0;39m o.s.b.f.s.DefaultListableBeanFactory - Creating shared instance of singleton bean 'org.springframework.context.annotation.internalRequiredAnnotationProcessor'
23:08:28.768 [Test worker] ?[39m[DEBUG]?[0;39m o.s.b.f.s.DefaultListableBeanFactory - Creating instance of bean 'org.springframework.context.annotation.internalRequiredAnnotationProcessor'
23:08:28.769 [Test worker] ?[39m[DEBUG]?[0;39m o.s.b.f.s.DefaultListableBeanFactory - Eagerly caching bean 'org.springframework.context.annotation.internalRequiredAnnotationProcessor' to allow for resolving potential circular references
23:08:28.774 [Test worker] ?[39m[DEBUG]?[0;39m o.s.b.f.s.DefaultListableBeanFactory - Finished creating instance of bean 'org.springframework.context.annotation.internalRequiredAnnotationProcessor'
23:08:28.774 [Test worker] ?[39m[DEBUG]?[0;39m o.s.b.f.s.DefaultListableBeanFactory - Creating shared instance of singleton bean 'org.springframework.context.annotation.internalCommonAnnotationProcessor'
23:08:28.774 [Test worker] ?[39m[DEBUG]?[0;39m o.s.b.f.s.DefaultListableBeanFactory - Creating instance of bean 'org.springframework.context.annotation.internalCommonAnnotationProcessor'
23:08:28.778 [Test worker] ?[39m[DEBUG]?[0;39m o.s.b.f.s.DefaultListableBeanFactory - Eagerly caching bean 'org.springframework.context.annotation.internalCommonAnnotationProcessor' to allow for resolving potential circular references
23:08:28.785 [Test worker] ?[39m[DEBUG]?[0;39m o.s.b.f.s.DefaultListableBeanFactory - Finished creating instance of bean 'org.springframework.context.annotation.internalCommonAnnotationProcessor'
23:08:28.786 [Test worker] ?[39m[DEBUG]?[0;39m o.s.b.f.s.DefaultListableBeanFactory - Creating shared instance of singleton bean 'org.springframework.boot.context.properties.ConfigurationPropertiesBindingPostProcessor'
23:08:28.786 [Test worker] ?[39m[DEBUG]?[0;39m o.s.b.f.s.DefaultListableBeanFactory - Creating instance of bean 'org.springframework.boot.context.properties.ConfigurationPropertiesBindingPostProcessor'
23:08:28.786 [Test worker] ?[39m[DEBUG]?[0;39m o.s.c.e.StandardEnvironment - Adding [systemProperties] PropertySource with lowest search precedence
23:08:28.787 [Test worker] ?[39m[DEBUG]?[0;39m o.s.c.e.StandardEnvironment - Adding [systemEnvironment] PropertySource with lowest search precedence
23:08:28.787 [Test worker] ?[39m[DEBUG]?[0;39m o.s.c.e.StandardEnvironment - Initialized StandardEnvironment with PropertySources [systemProperties,systemEnvironment]
23:08:28.787 [Test worker] ?[39m[DEBUG]?[0;39m o.s.b.f.s.DefaultListableBeanFactory - Eagerly caching bean 'org.springframework.boot.context.properties.ConfigurationPropertiesBindingPostProcessor' to allow for resolving potential circular references
23:08:28.795 [Test worker] ?[39m[DEBUG]?[0;39m o.s.b.f.s.DefaultListableBeanFactory - Returning cached instance of singleton bean 'org.springframework.boot.context.properties.ConfigurationPropertiesBindingPostProcessor.store'
23:08:28.795 [Test worker] ?[39m[DEBUG]?[0;39m o.s.b.f.s.DefaultListableBeanFactory - Invoking afterPropertiesSet() on bean with name 'org.springframework.boot.context.properties.ConfigurationPropertiesBindingPostProcessor'
23:08:28.796 [Test worker] ?[39m[DEBUG]?[0;39m o.s.b.f.s.DefaultListableBeanFactory - Returning cached instance of singleton bean 'propertySourcesPlaceholderConfigurer'
23:08:28.798 [Test worker] ?[39m[DEBUG]?[0;39m o.s.b.f.s.DefaultListableBeanFactory - Finished creating instance of bean 'org.springframework.boot.context.properties.ConfigurationPropertiesBindingPostProcessor'
23:08:28.798 [Test worker] ?[39m[DEBUG]?[0;39m o.s.b.f.s.DefaultListableBeanFactory - Returning cached instance of singleton bean 'org.springframework.boot.test.mock.mockito.MockitoPostProcessor'
23:08:28.799 [Test worker] ?[39m[DEBUG]?[0;39m o.s.b.f.s.DefaultListableBeanFactory - Creating shared instance of singleton bean 'methodValidationPostProcessor'
23:08:28.799 [Test worker] ?[39m[DEBUG]?[0;39m o.s.b.f.s.DefaultListableBeanFactory - Creating instance of bean 'methodValidationPostProcessor'
23:08:28.802 [Test worker] ?[39m[DEBUG]?[0;39m o.s.b.f.s.DefaultListableBeanFactory - Creating shared instance of singleton bean 'jsr303Validator'
23:08:28.802 [Test worker] ?[39m[DEBUG]?[0;39m o.s.b.f.s.DefaultListableBeanFactory - Creating instance of bean 'jsr303Validator'
23:08:28.806 [Test worker] ?[39m[DEBUG]?[0;39m o.h.v.i.e.r.DefaultTraversableResolver - Found javax.persistence.Persistence on classpath, but no method 'getPersistenceUtil'. Assuming JPA 1 environment. All properties will per default be traversable.
23:08:28.821 [Test worker] ?[39m[DEBUG]?[0;39m o.s.b.f.s.DefaultListableBeanFactory - Eagerly caching bean 'jsr303Validator' to allow for resolving potential circular references
23:08:28.829 [Test worker] ?[39m[DEBUG]?[0;39m o.s.b.f.s.DefaultListableBeanFactory - Invoking afterPropertiesSet() on bean with name 'jsr303Validator'
23:08:28.829 [Test worker] ?[39m[DEBUG]?[0;39m o.h.v.i.e.r.DefaultTraversableResolver - Found javax.persistence.Persistence on classpath, but no method 'getPersistenceUtil'. Assuming JPA 1 environment. All properties will per default be traversable.
23:08:28.834 [Test worker] ?[39m[DEBUG]?[0;39m o.h.v.i.e.ConfigurationImpl - Setting custom MessageInterpolator of type org.springframework.validation.beanvalidation.LocaleContextMessageInterpolator
23:08:28.834 [Test worker] ?[39m[DEBUG]?[0;39m o.h.v.i.e.ConfigurationImpl - Setting custom ConstraintValidatorFactory of type org.springframework.validation.beanvalidation.SpringConstraintValidatorFactory
23:08:28.835 [Test worker] ?[39m[DEBUG]?[0;39m o.h.v.i.e.ConfigurationImpl - Setting custom ParameterNameProvider of type com.sun.proxy.$Proxy65
23:08:28.837 [Test worker] ?[39m[DEBUG]?[0;39m o.h.v.i.x.ValidationXmlParser - Trying to load META-INF/validation.xml for XML based Validator configuration.
23:08:28.839 [Test worker] ?[39m[DEBUG]?[0;39m o.h.v.i.x.ResourceLoaderHelper - Trying to load META-INF/validation.xml via user class loader
23:08:28.840 [Test worker] ?[39m[DEBUG]?[0;39m o.h.v.i.x.ResourceLoaderHelper - Trying to load META-INF/validation.xml via TCCL
23:08:28.840 [Test worker] ?[39m[DEBUG]?[0;39m o.h.v.i.x.ResourceLoaderHelper - Trying to load META-INF/validation.xml via Hibernate Validator's class loader
23:08:28.841 [Test worker] ?[39m[DEBUG]?[0;39m o.h.v.i.x.ValidationXmlParser - No META-INF/validation.xml found. Using annotation based configuration only.
23:08:28.906 [Test worker] ?[39m[DEBUG]?[0;39m o.s.b.f.s.DefaultListableBeanFactory - Finished creating instance of bean 'jsr303Validator'
23:08:28.906 [Test worker] ?[39m[DEBUG]?[0;39m o.s.b.f.s.DefaultListableBeanFactory - Autowiring by type from bean name 'methodValidationPostProcessor' via factory method to bean named 'jsr303Validator'
23:08:28.910 [Test worker] ?[39m[DEBUG]?[0;39m o.s.b.f.s.DefaultListableBeanFactory - Eagerly caching bean 'methodValidationPostProcessor' to allow for resolving potential circular references
23:08:28.919 [Test worker] ?[39m[DEBUG]?[0;39m o.s.b.f.s.DefaultListableBeanFactory - Invoking afterPropertiesSet() on bean with name 'methodValidationPostProcessor'
23:08:28.923 [Test worker] ?[39m[DEBUG]?[0;39m o.s.b.f.s.DefaultListableBeanFactory - Finished creating instance of bean 'methodValidationPostProcessor'
23:08:28.924 [Test worker] ?[39m[DEBUG]?[0;39m o.s.b.f.s.DefaultListableBeanFactory - Creating shared instance of singleton bean 'org.springframework.aop.config.internalAutoProxyCreator'
23:08:28.924 [Test worker] ?[39m[DEBUG]?[0;39m o.s.b.f.s.DefaultListableBeanFactory - Creating instance of bean 'org.springframework.aop.config.internalAutoProxyCreator'
23:08:28.929 [Test worker] ?[39m[DEBUG]?[0;39m o.s.b.f.s.DefaultListableBeanFactory - Eagerly caching bean 'org.springframework.aop.config.internalAutoProxyCreator' to allow for resolving potential circular references
23:08:28.946 [Test worker] ?[39m[DEBUG]?[0;39m o.s.b.f.s.DefaultListableBeanFactory - Finished creating instance of bean 'org.springframework.aop.config.internalAutoProxyCreator'
23:08:28.947 [Test worker] ?[39m[DEBUG]?[0;39m o.s.b.f.s.DefaultListableBeanFactory - Creating shared instance of singleton bean 'embeddedServletContainerCustomizerBeanPostProcessor'
23:08:28.947 [Test worker] ?[39m[DEBUG]?[0;39m o.s.b.f.s.DefaultListableBeanFactory - Creating instance of bean 'embeddedServletContainerCustomizerBeanPostProcessor'
23:08:28.950 [Test worker] ?[39m[DEBUG]?[0;39m o.s.b.f.s.DefaultListableBeanFactory - Eagerly caching bean 'embeddedServletContainerCustomizerBeanPostProcessor' to allow for resolving potential circular references
23:08:28.953 [Test worker] ?[39m[DEBUG]?[0;39m o.s.b.f.s.DefaultListableBeanFactory - Finished creating instance of bean 'embeddedServletContainerCustomizerBeanPostProcessor'
23:08:28.953 [Test worker] ?[39m[DEBUG]?[0;39m o.s.b.f.s.DefaultListableBeanFactory - Creating shared instance of singleton bean 'errorPageRegistrarBeanPostProcessor'
23:08:28.953 [Test worker] ?[39m[DEBUG]?[0;39m o.s.b.f.s.DefaultListableBeanFactory - Creating instance of bean 'errorPageRegistrarBeanPostProcessor'
23:08:28.954 [Test worker] ?[39m[DEBUG]?[0;39m o.s.b.f.s.DefaultListableBeanFactory - Eagerly caching bean 'errorPageRegistrarBeanPostProcessor' to allow for resolving potential circular references
23:08:28.956 [Test worker] ?[39m[DEBUG]?[0;39m o.s.b.f.s.DefaultListableBeanFactory - Finished creating instance of bean 'errorPageRegistrarBeanPostProcessor'
23:08:28.956 [Test worker] ?[39m[DEBUG]?[0;39m o.s.b.f.s.DefaultListableBeanFactory - Returning cached instance of singleton bean 'org.springframework.boot.test.autoconfigure.properties.PropertyMappingContextCustomizer$PropertyMappingCheckBeanPostProcessor'
23:08:28.958 [Test worker] ?[39m[DEBUG]?[0;39m o.s.w.c.s.GenericWebApplicationContext - Unable to locate MessageSource with name 'messageSource': using default [org.springframework.context.support.DelegatingMessageSource@47a79b60]
23:08:28.959 [Test worker] ?[39m[DEBUG]?[0;39m o.s.w.c.s.GenericWebApplicationContext - Unable to locate ApplicationEventMulticaster with name 'applicationEventMulticaster': using default [org.springframework.context.event.SimpleApplicationEventMulticaster@139a7afb]
23:08:28.960 [Test worker] ?[39m[DEBUG]?[0;39m o.s.u.c.s.UiApplicationContextUtils - Unable to locate ThemeSource with name 'themeSource': using default [org.springframework.ui.context.support.ResourceBundleThemeSource@70411f32]
23:08:28.962 [Test worker] ?[39m[DEBUG]?[0;39m o.s.b.f.s.DefaultListableBeanFactory - Pre-instantiating singletons in org.springframework.beans.factory.support.DefaultListableBeanFactory@3e028640: defining beans [org.springframework.boot.test.mock.mockito.MockitoPostProcessor$SpyPostProcessor,org.springframework.boot.test.mock.mockito.MockitoPostProcessor,org.springframework.context.annotation.internalConfigurationAnnotationProcessor,org.springframework.context.annotation.internalAutowiredAnnotationProcessor,org.springframework.context.annotation.internalRequiredAnnotationProcessor,org.springframework.context.annotation.internalCommonAnnotationProcessor,org.springframework.context.event.internalEventListenerProcessor,org.springframework.context.event.internalEventListenerFactory,twitchFollowerSuggestionApplication,org.springframework.boot.autoconfigure.internalCachingMetadataReaderFactory,loginController,org.springframework.boot.autoconfigure.AutoConfigurationPackages,org.springframework.boot.autoconfigure.context.PropertyPlaceholderAutoConfiguration,org.springframework.boot.autoconfigure.condition.BeanTypeRegistry,propertySourcesPlaceholderConfigurer,org.springframework.boot.autoconfigure.jackson.JacksonAutoConfiguration$Jackson2ObjectMapperBuilderCustomizerConfiguration,standardJacksonObjectMapperBuilderCustomizer,spring.jackson-org.springframework.boot.autoconfigure.jackson.JacksonProperties,org.springframework.boot.context.properties.ConfigurationPropertiesBindingPostProcessor,org.springframework.boot.context.properties.ConfigurationPropertiesBindingPostProcessor.store,org.springframework.boot.autoconfigure.jackson.JacksonAutoConfiguration$JacksonObjectMapperBuilderConfiguration,jacksonObjectMapperBuilder,org.springframework.boot.autoconfigure.jackson.JacksonAutoConfiguration$JacksonObjectMapperConfiguration,jacksonObjectMapper,org.springframework.boot.autoconfigure.jackson.JacksonAutoConfiguration,jsonComponentModule,org.springframework.boot.autoconfigure.websocket.WebSocketAutoConfiguration$TomcatWebSocketConfiguration,websocketContainerCustomizer,org.springframework.boot.autoconfigure.websocket.WebSocketAutoConfiguration,org.springframework.boot.autoconfigure.web.EmbeddedServletContainerAutoConfiguration$EmbeddedTomcat,tomcatEmbeddedServletContainerFactory,org.springframework.boot.autoconfigure.web.EmbeddedServletContainerAutoConfiguration,embeddedServletContainerCustomizerBeanPostProcessor,errorPageRegistrarBeanPostProcessor,org.springframework.boot.autoconfigure.web.DispatcherServletAutoConfiguration$DispatcherServletConfiguration,dispatcherServlet,spring.mvc-org.springframework.boot.autoconfigure.web.WebMvcProperties,org.springframework.boot.autoconfigure.web.DispatcherServletAutoConfiguration$DispatcherServletRegistrationConfiguration,dispatcherServletRegistration,org.springframework.boot.autoconfigure.web.DispatcherServletAutoConfiguration,org.springframework.boot.autoconfigure.validation.ValidationAutoConfiguration,jsr303Validator,methodValidationPostProcessor,org.springframework.boot.autoconfigure.web.ErrorMvcAutoConfiguration$WhitelabelErrorViewConfiguration,error,beanNameViewResolver,org.springframework.boot.autoconfigure.web.ErrorMvcAutoConfiguration$DefaultErrorViewResolverConfiguration,conventionErrorViewResolver,org.springframework.boot.autoconfigure.web.ErrorMvcAutoConfiguration,errorAttributes,basicErrorController,errorPageCustomizer,preserveErrorControllerTargetClassPostProcessor,spring.resources-org.springframework.boot.autoconfigure.web.ResourceProperties,org.springframework.boot.autoconfigure.web.WebMvcAutoConfiguration$EnableWebMvcConfiguration,requestMappingHandlerAdapter,requestMappingHandlerMapping,mvcValidator,mvcPathMatcher,mvcUrlPathHelper,mvcContentNegotiationManager,viewControllerHandlerMapping,beanNameHandlerMapping,resourceHandlerMapping,mvcResourceUrlProvider,defaultServletHandlerMapping,mvcConversionService,mvcUriComponentsContributor,httpRequestHandlerAdapter,simpleControllerHandlerAdapter,handlerExceptionResolver,mvcViewResolver,org.springframework.boot.autoconfigure.web.WebMvcAutoConfiguration$WebMvcAutoConfigurationAdapter$FaviconConfiguration,faviconHandlerMapping,faviconRequestHandler,org.springframework.boot.autoconfigure.web.WebMvcAutoConfiguration$WebMvcAutoConfigurationAdapter,defaultViewResolver,viewResolver,welcomePageHandlerMapping,requestContextFilter,org.springframework.boot.autoconfigure.web.WebMvcAutoConfiguration,hiddenHttpMethodFilter,httpPutFormContentFilter,org.springframework.boot.autoconfigure.aop.AopAutoConfiguration$JdkDynamicAutoProxyConfiguration,org.springframework.aop.config.internalAutoProxyCreator,org.springframework.boot.autoconfigure.aop.AopAutoConfiguration,org.springframework.boot.autoconfigure.cassandra.CassandraAutoConfiguration,cluster,spring.data.cassandra-org.springframework.boot.autoconfigure.cassandra.CassandraProperties,org.springframework.boot.autoconfigure.context.ConfigurationPropertiesAutoConfiguration,org.springframework.boot.autoconfigure.web.HttpMessageConvertersAutoConfiguration$StringHttpMessageConverterConfiguration,stringHttpMessageConverter,spring.http.encoding-org.springframework.boot.autoconfigure.web.HttpEncodingProperties,org.springframework.boot.autoconfigure.web.JacksonHttpMessageConvertersConfiguration$MappingJackson2HttpMessageConverterConfiguration,mappingJackson2HttpMessageConverter,org.springframework.boot.autoconfigure.web.JacksonHttpMessageConvertersConfiguration,org.springframework.boot.autoconfigure.web.HttpMessageConvertersAutoConfiguration,messageConverters,org.springframework.boot.autoconfigure.info.ProjectInfoAutoConfiguration,spring.info-org.springframework.boot.autoconfigure.info.ProjectInfoProperties,org.springframework.boot.autoconfigure.thymeleaf.ThymeleafAutoConfiguration$ThymeleafResourceHandlingConfig,org.springframework.boot.autoconfigure.thymeleaf.ThymeleafAutoConfiguration$ThymeleafWebLayoutConfiguration,layoutDialect,org.springframework.boot.autoconfigure.thymeleaf.ThymeleafAutoConfiguration$ThymeleafDefaultConfiguration,templateEngine,org.springframework.boot.autoconfigure.thymeleaf.ThymeleafAutoConfiguration$Thymeleaf2Configuration$Thymeleaf2ViewResolverConfiguration,thymeleafViewResolver,org.springframework.boot.autoconfigure.thymeleaf.ThymeleafAutoConfiguration$Thymeleaf2Configuration$DefaultTemplateResolverConfiguration,thymeleafResourceResolver,defaultTemplateResolver,org.springframework.boot.autoconfigure.thymeleaf.ThymeleafAutoConfiguration$Thymeleaf2Configuration,org.springframework.boot.autoconfigure.thymeleaf.ThymeleafAutoConfiguration,spring.thymeleaf-org.springframework.boot.autoconfigure.thymeleaf.ThymeleafProperties,org.springframework.boot.autoconfigure.web.HttpEncodingAutoConfiguration,characterEncodingFilter,localeCharsetMappingsCustomizer,org.springframework.boot.autoconfigure.web.MultipartAutoConfiguration,multipartConfigElement,multipartResolver,spring.http.multipart-org.springframework.boot.autoconfigure.web.MultipartProperties,org.springframework.boot.autoconfigure.web.ServerPropertiesAutoConfiguration,serverProperties,duplicateServerPropertiesDetector,org.springframework.boot.autoconfigure.web.WebClientAutoConfiguration$RestTemplateConfiguration,restTemplateBuilder,org.springframework.boot.autoconfigure.web.WebClientAutoConfiguration]; root of factory hierarchy
23:08:28.962 [Test worker] ?[39m[DEBUG]?[0;39m o.s.b.f.s.DefaultListableBeanFactory - Returning cached instance of singleton bean 'org.springframework.boot.test.mock.mockito.MockitoPostProcessor$SpyPostProcessor'
23:08:28.962 [Test worker] ?[39m[DEBUG]?[0;39m o.s.b.f.s.DefaultListableBeanFactory - Returning cached instance of singleton bean 'org.springframework.boot.test.mock.mockito.MockitoPostProcessor'
23:08:28.962 [Test worker] ?[39m[DEBUG]?[0;39m o.s.b.f.s.DefaultListableBeanFactory - Returning cached instance of singleton bean 'org.springframework.context.annotation.internalConfigurationAnnotationProcessor'
23:08:28.962 [Test worker] ?[39m[DEBUG]?[0;39m o.s.b.f.s.DefaultListableBeanFactory - Returning cached instance of singleton bean 'org.springframework.context.annotation.internalAutowiredAnnotationProcessor'
23:08:28.963 [Test worker] ?[39m[DEBUG]?[0;39m o.s.b.f.s.DefaultListableBeanFactory - Returning cached instance of singleton bean 'org.springframework.context.annotation.internalRequiredAnnotationProcessor'
23:08:28.963 [Test worker] ?[39m[DEBUG]?[0;39m o.s.b.f.s.DefaultListableBeanFactory - Returning cached instance of singleton bean 'org.springframework.context.annotation.internalCommonAnnotationProcessor'
23:08:28.963 [Test worker] ?[39m[DEBUG]?[0;39m o.s.b.f.s.DefaultListableBeanFactory - Creating shared instance of singleton bean 'org.springframework.context.event.internalEventListenerProcessor'
23:08:28.963 [Test worker] ?[39m[DEBUG]?[0;39m o.s.b.f.s.DefaultListableBeanFactory - Creating instance of bean 'org.springframework.context.event.internalEventListenerProcessor'
23:08:28.965 [Test worker] ?[39m[DEBUG]?[0;39m o.s.b.f.s.DefaultListableBeanFactory - Eagerly caching bean 'org.springframework.context.event.internalEventListenerProcessor' to allow for resolving potential circular references
23:08:28.968 [Test worker] ?[39m[DEBUG]?[0;39m o.s.b.f.s.DefaultListableBeanFactory - Finished creating instance of bean 'org.springframework.context.event.internalEventListenerProcessor'
23:08:28.968 [Test worker] ?[39m[DEBUG]?[0;39m o.s.b.f.s.DefaultListableBeanFactory - Creating shared instance of singleton bean 'org.springframework.context.event.internalEventListenerFactory'
23:08:28.969 [Test worker] ?[39m[DEBUG]?[0;39m o.s.b.f.s.DefaultListableBeanFactory - Creating instance of bean 'org.springframework.context.event.internalEventListenerFactory'
23:08:28.969 [Test worker] ?[39m[DEBUG]?[0;39m o.s.b.f.s.DefaultListableBeanFactory - Eagerly caching bean 'org.springframework.context.event.internalEventListenerFactory' to allow for resolving potential circular references
23:08:28.971 [Test worker] ?[39m[DEBUG]?[0;39m o.s.b.f.s.DefaultListableBeanFactory - Finished creating instance of bean 'org.springframework.context.event.internalEventListenerFactory'
23:08:28.972 [Test worker] ?[39m[DEBUG]?[0;39m o.s.b.f.s.DefaultListableBeanFactory - Creating shared instance of singleton bean 'twitchFollowerSuggestionApplication'
23:08:28.972 [Test worker] ?[39m[DEBUG]?[0;39m o.s.b.f.s.DefaultListableBeanFactory - Creating instance of bean 'twitchFollowerSuggestionApplication'
23:08:28.972 [Test worker] ?[39m[DEBUG]?[0;39m o.s.b.f.s.DefaultListableBeanFactory - Eagerly caching bean 'twitchFollowerSuggestionApplication' to allow for resolving potential circular references
23:08:28.975 [Test worker] ?[39m[DEBUG]?[0;39m o.s.b.f.s.DefaultListableBeanFactory - Finished creating instance of bean 'twitchFollowerSuggestionApplication'
23:08:28.975 [Test worker] ?[39m[DEBUG]?[0;39m o.s.b.f.s.DefaultListableBeanFactory - Returning cached instance of singleton bean 'org.springframework.boot.autoconfigure.internalCachingMetadataReaderFactory'
23:08:28.976 [Test worker] ?[39m[DEBUG]?[0;39m o.s.b.f.s.DefaultListableBeanFactory - Creating shared instance of singleton bean 'loginController'
23:08:28.976 [Test worker] ?[39m[DEBUG]?[0;39m o.s.b.f.s.DefaultListableBeanFactory - Creating instance of bean 'loginController'
23:08:28.979 [Test worker] ?[39m[DEBUG]?[0;39m o.s.b.f.s.DefaultListableBeanFactory - Eagerly caching bean 'loginController' to allow for resolving potential circular references
23:08:28.981 [Test worker] ?[39m[DEBUG]?[0;39m o.s.b.f.s.DefaultListableBeanFactory - Finished creating instance of bean 'loginController'
23:08:28.981 [Test worker] ?[39m[DEBUG]?[0;39m o.s.b.f.s.DefaultListableBeanFactory - Creating shared instance of singleton bean 'org.springframework.boot.autoconfigure.AutoConfigurationPackages'
23:08:28.981 [Test worker] ?[39m[DEBUG]?[0;39m o.s.b.f.s.DefaultListableBeanFactory - Creating instance of bean 'org.springframework.boot.autoconfigure.AutoConfigurationPackages'
23:08:28.983 [Test worker] ?[39m[DEBUG]?[0;39m o.s.b.f.s.DefaultListableBeanFactory - Eagerly caching bean 'org.springframework.boot.autoconfigure.AutoConfigurationPackages' to allow for resolving potential circular references
23:08:28.985 [Test worker] ?[39m[DEBUG]?[0;39m o.s.b.f.s.DefaultListableBeanFactory - Finished creating instance of bean 'org.springframework.boot.autoconfigure.AutoConfigurationPackages'
23:08:28.985 [Test worker] ?[39m[DEBUG]?[0;39m o.s.b.f.s.DefaultListableBeanFactory - Creating shared instance of singleton bean 'org.springframework.boot.autoconfigure.context.PropertyPlaceholderAutoConfiguration'
23:08:28.985 [Test worker] ?[39m[DEBUG]?[0;39m o.s.b.f.s.DefaultListableBeanFactory - Creating instance of bean 'org.springframework.boot.autoconfigure.context.PropertyPlaceholderAutoConfiguration'
23:08:28.986 [Test worker] ?[39m[DEBUG]?[0;39m o.s.b.f.s.DefaultListableBeanFactory - Eagerly caching bean 'org.springframework.boot.autoconfigure.context.PropertyPlaceholderAutoConfiguration' to allow for resolving potential circular references
23:08:28.989 [Test worker] ?[39m[DEBUG]?[0;39m o.s.b.f.s.DefaultListableBeanFactory - Finished creating instance of bean 'org.springframework.boot.autoconfigure.context.PropertyPlaceholderAutoConfiguration'
23:08:28.989 [Test worker] ?[39m[DEBUG]?[0;39m o.s.b.f.s.DefaultListableBeanFactory - Returning cached instance of singleton bean 'org.springframework.boot.autoconfigure.condition.BeanTypeRegistry'
23:08:28.989 [Test worker] ?[39m[DEBUG]?[0;39m o.s.b.f.s.DefaultListableBeanFactory - Returning cached instance of singleton bean 'propertySourcesPlaceholderConfigurer'
23:08:28.989 [Test worker] ?[39m[DEBUG]?[0;39m o.s.b.f.s.DefaultListableBeanFactory - Creating shared instance of singleton bean 'org.springframework.boot.autoconfigure.jackson.JacksonAutoConfiguration$Jackson2ObjectMapperBuilderCustomizerConfiguration'
23:08:28.989 [Test worker] ?[39m[DEBUG]?[0;39m o.s.b.f.s.DefaultListableBeanFactory - Creating instance of bean 'org.springframework.boot.autoconfigure.jackson.JacksonAutoConfiguration$Jackson2ObjectMapperBuilderCustomizerConfiguration'
23:08:28.990 [Test worker] ?[39m[DEBUG]?[0;39m o.s.b.f.s.DefaultListableBeanFactory - Eagerly caching bean 'org.springframework.boot.autoconfigure.jackson.JacksonAutoConfiguration$Jackson2ObjectMapperBuilderCustomizerConfiguration' to allow for resolving potential circular references
23:08:28.993 [Test worker] ?[39m[DEBUG]?[0;39m o.s.b.f.s.DefaultListableBeanFactory - Finished creating instance of bean 'org.springframework.boot.autoconfigure.jackson.JacksonAutoConfiguration$Jackson2ObjectMapperBuilderCustomizerConfiguration'
23:08:28.993 [Test worker] ?[39m[DEBUG]?[0;39m o.s.b.f.s.DefaultListableBeanFactory - Creating shared instance of singleton bean 'standardJacksonObjectMapperBuilderCustomizer'
23:08:28.994 [Test worker] ?[39m[DEBUG]?[0;39m o.s.b.f.s.DefaultListableBeanFactory - Creating instance of bean 'standardJacksonObjectMapperBuilderCustomizer'
23:08:28.994 [Test worker] ?[39m[DEBUG]?[0;39m o.s.b.f.s.DefaultListableBeanFactory - Returning cached instance of singleton bean 'org.springframework.boot.autoconfigure.jackson.JacksonAutoConfiguration$Jackson2ObjectMapperBuilderCustomizerConfiguration'
23:08:28.996 [Test worker] ?[39m[DEBUG]?[0;39m o.s.b.f.s.DefaultListableBeanFactory - Creating shared instance of singleton bean 'spring.jackson-org.springframework.boot.autoconfigure.jackson.JacksonProperties'
23:08:28.997 [Test worker] ?[39m[DEBUG]?[0;39m o.s.b.f.s.DefaultListableBeanFactory - Creating instance of bean 'spring.jackson-org.springframework.boot.autoconfigure.jackson.JacksonProperties'
23:08:28.997 [Test worker] ?[39m[DEBUG]?[0;39m o.s.b.f.s.DefaultListableBeanFactory - Eagerly caching bean 'spring.jackson-org.springframework.boot.autoconfigure.jackson.JacksonProperties' to allow for resolving potential circular references
23:08:29.000 [Test worker] ?[39m[DEBUG]?[0;39m o.h.v.i.e.r.DefaultTraversableResolver - Found javax.persistence.Persistence on classpath, but no method 'getPersistenceUtil'. Assuming JPA 1 environment. All properties will per default be traversable.
23:08:29.000 [Test worker] ?[39m[DEBUG]?[0;39m o.h.v.i.e.r.DefaultTraversableResolver - Found javax.persistence.Persistence on classpath, but no method 'getPersistenceUtil'. Assuming JPA 1 environment. All properties will per default be traversable.
23:08:29.003 [Test worker] ?[39m[DEBUG]?[0;39m o.h.v.i.e.ConfigurationImpl - Setting custom MessageInterpolator of type org.springframework.validation.beanvalidation.LocaleContextMessageInterpolator
23:08:29.004 [Test worker] ?[39m[DEBUG]?[0;39m o.h.v.i.e.ConfigurationImpl - Setting custom ConstraintValidatorFactory of type org.springframework.validation.beanvalidation.SpringConstraintValidatorFactory
23:08:29.004 [Test worker] ?[39m[DEBUG]?[0;39m o.h.v.i.e.ConfigurationImpl - Setting custom ParameterNameProvider of type com.sun.proxy.$Proxy65
23:08:29.005 [Test worker] ?[39m[DEBUG]?[0;39m o.h.v.i.x.ValidationXmlParser - Trying to load META-INF/validation.xml for XML based Validator configuration.
23:08:29.005 [Test worker] ?[39m[DEBUG]?[0;39m o.h.v.i.x.ResourceLoaderHelper - Trying to load META-INF/validation.xml via user class loader
23:08:29.006 [Test worker] ?[39m[DEBUG]?[0;39m o.h.v.i.x.ResourceLoaderHelper - Trying to load META-INF/validation.xml via TCCL
23:08:29.008 [Test worker] ?[39m[DEBUG]?[0;39m o.h.v.i.x.ResourceLoaderHelper - Trying to load META-INF/validation.xml via Hibernate Validator's class loader
23:08:29.009 [Test worker] ?[39m[DEBUG]?[0;39m o.h.v.i.x.ValidationXmlParser - No META-INF/validation.xml found. Using annotation based configuration only.
23:08:29.011 [Test worker] ?[39m[DEBUG]?[0;39m o.s.b.f.a.InjectionMetadata - Processing injected element of bean 'org.springframework.boot.context.properties.ConfigurationPropertiesBindingPostProcessor': AutowiredMethodElement for public void org.springframework.boot.context.properties.ConfigurationPropertiesBindingPostProcessor.setGenericConverters(java.util.List)
23:08:29.015 [Test worker] ?[39m[DEBUG]?[0;39m o.s.b.f.a.InjectionMetadata - Processing injected element of bean 'org.springframework.boot.context.properties.ConfigurationPropertiesBindingPostProcessor': AutowiredMethodElement for public void org.springframework.boot.context.properties.ConfigurationPropertiesBindingPostProcessor.setConverters(java.util.List)
23:08:29.017 [Test worker] ?[39m[DEBUG]?[0;39m o.s.c.e.MutablePropertySources - Adding [Inlined Test Properties] PropertySource with lowest search precedence
23:08:29.017 [Test worker] ?[39m[DEBUG]?[0;39m o.s.c.e.MutablePropertySources - Adding [systemProperties] PropertySource with lowest search precedence
23:08:29.017 [Test worker] ?[39m[DEBUG]?[0;39m o.s.c.e.MutablePropertySources - Adding [systemEnvironment] PropertySource with lowest search precedence
23:08:29.017 [Test worker] ?[39m[DEBUG]?[0;39m o.s.c.e.MutablePropertySources - Adding [random] PropertySource with lowest search precedence
23:08:29.018 [Test worker] ?[39m[DEBUG]?[0;39m o.s.c.e.MutablePropertySources - Adding [localProperties] PropertySource with lowest search precedence
23:08:29.023 [Test worker] ?[39m[DEBUG]?[0;39m o.s.b.f.s.DefaultListableBeanFactory - Finished creating instance of bean 'spring.jackson-org.springframework.boot.autoconfigure.jackson.JacksonProperties'
23:08:29.023 [Test worker] ?[39m[DEBUG]?[0;39m o.s.b.f.s.DefaultListableBeanFactory - Autowiring by type from bean name 'standardJacksonObjectMapperBuilderCustomizer' via factory method to bean named 'org.springframework.web.context.support.GenericWebApplicationContext@651903ed'
23:08:29.023 [Test worker] ?[39m[DEBUG]?[0;39m o.s.b.f.s.DefaultListableBeanFactory - Autowiring by type from bean name 'standardJacksonObjectMapperBuilderCustomizer' via factory method to bean named 'spring.jackson-org.springframework.boot.autoconfigure.jackson.JacksonProperties'
23:08:29.035 [Test worker] ?[39m[DEBUG]?[0;39m o.s.b.f.s.DefaultListableBeanFactory - Eagerly caching bean 'standardJacksonObjectMapperBuilderCustomizer' to allow for resolving potential circular references
23:08:29.038 [Test worker] ?[39m[DEBUG]?[0;39m o.s.b.f.s.DefaultListableBeanFactory - Finished creating instance of bean 'standardJacksonObjectMapperBuilderCustomizer'
23:08:29.039 [Test worker] ?[39m[DEBUG]?[0;39m o.s.b.f.s.DefaultListableBeanFactory - Returning cached instance of singleton bean 'spring.jackson-org.springframework.boot.autoconfigure.jackson.JacksonProperties'
23:08:29.039 [Test worker] ?[39m[DEBUG]?[0;39m o.s.b.f.s.DefaultListableBeanFactory - Returning cached instance of singleton bean 'org.springframework.boot.context.properties.ConfigurationPropertiesBindingPostProcessor'
23:08:29.039 [Test worker] ?[39m[DEBUG]?[0;39m o.s.b.f.s.DefaultListableBeanFactory - Returning cached instance of singleton bean 'org.springframework.boot.context.properties.ConfigurationPropertiesBindingPostProcessor.store'
23:08:29.039 [Test worker] ?[39m[DEBUG]?[0;39m o.s.b.f.s.DefaultListableBeanFactory - Creating shared instance of singleton bean 'org.springframework.boot.autoconfigure.jackson.JacksonAutoConfiguration$JacksonObjectMapperBuilderConfiguration'
23:08:29.039 [Test worker] ?[39m[DEBUG]?[0;39m o.s.b.f.s.DefaultListableBeanFactory - Creating instance of bean 'org.springframework.boot.autoconfigure.jackson.JacksonAutoConfiguration$JacksonObjectMapperBuilderConfiguration'
23:08:29.039 [Test worker] ?[39m[DEBUG]?[0;39m o.s.c.LocalVariableTableParameterNameDiscoverer - Cannot find '.class' file for class [class org.springframework.boot.autoconfigure.jackson.JacksonAutoConfiguration$JacksonObjectMapperBuilderConfiguration$$EnhancerBySpringCGLIB$$3eb149fe] - unable to determine constructor/method parameter names
23:08:29.040 [Test worker] ?[39m[DEBUG]?[0;39m o.s.b.f.s.DefaultListableBeanFactory - Returning cached instance of singleton bean 'spring.jackson-org.springframework.boot.autoconfigure.jackson.JacksonProperties'
23:08:29.040 [Test worker] ?[39m[DEBUG]?[0;39m o.s.b.f.s.DefaultListableBeanFactory - Returning cached instance of singleton bean 'standardJacksonObjectMapperBuilderCustomizer'
23:08:29.046 [Test worker] ?[39m[DEBUG]?[0;39m o.s.b.f.s.DefaultListableBeanFactory - Autowiring by type from bean name 'org.springframework.boot.autoconfigure.jackson.JacksonAutoConfiguration$JacksonObjectMapperBuilderConfiguration' via constructor to bean named 'org.springframework.web.context.support.GenericWebApplicationContext@651903ed'
23:08:29.046 [Test worker] ?[39m[DEBUG]?[0;39m o.s.b.f.s.DefaultListableBeanFactory - Autowiring by type from bean name 'org.springframework.boot.autoconfigure.jackson.JacksonAutoConfiguration$JacksonObjectMapperBuilderConfiguration' via constructor to bean named 'spring.jackson-org.springframework.boot.autoconfigure.jackson.JacksonProperties'
23:08:29.046 [Test worker] ?[39m[DEBUG]?[0;39m o.s.b.f.s.DefaultListableBeanFactory - Autowiring by type from bean name 'org.springframework.boot.autoconfigure.jackson.JacksonAutoConfiguration$JacksonObjectMapperBuilderConfiguration' via constructor to bean named 'standardJacksonObjectMapperBuilderCustomizer'
23:08:29.046 [Test worker] ?[39m[DEBUG]?[0;39m o.s.b.f.s.DefaultListableBeanFactory - Eagerly caching bean 'org.springframework.boot.autoconfigure.jackson.JacksonAutoConfiguration$JacksonObjectMapperBuilderConfiguration' to allow for resolving potential circular references
23:08:29.048 [Test worker] ?[39m[DEBUG]?[0;39m o.s.b.f.s.DefaultListableBeanFactory - Finished creating instance of bean 'org.springframework.boot.autoconfigure.jackson.JacksonAutoConfiguration$JacksonObjectMapperBuilderConfiguration'
23:08:29.049 [Test worker] ?[39m[DEBUG]?[0;39m o.s.b.f.s.DefaultListableBeanFactory - Creating shared instance of singleton bean 'jacksonObjectMapperBuilder'
23:08:29.049 [Test worker] ?[39m[DEBUG]?[0;39m o.s.b.f.s.DefaultListableBeanFactory - Creating instance of bean 'jacksonObjectMapperBuilder'
23:08:29.049 [Test worker] ?[39m[DEBUG]?[0;39m o.s.b.f.s.DefaultListableBeanFactory - Returning cached instance of singleton bean 'org.springframework.boot.autoconfigure.jackson.JacksonAutoConfiguration$JacksonObjectMapperBuilderConfiguration'
23:08:29.049 [Test worker] ?[39m[DEBUG]?[0;39m o.s.b.f.s.DefaultListableBeanFactory - Returning cached instance of singleton bean 'standardJacksonObjectMapperBuilderCustomizer'
23:08:29.049 [Test worker] ?[39m[DEBUG]?[0;39m o.s.b.f.s.DefaultListableBeanFactory - Autowiring by type from bean name 'jacksonObjectMapperBuilder' via factory method to bean named 'standardJacksonObjectMapperBuilderCustomizer'
23:08:29.052 [Test worker] ?[39m[DEBUG]?[0;39m o.s.b.f.s.DefaultListableBeanFactory - Creating shared instance of singleton bean 'jsonComponentModule'
23:08:29.052 [Test worker] ?[39m[DEBUG]?[0;39m o.s.b.f.s.DefaultListableBeanFactory - Creating instance of bean 'jsonComponentModule'
23:08:29.052 [Test worker] ?[39m[DEBUG]?[0;39m o.s.b.f.s.DefaultListableBeanFactory - Creating shared instance of singleton bean 'org.springframework.boot.autoconfigure.jackson.JacksonAutoConfiguration'
23:08:29.052 [Test worker] ?[39m[DEBUG]?[0;39m o.s.b.f.s.DefaultListableBeanFactory - Creating instance of bean 'org.springframework.boot.autoconfigure.jackson.JacksonAutoConfiguration'
23:08:29.053 [Test worker] ?[39m[DEBUG]?[0;39m o.s.b.f.s.DefaultListableBeanFactory - Eagerly caching bean 'org.springframework.boot.autoconfigure.jackson.JacksonAutoConfiguration' to allow for resolving potential circular references
23:08:29.055 [Test worker] ?[39m[DEBUG]?[0;39m o.s.b.f.s.DefaultListableBeanFactory - Finished creating instance of bean 'org.springframework.boot.autoconfigure.jackson.JacksonAutoConfiguration'
23:08:29.057 [Test worker] ?[39m[DEBUG]?[0;39m o.s.c.a.CommonAnnotationBeanPostProcessor - Found init method on class [org.springframework.boot.jackson.JsonComponentModule]: public void org.springframework.boot.jackson.JsonComponentModule.registerJsonComponents()
23:08:29.059 [Test worker] ?[39m[DEBUG]?[0;39m o.s.c.a.CommonAnnotationBeanPostProcessor - Registered init method on class [org.springframework.boot.jackson.JsonComponentModule]: org.springframework.beans.factory.annotation.InitDestroyAnnotationBeanPostProcessor$LifecycleElement@65126ba1
23:08:29.059 [Test worker] ?[39m[DEBUG]?[0;39m o.s.b.f.s.DefaultListableBeanFactory - Eagerly caching bean 'jsonComponentModule' to allow for resolving potential circular references
23:08:29.066 [Test worker] ?[39m[DEBUG]?[0;39m o.s.c.a.CommonAnnotationBeanPostProcessor - Invoking init method on bean 'jsonComponentModule': public void org.springframework.boot.jackson.JsonComponentModule.registerJsonComponents()
23:08:29.068 [Test worker] ?[39m[DEBUG]?[0;39m o.s.b.f.s.DefaultListableBeanFactory - Finished creating instance of bean 'jsonComponentModule'
23:08:29.069 [Test worker] ?[39m[DEBUG]?[0;39m o.s.b.f.s.DefaultListableBeanFactory - Eagerly caching bean 'jacksonObjectMapperBuilder' to allow for resolving potential circular references
23:08:29.071 [Test worker] ?[39m[DEBUG]?[0;39m o.s.b.f.s.DefaultListableBeanFactory - Finished creating instance of bean 'jacksonObjectMapperBuilder'
23:08:29.071 [Test worker] ?[39m[DEBUG]?[0;39m o.s.b.f.s.DefaultListableBeanFactory - Creating shared instance of singleton bean 'org.springframework.boot.autoconfigure.jackson.JacksonAutoConfiguration$JacksonObjectMapperConfiguration'
23:08:29.072 [Test worker] ?[39m[DEBUG]?[0;39m o.s.b.f.s.DefaultListableBeanFactory - Creating instance of bean 'org.springframework.boot.autoconfigure.jackson.JacksonAutoConfiguration$JacksonObjectMapperConfiguration'
23:08:29.072 [Test worker] ?[39m[DEBUG]?[0;39m o.s.b.f.s.DefaultListableBeanFactory - Eagerly caching bean 'org.springframework.boot.autoconfigure.jackson.JacksonAutoConfiguration$JacksonObjectMapperConfiguration' to allow for resolving potential circular references
23:08:29.075 [Test worker] ?[39m[DEBUG]?[0;39m o.s.b.f.s.DefaultListableBeanFactory - Finished creating instance of bean 'org.springframework.boot.autoconfigure.jackson.JacksonAutoConfiguration$JacksonObjectMapperConfiguration'
23:08:29.075 [Test worker] ?[39m[DEBUG]?[0;39m o.s.b.f.s.DefaultListableBeanFactory - Creating shared instance of singleton bean 'jacksonObjectMapper'
23:08:29.075 [Test worker] ?[39m[DEBUG]?[0;39m o.s.b.f.s.DefaultListableBeanFactory - Creating instance of bean 'jacksonObjectMapper'
23:08:29.075 [Test worker] ?[39m[DEBUG]?[0;39m o.s.b.f.s.DefaultListableBeanFactory - Returning cached instance of singleton bean 'org.springframework.boot.autoconfigure.jackson.JacksonAutoConfiguration$JacksonObjectMapperConfiguration'
23:08:29.076 [Test worker] ?[39m[DEBUG]?[0;39m o.s.b.f.s.DefaultListableBeanFactory - Returning cached instance of singleton bean 'jacksonObjectMapperBuilder'
23:08:29.076 [Test worker] ?[39m[DEBUG]?[0;39m o.s.b.f.s.DefaultListableBeanFactory - Autowiring by type from bean name 'jacksonObjectMapper' via factory method to bean named 'jacksonObjectMapperBuilder'
23:08:29.089 [Test worker] ?[39m[DEBUG]?[0;39m o.s.b.f.s.DefaultListableBeanFactory - Eagerly caching bean 'jacksonObjectMapper' to allow for resolving potential circular references
23:08:29.099 [Test worker] ?[39m[DEBUG]?[0;39m o.s.b.f.s.DefaultListableBeanFactory - Finished creating instance of bean 'jacksonObjectMapper'
23:08:29.099 [Test worker] ?[39m[DEBUG]?[0;39m o.s.b.f.s.DefaultListableBeanFactory - Returning cached instance of singleton bean 'org.springframework.boot.autoconfigure.jackson.JacksonAutoConfiguration'
23:08:29.099 [Test worker] ?[39m[DEBUG]?[0;39m o.s.b.f.s.DefaultListableBeanFactory - Returning cached instance of singleton bean 'jsonComponentModule'
23:08:29.099 [Test worker] ?[39m[DEBUG]?[0;39m o.s.b.f.s.DefaultListableBeanFactory - Creating shared instance of singleton bean 'org.springframework.boot.autoconfigure.websocket.WebSocketAutoConfiguration$TomcatWebSocketConfiguration'
23:08:29.099 [Test worker] ?[39m[DEBUG]?[0;39m o.s.b.f.s.DefaultListableBeanFactory - Creating instance of bean 'org.springframework.boot.autoconfigure.websocket.WebSocketAutoConfiguration$TomcatWebSocketConfiguration'
23:08:29.100 [Test worker] ?[39m[DEBUG]?[0;39m o.s.b.f.s.DefaultListableBeanFactory - Eagerly caching bean 'org.springframework.boot.autoconfigure.websocket.WebSocketAutoConfiguration$TomcatWebSocketConfiguration' to allow for resolving potential circular references
23:08:29.103 [Test worker] ?[39m[DEBUG]?[0;39m o.s.b.f.s.DefaultListableBeanFactory - Finished creating instance of bean 'org.springframework.boot.autoconfigure.websocket.WebSocketAutoConfiguration$TomcatWebSocketConfiguration'
23:08:29.103 [Test worker] ?[39m[DEBUG]?[0;39m o.s.b.f.s.DefaultListableBeanFactory - Creating shared instance of singleton bean 'websocketContainerCustomizer'
23:08:29.104 [Test worker] ?[39m[DEBUG]?[0;39m o.s.b.f.s.DefaultListableBeanFactory - Creating instance of bean 'websocketContainerCustomizer'
23:08:29.104 [Test worker] ?[39m[DEBUG]?[0;39m o.s.b.f.s.DefaultListableBeanFactory - Returning cached instance of singleton bean 'org.springframework.boot.autoconfigure.websocket.WebSocketAutoConfiguration$TomcatWebSocketConfiguration'
23:08:29.108 [Test worker] ?[39m[DEBUG]?[0;39m o.s.b.f.s.DefaultListableBeanFactory - Eagerly caching bean 'websocketContainerCustomizer' to allow for resolving potential circular references
23:08:29.111 [Test worker] ?[39m[DEBUG]?[0;39m o.s.b.f.s.DefaultListableBeanFactory - Finished creating instance of bean 'websocketContainerCustomizer'
23:08:29.112 [Test worker] ?[39m[DEBUG]?[0;39m o.s.b.f.s.DefaultListableBeanFactory - Creating shared instance of singleton bean 'org.springframework.boot.autoconfigure.websocket.WebSocketAutoConfiguration'
23:08:29.112 [Test worker] ?[39m[DEBUG]?[0;39m o.s.b.f.s.DefaultListableBeanFactory - Creating instance of bean 'org.springframework.boot.autoconfigure.websocket.WebSocketAutoConfiguration'
23:08:29.112 [Test worker] ?[39m[DEBUG]?[0;39m o.s.b.f.s.DefaultListableBeanFactory - Eagerly caching bean 'org.springframework.boot.autoconfigure.websocket.WebSocketAutoConfiguration' to allow for resolving potential circular references
23:08:29.115 [Test worker] ?[39m[DEBUG]?[0;39m o.s.b.f.s.DefaultListableBeanFactory - Finished creating instance of bean 'org.springframework.boot.autoconfigure.websocket.WebSocketAutoConfiguration'
23:08:29.115 [Test worker] ?[39m[DEBUG]?[0;39m o.s.b.f.s.DefaultListableBeanFactory - Creating shared instance of singleton bean 'org.springframework.boot.autoconfigure.web.EmbeddedServletContainerAutoConfiguration$EmbeddedTomcat'
23:08:29.115 [Test worker] ?[39m[DEBUG]?[0;39m o.s.b.f.s.DefaultListableBeanFactory - Creating instance of bean 'org.springframework.boot.autoconfigure.web.EmbeddedServletContainerAutoConfiguration$EmbeddedTomcat'
23:08:29.116 [Test worker] ?[39m[DEBUG]?[0;39m o.s.b.f.s.DefaultListableBeanFactory - Eagerly caching bean 'org.springframework.boot.autoconfigure.web.EmbeddedServletContainerAutoConfiguration$EmbeddedTomcat' to allow for resolving potential circular references
23:08:29.119 [Test worker] ?[39m[DEBUG]?[0;39m o.s.b.f.s.DefaultListableBeanFactory - Finished creating instance of bean 'org.springframework.boot.autoconfigure.web.EmbeddedServletContainerAutoConfiguration$EmbeddedTomcat'
23:08:29.119 [Test worker] ?[39m[DEBUG]?[0;39m o.s.b.f.s.DefaultListableBeanFactory - Creating shared instance of singleton bean 'tomcatEmbeddedServletContainerFactory'
23:08:29.119 [Test worker] ?[39m[DEBUG]?[0;39m o.s.b.f.s.DefaultListableBeanFactory - Creating instance of bean 'tomcatEmbeddedServletContainerFactory'
23:08:29.119 [Test worker] ?[39m[DEBUG]?[0;39m o.s.b.f.s.DefaultListableBeanFactory - Returning cached instance of singleton bean 'org.springframework.boot.autoconfigure.web.EmbeddedServletContainerAutoConfiguration$EmbeddedTomcat'
23:08:29.135 [Test worker] ?[39m[DEBUG]?[0;39m o.s.b.f.s.DefaultListableBeanFactory - Eagerly caching bean 'tomcatEmbeddedServletContainerFactory' to allow for resolving potential circular references
23:08:29.142 [Test worker] ?[39m[DEBUG]?[0;39m o.s.b.f.s.DefaultListableBeanFactory - Returning cached instance of singleton bean 'websocketContainerCustomizer'
23:08:29.142 [Test worker] ?[39m[DEBUG]?[0;39m o.s.b.f.s.DefaultListableBeanFactory - Creating shared instance of singleton bean 'localeCharsetMappingsCustomizer'
23:08:29.142 [Test worker] ?[39m[DEBUG]?[0;39m o.s.b.f.s.DefaultListableBeanFactory - Creating instance of bean 'localeCharsetMappingsCustomizer'
23:08:29.142 [Test worker] ?[39m[DEBUG]?[0;39m o.s.b.f.s.DefaultListableBeanFactory - Creating shared instance of singleton bean 'org.springframework.boot.autoconfigure.web.HttpEncodingAutoConfiguration'
23:08:29.142 [Test worker] ?[39m[DEBUG]?[0;39m o.s.b.f.s.DefaultListableBeanFactory - Creating instance of bean 'org.springframework.boot.autoconfigure.web.HttpEncodingAutoConfiguration'
23:08:29.143 [Test worker] ?[39m[DEBUG]?[0;39m o.s.c.LocalVariableTableParameterNameDiscoverer - Cannot find '.class' file for class [class org.springframework.boot.autoconfigure.web.HttpEncodingAutoConfiguration$$EnhancerBySpringCGLIB$$7bd6eff] - unable to determine constructor/method parameter names
23:08:29.144 [Test worker] ?[39m[DEBUG]?[0;39m o.s.b.f.s.DefaultListableBeanFactory - Creating shared instance of singleton bean 'spring.http.encoding-org.springframework.boot.autoconfigure.web.HttpEncodingProperties'
23:08:29.144 [Test worker] ?[39m[DEBUG]?[0;39m o.s.b.f.s.DefaultListableBeanFactory - Creating instance of bean 'spring.http.encoding-org.springframework.boot.autoconfigure.web.HttpEncodingProperties'
23:08:29.144 [Test worker] ?[39m[DEBUG]?[0;39m o.s.b.f.s.DefaultListableBeanFactory - Eagerly caching bean 'spring.http.encoding-org.springframework.boot.autoconfigure.web.HttpEncodingProperties' to allow for resolving potential circular references
23:08:29.146 [Test worker] ?[39m[DEBUG]?[0;39m o.s.c.e.MutablePropertySources - Adding [Inlined Test Properties] PropertySource with lowest search precedence
23:08:29.146 [Test worker] ?[39m[DEBUG]?[0;39m o.s.c.e.MutablePropertySources - Adding [systemProperties] PropertySource with lowest search precedence
23:08:29.146 [Test worker] ?[39m[DEBUG]?[0;39m o.s.c.e.MutablePropertySources - Adding [systemEnvironment] PropertySource with lowest search precedence
23:08:29.146 [Test worker] ?[39m[DEBUG]?[0;39m o.s.c.e.MutablePropertySources - Adding [random] PropertySource with lowest search precedence
23:08:29.146 [Test worker] ?[39m[DEBUG]?[0;39m o.s.c.e.MutablePropertySources - Adding [localProperties] PropertySource with lowest search precedence
23:08:29.147 [Test worker] ?[39m[DEBUG]?[0;39m o.s.b.f.s.DefaultListableBeanFactory - Finished creating instance of bean 'spring.http.encoding-org.springframework.boot.autoconfigure.web.HttpEncodingProperties'
23:08:29.148 [Test worker] ?[39m[DEBUG]?[0;39m o.s.b.f.s.DefaultListableBeanFactory - Autowiring by type from bean name 'org.springframework.boot.autoconfigure.web.HttpEncodingAutoConfiguration' via constructor to bean named 'spring.http.encoding-org.springframework.boot.autoconfigure.web.HttpEncodingProperties'
23:08:29.148 [Test worker] ?[39m[DEBUG]?[0;39m o.s.b.f.s.DefaultListableBeanFactory - Eagerly caching bean 'org.springframework.boot.autoconfigure.web.HttpEncodingAutoConfiguration' to allow for resolving potential circular references
23:08:29.151 [Test worker] ?[39m[DEBUG]?[0;39m o.s.b.f.s.DefaultListableBeanFactory - Finished creating instance of bean 'org.springframework.boot.autoconfigure.web.HttpEncodingAutoConfiguration'
23:08:29.153 [Test worker] ?[39m[DEBUG]?[0;39m o.s.b.f.s.DefaultListableBeanFactory - Eagerly caching bean 'localeCharsetMappingsCustomizer' to allow for resolving potential circular references
23:08:29.156 [Test worker] ?[39m[DEBUG]?[0;39m o.s.b.f.s.DefaultListableBeanFactory - Finished creating instance of bean 'localeCharsetMappingsCustomizer'
23:08:29.156 [Test worker] ?[39m[DEBUG]?[0;39m o.s.b.f.s.DefaultListableBeanFactory - Creating shared instance of singleton bean 'serverProperties'
23:08:29.156 [Test worker] ?[39m[DEBUG]?[0;39m o.s.b.f.s.DefaultListableBeanFactory - Creating instance of bean 'serverProperties'
23:08:29.156 [Test worker] ?[39m[DEBUG]?[0;39m o.s.b.f.s.DefaultListableBeanFactory - Creating shared instance of singleton bean 'org.springframework.boot.autoconfigure.web.ServerPropertiesAutoConfiguration'
23:08:29.157 [Test worker] ?[39m[DEBUG]?[0;39m o.s.b.f.s.DefaultListableBeanFactory - Creating instance of bean 'org.springframework.boot.autoconfigure.web.ServerPropertiesAutoConfiguration'
23:08:29.157 [Test worker] ?[39m[DEBUG]?[0;39m o.s.b.f.s.DefaultListableBeanFactory - Eagerly caching bean 'org.springframework.boot.autoconfigure.web.ServerPropertiesAutoConfiguration' to allow for resolving potential circular references
23:08:29.160 [Test worker] ?[39m[DEBUG]?[0;39m o.s.b.f.s.DefaultListableBeanFactory - Finished creating instance of bean 'org.springframework.boot.autoconfigure.web.ServerPropertiesAutoConfiguration'
23:08:29.169 [Test worker] ?[39m[DEBUG]?[0;39m o.s.b.f.s.DefaultListableBeanFactory - Eagerly caching bean 'serverProperties' to allow for resolving potential circular references
23:08:29.173 [Test worker] ?[39m[DEBUG]?[0;39m o.s.c.e.MutablePropertySources - Adding [Inlined Test Properties] PropertySource with lowest search precedence
23:08:29.174 [Test worker] ?[39m[DEBUG]?[0;39m o.s.c.e.MutablePropertySources - Adding [systemProperties] PropertySource with lowest search precedence
23:08:29.174 [Test worker] ?[39m[DEBUG]?[0;39m o.s.c.e.MutablePropertySources - Adding [systemEnvironment] PropertySource with lowest search precedence
23:08:29.174 [Test worker] ?[39m[DEBUG]?[0;39m o.s.c.e.MutablePropertySources - Adding [random] PropertySource with lowest search precedence
23:08:29.174 [Test worker] ?[39m[DEBUG]?[0;39m o.s.c.e.MutablePropertySources - Adding [localProperties] PropertySource with lowest search precedence
23:08:29.174 [Test worker] ?[39m[DEBUG]?[0;39m o.s.c.e.MutablePropertySources - Adding [Inlined Test Properties] PropertySource with lowest search precedence
23:08:29.174 [Test worker] ?[39m[DEBUG]?[0;39m o.s.c.e.MutablePropertySources - Adding [systemProperties] PropertySource with lowest search precedence
23:08:29.174 [Test worker] ?[39m[DEBUG]?[0;39m o.s.c.e.MutablePropertySources - Adding [systemEnvironment] PropertySource with lowest search precedence
23:08:29.174 [Test worker] ?[39m[DEBUG]?[0;39m o.s.c.e.MutablePropertySources - Adding [random] PropertySource with lowest search precedence
23:08:29.174 [Test worker] ?[39m[DEBUG]?[0;39m o.s.c.e.MutablePropertySources - Adding [localProperties] PropertySource with lowest search precedence
23:08:29.174 [Test worker] ?[39m[DEBUG]?[0;39m o.s.c.e.PropertySourcesPropertyResolver - Found key 'server.port' in [Inlined Test Properties] with type [String]
23:08:29.182 [Test worker] ?[39m[DEBUG]?[0;39m o.s.b.f.s.DefaultListableBeanFactory - Finished creating instance of bean 'serverProperties'
23:08:29.182 [Test worker] ?[39m[DEBUG]?[0;39m o.s.b.f.s.DefaultListableBeanFactory - Creating shared instance of singleton bean 'duplicateServerPropertiesDetector'
23:08:29.182 [Test worker] ?[39m[DEBUG]?[0;39m o.s.b.f.s.DefaultListableBeanFactory - Creating instance of bean 'duplicateServerPropertiesDetector'
23:08:29.183 [Test worker] ?[39m[DEBUG]?[0;39m o.s.b.f.s.DefaultListableBeanFactory - Returning cached instance of singleton bean 'org.springframework.boot.autoconfigure.web.ServerPropertiesAutoConfiguration'
23:08:29.183 [Test worker] ?[39m[DEBUG]?[0;39m o.s.b.f.s.DefaultListableBeanFactory - Eagerly caching bean 'duplicateServerPropertiesDetector' to allow for resolving potential circular references
23:08:29.186 [Test worker] ?[39m[DEBUG]?[0;39m o.s.b.f.s.DefaultListableBeanFactory - Finished creating instance of bean 'duplicateServerPropertiesDetector'
23:08:29.191 [Test worker] ?[39m[DEBUG]?[0;39m o.s.b.f.s.DefaultListableBeanFactory - Creating shared instance of singleton bean 'errorPageCustomizer'
23:08:29.191 [Test worker] ?[39m[DEBUG]?[0;39m o.s.b.f.s.DefaultListableBeanFactory - Creating instance of bean 'errorPageCustomizer'
23:08:29.191 [Test worker] ?[39m[DEBUG]?[0;39m o.s.b.f.s.DefaultListableBeanFactory - Creating shared instance of singleton bean 'org.springframework.boot.autoconfigure.web.ErrorMvcAutoConfiguration'
23:08:29.191 [Test worker] ?[39m[DEBUG]?[0;39m o.s.b.f.s.DefaultListableBeanFactory - Creating instance of bean 'org.springframework.boot.autoconfigure.web.ErrorMvcAutoConfiguration'
23:08:29.192 [Test worker] ?[39m[DEBUG]?[0;39m o.s.c.LocalVariableTableParameterNameDiscoverer - Cannot find '.class' file for class [class org.springframework.boot.autoconfigure.web.ErrorMvcAutoConfiguration$$EnhancerBySpringCGLIB$$e6cc1248] - unable to determine constructor/method parameter names
23:08:29.192 [Test worker] ?[39m[DEBUG]?[0;39m o.s.b.f.s.DefaultListableBeanFactory - Returning cached instance of singleton bean 'serverProperties'
23:08:29.193 [Test worker] ?[39m[DEBUG]?[0;39m o.s.b.f.s.DefaultListableBeanFactory - Autowiring by type from bean name 'org.springframework.boot.autoconfigure.web.ErrorMvcAutoConfiguration' via constructor to bean named 'serverProperties'
23:08:29.195 [Test worker] ?[39m[DEBUG]?[0;39m o.s.b.f.s.DefaultListableBeanFactory - Creating shared instance of singleton bean 'conventionErrorViewResolver'
23:08:29.195 [Test worker] ?[39m[DEBUG]?[0;39m o.s.b.f.s.DefaultListableBeanFactory - Creating instance of bean 'conventionErrorViewResolver'
23:08:29.195 [Test worker] ?[39m[DEBUG]?[0;39m o.s.b.f.s.DefaultListableBeanFactory - Creating shared instance of singleton bean 'org.springframework.boot.autoconfigure.web.ErrorMvcAutoConfiguration$DefaultErrorViewResolverConfiguration'
23:08:29.195 [Test worker] ?[39m[DEBUG]?[0;39m o.s.b.f.s.DefaultListableBeanFactory - Creating instance of bean 'org.springframework.boot.autoconfigure.web.ErrorMvcAutoConfiguration$DefaultErrorViewResolverConfiguration'
23:08:29.196 [Test worker] ?[39m[DEBUG]?[0;39m o.s.c.LocalVariableTableParameterNameDiscoverer - Cannot find '.class' file for class [class org.springframework.boot.autoconfigure.web.ErrorMvcAutoConfiguration$DefaultErrorViewResolverConfiguration$$EnhancerBySpringCGLIB$$f3691ba8] - unable to determine constructor/method parameter names
23:08:29.196 [Test worker] ?[39m[DEBUG]?[0;39m o.s.b.f.s.DefaultListableBeanFactory - Creating shared instance of singleton bean 'spring.resources-org.springframework.boot.autoconfigure.web.ResourceProperties'
23:08:29.196 [Test worker] ?[39m[DEBUG]?[0;39m o.s.b.f.s.DefaultListableBeanFactory - Creating instance of bean 'spring.resources-org.springframework.boot.autoconfigure.web.ResourceProperties'
23:08:29.198 [Test worker] ?[39m[DEBUG]?[0;39m o.s.b.f.s.DefaultListableBeanFactory - Eagerly caching bean 'spring.resources-org.springframework.boot.autoconfigure.web.ResourceProperties' to allow for resolving potential circular references
23:08:29.200 [Test worker] ?[39m[DEBUG]?[0;39m o.s.c.e.MutablePropertySources - Adding [Inlined Test Properties] PropertySource with lowest search precedence
23:08:29.200 [Test worker] ?[39m[DEBUG]?[0;39m o.s.c.e.MutablePropertySources - Adding [systemProperties] PropertySource with lowest search precedence
23:08:29.201 [Test worker] ?[39m[DEBUG]?[0;39m o.s.c.e.MutablePropertySources - Adding [systemEnvironment] PropertySource with lowest search precedence
23:08:29.201 [Test worker] ?[39m[DEBUG]?[0;39m o.s.c.e.MutablePropertySources - Adding [random] PropertySource with lowest search precedence
23:08:29.204 [Test worker] ?[39m[DEBUG]?[0;39m o.s.c.e.MutablePropertySources - Adding [localProperties] PropertySource with lowest search precedence
23:08:29.205 [Test worker] ?[39m[DEBUG]?[0;39m o.s.b.f.s.DefaultListableBeanFactory - Finished creating instance of bean 'spring.resources-org.springframework.boot.autoconfigure.web.ResourceProperties'
23:08:29.205 [Test worker] ?[39m[DEBUG]?[0;39m o.s.b.f.s.DefaultListableBeanFactory - Autowiring by type from bean name 'org.springframework.boot.autoconfigure.web.ErrorMvcAutoConfiguration$DefaultErrorViewResolverConfiguration' via constructor to bean named 'org.springframework.web.context.support.GenericWebApplicationContext@651903ed'
23:08:29.205 [Test worker] ?[39m[DEBUG]?[0;39m o.s.b.f.s.DefaultListableBeanFactory - Autowiring by type from bean name 'org.springframework.boot.autoconfigure.web.ErrorMvcAutoConfiguration$DefaultErrorViewResolverConfiguration' via constructor to bean named 'spring.resources-org.springframework.boot.autoconfigure.web.ResourceProperties'
23:08:29.205 [Test worker] ?[39m[DEBUG]?[0;39m o.s.b.f.s.DefaultListableBeanFactory - Eagerly caching bean 'org.springframework.boot.autoconfigure.web.ErrorMvcAutoConfiguration$DefaultErrorViewResolverConfiguration' to allow for resolving potential circular references
23:08:29.208 [Test worker] ?[39m[DEBUG]?[0;39m o.s.b.f.s.DefaultListableBeanFactory - Finished creating instance of bean 'org.springframework.boot.autoconfigure.web.ErrorMvcAutoConfiguration$DefaultErrorViewResolverConfiguration'
23:08:29.213 [Test worker] ?[39m[DEBUG]?[0;39m o.s.b.f.s.DefaultListableBeanFactory - Eagerly caching bean 'conventionErrorViewResolver' to allow for resolving potential circular references
23:08:29.214 [Test worker] ?[39m[DEBUG]?[0;39m o.s.b.f.s.DefaultListableBeanFactory - Finished creating instance of bean 'conventionErrorViewResolver'
23:08:29.215 [Test worker] ?[39m[DEBUG]?[0;39m o.s.b.f.s.DefaultListableBeanFactory - Eagerly caching bean 'org.springframework.boot.autoconfigure.web.ErrorMvcAutoConfiguration' to allow for resolving potential circular references
23:08:29.217 [Test worker] ?[39m[DEBUG]?[0;39m o.s.b.f.s.DefaultListableBeanFactory - Finished creating instance of bean 'org.springframework.boot.autoconfigure.web.ErrorMvcAutoConfiguration'
23:08:29.219 [Test worker] ?[39m[DEBUG]?[0;39m o.s.b.f.s.DefaultListableBeanFactory - Eagerly caching bean 'errorPageCustomizer' to allow for resolving potential circular references
23:08:29.222 [Test worker] ?[39m[DEBUG]?[0;39m o.s.b.f.s.DefaultListableBeanFactory - Finished creating instance of bean 'errorPageCustomizer'
23:08:29.222 [Test worker] ?[39m[DEBUG]?[0;39m o.s.b.f.s.DefaultListableBeanFactory - Finished creating instance of bean 'tomcatEmbeddedServletContainerFactory'
23:08:29.222 [Test worker] ?[39m[DEBUG]?[0;39m o.s.b.f.s.DefaultListableBeanFactory - Creating shared instance of singleton bean 'org.springframework.boot.autoconfigure.web.EmbeddedServletContainerAutoConfiguration'
23:08:29.222 [Test worker] ?[39m[DEBUG]?[0;39m o.s.b.f.s.DefaultListableBeanFactory - Creating instance of bean 'org.springframework.boot.autoconfigure.web.EmbeddedServletContainerAutoConfiguration'
23:08:29.222 [Test worker] ?[39m[DEBUG]?[0;39m o.s.b.f.s.DefaultListableBeanFactory - Eagerly caching bean 'org.springframework.boot.autoconfigure.web.EmbeddedServletContainerAutoConfiguration' to allow for resolving potential circular references
23:08:29.225 [Test worker] ?[39m[DEBUG]?[0;39m o.s.b.f.s.DefaultListableBeanFactory - Finished creating instance of bean 'org.springframework.boot.autoconfigure.web.EmbeddedServletContainerAutoConfiguration'
23:08:29.225 [Test worker] ?[39m[DEBUG]?[0;39m o.s.b.f.s.DefaultListableBeanFactory - Returning cached instance of singleton bean 'embeddedServletContainerCustomizerBeanPostProcessor'
23:08:29.225 [Test worker] ?[39m[DEBUG]?[0;39m o.s.b.f.s.DefaultListableBeanFactory - Returning cached instance of singleton bean 'errorPageRegistrarBeanPostProcessor'
23:08:29.225 [Test worker] ?[39m[DEBUG]?[0;39m o.s.b.f.s.DefaultListableBeanFactory - Creating shared instance of singleton bean 'org.springframework.boot.autoconfigure.web.DispatcherServletAutoConfiguration$DispatcherServletConfiguration'
23:08:29.225 [Test worker] ?[39m[DEBUG]?[0;39m o.s.b.f.s.DefaultListableBeanFactory - Creating instance of bean 'org.springframework.boot.autoconfigure.web.DispatcherServletAutoConfiguration$DispatcherServletConfiguration'
23:08:29.225 [Test worker] ?[39m[DEBUG]?[0;39m o.s.c.LocalVariableTableParameterNameDiscoverer - Cannot find '.class' file for class [class org.springframework.boot.autoconfigure.web.DispatcherServletAutoConfiguration$DispatcherServletConfiguration$$EnhancerBySpringCGLIB$$d736b7a6] - unable to determine constructor/method parameter names
23:08:29.226 [Test worker] ?[39m[DEBUG]?[0;39m o.s.b.f.s.DefaultListableBeanFactory - Creating shared instance of singleton bean 'spring.mvc-org.springframework.boot.autoconfigure.web.WebMvcProperties'
23:08:29.226 [Test worker] ?[39m[DEBUG]?[0;39m o.s.b.f.s.DefaultListableBeanFactory - Creating instance of bean 'spring.mvc-org.springframework.boot.autoconfigure.web.WebMvcProperties'
23:08:29.226 [Test worker] ?[39m[DEBUG]?[0;39m o.s.b.f.s.DefaultListableBeanFactory - Eagerly caching bean 'spring.mvc-org.springframework.boot.autoconfigure.web.WebMvcProperties' to allow for resolving potential circular references
23:08:29.228 [Test worker] ?[39m[DEBUG]?[0;39m o.s.c.e.MutablePropertySources - Adding [Inlined Test Properties] PropertySource with lowest search precedence
23:08:29.228 [Test worker] ?[39m[DEBUG]?[0;39m o.s.c.e.MutablePropertySources - Adding [systemProperties] PropertySource with lowest search precedence
23:08:29.228 [Test worker] ?[39m[DEBUG]?[0;39m o.s.c.e.MutablePropertySources - Adding [systemEnvironment] PropertySource with lowest search precedence
23:08:29.229 [Test worker] ?[39m[DEBUG]?[0;39m o.s.c.e.MutablePropertySources - Adding [random] PropertySource with lowest search precedence
23:08:29.229 [Test worker] ?[39m[DEBUG]?[0;39m o.s.c.e.MutablePropertySources - Adding [localProperties] PropertySource with lowest search precedence
23:08:29.230 [Test worker] ?[39m[DEBUG]?[0;39m o.s.b.f.s.DefaultListableBeanFactory - Finished creating instance of bean 'spring.mvc-org.springframework.boot.autoconfigure.web.WebMvcProperties'
23:08:29.230 [Test worker] ?[39m[DEBUG]?[0;39m o.s.b.f.s.DefaultListableBeanFactory - Autowiring by type from bean name 'org.springframework.boot.autoconfigure.web.DispatcherServletAutoConfiguration$DispatcherServletConfiguration' via constructor to bean named 'spring.mvc-org.springframework.boot.autoconfigure.web.WebMvcProperties'
23:08:29.230 [Test worker] ?[39m[DEBUG]?[0;39m o.s.b.f.s.DefaultListableBeanFactory - Eagerly caching bean 'org.springframework.boot.autoconfigure.web.DispatcherServletAutoConfiguration$DispatcherServletConfiguration' to allow for resolving potential circular references
23:08:29.233 [Test worker] ?[39m[DEBUG]?[0;39m o.s.b.f.s.DefaultListableBeanFactory - Finished creating instance of bean 'org.springframework.boot.autoconfigure.web.DispatcherServletAutoConfiguration$DispatcherServletConfiguration'
23:08:29.233 [Test worker] ?[39m[DEBUG]?[0;39m o.s.b.f.s.DefaultListableBeanFactory - Creating shared instance of singleton bean 'dispatcherServlet'
23:08:29.233 [Test worker] ?[39m[DEBUG]?[0;39m o.s.b.f.s.DefaultListableBeanFactory - Creating instance of bean 'dispatcherServlet'
23:08:29.233 [Test worker] ?[39m[DEBUG]?[0;39m o.s.b.f.s.DefaultListableBeanFactory - Returning cached instance of singleton bean 'org.springframework.boot.autoconfigure.web.DispatcherServletAutoConfiguration$DispatcherServletConfiguration'
23:08:29.243 [Test worker] ?[39m[DEBUG]?[0;39m o.s.b.f.s.DefaultListableBeanFactory - Eagerly caching bean 'dispatcherServlet' to allow for resolving potential circular references
23:08:29.251 [Test worker] ?[39m[DEBUG]?[0;39m o.s.b.f.s.DefaultListableBeanFactory - Finished creating instance of bean 'dispatcherServlet'
23:08:29.251 [Test worker] ?[39m[DEBUG]?[0;39m o.s.b.f.s.DefaultListableBeanFactory - Returning cached instance of singleton bean 'spring.mvc-org.springframework.boot.autoconfigure.web.WebMvcProperties'
23:08:29.251 [Test worker] ?[39m[DEBUG]?[0;39m o.s.b.f.s.DefaultListableBeanFactory - Creating shared instance of singleton bean 'org.springframework.boot.autoconfigure.web.DispatcherServletAutoConfiguration$DispatcherServletRegistrationConfiguration'
23:08:29.251 [Test worker] ?[39m[DEBUG]?[0;39m o.s.b.f.s.DefaultListableBeanFactory - Creating instance of bean 'org.springframework.boot.autoconfigure.web.DispatcherServletAutoConfiguration$DispatcherServletRegistrationConfiguration'
23:08:29.252 [Test worker] ?[39m[DEBUG]?[0;39m o.s.c.LocalVariableTableParameterNameDiscoverer - Cannot find '.class' file for class [class org.springframework.boot.autoconfigure.web.DispatcherServletAutoConfiguration$DispatcherServletRegistrationConfiguration$$EnhancerBySpringCGLIB$$522646cd] - unable to determine constructor/method parameter names
23:08:29.252 [Test worker] ?[39m[DEBUG]?[0;39m o.s.b.f.s.DefaultListableBeanFactory - Returning cached instance of singleton bean 'serverProperties'
23:08:29.252 [Test worker] ?[39m[DEBUG]?[0;39m o.s.b.f.s.DefaultListableBeanFactory - Returning cached instance of singleton bean 'spring.mvc-org.springframework.boot.autoconfigure.web.WebMvcProperties'
23:08:29.252 [Test worker] ?[39m[DEBUG]?[0;39m o.s.b.f.s.DefaultListableBeanFactory - Autowiring by type from bean name 'org.springframework.boot.autoconfigure.web.DispatcherServletAutoConfiguration$DispatcherServletRegistrationConfiguration' via constructor to bean named 'serverProperties'
23:08:29.252 [Test worker] ?[39m[DEBUG]?[0;39m o.s.b.f.s.DefaultListableBeanFactory - Autowiring by type from bean name 'org.springframework.boot.autoconfigure.web.DispatcherServletAutoConfiguration$DispatcherServletRegistrationConfiguration' via constructor to bean named 'spring.mvc-org.springframework.boot.autoconfigure.web.WebMvcProperties'
23:08:29.253 [Test worker] ?[39m[DEBUG]?[0;39m o.s.b.f.s.DefaultListableBeanFactory - Creating shared instance of singleton bean 'multipartConfigElement'
23:08:29.253 [Test worker] ?[39m[DEBUG]?[0;39m o.s.b.f.s.DefaultListableBeanFactory - Creating instance of bean 'multipartConfigElement'
23:08:29.253 [Test worker] ?[39m[DEBUG]?[0;39m o.s.b.f.s.DefaultListableBeanFactory - Creating shared instance of singleton bean 'org.springframework.boot.autoconfigure.web.MultipartAutoConfiguration'
23:08:29.253 [Test worker] ?[39m[DEBUG]?[0;39m o.s.b.f.s.DefaultListableBeanFactory - Creating instance of bean 'org.springframework.boot.autoconfigure.web.MultipartAutoConfiguration'
23:08:29.254 [Test worker] ?[39m[DEBUG]?[0;39m o.s.c.LocalVariableTableParameterNameDiscoverer - Cannot find '.class' file for class [class org.springframework.boot.autoconfigure.web.MultipartAutoConfiguration$$EnhancerBySpringCGLIB$$eb7ebb9a] - unable to determine constructor/method parameter names
23:08:29.254 [Test worker] ?[39m[DEBUG]?[0;39m o.s.b.f.s.DefaultListableBeanFactory - Creating shared instance of singleton bean 'spring.http.multipart-org.springframework.boot.autoconfigure.web.MultipartProperties'
23:08:29.254 [Test worker] ?[39m[DEBUG]?[0;39m o.s.b.f.s.DefaultListableBeanFactory - Creating instance of bean 'spring.http.multipart-org.springframework.boot.autoconfigure.web.MultipartProperties'
23:08:29.254 [Test worker] ?[39m[DEBUG]?[0;39m o.s.b.f.s.DefaultListableBeanFactory - Eagerly caching bean 'spring.http.multipart-org.springframework.boot.autoconfigure.web.MultipartProperties' to allow for resolving potential circular references
23:08:29.258 [Test worker] ?[39m[DEBUG]?[0;39m o.s.c.e.MutablePropertySources - Adding [Inlined Test Properties] PropertySource with lowest search precedence
23:08:29.259 [Test worker] ?[39m[DEBUG]?[0;39m o.s.c.e.MutablePropertySources - Adding [systemProperties] PropertySource with lowest search precedence
23:08:29.259 [Test worker] ?[39m[DEBUG]?[0;39m o.s.c.e.MutablePropertySources - Adding [systemEnvironment] PropertySource with lowest search precedence
23:08:29.259 [Test worker] ?[39m[DEBUG]?[0;39m o.s.c.e.MutablePropertySources - Adding [random] PropertySource with lowest search precedence
23:08:29.259 [Test worker] ?[39m[DEBUG]?[0;39m o.s.c.e.MutablePropertySources - Adding [localProperties] PropertySource with lowest search precedence
23:08:29.260 [Test worker] ?[39m[DEBUG]?[0;39m o.s.b.f.s.DefaultListableBeanFactory - Finished creating instance of bean 'spring.http.multipart-org.springframework.boot.autoconfigure.web.MultipartProperties'
23:08:29.260 [Test worker] ?[39m[DEBUG]?[0;39m o.s.b.f.s.DefaultListableBeanFactory - Autowiring by type from bean name 'org.springframework.boot.autoconfigure.web.MultipartAutoConfiguration' via constructor to bean named 'spring.http.multipart-org.springframework.boot.autoconfigure.web.MultipartProperties'
23:08:29.260 [Test worker] ?[39m[DEBUG]?[0;39m o.s.b.f.s.DefaultListableBeanFactory - Eagerly caching bean 'org.springframework.boot.autoconfigure.web.MultipartAutoConfiguration' to allow for resolving potential circular references
23:08:29.263 [Test worker] ?[39m[DEBUG]?[0;39m o.s.b.f.s.DefaultListableBeanFactory - Finished creating instance of bean 'org.springframework.boot.autoconfigure.web.MultipartAutoConfiguration'
23:08:29.265 [Test worker] ?[39m[DEBUG]?[0;39m o.s.b.f.s.DefaultListableBeanFactory - Eagerly caching bean 'multipartConfigElement' to allow for resolving potential circular references
23:08:29.267 [Test worker] ?[39m[DEBUG]?[0;39m o.s.b.f.s.DefaultListableBeanFactory - Finished creating instance of bean 'multipartConfigElement'
23:08:29.267 [Test worker] ?[39m[DEBUG]?[0;39m o.s.b.f.s.DefaultListableBeanFactory - Eagerly caching bean 'org.springframework.boot.autoconfigure.web.DispatcherServletAutoConfiguration$DispatcherServletRegistrationConfiguration' to allow for resolving potential circular references
23:08:29.270 [Test worker] ?[39m[DEBUG]?[0;39m o.s.b.f.s.DefaultListableBeanFactory - Finished creating instance of bean 'org.springframework.boot.autoconfigure.web.DispatcherServletAutoConfiguration$DispatcherServletRegistrationConfiguration'
23:08:29.270 [Test worker] ?[39m[DEBUG]?[0;39m o.s.b.f.s.DefaultListableBeanFactory - Creating shared instance of singleton bean 'dispatcherServletRegistration'
23:08:29.270 [Test worker] ?[39m[DEBUG]?[0;39m o.s.b.f.s.DefaultListableBeanFactory - Creating instance of bean 'dispatcherServletRegistration'
23:08:29.270 [Test worker] ?[39m[DEBUG]?[0;39m o.s.b.f.s.DefaultListableBeanFactory - Returning cached instance of singleton bean 'org.springframework.boot.autoconfigure.web.DispatcherServletAutoConfiguration$DispatcherServletRegistrationConfiguration'
23:08:29.271 [Test worker] ?[39m[DEBUG]?[0;39m o.s.b.f.s.DefaultListableBeanFactory - Returning cached instance of singleton bean 'dispatcherServlet'
23:08:29.271 [Test worker] ?[39m[DEBUG]?[0;39m o.s.b.f.s.DefaultListableBeanFactory - Autowiring by type from bean name 'dispatcherServletRegistration' via factory method to bean named 'dispatcherServlet'
23:08:29.274 [Test worker] ?[39m[DEBUG]?[0;39m o.s.b.f.s.DefaultListableBeanFactory - Eagerly caching bean 'dispatcherServletRegistration' to allow for resolving potential circular references
23:08:29.276 [Test worker] ?[39m[DEBUG]?[0;39m o.s.b.f.s.DefaultListableBeanFactory - Finished creating instance of bean 'dispatcherServletRegistration'
23:08:29.276 [Test worker] ?[39m[DEBUG]?[0;39m o.s.b.f.s.DefaultListableBeanFactory - Creating shared instance of singleton bean 'org.springframework.boot.autoconfigure.web.DispatcherServletAutoConfiguration'
23:08:29.276 [Test worker] ?[39m[DEBUG]?[0;39m o.s.b.f.s.DefaultListableBeanFactory - Creating instance of bean 'org.springframework.boot.autoconfigure.web.DispatcherServletAutoConfiguration'
23:08:29.277 [Test worker] ?[39m[DEBUG]?[0;39m o.s.b.f.s.DefaultListableBeanFactory - Eagerly caching bean 'org.springframework.boot.autoconfigure.web.DispatcherServletAutoConfiguration' to allow for resolving potential circular references
23:08:29.279 [Test worker] ?[39m[DEBUG]?[0;39m o.s.b.f.s.DefaultListableBeanFactory - Finished creating instance of bean 'org.springframework.boot.autoconfigure.web.DispatcherServletAutoConfiguration'
23:08:29.279 [Test worker] ?[39m[DEBUG]?[0;39m o.s.b.f.s.DefaultListableBeanFactory - Creating shared instance of singleton bean 'org.springframework.boot.autoconfigure.validation.ValidationAutoConfiguration'
23:08:29.279 [Test worker] ?[39m[DEBUG]?[0;39m o.s.b.f.s.DefaultListableBeanFactory - Creating instance of bean 'org.springframework.boot.autoconfigure.validation.ValidationAutoConfiguration'
23:08:29.279 [Test worker] ?[39m[DEBUG]?[0;39m o.s.b.f.s.DefaultListableBeanFactory - Eagerly caching bean 'org.springframework.boot.autoconfigure.validation.ValidationAutoConfiguration' to allow for resolving potential circular references
23:08:29.281 [Test worker] ?[39m[DEBUG]?[0;39m o.s.b.f.s.DefaultListableBeanFactory - Finished creating instance of bean 'org.springframework.boot.autoconfigure.validation.ValidationAutoConfiguration'
23:08:29.281 [Test worker] ?[39m[DEBUG]?[0;39m o.s.b.f.s.DefaultListableBeanFactory - Returning cached instance of singleton bean 'jsr303Validator'
23:08:29.282 [Test worker] ?[39m[DEBUG]?[0;39m o.s.b.f.s.DefaultListableBeanFactory - Returning cached instance of singleton bean 'methodValidationPostProcessor'
23:08:29.282 [Test worker] ?[39m[DEBUG]?[0;39m o.s.b.f.s.DefaultListableBeanFactory - Creating shared instance of singleton bean 'org.springframework.boot.autoconfigure.web.ErrorMvcAutoConfiguration$WhitelabelErrorViewConfiguration'
23:08:29.282 [Test worker] ?[39m[DEBUG]?[0;39m o.s.b.f.s.DefaultListableBeanFactory - Creating instance of bean 'org.springframework.boot.autoconfigure.web.ErrorMvcAutoConfiguration$WhitelabelErrorViewConfiguration'
23:08:29.282 [Test worker] ?[39m[DEBUG]?[0;39m o.s.b.f.s.DefaultListableBeanFactory - Eagerly caching bean 'org.springframework.boot.autoconfigure.web.ErrorMvcAutoConfiguration$WhitelabelErrorViewConfiguration' to allow for resolving potential circular references
23:08:29.284 [Test worker] ?[39m[DEBUG]?[0;39m o.s.b.f.s.DefaultListableBeanFactory - Finished creating instance of bean 'org.springframework.boot.autoconfigure.web.ErrorMvcAutoConfiguration$WhitelabelErrorViewConfiguration'
23:08:29.285 [Test worker] ?[39m[DEBUG]?[0;39m o.s.b.f.s.DefaultListableBeanFactory - Creating shared instance of singleton bean 'error'
23:08:29.285 [Test worker] ?[39m[DEBUG]?[0;39m o.s.b.f.s.DefaultListableBeanFactory - Creating instance of bean 'error'
23:08:29.285 [Test worker] ?[39m[DEBUG]?[0;39m o.s.b.f.s.DefaultListableBeanFactory - Returning cached instance of singleton bean 'org.springframework.boot.autoconfigure.web.ErrorMvcAutoConfiguration$WhitelabelErrorViewConfiguration'
23:08:29.287 [Test worker] ?[39m[DEBUG]?[0;39m o.s.b.f.s.DefaultListableBeanFactory - Eagerly caching bean 'error' to allow for resolving potential circular references
23:08:29.288 [Test worker] ?[39m[DEBUG]?[0;39m o.s.b.f.s.DefaultListableBeanFactory - Finished creating instance of bean 'error'
23:08:29.289 [Test worker] ?[39m[DEBUG]?[0;39m o.s.b.f.s.DefaultListableBeanFactory - Creating shared instance of singleton bean 'beanNameViewResolver'
23:08:29.289 [Test worker] ?[39m[DEBUG]?[0;39m o.s.b.f.s.DefaultListableBeanFactory - Creating instance of bean 'beanNameViewResolver'
23:08:29.289 [Test worker] ?[39m[DEBUG]?[0;39m o.s.b.f.s.DefaultListableBeanFactory - Returning cached instance of singleton bean 'org.springframework.boot.autoconfigure.web.ErrorMvcAutoConfiguration$WhitelabelErrorViewConfiguration'
23:08:29.290 [Test worker] ?[39m[DEBUG]?[0;39m o.s.b.f.s.DefaultListableBeanFactory - Eagerly caching bean 'beanNameViewResolver' to allow for resolving potential circular references
23:08:29.294 [Test worker] ?[39m[DEBUG]?[0;39m o.s.b.f.s.DefaultListableBeanFactory - Finished creating instance of bean 'beanNameViewResolver'
23:08:29.294 [Test worker] ?[39m[DEBUG]?[0;39m o.s.b.f.s.DefaultListableBeanFactory - Returning cached instance of singleton bean 'org.springframework.boot.autoconfigure.web.ErrorMvcAutoConfiguration$DefaultErrorViewResolverConfiguration'
23:08:29.294 [Test worker] ?[39m[DEBUG]?[0;39m o.s.b.f.s.DefaultListableBeanFactory - Returning cached instance of singleton bean 'conventionErrorViewResolver'
23:08:29.294 [Test worker] ?[39m[DEBUG]?[0;39m o.s.b.f.s.DefaultListableBeanFactory - Returning cached instance of singleton bean 'org.springframework.boot.autoconfigure.web.ErrorMvcAutoConfiguration'
23:08:29.294 [Test worker] ?[39m[DEBUG]?[0;39m o.s.b.f.s.DefaultListableBeanFactory - Creating shared instance of singleton bean 'errorAttributes'
23:08:29.294 [Test worker] ?[39m[DEBUG]?[0;39m o.s.b.f.s.DefaultListableBeanFactory - Creating instance of bean 'errorAttributes'
23:08:29.295 [Test worker] ?[39m[DEBUG]?[0;39m o.s.b.f.s.DefaultListableBeanFactory - Returning cached instance of singleton bean 'org.springframework.boot.autoconfigure.web.ErrorMvcAutoConfiguration'
23:08:29.295 [Test worker] ?[39m[DEBUG]?[0;39m o.s.b.f.s.DefaultListableBeanFactory - Eagerly caching bean 'errorAttributes' to allow for resolving potential circular references
23:08:29.298 [Test worker] ?[39m[DEBUG]?[0;39m o.s.b.f.s.DefaultListableBeanFactory - Finished creating instance of bean 'errorAttributes'
23:08:29.298 [Test worker] ?[39m[DEBUG]?[0;39m o.s.b.f.s.DefaultListableBeanFactory - Creating shared instance of singleton bean 'basicErrorController'
23:08:29.298 [Test worker] ?[39m[DEBUG]?[0;39m o.s.b.f.s.DefaultListableBeanFactory - Creating instance of bean 'basicErrorController'
23:08:29.298 [Test worker] ?[39m[DEBUG]?[0;39m o.s.b.f.s.DefaultListableBeanFactory - Returning cached instance of singleton bean 'org.springframework.boot.autoconfigure.web.ErrorMvcAutoConfiguration'
23:08:29.299 [Test worker] ?[39m[DEBUG]?[0;39m o.s.b.f.s.DefaultListableBeanFactory - Returning cached instance of singleton bean 'errorAttributes'
23:08:29.299 [Test worker] ?[39m[DEBUG]?[0;39m o.s.b.f.s.DefaultListableBeanFactory - Autowiring by type from bean name 'basicErrorController' via factory method to bean named 'errorAttributes'
23:08:29.302 [Test worker] ?[39m[DEBUG]?[0;39m o.s.b.f.s.DefaultListableBeanFactory - Eagerly caching bean 'basicErrorController' to allow for resolving potential circular references
23:08:29.304 [Test worker] ?[39m[DEBUG]?[0;39m o.s.b.f.s.DefaultListableBeanFactory - Finished creating instance of bean 'basicErrorController'
23:08:29.304 [Test worker] ?[39m[DEBUG]?[0;39m o.s.b.f.s.DefaultListableBeanFactory - Returning cached instance of singleton bean 'errorPageCustomizer'
23:08:29.304 [Test worker] ?[39m[DEBUG]?[0;39m o.s.b.f.s.DefaultListableBeanFactory - Returning cached instance of singleton bean 'preserveErrorControllerTargetClassPostProcessor'
23:08:29.304 [Test worker] ?[39m[DEBUG]?[0;39m o.s.b.f.s.DefaultListableBeanFactory - Returning cached instance of singleton bean 'spring.resources-org.springframework.boot.autoconfigure.web.ResourceProperties'
23:08:29.304 [Test worker] ?[39m[DEBUG]?[0;39m o.s.b.f.s.DefaultListableBeanFactory - Creating shared instance of singleton bean 'org.springframework.boot.autoconfigure.web.WebMvcAutoConfiguration$EnableWebMvcConfiguration'
23:08:29.304 [Test worker] ?[39m[DEBUG]?[0;39m o.s.b.f.s.DefaultListableBeanFactory - Creating instance of bean 'org.springframework.boot.autoconfigure.web.WebMvcAutoConfiguration$EnableWebMvcConfiguration'
23:08:29.305 [Test worker] ?[39m[DEBUG]?[0;39m o.s.c.LocalVariableTableParameterNameDiscoverer - Cannot find '.class' file for class [class org.springframework.boot.autoconfigure.web.WebMvcAutoConfiguration$EnableWebMvcConfiguration$$EnhancerBySpringCGLIB$$87feaa5d] - unable to determine constructor/method parameter names
23:08:29.305 [Test worker] ?[39m[DEBUG]?[0;39m o.s.b.f.s.DefaultListableBeanFactory - Autowiring by type from bean name 'org.springframework.boot.autoconfigure.web.WebMvcAutoConfiguration$EnableWebMvcConfiguration' via constructor to bean named 'org.springframework.beans.factory.support.DefaultListableBeanFactory@3e028640'
23:08:29.306 [Test worker] ?[39m[DEBUG]?[0;39m o.s.b.f.s.DefaultListableBeanFactory - Returning cached instance of singleton bean 'spring.mvc-org.springframework.boot.autoconfigure.web.WebMvcProperties'
23:08:29.311 [Test worker] ?[39m[DEBUG]?[0;39m o.s.b.f.a.InjectionMetadata - Registered injected element on class [org.springframework.boot.autoconfigure.web.WebMvcAutoConfiguration$EnableWebMvcConfiguration$$EnhancerBySpringCGLIB$$87feaa5d]: AutowiredMethodElement for public void org.springframework.web.servlet.config.annotation.DelegatingWebMvcConfiguration.setConfigurers(java.util.List)
23:08:29.311 [Test worker] ?[39m[DEBUG]?[0;39m o.s.b.f.s.DefaultListableBeanFactory - Eagerly caching bean 'org.springframework.boot.autoconfigure.web.WebMvcAutoConfiguration$EnableWebMvcConfiguration' to allow for resolving potential circular references
23:08:29.311 [Test worker] ?[39m[DEBUG]?[0;39m o.s.b.f.a.InjectionMetadata - Processing injected element of bean 'org.springframework.boot.autoconfigure.web.WebMvcAutoConfiguration$EnableWebMvcConfiguration': AutowiredMethodElement for public void org.springframework.web.servlet.config.annotation.DelegatingWebMvcConfiguration.setConfigurers(java.util.List)
23:08:29.312 [Test worker] ?[39m[DEBUG]?[0;39m o.s.b.f.s.DefaultListableBeanFactory - Creating shared instance of singleton bean 'org.springframework.boot.autoconfigure.web.WebMvcAutoConfiguration$WebMvcAutoConfigurationAdapter'
23:08:29.312 [Test worker] ?[39m[DEBUG]?[0;39m o.s.b.f.s.DefaultListableBeanFactory - Creating instance of bean 'org.springframework.boot.autoconfigure.web.WebMvcAutoConfiguration$WebMvcAutoConfigurationAdapter'
23:08:29.313 [Test worker] ?[39m[DEBUG]?[0;39m o.s.c.LocalVariableTableParameterNameDiscoverer - Cannot find '.class' file for class [class org.springframework.boot.autoconfigure.web.WebMvcAutoConfiguration$WebMvcAutoConfigurationAdapter$$EnhancerBySpringCGLIB$$1bd45fd0] - unable to determine constructor/method parameter names
23:08:29.313 [Test worker] ?[39m[DEBUG]?[0;39m o.s.b.f.s.DefaultListableBeanFactory - Returning cached instance of singleton bean 'spring.resources-org.springframework.boot.autoconfigure.web.ResourceProperties'
23:08:29.313 [Test worker] ?[39m[DEBUG]?[0;39m o.s.b.f.s.DefaultListableBeanFactory - Returning cached instance of singleton bean 'spring.mvc-org.springframework.boot.autoconfigure.web.WebMvcProperties'
23:08:29.314 [Test worker] ?[39m[DEBUG]?[0;39m o.s.b.f.s.DefaultListableBeanFactory - Creating shared instance of singleton bean 'messageConverters'
23:08:29.314 [Test worker] ?[39m[DEBUG]?[0;39m o.s.b.f.s.DefaultListableBeanFactory - Creating instance of bean 'messageConverters'
23:08:29.314 [Test worker] ?[39m[DEBUG]?[0;39m o.s.b.f.s.DefaultListableBeanFactory - Creating shared instance of singleton bean 'org.springframework.boot.autoconfigure.web.HttpMessageConvertersAutoConfiguration'
23:08:29.314 [Test worker] ?[39m[DEBUG]?[0;39m o.s.b.f.s.DefaultListableBeanFactory - Creating instance of bean 'org.springframework.boot.autoconfigure.web.HttpMessageConvertersAutoConfiguration'
23:08:29.315 [Test worker] ?[39m[DEBUG]?[0;39m o.s.c.LocalVariableTableParameterNameDiscoverer - Cannot find '.class' file for class [class org.springframework.boot.autoconfigure.web.HttpMessageConvertersAutoConfiguration$$EnhancerBySpringCGLIB$$c18926b4] - unable to determine constructor/method parameter names
23:08:29.316 [Test worker] ?[39m[DEBUG]?[0;39m o.s.b.f.s.DefaultListableBeanFactory - Creating shared instance of singleton bean 'stringHttpMessageConverter'
23:08:29.316 [Test worker] ?[39m[DEBUG]?[0;39m o.s.b.f.s.DefaultListableBeanFactory - Creating instance of bean 'stringHttpMessageConverter'
23:08:29.316 [Test worker] ?[39m[DEBUG]?[0;39m o.s.b.f.s.DefaultListableBeanFactory - Creating shared instance of singleton bean 'org.springframework.boot.autoconfigure.web.HttpMessageConvertersAutoConfiguration$StringHttpMessageConverterConfiguration'
23:08:29.316 [Test worker] ?[39m[DEBUG]?[0;39m o.s.b.f.s.DefaultListableBeanFactory - Creating instance of bean 'org.springframework.boot.autoconfigure.web.HttpMessageConvertersAutoConfiguration$StringHttpMessageConverterConfiguration'
23:08:29.318 [Test worker] ?[39m[DEBUG]?[0;39m o.s.c.LocalVariableTableParameterNameDiscoverer - Cannot find '.class' file for class [class org.springframework.boot.autoconfigure.web.HttpMessageConvertersAutoConfiguration$StringHttpMessageConverterConfiguration$$EnhancerBySpringCGLIB$$7dff3154] - unable to determine constructor/method parameter names
23:08:29.318 [Test worker] ?[39m[DEBUG]?[0;39m o.s.b.f.s.DefaultListableBeanFactory - Returning cached instance of singleton bean 'spring.http.encoding-org.springframework.boot.autoconfigure.web.HttpEncodingProperties'
23:08:29.318 [Test worker] ?[39m[DEBUG]?[0;39m o.s.b.f.s.DefaultListableBeanFactory - Autowiring by type from bean name 'org.springframework.boot.autoconfigure.web.HttpMessageConvertersAutoConfiguration$StringHttpMessageConverterConfiguration' via constructor to bean named 'spring.http.encoding-org.springframework.boot.autoconfigure.web.HttpEncodingProperties'
23:08:29.318 [Test worker] ?[39m[DEBUG]?[0;39m o.s.b.f.s.DefaultListableBeanFactory - Eagerly caching bean 'org.springframework.boot.autoconfigure.web.HttpMessageConvertersAutoConfiguration$StringHttpMessageConverterConfiguration' to allow for resolving potential circular references
23:08:29.321 [Test worker] ?[39m[DEBUG]?[0;39m o.s.b.f.s.DefaultListableBeanFactory - Finished creating instance of bean 'org.springframework.boot.autoconfigure.web.HttpMessageConvertersAutoConfiguration$StringHttpMessageConverterConfiguration'
23:08:29.325 [Test worker] ?[39m[DEBUG]?[0;39m o.s.b.f.s.DefaultListableBeanFactory - Eagerly caching bean 'stringHttpMessageConverter' to allow for resolving potential circular references
23:08:29.329 [Test worker] ?[39m[DEBUG]?[0;39m o.s.b.f.s.DefaultListableBeanFactory - Finished creating instance of bean 'stringHttpMessageConverter'
23:08:29.329 [Test worker] ?[39m[DEBUG]?[0;39m o.s.b.f.s.DefaultListableBeanFactory - Creating shared instance of singleton bean 'mappingJackson2HttpMessageConverter'
23:08:29.329 [Test worker] ?[39m[DEBUG]?[0;39m o.s.b.f.s.DefaultListableBeanFactory - Creating instance of bean 'mappingJackson2HttpMessageConverter'
23:08:29.329 [Test worker] ?[39m[DEBUG]?[0;39m o.s.b.f.s.DefaultListableBeanFactory - Creating shared instance of singleton bean 'org.springframework.boot.autoconfigure.web.JacksonHttpMessageConvertersConfiguration$MappingJackson2HttpMessageConverterConfiguration'
23:08:29.329 [Test worker] ?[39m[DEBUG]?[0;39m o.s.b.f.s.DefaultListableBeanFactory - Creating instance of bean 'org.springframework.boot.autoconfigure.web.JacksonHttpMessageConvertersConfiguration$MappingJackson2HttpMessageConverterConfiguration'
23:08:29.330 [Test worker] ?[39m[DEBUG]?[0;39m o.s.b.f.s.DefaultListableBeanFactory - Eagerly caching bean 'org.springframework.boot.autoconfigure.web.JacksonHttpMessageConvertersConfiguration$MappingJackson2HttpMessageConverterConfiguration' to allow for resolving potential circular references
23:08:29.332 [Test worker] ?[39m[DEBUG]?[0;39m o.s.b.f.s.DefaultListableBeanFactory - Finished creating instance of bean 'org.springframework.boot.autoconfigure.web.JacksonHttpMessageConvertersConfiguration$MappingJackson2HttpMessageConverterConfiguration'
23:08:29.333 [Test worker] ?[39m[DEBUG]?[0;39m o.s.b.f.s.DefaultListableBeanFactory - Returning cached instance of singleton bean 'jacksonObjectMapper'
23:08:29.333 [Test worker] ?[39m[DEBUG]?[0;39m o.s.b.f.s.DefaultListableBeanFactory - Autowiring by type from bean name 'mappingJackson2HttpMessageConverter' via factory method to bean named 'jacksonObjectMapper'
23:08:29.336 [Test worker] ?[39m[DEBUG]?[0;39m o.s.b.f.s.DefaultListableBeanFactory - Eagerly caching bean 'mappingJackson2HttpMessageConverter' to allow for resolving potential circular references
23:08:29.341 [Test worker] ?[39m[DEBUG]?[0;39m o.s.b.f.s.DefaultListableBeanFactory - Finished creating instance of bean 'mappingJackson2HttpMessageConverter'
23:08:29.341 [Test worker] ?[39m[DEBUG]?[0;39m o.s.b.f.s.DefaultListableBeanFactory - Eagerly caching bean 'org.springframework.boot.autoconfigure.web.HttpMessageConvertersAutoConfiguration' to allow for resolving potential circular references
23:08:29.344 [Test worker] ?[39m[DEBUG]?[0;39m o.s.b.f.s.DefaultListableBeanFactory - Finished creating instance of bean 'org.springframework.boot.autoconfigure.web.HttpMessageConvertersAutoConfiguration'
23:08:29.353 [Test worker] ?[39m[DEBUG]?[0;39m o.s.b.f.s.DefaultListableBeanFactory - Eagerly caching bean 'messageConverters' to allow for resolving potential circular references
23:08:29.354 [Test worker] ?[39m[DEBUG]?[0;39m o.s.b.f.s.DefaultListableBeanFactory - Finished creating instance of bean 'messageConverters'
23:08:29.355 [Test worker] ?[39m[DEBUG]?[0;39m o.s.b.f.s.DefaultListableBeanFactory - Autowiring by type from bean name 'org.springframework.boot.autoconfigure.web.WebMvcAutoConfiguration$WebMvcAutoConfigurationAdapter' via constructor to bean named 'spring.resources-org.springframework.boot.autoconfigure.web.ResourceProperties'
23:08:29.355 [Test worker] ?[39m[DEBUG]?[0;39m o.s.b.f.s.DefaultListableBeanFactory - Autowiring by type from bean name 'org.springframework.boot.autoconfigure.web.WebMvcAutoConfiguration$WebMvcAutoConfigurationAdapter' via constructor to bean named 'spring.mvc-org.springframework.boot.autoconfigure.web.WebMvcProperties'
23:08:29.355 [Test worker] ?[39m[DEBUG]?[0;39m o.s.b.f.s.DefaultListableBeanFactory - Autowiring by type from bean name 'org.springframework.boot.autoconfigure.web.WebMvcAutoConfiguration$WebMvcAutoConfigurationAdapter' via constructor to bean named 'org.springframework.beans.factory.support.DefaultListableBeanFactory@3e028640'
23:08:29.355 [Test worker] ?[39m[DEBUG]?[0;39m o.s.b.f.s.DefaultListableBeanFactory - Autowiring by type from bean name 'org.springframework.boot.autoconfigure.web.WebMvcAutoConfiguration$WebMvcAutoConfigurationAdapter' via constructor to bean named 'messageConverters'
23:08:29.356 [Test worker] ?[39m[DEBUG]?[0;39m o.s.b.f.s.DefaultListableBeanFactory - Eagerly caching bean 'org.springframework.boot.autoconfigure.web.WebMvcAutoConfiguration$WebMvcAutoConfigurationAdapter' to allow for resolving potential circular references
23:08:29.360 [Test worker] ?[39m[DEBUG]?[0;39m o.s.b.f.s.DefaultListableBeanFactory - Finished creating instance of bean 'org.springframework.boot.autoconfigure.web.WebMvcAutoConfiguration$WebMvcAutoConfigurationAdapter'
23:08:29.361 [Test worker] ?[39m[DEBUG]?[0;39m o.s.b.f.a.AutowiredAnnotationBeanPostProcessor - Autowiring by type from bean name 'org.springframework.boot.autoconfigure.web.WebMvcAutoConfiguration$EnableWebMvcConfiguration' to bean named 'org.springframework.boot.autoconfigure.web.WebMvcAutoConfiguration$WebMvcAutoConfigurationAdapter'
23:08:29.361 [Test worker] ?[39m[DEBUG]?[0;39m o.s.b.f.s.DefaultListableBeanFactory - Finished creating instance of bean 'org.springframework.boot.autoconfigure.web.WebMvcAutoConfiguration$EnableWebMvcConfiguration'
23:08:29.361 [Test worker] ?[39m[DEBUG]?[0;39m o.s.b.f.s.DefaultListableBeanFactory - Creating shared instance of singleton bean 'requestMappingHandlerAdapter'
23:08:29.361 [Test worker] ?[39m[DEBUG]?[0;39m o.s.b.f.s.DefaultListableBeanFactory - Creating instance of bean 'requestMappingHandlerAdapter'
23:08:29.361 [Test worker] ?[39m[DEBUG]?[0;39m o.s.b.f.s.DefaultListableBeanFactory - Returning cached instance of singleton bean 'org.springframework.boot.autoconfigure.web.WebMvcAutoConfiguration$EnableWebMvcConfiguration'
23:08:29.376 [Test worker] ?[39m[DEBUG]?[0;39m o.s.b.f.s.DefaultListableBeanFactory - Creating shared instance of singleton bean 'mvcContentNegotiationManager'
23:08:29.376 [Test worker] ?[39m[DEBUG]?[0;39m o.s.b.f.s.DefaultListableBeanFactory - Creating instance of bean 'mvcContentNegotiationManager'
23:08:29.376 [Test worker] ?[39m[DEBUG]?[0;39m o.s.b.f.s.DefaultListableBeanFactory - Returning cached instance of singleton bean 'org.springframework.boot.autoconfigure.web.WebMvcAutoConfiguration$EnableWebMvcConfiguration'
23:08:29.382 [Test worker] ?[39m[DEBUG]?[0;39m o.s.b.f.s.DefaultListableBeanFactory - Eagerly caching bean 'mvcContentNegotiationManager' to allow for resolving potential circular references
23:08:29.385 [Test worker] ?[39m[DEBUG]?[0;39m o.s.b.f.s.DefaultListableBeanFactory - Finished creating instance of bean 'mvcContentNegotiationManager'
23:08:29.386 [Test worker] ?[39m[DEBUG]?[0;39m o.s.b.f.s.DefaultListableBeanFactory - Creating shared instance of singleton bean 'mvcConversionService'
23:08:29.386 [Test worker] ?[39m[DEBUG]?[0;39m o.s.b.f.s.DefaultListableBeanFactory - Creating instance of bean 'mvcConversionService'
23:08:29.386 [Test worker] ?[39m[DEBUG]?[0;39m o.s.b.f.s.DefaultListableBeanFactory - Returning cached instance of singleton bean 'org.springframework.boot.autoconfigure.web.WebMvcAutoConfiguration$EnableWebMvcConfiguration'
23:08:29.388 [Test worker] ?[39m[DEBUG]?[0;39m o.s.b.f.s.DefaultListableBeanFactory - Eagerly caching bean 'mvcConversionService' to allow for resolving potential circular references
23:08:29.392 [Test worker] ?[39m[DEBUG]?[0;39m o.s.b.f.s.DefaultListableBeanFactory - Finished creating instance of bean 'mvcConversionService'
23:08:29.392 [Test worker] ?[39m[DEBUG]?[0;39m o.s.b.f.s.DefaultListableBeanFactory - Creating shared instance of singleton bean 'mvcValidator'
23:08:29.392 [Test worker] ?[39m[DEBUG]?[0;39m o.s.b.f.s.DefaultListableBeanFactory - Creating instance of bean 'mvcValidator'
23:08:29.393 [Test worker] ?[39m[DEBUG]?[0;39m o.s.b.f.s.DefaultListableBeanFactory - Returning cached instance of singleton bean 'org.springframework.boot.autoconfigure.web.WebMvcAutoConfiguration$EnableWebMvcConfiguration'
23:08:29.394 [Test worker] ?[39m[DEBUG]?[0;39m o.s.b.f.s.DefaultListableBeanFactory - Returning cached instance of singleton bean 'jsr303Validator'
23:08:29.394 [Test worker] ?[39m[DEBUG]?[0;39m o.s.b.f.s.DefaultListableBeanFactory - Eagerly caching bean 'mvcValidator' to allow for resolving potential circular references
23:08:29.398 [Test worker] ?[39m[DEBUG]?[0;39m o.s.b.f.s.DefaultListableBeanFactory - Invoking afterPropertiesSet() on bean with name 'mvcValidator'
23:08:29.398 [Test worker] ?[39m[DEBUG]?[0;39m o.s.b.f.s.DefaultListableBeanFactory - Finished creating instance of bean 'mvcValidator'
23:08:29.402 [Test worker] ?[39m[DEBUG]?[0;39m o.s.b.f.s.DefaultListableBeanFactory - Eagerly caching bean 'requestMappingHandlerAdapter' to allow for resolving potential circular references
23:08:29.410 [Test worker] ?[39m[DEBUG]?[0;39m o.s.b.f.s.DefaultListableBeanFactory - Invoking afterPropertiesSet() on bean with name 'requestMappingHandlerAdapter'
23:08:29.410 [Test worker] ?[34m[INFO ]?[0;39m o.s.w.s.m.m.a.RequestMappingHandlerAdapter - Looking for @ControllerAdvice: org.springframework.web.context.support.GenericWebApplicationContext@651903ed: startup date [Sun Apr 30 23:08:27 EDT 2017]; root of context hierarchy
23:08:29.435 [Test worker] ?[39m[DEBUG]?[0;39m o.s.b.f.s.DefaultListableBeanFactory - Finished creating instance of bean 'requestMappingHandlerAdapter'
23:08:29.435 [Test worker] ?[39m[DEBUG]?[0;39m o.s.b.f.s.DefaultListableBeanFactory - Creating shared instance of singleton bean 'requestMappingHandlerMapping'
23:08:29.435 [Test worker] ?[39m[DEBUG]?[0;39m o.s.b.f.s.DefaultListableBeanFactory - Creating instance of bean 'requestMappingHandlerMapping'
23:08:29.435 [Test worker] ?[39m[DEBUG]?[0;39m o.s.b.f.s.DefaultListableBeanFactory - Returning cached instance of singleton bean 'org.springframework.boot.autoconfigure.web.WebMvcAutoConfiguration$EnableWebMvcConfiguration'
23:08:29.442 [Test worker] ?[39m[DEBUG]?[0;39m o.s.b.f.s.DefaultListableBeanFactory - Returning cached instance of singleton bean 'mvcConversionService'
23:08:29.443 [Test worker] ?[39m[DEBUG]?[0;39m o.s.b.f.s.DefaultListableBeanFactory - Creating shared instance of singleton bean 'mvcResourceUrlProvider'
23:08:29.443 [Test worker] ?[39m[DEBUG]?[0;39m o.s.b.f.s.DefaultListableBeanFactory - Creating instance of bean 'mvcResourceUrlProvider'
23:08:29.443 [Test worker] ?[39m[DEBUG]?[0;39m o.s.b.f.s.DefaultListableBeanFactory - Returning cached instance of singleton bean 'org.springframework.boot.autoconfigure.web.WebMvcAutoConfiguration$EnableWebMvcConfiguration'
23:08:29.444 [Test worker] ?[39m[DEBUG]?[0;39m o.s.b.f.s.DefaultListableBeanFactory - Eagerly caching bean 'mvcResourceUrlProvider' to allow for resolving potential circular references
23:08:29.446 [Test worker] ?[39m[DEBUG]?[0;39m o.s.b.f.s.DefaultListableBeanFactory - Finished creating instance of bean 'mvcResourceUrlProvider'
23:08:29.447 [Test worker] ?[39m[DEBUG]?[0;39m o.s.b.f.s.DefaultListableBeanFactory - Returning cached instance of singleton bean 'mvcContentNegotiationManager'
23:08:29.449 [Test worker] ?[39m[DEBUG]?[0;39m o.s.b.f.s.DefaultListableBeanFactory - Eagerly caching bean 'requestMappingHandlerMapping' to allow for resolving potential circular references
23:08:29.458 [Test worker] ?[39m[DEBUG]?[0;39m o.s.b.f.s.DefaultListableBeanFactory - Invoking afterPropertiesSet() on bean with name 'requestMappingHandlerMapping'
23:08:29.458 [Test worker] ?[39m[DEBUG]?[0;39m o.s.w.s.m.m.a.RequestMappingHandlerMapping - Looking for request mappings in application context: org.springframework.web.context.support.GenericWebApplicationContext@651903ed: startup date [Sun Apr 30 23:08:27 EDT 2017]; root of context hierarchy
23:08:29.468 [Test worker] ?[39m[DEBUG]?[0;39m o.s.w.s.m.m.a.RequestMappingHandlerMapping - 2 request handler methods found on class com.ollee.LoginController: {public org.springframework.web.servlet.ModelAndView com.ollee.LoginController.greetingSubmit(com.ollee.UserName)={[/ || /error/],methods=[POST]}, public java.lang.String com.ollee.LoginController.indexGet(org.springframework.ui.Model)={[/ || /error/],methods=[GET]}}
23:08:29.469 [Test worker] ?[34m[INFO ]?[0;39m o.s.w.s.m.m.a.RequestMappingHandlerMapping - Mapped "{[/ || /error/],methods=[POST]}" onto public org.springframework.web.servlet.ModelAndView com.ollee.LoginController.greetingSubmit(com.ollee.UserName)
23:08:29.470 [Test worker] ?[34m[INFO ]?[0;39m o.s.w.s.m.m.a.RequestMappingHandlerMapping - Mapped "{[/ || /error/],methods=[GET]}" onto public java.lang.String com.ollee.LoginController.indexGet(org.springframework.ui.Model)
23:08:29.470 [Test worker] ?[39m[DEBUG]?[0;39m o.s.c.e.PropertySourcesPropertyResolver - Could not find key 'error.path:/error' in any property source
23:08:29.470 [Test worker] ?[39m[DEBUG]?[0;39m o.s.c.e.PropertySourcesPropertyResolver - Could not find key 'error.path:/error' in any property source
23:08:29.471 [Test worker] ?[39m[DEBUG]?[0;39m o.s.c.e.PropertySourcesPropertyResolver - Could not find key 'error.path' in any property source
23:08:29.471 [Test worker] ?[39m[DEBUG]?[0;39m o.s.c.e.PropertySourcesPropertyResolver - Could not find key 'error.path' in any property source
23:08:29.471 [Test worker] ?[39m[DEBUG]?[0;39m o.s.c.e.PropertySourcesPropertyResolver - Could not find key 'server.error.path:/error' in any property source
23:08:29.471 [Test worker] ?[39m[DEBUG]?[0;39m o.s.c.e.PropertySourcesPropertyResolver - Could not find key 'server.error.path:/error' in any property source
23:08:29.471 [Test worker] ?[39m[DEBUG]?[0;39m o.s.c.e.PropertySourcesPropertyResolver - Could not find key 'server.error.path' in any property source
23:08:29.471 [Test worker] ?[39m[DEBUG]?[0;39m o.s.c.e.PropertySourcesPropertyResolver - Could not find key 'server.error.path' in any property source
23:08:29.471 [Test worker] ?[39m[DEBUG]?[0;39m o.s.c.e.PropertySourcesPropertyResolver - Could not find key 'error.path:/error' in any property source
23:08:29.471 [Test worker] ?[39m[DEBUG]?[0;39m o.s.c.e.PropertySourcesPropertyResolver - Could not find key 'error.path:/error' in any property source
23:08:29.471 [Test worker] ?[39m[DEBUG]?[0;39m o.s.c.e.PropertySourcesPropertyResolver - Could not find key 'error.path' in any property source
23:08:29.471 [Test worker] ?[39m[DEBUG]?[0;39m o.s.c.e.PropertySourcesPropertyResolver - Could not find key 'error.path' in any property source
23:08:29.471 [Test worker] ?[39m[DEBUG]?[0;39m o.s.c.e.PropertySourcesPropertyResolver - Could not find key 'server.error.path:/error' in any property source
23:08:29.471 [Test worker] ?[39m[DEBUG]?[0;39m o.s.c.e.PropertySourcesPropertyResolver - Could not find key 'server.error.path:/error' in any property source
23:08:29.471 [Test worker] ?[39m[DEBUG]?[0;39m o.s.c.e.PropertySourcesPropertyResolver - Could not find key 'server.error.path' in any property source
23:08:29.471 [Test worker] ?[39m[DEBUG]?[0;39m o.s.c.e.PropertySourcesPropertyResolver - Could not find key 'server.error.path' in any property source
23:08:29.472 [Test worker] ?[39m[DEBUG]?[0;39m o.s.w.s.m.m.a.RequestMappingHandlerMapping - 2 request handler methods found on class org.springframework.boot.autoconfigure.web.BasicErrorController: {public org.springframework.http.ResponseEntity org.springframework.boot.autoconfigure.web.BasicErrorController.error(javax.servlet.http.HttpServletRequest)={[/error]}, public org.springframework.web.servlet.ModelAndView org.springframework.boot.autoconfigure.web.BasicErrorController.errorHtml(javax.servlet.http.HttpServletRequest,javax.servlet.http.HttpServletResponse)={[/error],produces=[text/html]}}
23:08:29.472 [Test worker] ?[34m[INFO ]?[0;39m o.s.w.s.m.m.a.RequestMappingHandlerMapping - Mapped "{[/error]}" onto public org.springframework.http.ResponseEntity<java.util.Map<java.lang.String, java.lang.Object>> org.springframework.boot.autoconfigure.web.BasicErrorController.error(javax.servlet.http.HttpServletRequest)
23:08:29.472 [Test worker] ?[34m[INFO ]?[0;39m o.s.w.s.m.m.a.RequestMappingHandlerMapping - Mapped "{[/error],produces=[text/html]}" onto public org.springframework.web.servlet.ModelAndView org.springframework.boot.autoconfigure.web.BasicErrorController.errorHtml(javax.servlet.http.HttpServletRequest,javax.servlet.http.HttpServletResponse)
23:08:29.474 [Test worker] ?[39m[DEBUG]?[0;39m o.s.b.f.s.DefaultListableBeanFactory - Finished creating instance of bean 'requestMappingHandlerMapping'
23:08:29.474 [Test worker] ?[39m[DEBUG]?[0;39m o.s.b.f.s.DefaultListableBeanFactory - Returning cached instance of singleton bean 'mvcValidator'
23:08:29.474 [Test worker] ?[39m[DEBUG]?[0;39m o.s.b.f.s.DefaultListableBeanFactory - Creating shared instance of singleton bean 'mvcPathMatcher'
23:08:29.474 [Test worker] ?[39m[DEBUG]?[0;39m o.s.b.f.s.DefaultListableBeanFactory - Creating instance of bean 'mvcPathMatcher'
23:08:29.474 [Test worker] ?[39m[DEBUG]?[0;39m o.s.b.f.s.DefaultListableBeanFactory - Returning cached instance of singleton bean 'org.springframework.boot.autoconfigure.web.WebMvcAutoConfiguration$EnableWebMvcConfiguration'
23:08:29.475 [Test worker] ?[39m[DEBUG]?[0;39m o.s.b.f.s.DefaultListableBeanFactory - Eagerly caching bean 'mvcPathMatcher' to allow for resolving potential circular references
23:08:29.476 [Test worker] ?[39m[DEBUG]?[0;39m o.s.b.f.s.DefaultListableBeanFactory - Finished creating instance of bean 'mvcPathMatcher'
23:08:29.477 [Test worker] ?[39m[DEBUG]?[0;39m o.s.b.f.s.DefaultListableBeanFactory - Creating shared instance of singleton bean 'mvcUrlPathHelper'
23:08:29.477 [Test worker] ?[39m[DEBUG]?[0;39m o.s.b.f.s.DefaultListableBeanFactory - Creating instance of bean 'mvcUrlPathHelper'
23:08:29.477 [Test worker] ?[39m[DEBUG]?[0;39m o.s.b.f.s.DefaultListableBeanFactory - Returning cached instance of singleton bean 'org.springframework.boot.autoconfigure.web.WebMvcAutoConfiguration$EnableWebMvcConfiguration'
23:08:29.477 [Test worker] ?[39m[DEBUG]?[0;39m o.s.b.f.s.DefaultListableBeanFactory - Eagerly caching bean 'mvcUrlPathHelper' to allow for resolving potential circular references
23:08:29.479 [Test worker] ?[39m[DEBUG]?[0;39m o.s.b.f.s.DefaultListableBeanFactory - Finished creating instance of bean 'mvcUrlPathHelper'
23:08:29.479 [Test worker] ?[39m[DEBUG]?[0;39m o.s.b.f.s.DefaultListableBeanFactory - Returning cached instance of singleton bean 'mvcContentNegotiationManager'
23:08:29.479 [Test worker] ?[39m[DEBUG]?[0;39m o.s.b.f.s.DefaultListableBeanFactory - Creating shared instance of singleton bean 'viewControllerHandlerMapping'
23:08:29.479 [Test worker] ?[39m[DEBUG]?[0;39m o.s.b.f.s.DefaultListableBeanFactory - Creating instance of bean 'viewControllerHandlerMapping'
23:08:29.479 [Test worker] ?[39m[DEBUG]?[0;39m o.s.b.f.s.DefaultListableBeanFactory - Returning cached instance of singleton bean 'org.springframework.boot.autoconfigure.web.WebMvcAutoConfiguration$EnableWebMvcConfiguration'
23:08:29.480 [Test worker] ?[39m[DEBUG]?[0;39m o.s.b.f.s.DefaultListableBeanFactory - Returning cached instance of singleton bean 'mvcPathMatcher'
23:08:29.480 [Test worker] ?[39m[DEBUG]?[0;39m o.s.b.f.s.DefaultListableBeanFactory - Returning cached instance of singleton bean 'mvcUrlPathHelper'
23:08:29.480 [Test worker] ?[39m[DEBUG]?[0;39m o.s.b.f.s.DefaultListableBeanFactory - Eagerly caching bean 'viewControllerHandlerMapping' to allow for resolving potential circular references
23:08:29.485 [Test worker] ?[39m[DEBUG]?[0;39m o.s.b.f.s.DefaultListableBeanFactory - Finished creating instance of bean 'viewControllerHandlerMapping'
23:08:29.485 [Test worker] ?[39m[DEBUG]?[0;39m o.s.b.f.s.DefaultListableBeanFactory - Creating shared instance of singleton bean 'beanNameHandlerMapping'
23:08:29.486 [Test worker] ?[39m[DEBUG]?[0;39m o.s.b.f.s.DefaultListableBeanFactory - Creating instance of bean 'beanNameHandlerMapping'
23:08:29.486 [Test worker] ?[39m[DEBUG]?[0;39m o.s.b.f.s.DefaultListableBeanFactory - Returning cached instance of singleton bean 'org.springframework.boot.autoconfigure.web.WebMvcAutoConfiguration$EnableWebMvcConfiguration'
23:08:29.487 [Test worker] ?[39m[DEBUG]?[0;39m o.s.b.f.s.DefaultListableBeanFactory - Eagerly caching bean 'beanNameHandlerMapping' to allow for resolving potential circular references
23:08:29.502 [Test worker] ?[39m[DEBUG]?[0;39m o.s.w.s.h.BeanNameUrlHandlerMapping - Looking for URL mappings in application context: org.springframework.web.context.support.GenericWebApplicationContext@651903ed: startup date [Sun Apr 30 23:08:27 EDT 2017]; root of context hierarchy
23:08:29.502 [Test worker] ?[39m[DEBUG]?[0;39m o.s.w.s.h.BeanNameUrlHandlerMapping - Rejected bean name 'org.springframework.boot.test.mock.mockito.MockitoPostProcessor$SpyPostProcessor': no URL paths identified
23:08:29.502 [Test worker] ?[39m[DEBUG]?[0;39m o.s.w.s.h.BeanNameUrlHandlerMapping - Rejected bean name 'org.springframework.boot.test.mock.mockito.MockitoPostProcessor': no URL paths identified
23:08:29.502 [Test worker] ?[39m[DEBUG]?[0;39m o.s.w.s.h.BeanNameUrlHandlerMapping - Rejected bean name 'org.springframework.context.annotation.internalConfigurationAnnotationProcessor': no URL paths identified
23:08:29.502 [Test worker] ?[39m[DEBUG]?[0;39m o.s.w.s.h.BeanNameUrlHandlerMapping - Rejected bean name 'org.springframework.context.annotation.internalAutowiredAnnotationProcessor': no URL paths identified
23:08:29.506 [Test worker] ?[39m[DEBUG]?[0;39m o.s.w.s.h.BeanNameUrlHandlerMapping - Rejected bean name 'org.springframework.context.annotation.internalRequiredAnnotationProcessor': no URL paths identified
23:08:29.506 [Test worker] ?[39m[DEBUG]?[0;39m o.s.w.s.h.BeanNameUrlHandlerMapping - Rejected bean name 'org.springframework.context.annotation.internalCommonAnnotationProcessor': no URL paths identified
23:08:29.506 [Test worker] ?[39m[DEBUG]?[0;39m o.s.w.s.h.BeanNameUrlHandlerMapping - Rejected bean name 'org.springframework.context.event.internalEventListenerProcessor': no URL paths identified
23:08:29.506 [Test worker] ?[39m[DEBUG]?[0;39m o.s.w.s.h.BeanNameUrlHandlerMapping - Rejected bean name 'org.springframework.context.event.internalEventListenerFactory': no URL paths identified
23:08:29.506 [Test worker] ?[39m[DEBUG]?[0;39m o.s.w.s.h.BeanNameUrlHandlerMapping - Rejected bean name 'twitchFollowerSuggestionApplication': no URL paths identified
23:08:29.506 [Test worker] ?[39m[DEBUG]?[0;39m o.s.w.s.h.BeanNameUrlHandlerMapping - Rejected bean name 'org.springframework.boot.autoconfigure.internalCachingMetadataReaderFactory': no URL paths identified
23:08:29.506 [Test worker] ?[39m[DEBUG]?[0;39m o.s.w.s.h.BeanNameUrlHandlerMapping - Rejected bean name 'loginController': no URL paths identified
23:08:29.506 [Test worker] ?[39m[DEBUG]?[0;39m o.s.w.s.h.BeanNameUrlHandlerMapping - Rejected bean name 'org.springframework.boot.autoconfigure.AutoConfigurationPackages': no URL paths identified
23:08:29.506 [Test worker] ?[39m[DEBUG]?[0;39m o.s.w.s.h.BeanNameUrlHandlerMapping - Rejected bean name 'org.springframework.boot.autoconfigure.context.PropertyPlaceholderAutoConfiguration': no URL paths identified
23:08:29.506 [Test worker] ?[39m[DEBUG]?[0;39m o.s.w.s.h.BeanNameUrlHandlerMapping - Rejected bean name 'org.springframework.boot.autoconfigure.condition.BeanTypeRegistry': no URL paths identified
23:08:29.506 [Test worker] ?[39m[DEBUG]?[0;39m o.s.w.s.h.BeanNameUrlHandlerMapping - Rejected bean name 'propertySourcesPlaceholderConfigurer': no URL paths identified
23:08:29.506 [Test worker] ?[39m[DEBUG]?[0;39m o.s.w.s.h.BeanNameUrlHandlerMapping - Rejected bean name 'org.springframework.boot.autoconfigure.jackson.JacksonAutoConfiguration$Jackson2ObjectMapperBuilderCustomizerConfiguration': no URL paths identified
23:08:29.506 [Test worker] ?[39m[DEBUG]?[0;39m o.s.w.s.h.BeanNameUrlHandlerMapping - Rejected bean name 'standardJacksonObjectMapperBuilderCustomizer': no URL paths identified
23:08:29.506 [Test worker] ?[39m[DEBUG]?[0;39m o.s.w.s.h.BeanNameUrlHandlerMapping - Rejected bean name 'spring.jackson-org.springframework.boot.autoconfigure.jackson.JacksonProperties': no URL paths identified
23:08:29.506 [Test worker] ?[39m[DEBUG]?[0;39m o.s.w.s.h.BeanNameUrlHandlerMapping - Rejected bean name 'org.springframework.boot.context.properties.ConfigurationPropertiesBindingPostProcessor': no URL paths identified
23:08:29.506 [Test worker] ?[39m[DEBUG]?[0;39m o.s.w.s.h.BeanNameUrlHandlerMapping - Rejected bean name 'org.springframework.boot.context.properties.ConfigurationPropertiesBindingPostProcessor.store': no URL paths identified
23:08:29.506 [Test worker] ?[39m[DEBUG]?[0;39m o.s.w.s.h.BeanNameUrlHandlerMapping - Rejected bean name 'org.springframework.boot.autoconfigure.jackson.JacksonAutoConfiguration$JacksonObjectMapperBuilderConfiguration': no URL paths identified
23:08:29.507 [Test worker] ?[39m[DEBUG]?[0;39m o.s.w.s.h.BeanNameUrlHandlerMapping - Rejected bean name 'jacksonObjectMapperBuilder': no URL paths identified
23:08:29.507 [Test worker] ?[39m[DEBUG]?[0;39m o.s.w.s.h.BeanNameUrlHandlerMapping - Rejected bean name 'org.springframework.boot.autoconfigure.jackson.JacksonAutoConfiguration$JacksonObjectMapperConfiguration': no URL paths identified
23:08:29.507 [Test worker] ?[39m[DEBUG]?[0;39m o.s.w.s.h.BeanNameUrlHandlerMapping - Rejected bean name 'jacksonObjectMapper': no URL paths identified
23:08:29.507 [Test worker] ?[39m[DEBUG]?[0;39m o.s.w.s.h.BeanNameUrlHandlerMapping - Rejected bean name 'org.springframework.boot.autoconfigure.jackson.JacksonAutoConfiguration': no URL paths identified
23:08:29.507 [Test worker] ?[39m[DEBUG]?[0;39m o.s.w.s.h.BeanNameUrlHandlerMapping - Rejected bean name 'jsonComponentModule': no URL paths identified
23:08:29.507 [Test worker] ?[39m[DEBUG]?[0;39m o.s.w.s.h.BeanNameUrlHandlerMapping - Rejected bean name 'org.springframework.boot.autoconfigure.websocket.WebSocketAutoConfiguration$TomcatWebSocketConfiguration': no URL paths identified
23:08:29.507 [Test worker] ?[39m[DEBUG]?[0;39m o.s.w.s.h.BeanNameUrlHandlerMapping - Rejected bean name 'websocketContainerCustomizer': no URL paths identified
23:08:29.507 [Test worker] ?[39m[DEBUG]?[0;39m o.s.w.s.h.BeanNameUrlHandlerMapping - Rejected bean name 'org.springframework.boot.autoconfigure.websocket.WebSocketAutoConfiguration': no URL paths identified
23:08:29.507 [Test worker] ?[39m[DEBUG]?[0;39m o.s.w.s.h.BeanNameUrlHandlerMapping - Rejected bean name 'org.springframework.boot.autoconfigure.web.EmbeddedServletContainerAutoConfiguration$EmbeddedTomcat': no URL paths identified
23:08:29.507 [Test worker] ?[39m[DEBUG]?[0;39m o.s.w.s.h.BeanNameUrlHandlerMapping - Rejected bean name 'tomcatEmbeddedServletContainerFactory': no URL paths identified
23:08:29.507 [Test worker] ?[39m[DEBUG]?[0;39m o.s.w.s.h.BeanNameUrlHandlerMapping - Rejected bean name 'org.springframework.boot.autoconfigure.web.EmbeddedServletContainerAutoConfiguration': no URL paths identified
23:08:29.507 [Test worker] ?[39m[DEBUG]?[0;39m o.s.w.s.h.BeanNameUrlHandlerMapping - Rejected bean name 'embeddedServletContainerCustomizerBeanPostProcessor': no URL paths identified
23:08:29.507 [Test worker] ?[39m[DEBUG]?[0;39m o.s.w.s.h.BeanNameUrlHandlerMapping - Rejected bean name 'errorPageRegistrarBeanPostProcessor': no URL paths identified
23:08:29.507 [Test worker] ?[39m[DEBUG]?[0;39m o.s.w.s.h.BeanNameUrlHandlerMapping - Rejected bean name 'org.springframework.boot.autoconfigure.web.DispatcherServletAutoConfiguration$DispatcherServletConfiguration': no URL paths identified
23:08:29.507 [Test worker] ?[39m[DEBUG]?[0;39m o.s.w.s.h.BeanNameUrlHandlerMapping - Rejected bean name 'dispatcherServlet': no URL paths identified
23:08:29.507 [Test worker] ?[39m[DEBUG]?[0;39m o.s.w.s.h.BeanNameUrlHandlerMapping - Rejected bean name 'spring.mvc-org.springframework.boot.autoconfigure.web.WebMvcProperties': no URL paths identified
23:08:29.507 [Test worker] ?[39m[DEBUG]?[0;39m o.s.w.s.h.BeanNameUrlHandlerMapping - Rejected bean name 'org.springframework.boot.autoconfigure.web.DispatcherServletAutoConfiguration$DispatcherServletRegistrationConfiguration': no URL paths identified
23:08:29.507 [Test worker] ?[39m[DEBUG]?[0;39m o.s.w.s.h.BeanNameUrlHandlerMapping - Rejected bean name 'dispatcherServletRegistration': no URL paths identified
23:08:29.507 [Test worker] ?[39m[DEBUG]?[0;39m o.s.w.s.h.BeanNameUrlHandlerMapping - Rejected bean name 'org.springframework.boot.autoconfigure.web.DispatcherServletAutoConfiguration': no URL paths identified
23:08:29.507 [Test worker] ?[39m[DEBUG]?[0;39m o.s.w.s.h.BeanNameUrlHandlerMapping - Rejected bean name 'org.springframework.boot.autoconfigure.validation.ValidationAutoConfiguration': no URL paths identified
23:08:29.507 [Test worker] ?[39m[DEBUG]?[0;39m o.s.w.s.h.BeanNameUrlHandlerMapping - Rejected bean name 'jsr303Validator': no URL paths identified
23:08:29.507 [Test worker] ?[39m[DEBUG]?[0;39m o.s.w.s.h.BeanNameUrlHandlerMapping - Rejected bean name 'methodValidationPostProcessor': no URL paths identified
23:08:29.507 [Test worker] ?[39m[DEBUG]?[0;39m o.s.w.s.h.BeanNameUrlHandlerMapping - Rejected bean name 'org.springframework.boot.autoconfigure.web.ErrorMvcAutoConfiguration$WhitelabelErrorViewConfiguration': no URL paths identified
23:08:29.507 [Test worker] ?[39m[DEBUG]?[0;39m o.s.w.s.h.BeanNameUrlHandlerMapping - Rejected bean name 'error': no URL paths identified
23:08:29.507 [Test worker] ?[39m[DEBUG]?[0;39m o.s.w.s.h.BeanNameUrlHandlerMapping - Rejected bean name 'beanNameViewResolver': no URL paths identified
23:08:29.507 [Test worker] ?[39m[DEBUG]?[0;39m o.s.w.s.h.BeanNameUrlHandlerMapping - Rejected bean name 'org.springframework.boot.autoconfigure.web.ErrorMvcAutoConfiguration$DefaultErrorViewResolverConfiguration': no URL paths identified
23:08:29.507 [Test worker] ?[39m[DEBUG]?[0;39m o.s.w.s.h.BeanNameUrlHandlerMapping - Rejected bean name 'conventionErrorViewResolver': no URL paths identified
23:08:29.507 [Test worker] ?[39m[DEBUG]?[0;39m o.s.w.s.h.BeanNameUrlHandlerMapping - Rejected bean name 'org.springframework.boot.autoconfigure.web.ErrorMvcAutoConfiguration': no URL paths identified
23:08:29.507 [Test worker] ?[39m[DEBUG]?[0;39m o.s.w.s.h.BeanNameUrlHandlerMapping - Rejected bean name 'errorAttributes': no URL paths identified
23:08:29.507 [Test worker] ?[39m[DEBUG]?[0;39m o.s.w.s.h.BeanNameUrlHandlerMapping - Rejected bean name 'basicErrorController': no URL paths identified
23:08:29.507 [Test worker] ?[39m[DEBUG]?[0;39m o.s.w.s.h.BeanNameUrlHandlerMapping - Rejected bean name 'errorPageCustomizer': no URL paths identified
23:08:29.507 [Test worker] ?[39m[DEBUG]?[0;39m o.s.w.s.h.BeanNameUrlHandlerMapping - Rejected bean name 'preserveErrorControllerTargetClassPostProcessor': no URL paths identified
23:08:29.507 [Test worker] ?[39m[DEBUG]?[0;39m o.s.w.s.h.BeanNameUrlHandlerMapping - Rejected bean name 'spring.resources-org.springframework.boot.autoconfigure.web.ResourceProperties': no URL paths identified
23:08:29.507 [Test worker] ?[39m[DEBUG]?[0;39m o.s.w.s.h.BeanNameUrlHandlerMapping - Rejected bean name 'org.springframework.boot.autoconfigure.web.WebMvcAutoConfiguration$EnableWebMvcConfiguration': no URL paths identified
23:08:29.507 [Test worker] ?[39m[DEBUG]?[0;39m o.s.w.s.h.BeanNameUrlHandlerMapping - Rejected bean name 'requestMappingHandlerAdapter': no URL paths identified
23:08:29.507 [Test worker] ?[39m[DEBUG]?[0;39m o.s.w.s.h.BeanNameUrlHandlerMapping - Rejected bean name 'requestMappingHandlerMapping': no URL paths identified
23:08:29.507 [Test worker] ?[39m[DEBUG]?[0;39m o.s.w.s.h.BeanNameUrlHandlerMapping - Rejected bean name 'mvcValidator': no URL paths identified
23:08:29.507 [Test worker] ?[39m[DEBUG]?[0;39m o.s.w.s.h.BeanNameUrlHandlerMapping - Rejected bean name 'mvcPathMatcher': no URL paths identified
23:08:29.507 [Test worker] ?[39m[DEBUG]?[0;39m o.s.w.s.h.BeanNameUrlHandlerMapping - Rejected bean name 'mvcUrlPathHelper': no URL paths identified
23:08:29.507 [Test worker] ?[39m[DEBUG]?[0;39m o.s.w.s.h.BeanNameUrlHandlerMapping - Rejected bean name 'mvcContentNegotiationManager': no URL paths identified
23:08:29.507 [Test worker] ?[39m[DEBUG]?[0;39m o.s.w.s.h.BeanNameUrlHandlerMapping - Rejected bean name 'viewControllerHandlerMapping': no URL paths identified
23:08:29.508 [Test worker] ?[39m[DEBUG]?[0;39m o.s.w.s.h.BeanNameUrlHandlerMapping - Rejected bean name 'beanNameHandlerMapping': no URL paths identified
23:08:29.508 [Test worker] ?[39m[DEBUG]?[0;39m o.s.w.s.h.BeanNameUrlHandlerMapping - Rejected bean name 'resourceHandlerMapping': no URL paths identified
23:08:29.508 [Test worker] ?[39m[DEBUG]?[0;39m o.s.w.s.h.BeanNameUrlHandlerMapping - Rejected bean name 'mvcResourceUrlProvider': no URL paths identified
23:08:29.508 [Test worker] ?[39m[DEBUG]?[0;39m o.s.w.s.h.BeanNameUrlHandlerMapping - Rejected bean name 'defaultServletHandlerMapping': no URL paths identified
23:08:29.508 [Test worker] ?[39m[DEBUG]?[0;39m o.s.w.s.h.BeanNameUrlHandlerMapping - Rejected bean name 'mvcConversionService': no URL paths identified
23:08:29.508 [Test worker] ?[39m[DEBUG]?[0;39m o.s.w.s.h.BeanNameUrlHandlerMapping - Rejected bean name 'mvcUriComponentsContributor': no URL paths identified
23:08:29.508 [Test worker] ?[39m[DEBUG]?[0;39m o.s.w.s.h.BeanNameUrlHandlerMapping - Rejected bean name 'httpRequestHandlerAdapter': no URL paths identified
23:08:29.508 [Test worker] ?[39m[DEBUG]?[0;39m o.s.w.s.h.BeanNameUrlHandlerMapping - Rejected bean name 'simpleControllerHandlerAdapter': no URL paths identified
23:08:29.508 [Test worker] ?[39m[DEBUG]?[0;39m o.s.w.s.h.BeanNameUrlHandlerMapping - Rejected bean name 'handlerExceptionResolver': no URL paths identified
23:08:29.508 [Test worker] ?[39m[DEBUG]?[0;39m o.s.w.s.h.BeanNameUrlHandlerMapping - Rejected bean name 'mvcViewResolver': no URL paths identified
23:08:29.508 [Test worker] ?[39m[DEBUG]?[0;39m o.s.w.s.h.BeanNameUrlHandlerMapping - Rejected bean name 'org.springframework.boot.autoconfigure.web.WebMvcAutoConfiguration$WebMvcAutoConfigurationAdapter$FaviconConfiguration': no URL paths identified
23:08:29.508 [Test worker] ?[39m[DEBUG]?[0;39m o.s.w.s.h.BeanNameUrlHandlerMapping - Rejected bean name 'faviconHandlerMapping': no URL paths identified
23:08:29.508 [Test worker] ?[39m[DEBUG]?[0;39m o.s.w.s.h.BeanNameUrlHandlerMapping - Rejected bean name 'faviconRequestHandler': no URL paths identified
23:08:29.508 [Test worker] ?[39m[DEBUG]?[0;39m o.s.w.s.h.BeanNameUrlHandlerMapping - Rejected bean name 'org.springframework.boot.autoconfigure.web.WebMvcAutoConfiguration$WebMvcAutoConfigurationAdapter': no URL paths identified
23:08:29.508 [Test worker] ?[39m[DEBUG]?[0;39m o.s.w.s.h.BeanNameUrlHandlerMapping - Rejected bean name 'defaultViewResolver': no URL paths identified
23:08:29.508 [Test worker] ?[39m[DEBUG]?[0;39m o.s.w.s.h.BeanNameUrlHandlerMapping - Rejected bean name 'viewResolver': no URL paths identified
23:08:29.508 [Test worker] ?[39m[DEBUG]?[0;39m o.s.w.s.h.BeanNameUrlHandlerMapping - Rejected bean name 'welcomePageHandlerMapping': no URL paths identified
23:08:29.508 [Test worker] ?[39m[DEBUG]?[0;39m o.s.w.s.h.BeanNameUrlHandlerMapping - Rejected bean name 'requestContextFilter': no URL paths identified
23:08:29.508 [Test worker] ?[39m[DEBUG]?[0;39m o.s.w.s.h.BeanNameUrlHandlerMapping - Rejected bean name 'org.springframework.boot.autoconfigure.web.WebMvcAutoConfiguration': no URL paths identified
23:08:29.508 [Test worker] ?[39m[DEBUG]?[0;39m o.s.w.s.h.BeanNameUrlHandlerMapping - Rejected bean name 'hiddenHttpMethodFilter': no URL paths identified
23:08:29.508 [Test worker] ?[39m[DEBUG]?[0;39m o.s.w.s.h.BeanNameUrlHandlerMapping - Rejected bean name 'httpPutFormContentFilter': no URL paths identified
23:08:29.508 [Test worker] ?[39m[DEBUG]?[0;39m o.s.w.s.h.BeanNameUrlHandlerMapping - Rejected bean name 'org.springframework.boot.autoconfigure.aop.AopAutoConfiguration$JdkDynamicAutoProxyConfiguration': no URL paths identified
23:08:29.508 [Test worker] ?[39m[DEBUG]?[0;39m o.s.w.s.h.BeanNameUrlHandlerMapping - Rejected bean name 'org.springframework.aop.config.internalAutoProxyCreator': no URL paths identified
23:08:29.508 [Test worker] ?[39m[DEBUG]?[0;39m o.s.w.s.h.BeanNameUrlHandlerMapping - Rejected bean name 'org.springframework.boot.autoconfigure.aop.AopAutoConfiguration': no URL paths identified
23:08:29.508 [Test worker] ?[39m[DEBUG]?[0;39m o.s.w.s.h.BeanNameUrlHandlerMapping - Rejected bean name 'org.springframework.boot.autoconfigure.cassandra.CassandraAutoConfiguration': no URL paths identified
23:08:29.508 [Test worker] ?[39m[DEBUG]?[0;39m o.s.w.s.h.BeanNameUrlHandlerMapping - Rejected bean name 'cluster': no URL paths identified
23:08:29.508 [Test worker] ?[39m[DEBUG]?[0;39m o.s.w.s.h.BeanNameUrlHandlerMapping - Rejected bean name 'spring.data.cassandra-org.springframework.boot.autoconfigure.cassandra.CassandraProperties': no URL paths identified
23:08:29.508 [Test worker] ?[39m[DEBUG]?[0;39m o.s.w.s.h.BeanNameUrlHandlerMapping - Rejected bean name 'org.springframework.boot.autoconfigure.context.ConfigurationPropertiesAutoConfiguration': no URL paths identified
23:08:29.508 [Test worker] ?[39m[DEBUG]?[0;39m o.s.w.s.h.BeanNameUrlHandlerMapping - Rejected bean name 'org.springframework.boot.autoconfigure.web.HttpMessageConvertersAutoConfiguration$StringHttpMessageConverterConfiguration': no URL paths identified
23:08:29.508 [Test worker] ?[39m[DEBUG]?[0;39m o.s.w.s.h.BeanNameUrlHandlerMapping - Rejected bean name 'stringHttpMessageConverter': no URL paths identified
23:08:29.508 [Test worker] ?[39m[DEBUG]?[0;39m o.s.w.s.h.BeanNameUrlHandlerMapping - Rejected bean name 'spring.http.encoding-org.springframework.boot.autoconfigure.web.HttpEncodingProperties': no URL paths identified
23:08:29.508 [Test worker] ?[39m[DEBUG]?[0;39m o.s.w.s.h.BeanNameUrlHandlerMapping - Rejected bean name 'org.springframework.boot.autoconfigure.web.JacksonHttpMessageConvertersConfiguration$MappingJackson2HttpMessageConverterConfiguration': no URL paths identified
23:08:29.509 [Test worker] ?[39m[DEBUG]?[0;39m o.s.w.s.h.BeanNameUrlHandlerMapping - Rejected bean name 'mappingJackson2HttpMessageConverter': no URL paths identified
23:08:29.509 [Test worker] ?[39m[DEBUG]?[0;39m o.s.w.s.h.BeanNameUrlHandlerMapping - Rejected bean name 'org.springframework.boot.autoconfigure.web.JacksonHttpMessageConvertersConfiguration': no URL paths identified
23:08:29.509 [Test worker] ?[39m[DEBUG]?[0;39m o.s.w.s.h.BeanNameUrlHandlerMapping - Rejected bean name 'org.springframework.boot.autoconfigure.web.HttpMessageConvertersAutoConfiguration': no URL paths identified
23:08:29.509 [Test worker] ?[39m[DEBUG]?[0;39m o.s.w.s.h.BeanNameUrlHandlerMapping - Rejected bean name 'messageConverters': no URL paths identified
23:08:29.509 [Test worker] ?[39m[DEBUG]?[0;39m o.s.w.s.h.BeanNameUrlHandlerMapping - Rejected bean name 'org.springframework.boot.autoconfigure.info.ProjectInfoAutoConfiguration': no URL paths identified
23:08:29.509 [Test worker] ?[39m[DEBUG]?[0;39m o.s.w.s.h.BeanNameUrlHandlerMapping - Rejected bean name 'spring.info-org.springframework.boot.autoconfigure.info.ProjectInfoProperties': no URL paths identified
23:08:29.509 [Test worker] ?[39m[DEBUG]?[0;39m o.s.w.s.h.BeanNameUrlHandlerMapping - Rejected bean name 'org.springframework.boot.autoconfigure.thymeleaf.ThymeleafAutoConfiguration$ThymeleafResourceHandlingConfig': no URL paths identified
23:08:29.509 [Test worker] ?[39m[DEBUG]?[0;39m o.s.w.s.h.BeanNameUrlHandlerMapping - Rejected bean name 'org.springframework.boot.autoconfigure.thymeleaf.ThymeleafAutoConfiguration$ThymeleafWebLayoutConfiguration': no URL paths identified
23:08:29.509 [Test worker] ?[39m[DEBUG]?[0;39m o.s.w.s.h.BeanNameUrlHandlerMapping - Rejected bean name 'layoutDialect': no URL paths identified
23:08:29.509 [Test worker] ?[39m[DEBUG]?[0;39m o.s.w.s.h.BeanNameUrlHandlerMapping - Rejected bean name 'org.springframework.boot.autoconfigure.thymeleaf.ThymeleafAutoConfiguration$ThymeleafDefaultConfiguration': no URL paths identified
23:08:29.509 [Test worker] ?[39m[DEBUG]?[0;39m o.s.w.s.h.BeanNameUrlHandlerMapping - Rejected bean name 'templateEngine': no URL paths identified
23:08:29.509 [Test worker] ?[39m[DEBUG]?[0;39m o.s.w.s.h.BeanNameUrlHandlerMapping - Rejected bean name 'org.springframework.boot.autoconfigure.thymeleaf.ThymeleafAutoConfiguration$Thymeleaf2Configuration$Thymeleaf2ViewResolverConfiguration': no URL paths identified
23:08:29.509 [Test worker] ?[39m[DEBUG]?[0;39m o.s.w.s.h.BeanNameUrlHandlerMapping - Rejected bean name 'thymeleafViewResolver': no URL paths identified
23:08:29.509 [Test worker] ?[39m[DEBUG]?[0;39m o.s.w.s.h.BeanNameUrlHandlerMapping - Rejected bean name 'org.springframework.boot.autoconfigure.thymeleaf.ThymeleafAutoConfiguration$Thymeleaf2Configuration$DefaultTemplateResolverConfiguration': no URL paths identified
23:08:29.509 [Test worker] ?[39m[DEBUG]?[0;39m o.s.w.s.h.BeanNameUrlHandlerMapping - Rejected bean name 'thymeleafResourceResolver': no URL paths identified
23:08:29.509 [Test worker] ?[39m[DEBUG]?[0;39m o.s.w.s.h.BeanNameUrlHandlerMapping - Rejected bean name 'defaultTemplateResolver': no URL paths identified
23:08:29.509 [Test worker] ?[39m[DEBUG]?[0;39m o.s.w.s.h.BeanNameUrlHandlerMapping - Rejected bean name 'org.springframework.boot.autoconfigure.thymeleaf.ThymeleafAutoConfiguration$Thymeleaf2Configuration': no URL paths identified
23:08:29.509 [Test worker] ?[39m[DEBUG]?[0;39m o.s.w.s.h.BeanNameUrlHandlerMapping - Rejected bean name 'org.springframework.boot.autoconfigure.thymeleaf.ThymeleafAutoConfiguration': no URL paths identified
23:08:29.509 [Test worker] ?[39m[DEBUG]?[0;39m o.s.w.s.h.BeanNameUrlHandlerMapping - Rejected bean name 'spring.thymeleaf-org.springframework.boot.autoconfigure.thymeleaf.ThymeleafProperties': no URL paths identified
23:08:29.509 [Test worker] ?[39m[DEBUG]?[0;39m o.s.w.s.h.BeanNameUrlHandlerMapping - Rejected bean name 'org.springframework.boot.autoconfigure.web.HttpEncodingAutoConfiguration': no URL paths identified
23:08:29.509 [Test worker] ?[39m[DEBUG]?[0;39m o.s.w.s.h.BeanNameUrlHandlerMapping - Rejected bean name 'characterEncodingFilter': no URL paths identified
23:08:29.509 [Test worker] ?[39m[DEBUG]?[0;39m o.s.w.s.h.BeanNameUrlHandlerMapping - Rejected bean name 'localeCharsetMappingsCustomizer': no URL paths identified
23:08:29.509 [Test worker] ?[39m[DEBUG]?[0;39m o.s.w.s.h.BeanNameUrlHandlerMapping - Rejected bean name 'org.springframework.boot.autoconfigure.web.MultipartAutoConfiguration': no URL paths identified
23:08:29.509 [Test worker] ?[39m[DEBUG]?[0;39m o.s.w.s.h.BeanNameUrlHandlerMapping - Rejected bean name 'multipartConfigElement': no URL paths identified
23:08:29.509 [Test worker] ?[39m[DEBUG]?[0;39m o.s.w.s.h.BeanNameUrlHandlerMapping - Rejected bean name 'multipartResolver': no URL paths identified
23:08:29.509 [Test worker] ?[39m[DEBUG]?[0;39m o.s.w.s.h.BeanNameUrlHandlerMapping - Rejected bean name 'spring.http.multipart-org.springframework.boot.autoconfigure.web.MultipartProperties': no URL paths identified
23:08:29.510 [Test worker] ?[39m[DEBUG]?[0;39m o.s.w.s.h.BeanNameUrlHandlerMapping - Rejected bean name 'org.springframework.boot.autoconfigure.web.ServerPropertiesAutoConfiguration': no URL paths identified
23:08:29.510 [Test worker] ?[39m[DEBUG]?[0;39m o.s.w.s.h.BeanNameUrlHandlerMapping - Rejected bean name 'serverProperties': no URL paths identified
23:08:29.510 [Test worker] ?[39m[DEBUG]?[0;39m o.s.w.s.h.BeanNameUrlHandlerMapping - Rejected bean name 'duplicateServerPropertiesDetector': no URL paths identified
23:08:29.510 [Test worker] ?[39m[DEBUG]?[0;39m o.s.w.s.h.BeanNameUrlHandlerMapping - Rejected bean name 'org.springframework.boot.autoconfigure.web.WebClientAutoConfiguration$RestTemplateConfiguration': no URL paths identified
23:08:29.510 [Test worker] ?[39m[DEBUG]?[0;39m o.s.w.s.h.BeanNameUrlHandlerMapping - Rejected bean name 'restTemplateBuilder': no URL paths identified
23:08:29.510 [Test worker] ?[39m[DEBUG]?[0;39m o.s.w.s.h.BeanNameUrlHandlerMapping - Rejected bean name 'org.springframework.boot.autoconfigure.web.WebClientAutoConfiguration': no URL paths identified
23:08:29.510 [Test worker] ?[39m[DEBUG]?[0;39m o.s.w.s.h.BeanNameUrlHandlerMapping - Rejected bean name 'autoConfigurationReport': no URL paths identified
23:08:29.510 [Test worker] ?[39m[DEBUG]?[0;39m o.s.w.s.h.BeanNameUrlHandlerMapping - Rejected bean name 'org.springframework.boot.test.context.filter.TestTypeExcludeFilter': no URL paths identified
23:08:29.510 [Test worker] ?[39m[DEBUG]?[0;39m o.s.w.s.h.BeanNameUrlHandlerMapping - Rejected bean name 'org.springframework.boot.test.autoconfigure.properties.PropertyMappingContextCustomizer$PropertyMappingCheckBeanPostProcessor': no URL paths identified
23:08:29.510 [Test worker] ?[39m[DEBUG]?[0;39m o.s.w.s.h.BeanNameUrlHandlerMapping - Rejected bean name 'springApplicationArguments': no URL paths identified
23:08:29.510 [Test worker] ?[39m[DEBUG]?[0;39m o.s.w.s.h.BeanNameUrlHandlerMapping - Rejected bean name 'springBootBanner': no URL paths identified
23:08:29.510 [Test worker] ?[39m[DEBUG]?[0;39m o.s.w.s.h.BeanNameUrlHandlerMapping - Rejected bean name 'springBootLoggingSystem': no URL paths identified
23:08:29.510 [Test worker] ?[39m[DEBUG]?[0;39m o.s.w.s.h.BeanNameUrlHandlerMapping - Rejected bean name 'environment': no URL paths identified
23:08:29.510 [Test worker] ?[39m[DEBUG]?[0;39m o.s.w.s.h.BeanNameUrlHandlerMapping - Rejected bean name 'systemProperties': no URL paths identified
23:08:29.510 [Test worker] ?[39m[DEBUG]?[0;39m o.s.w.s.h.BeanNameUrlHandlerMapping - Rejected bean name 'systemEnvironment': no URL paths identified
23:08:29.510 [Test worker] ?[39m[DEBUG]?[0;39m o.s.w.s.h.BeanNameUrlHandlerMapping - Rejected bean name 'servletContext': no URL paths identified
23:08:29.510 [Test worker] ?[39m[DEBUG]?[0;39m o.s.w.s.h.BeanNameUrlHandlerMapping - Rejected bean name 'contextParameters': no URL paths identified
23:08:29.510 [Test worker] ?[39m[DEBUG]?[0;39m o.s.w.s.h.BeanNameUrlHandlerMapping - Rejected bean name 'contextAttributes': no URL paths identified
23:08:29.510 [Test worker] ?[39m[DEBUG]?[0;39m o.s.w.s.h.BeanNameUrlHandlerMapping - Rejected bean name 'org.springframework.context.annotation.ConfigurationClassPostProcessor.importRegistry': no URL paths identified
23:08:29.510 [Test worker] ?[39m[DEBUG]?[0;39m o.s.w.s.h.BeanNameUrlHandlerMapping - Rejected bean name 'org.springframework.boot.test.mock.mockito.MockitoBeans': no URL paths identified
23:08:29.510 [Test worker] ?[39m[DEBUG]?[0;39m o.s.w.s.h.BeanNameUrlHandlerMapping - Rejected bean name 'messageSource': no URL paths identified
23:08:29.510 [Test worker] ?[39m[DEBUG]?[0;39m o.s.w.s.h.BeanNameUrlHandlerMapping - Rejected bean name 'applicationEventMulticaster': no URL paths identified
23:08:29.510 [Test worker] ?[39m[DEBUG]?[0;39m o.s.b.f.s.DefaultListableBeanFactory - Finished creating instance of bean 'beanNameHandlerMapping'
23:08:29.510 [Test worker] ?[39m[DEBUG]?[0;39m o.s.b.f.s.DefaultListableBeanFactory - Creating shared instance of singleton bean 'resourceHandlerMapping'
23:08:29.510 [Test worker] ?[39m[DEBUG]?[0;39m o.s.b.f.s.DefaultListableBeanFactory - Creating instance of bean 'resourceHandlerMapping'
23:08:29.511 [Test worker] ?[39m[DEBUG]?[0;39m o.s.b.f.s.DefaultListableBeanFactory - Returning cached instance of singleton bean 'org.springframework.boot.autoconfigure.web.WebMvcAutoConfiguration$EnableWebMvcConfiguration'
23:08:29.511 [Test worker] ?[39m[DEBUG]?[0;39m o.s.b.f.s.DefaultListableBeanFactory - Returning cached instance of singleton bean 'mvcContentNegotiationManager'
23:08:29.515 [Test worker] ?[39m[DEBUG]?[0;39m o.s.b.f.s.DefaultListableBeanFactory - Returning cached instance of singleton bean 'mvcPathMatcher'
23:08:29.515 [Test worker] ?[39m[DEBUG]?[0;39m o.s.b.f.s.DefaultListableBeanFactory - Returning cached instance of singleton bean 'mvcUrlPathHelper'
23:08:29.515 [Test worker] ?[39m[DEBUG]?[0;39m o.s.b.f.s.DefaultListableBeanFactory - Returning cached instance of singleton bean 'mvcResourceUrlProvider'
23:08:29.516 [Test worker] ?[39m[DEBUG]?[0;39m o.s.b.f.s.DefaultListableBeanFactory - Eagerly caching bean 'resourceHandlerMapping' to allow for resolving potential circular references
23:08:29.521 [Test worker] ?[34m[INFO ]?[0;39m o.s.w.s.h.SimpleUrlHandlerMapping - Mapped URL path [/webjars/**] onto handler of type [class org.springframework.web.servlet.resource.ResourceHttpRequestHandler]
23:08:29.521 [Test worker] ?[34m[INFO ]?[0;39m o.s.w.s.h.SimpleUrlHandlerMapping - Mapped URL path [/**] onto handler of type [class org.springframework.web.servlet.resource.ResourceHttpRequestHandler]
23:08:29.522 [Test worker] ?[39m[DEBUG]?[0;39m o.s.b.f.s.DefaultListableBeanFactory - Finished creating instance of bean 'resourceHandlerMapping'
23:08:29.522 [Test worker] ?[39m[DEBUG]?[0;39m o.s.b.f.s.DefaultListableBeanFactory - Returning cached instance of singleton bean 'mvcResourceUrlProvider'
23:08:29.522 [Test worker] ?[39m[DEBUG]?[0;39m o.s.b.f.s.DefaultListableBeanFactory - Creating shared instance of singleton bean 'defaultServletHandlerMapping'
23:08:29.522 [Test worker] ?[39m[DEBUG]?[0;39m o.s.b.f.s.DefaultListableBeanFactory - Creating instance of bean 'defaultServletHandlerMapping'
23:08:29.522 [Test worker] ?[39m[DEBUG]?[0;39m o.s.b.f.s.DefaultListableBeanFactory - Returning cached instance of singleton bean 'org.springframework.boot.autoconfigure.web.WebMvcAutoConfiguration$EnableWebMvcConfiguration'
23:08:29.522 [Test worker] ?[39m[DEBUG]?[0;39m o.s.b.f.s.DefaultListableBeanFactory - Eagerly caching bean 'defaultServletHandlerMapping' to allow for resolving potential circular references
23:08:29.523 [Test worker] ?[39m[DEBUG]?[0;39m o.s.b.f.s.DefaultListableBeanFactory - Finished creating instance of bean 'defaultServletHandlerMapping'
23:08:29.523 [Test worker] ?[39m[DEBUG]?[0;39m o.s.b.f.s.DefaultListableBeanFactory - Returning cached instance of singleton bean 'mvcConversionService'
23:08:29.523 [Test worker] ?[39m[DEBUG]?[0;39m o.s.b.f.s.DefaultListableBeanFactory - Creating shared instance of singleton bean 'mvcUriComponentsContributor'
23:08:29.523 [Test worker] ?[39m[DEBUG]?[0;39m o.s.b.f.s.DefaultListableBeanFactory - Creating instance of bean 'mvcUriComponentsContributor'
23:08:29.524 [Test worker] ?[39m[DEBUG]?[0;39m o.s.b.f.s.DefaultListableBeanFactory - Returning cached instance of singleton bean 'org.springframework.boot.autoconfigure.web.WebMvcAutoConfiguration$EnableWebMvcConfiguration'
23:08:29.525 [Test worker] ?[39m[DEBUG]?[0;39m o.s.b.f.s.DefaultListableBeanFactory - Returning cached instance of singleton bean 'requestMappingHandlerAdapter'
23:08:29.526 [Test worker] ?[39m[DEBUG]?[0;39m o.s.b.f.s.DefaultListableBeanFactory - Returning cached instance of singleton bean 'mvcConversionService'
23:08:29.528 [Test worker] ?[39m[DEBUG]?[0;39m o.s.b.f.s.DefaultListableBeanFactory - Eagerly caching bean 'mvcUriComponentsContributor' to allow for resolving potential circular references
23:08:29.530 [Test worker] ?[39m[DEBUG]?[0;39m o.s.b.f.s.DefaultListableBeanFactory - Finished creating instance of bean 'mvcUriComponentsContributor'
23:08:29.530 [Test worker] ?[39m[DEBUG]?[0;39m o.s.b.f.s.DefaultListableBeanFactory - Creating shared instance of singleton bean 'httpRequestHandlerAdapter'
23:08:29.530 [Test worker] ?[39m[DEBUG]?[0;39m o.s.b.f.s.DefaultListableBeanFactory - Creating instance of bean 'httpRequestHandlerAdapter'
23:08:29.530 [Test worker] ?[39m[DEBUG]?[0;39m o.s.b.f.s.DefaultListableBeanFactory - Returning cached instance of singleton bean 'org.springframework.boot.autoconfigure.web.WebMvcAutoConfiguration$EnableWebMvcConfiguration'
23:08:29.531 [Test worker] ?[39m[DEBUG]?[0;39m o.s.b.f.s.DefaultListableBeanFactory - Eagerly caching bean 'httpRequestHandlerAdapter' to allow for resolving potential circular references
23:08:29.532 [Test worker] ?[39m[DEBUG]?[0;39m o.s.b.f.s.DefaultListableBeanFactory - Finished creating instance of bean 'httpRequestHandlerAdapter'
23:08:29.533 [Test worker] ?[39m[DEBUG]?[0;39m o.s.b.f.s.DefaultListableBeanFactory - Creating shared instance of singleton bean 'simpleControllerHandlerAdapter'
23:08:29.533 [Test worker] ?[39m[DEBUG]?[0;39m o.s.b.f.s.DefaultListableBeanFactory - Creating instance of bean 'simpleControllerHandlerAdapter'
23:08:29.533 [Test worker] ?[39m[DEBUG]?[0;39m o.s.b.f.s.DefaultListableBeanFactory - Returning cached instance of singleton bean 'org.springframework.boot.autoconfigure.web.WebMvcAutoConfiguration$EnableWebMvcConfiguration'
23:08:29.533 [Test worker] ?[39m[DEBUG]?[0;39m o.s.b.f.s.DefaultListableBeanFactory - Eagerly caching bean 'simpleControllerHandlerAdapter' to allow for resolving potential circular references
23:08:29.535 [Test worker] ?[39m[DEBUG]?[0;39m o.s.b.f.s.DefaultListableBeanFactory - Finished creating instance of bean 'simpleControllerHandlerAdapter'
23:08:29.535 [Test worker] ?[39m[DEBUG]?[0;39m o.s.b.f.s.DefaultListableBeanFactory - Creating shared instance of singleton bean 'handlerExceptionResolver'
23:08:29.535 [Test worker] ?[39m[DEBUG]?[0;39m o.s.b.f.s.DefaultListableBeanFactory - Creating instance of bean 'handlerExceptionResolver'
23:08:29.535 [Test worker] ?[39m[DEBUG]?[0;39m o.s.b.f.s.DefaultListableBeanFactory - Returning cached instance of singleton bean 'org.springframework.boot.autoconfigure.web.WebMvcAutoConfiguration$EnableWebMvcConfiguration'
23:08:29.539 [Test worker] ?[39m[DEBUG]?[0;39m o.s.b.f.s.DefaultListableBeanFactory - Returning cached instance of singleton bean 'mvcContentNegotiationManager'
23:08:29.540 [Test worker] ?[39m[DEBUG]?[0;39m o.s.w.s.m.m.a.ExceptionHandlerExceptionResolver - Looking for exception mappings: org.springframework.web.context.support.GenericWebApplicationContext@651903ed: startup date [Sun Apr 30 23:08:27 EDT 2017]; root of context hierarchy
23:08:29.543 [Test worker] ?[39m[DEBUG]?[0;39m o.s.b.f.s.DefaultListableBeanFactory - Eagerly caching bean 'handlerExceptionResolver' to allow for resolving potential circular references
23:08:29.547 [Test worker] ?[39m[DEBUG]?[0;39m o.s.b.f.s.DefaultListableBeanFactory - Finished creating instance of bean 'handlerExceptionResolver'
23:08:29.547 [Test worker] ?[39m[DEBUG]?[0;39m o.s.b.f.s.DefaultListableBeanFactory - Creating shared instance of singleton bean 'mvcViewResolver'
23:08:29.547 [Test worker] ?[39m[DEBUG]?[0;39m o.s.b.f.s.DefaultListableBeanFactory - Creating instance of bean 'mvcViewResolver'
23:08:29.547 [Test worker] ?[39m[DEBUG]?[0;39m o.s.b.f.s.DefaultListableBeanFactory - Returning cached instance of singleton bean 'org.springframework.boot.autoconfigure.web.WebMvcAutoConfiguration$EnableWebMvcConfiguration'
23:08:29.549 [Test worker] ?[39m[DEBUG]?[0;39m o.s.b.f.s.DefaultListableBeanFactory - Returning cached instance of singleton bean 'mvcContentNegotiationManager'
23:08:29.550 [Test worker] ?[39m[DEBUG]?[0;39m o.s.b.f.s.DefaultListableBeanFactory - Eagerly caching bean 'mvcViewResolver' to allow for resolving potential circular references
23:08:29.554 [Test worker] ?[39m[DEBUG]?[0;39m o.s.b.f.s.DefaultListableBeanFactory - Invoking afterPropertiesSet() on bean with name 'mvcViewResolver'
23:08:29.555 [Test worker] ?[39m[DEBUG]?[0;39m o.s.b.f.s.DefaultListableBeanFactory - Finished creating instance of bean 'mvcViewResolver'
23:08:29.555 [Test worker] ?[39m[DEBUG]?[0;39m o.s.b.f.s.DefaultListableBeanFactory - Creating shared instance of singleton bean 'org.springframework.boot.autoconfigure.web.WebMvcAutoConfiguration$WebMvcAutoConfigurationAdapter$FaviconConfiguration'
23:08:29.555 [Test worker] ?[39m[DEBUG]?[0;39m o.s.b.f.s.DefaultListableBeanFactory - Creating instance of bean 'org.springframework.boot.autoconfigure.web.WebMvcAutoConfiguration$WebMvcAutoConfigurationAdapter$FaviconConfiguration'
23:08:29.555 [Test worker] ?[39m[DEBUG]?[0;39m o.s.c.LocalVariableTableParameterNameDiscoverer - Cannot find '.class' file for class [class org.springframework.boot.autoconfigure.web.WebMvcAutoConfiguration$WebMvcAutoConfigurationAdapter$FaviconConfiguration$$EnhancerBySpringCGLIB$$68ee3448] - unable to determine constructor/method parameter names
23:08:29.556 [Test worker] ?[39m[DEBUG]?[0;39m o.s.b.f.s.DefaultListableBeanFactory - Returning cached instance of singleton bean 'spring.resources-org.springframework.boot.autoconfigure.web.ResourceProperties'
23:08:29.557 [Test worker] ?[39m[DEBUG]?[0;39m o.s.b.f.s.DefaultListableBeanFactory - Autowiring by type from bean name 'org.springframework.boot.autoconfigure.web.WebMvcAutoConfiguration$WebMvcAutoConfigurationAdapter$FaviconConfiguration' via constructor to bean named 'spring.resources-org.springframework.boot.autoconfigure.web.ResourceProperties'
23:08:29.557 [Test worker] ?[39m[DEBUG]?[0;39m o.s.b.f.s.DefaultListableBeanFactory - Eagerly caching bean 'org.springframework.boot.autoconfigure.web.WebMvcAutoConfiguration$WebMvcAutoConfigurationAdapter$FaviconConfiguration' to allow for resolving potential circular references
23:08:29.559 [Test worker] ?[39m[DEBUG]?[0;39m o.s.b.f.s.DefaultListableBeanFactory - Finished creating instance of bean 'org.springframework.boot.autoconfigure.web.WebMvcAutoConfiguration$WebMvcAutoConfigurationAdapter$FaviconConfiguration'
23:08:29.560 [Test worker] ?[39m[DEBUG]?[0;39m o.s.b.f.s.DefaultListableBeanFactory - Creating shared instance of singleton bean 'faviconHandlerMapping'
23:08:29.560 [Test worker] ?[39m[DEBUG]?[0;39m o.s.b.f.s.DefaultListableBeanFactory - Creating instance of bean 'faviconHandlerMapping'
23:08:29.560 [Test worker] ?[39m[DEBUG]?[0;39m o.s.b.f.s.DefaultListableBeanFactory - Returning cached instance of singleton bean 'org.springframework.boot.autoconfigure.web.WebMvcAutoConfiguration$WebMvcAutoConfigurationAdapter$FaviconConfiguration'
23:08:29.563 [Test worker] ?[39m[DEBUG]?[0;39m o.s.b.f.s.DefaultListableBeanFactory - Creating shared instance of singleton bean 'faviconRequestHandler'
23:08:29.564 [Test worker] ?[39m[DEBUG]?[0;39m o.s.b.f.s.DefaultListableBeanFactory - Creating instance of bean 'faviconRequestHandler'
23:08:29.564 [Test worker] ?[39m[DEBUG]?[0;39m o.s.b.f.s.DefaultListableBeanFactory - Returning cached instance of singleton bean 'org.springframework.boot.autoconfigure.web.WebMvcAutoConfiguration$WebMvcAutoConfigurationAdapter$FaviconConfiguration'
23:08:29.565 [Test worker] ?[39m[DEBUG]?[0;39m o.s.b.f.s.DefaultListableBeanFactory - Eagerly caching bean 'faviconRequestHandler' to allow for resolving potential circular references
23:08:29.571 [Test worker] ?[39m[DEBUG]?[0;39m o.s.b.f.s.DefaultListableBeanFactory - Invoking afterPropertiesSet() on bean with name 'faviconRequestHandler'
23:08:29.571 [Test worker] ?[39m[DEBUG]?[0;39m o.s.b.f.s.DefaultListableBeanFactory - Finished creating instance of bean 'faviconRequestHandler'
23:08:29.572 [Test worker] ?[39m[DEBUG]?[0;39m o.s.b.f.s.DefaultListableBeanFactory - Eagerly caching bean 'faviconHandlerMapping' to allow for resolving potential circular references
23:08:29.572 [Test worker] ?[34m[INFO ]?[0;39m o.s.w.s.h.SimpleUrlHandlerMapping - Mapped URL path [/**/favicon.ico] onto handler of type [class org.springframework.web.servlet.resource.ResourceHttpRequestHandler]
23:08:29.573 [Test worker] ?[39m[DEBUG]?[0;39m o.s.b.f.s.DefaultListableBeanFactory - Finished creating instance of bean 'faviconHandlerMapping'
23:08:29.573 [Test worker] ?[39m[DEBUG]?[0;39m o.s.b.f.s.DefaultListableBeanFactory - Returning cached instance of singleton bean 'faviconRequestHandler'
23:08:29.573 [Test worker] ?[39m[DEBUG]?[0;39m o.s.b.f.s.DefaultListableBeanFactory - Returning cached instance of singleton bean 'org.springframework.boot.autoconfigure.web.WebMvcAutoConfiguration$WebMvcAutoConfigurationAdapter'
23:08:29.573 [Test worker] ?[39m[DEBUG]?[0;39m o.s.b.f.s.DefaultListableBeanFactory - Creating shared instance of singleton bean 'defaultViewResolver'
23:08:29.573 [Test worker] ?[39m[DEBUG]?[0;39m o.s.b.f.s.DefaultListableBeanFactory - Creating instance of bean 'defaultViewResolver'
23:08:29.573 [Test worker] ?[39m[DEBUG]?[0;39m o.s.b.f.s.DefaultListableBeanFactory - Returning cached instance of singleton bean 'org.springframework.boot.autoconfigure.web.WebMvcAutoConfiguration$WebMvcAutoConfigurationAdapter'
23:08:29.581 [Test worker] ?[39m[DEBUG]?[0;39m o.s.b.f.s.DefaultListableBeanFactory - Eagerly caching bean 'defaultViewResolver' to allow for resolving potential circular references
23:08:29.588 [Test worker] ?[39m[DEBUG]?[0;39m o.s.b.f.s.DefaultListableBeanFactory - Finished creating instance of bean 'defaultViewResolver'
23:08:29.588 [Test worker] ?[39m[DEBUG]?[0;39m o.s.b.f.s.DefaultListableBeanFactory - Creating shared instance of singleton bean 'viewResolver'
23:08:29.588 [Test worker] ?[39m[DEBUG]?[0;39m o.s.b.f.s.DefaultListableBeanFactory - Creating instance of bean 'viewResolver'
23:08:29.588 [Test worker] ?[39m[DEBUG]?[0;39m o.s.b.f.s.DefaultListableBeanFactory - Returning cached instance of singleton bean 'org.springframework.boot.autoconfigure.web.WebMvcAutoConfiguration$WebMvcAutoConfigurationAdapter'
23:08:29.590 [Test worker] ?[39m[DEBUG]?[0;39m o.s.b.f.s.DefaultListableBeanFactory - Autowiring by type from bean name 'viewResolver' via factory method to bean named 'org.springframework.beans.factory.support.DefaultListableBeanFactory@3e028640'
23:08:29.591 [Test worker] ?[39m[DEBUG]?[0;39m o.s.b.f.s.DefaultListableBeanFactory - Returning cached instance of singleton bean 'mvcContentNegotiationManager'
23:08:29.591 [Test worker] ?[39m[DEBUG]?[0;39m o.s.b.f.s.DefaultListableBeanFactory - Eagerly caching bean 'viewResolver' to allow for resolving potential circular references
23:08:29.595 [Test worker] ?[39m[DEBUG]?[0;39m o.s.b.f.s.DefaultListableBeanFactory - Returning cached instance of singleton bean 'beanNameViewResolver'
23:08:29.596 [Test worker] ?[39m[DEBUG]?[0;39m o.s.b.f.s.DefaultListableBeanFactory - Returning cached instance of singleton bean 'mvcViewResolver'
23:08:29.596 [Test worker] ?[39m[DEBUG]?[0;39m o.s.b.f.s.DefaultListableBeanFactory - Returning cached instance of singleton bean 'defaultViewResolver'
23:08:29.596 [Test worker] ?[39m[DEBUG]?[0;39m o.s.b.f.s.DefaultListableBeanFactory - Returning eagerly cached instance of singleton bean 'viewResolver' that is not fully initialized yet - a consequence of a circular reference
23:08:29.596 [Test worker] ?[39m[DEBUG]?[0;39m o.s.b.f.s.DefaultListableBeanFactory - Creating shared instance of singleton bean 'thymeleafViewResolver'
23:08:29.596 [Test worker] ?[39m[DEBUG]?[0;39m o.s.b.f.s.DefaultListableBeanFactory - Creating instance of bean 'thymeleafViewResolver'
23:08:29.596 [Test worker] ?[39m[DEBUG]?[0;39m o.s.b.f.s.DefaultListableBeanFactory - Creating shared instance of singleton bean 'org.springframework.boot.autoconfigure.thymeleaf.ThymeleafAutoConfiguration$Thymeleaf2Configuration$Thymeleaf2ViewResolverConfiguration'
23:08:29.596 [Test worker] ?[39m[DEBUG]?[0;39m o.s.b.f.s.DefaultListableBeanFactory - Creating instance of bean 'org.springframework.boot.autoconfigure.thymeleaf.ThymeleafAutoConfiguration$Thymeleaf2Configuration$Thymeleaf2ViewResolverConfiguration'
23:08:29.597 [Test worker] ?[39m[DEBUG]?[0;39m o.s.c.LocalVariableTableParameterNameDiscoverer - Cannot find '.class' file for class [class org.springframework.boot.autoconfigure.thymeleaf.ThymeleafAutoConfiguration$Thymeleaf2Configuration$Thymeleaf2ViewResolverConfiguration$$EnhancerBySpringCGLIB$$371b43ef] - unable to determine constructor/method parameter names
23:08:29.597 [Test worker] ?[39m[DEBUG]?[0;39m o.s.b.f.s.DefaultListableBeanFactory - Creating shared instance of singleton bean 'spring.thymeleaf-org.springframework.boot.autoconfigure.thymeleaf.ThymeleafProperties'
23:08:29.598 [Test worker] ?[39m[DEBUG]?[0;39m o.s.b.f.s.DefaultListableBeanFactory - Creating instance of bean 'spring.thymeleaf-org.springframework.boot.autoconfigure.thymeleaf.ThymeleafProperties'
23:08:29.598 [Test worker] ?[39m[DEBUG]?[0;39m o.s.b.f.s.DefaultListableBeanFactory - Eagerly caching bean 'spring.thymeleaf-org.springframework.boot.autoconfigure.thymeleaf.ThymeleafProperties' to allow for resolving potential circular references
23:08:29.600 [Test worker] ?[39m[DEBUG]?[0;39m o.s.c.e.MutablePropertySources - Adding [Inlined Test Properties] PropertySource with lowest search precedence
23:08:29.600 [Test worker] ?[39m[DEBUG]?[0;39m o.s.c.e.MutablePropertySources - Adding [systemProperties] PropertySource with lowest search precedence
23:08:29.600 [Test worker] ?[39m[DEBUG]?[0;39m o.s.c.e.MutablePropertySources - Adding [systemEnvironment] PropertySource with lowest search precedence
23:08:29.600 [Test worker] ?[39m[DEBUG]?[0;39m o.s.c.e.MutablePropertySources - Adding [random] PropertySource with lowest search precedence
23:08:29.600 [Test worker] ?[39m[DEBUG]?[0;39m o.s.c.e.MutablePropertySources - Adding [localProperties] PropertySource with lowest search precedence
23:08:29.601 [Test worker] ?[39m[DEBUG]?[0;39m o.s.b.f.s.DefaultListableBeanFactory - Finished creating instance of bean 'spring.thymeleaf-org.springframework.boot.autoconfigure.thymeleaf.ThymeleafProperties'
23:08:29.602 [Test worker] ?[39m[DEBUG]?[0;39m o.s.b.f.s.DefaultListableBeanFactory - Creating shared instance of singleton bean 'templateEngine'
23:08:29.602 [Test worker] ?[39m[DEBUG]?[0;39m o.s.b.f.s.DefaultListableBeanFactory - Creating instance of bean 'templateEngine'
23:08:29.602 [Test worker] ?[39m[DEBUG]?[0;39m o.s.b.f.s.DefaultListableBeanFactory - Creating shared instance of singleton bean 'org.springframework.boot.autoconfigure.thymeleaf.ThymeleafAutoConfiguration$ThymeleafDefaultConfiguration'
23:08:29.602 [Test worker] ?[39m[DEBUG]?[0;39m o.s.b.f.s.DefaultListableBeanFactory - Creating instance of bean 'org.springframework.boot.autoconfigure.thymeleaf.ThymeleafAutoConfiguration$ThymeleafDefaultConfiguration'
23:08:29.603 [Test worker] ?[39m[DEBUG]?[0;39m o.s.c.LocalVariableTableParameterNameDiscoverer - Cannot find '.class' file for class [class org.springframework.boot.autoconfigure.thymeleaf.ThymeleafAutoConfiguration$ThymeleafDefaultConfiguration$$EnhancerBySpringCGLIB$$ef994af0] - unable to determine constructor/method parameter names
23:08:29.603 [Test worker] ?[39m[DEBUG]?[0;39m o.s.b.f.s.DefaultListableBeanFactory - Creating shared instance of singleton bean 'defaultTemplateResolver'
23:08:29.603 [Test worker] ?[39m[DEBUG]?[0;39m o.s.b.f.s.DefaultListableBeanFactory - Creating instance of bean 'defaultTemplateResolver'
23:08:29.603 [Test worker] ?[39m[DEBUG]?[0;39m o.s.b.f.s.DefaultListableBeanFactory - Creating shared instance of singleton bean 'org.springframework.boot.autoconfigure.thymeleaf.ThymeleafAutoConfiguration$Thymeleaf2Configuration$DefaultTemplateResolverConfiguration'
23:08:29.603 [Test worker] ?[39m[DEBUG]?[0;39m o.s.b.f.s.DefaultListableBeanFactory - Creating instance of bean 'org.springframework.boot.autoconfigure.thymeleaf.ThymeleafAutoConfiguration$Thymeleaf2Configuration$DefaultTemplateResolverConfiguration'
23:08:29.604 [Test worker] ?[39m[DEBUG]?[0;39m o.s.c.LocalVariableTableParameterNameDiscoverer - Cannot find '.class' file for class [class org.springframework.boot.autoconfigure.thymeleaf.ThymeleafAutoConfiguration$Thymeleaf2Configuration$DefaultTemplateResolverConfiguration$$EnhancerBySpringCGLIB$$c099922c] - unable to determine constructor/method parameter names
23:08:29.604 [Test worker] ?[39m[DEBUG]?[0;39m o.s.b.f.s.DefaultListableBeanFactory - Returning cached instance of singleton bean 'spring.thymeleaf-org.springframework.boot.autoconfigure.thymeleaf.ThymeleafProperties'
23:08:29.604 [Test worker] ?[39m[DEBUG]?[0;39m o.s.b.f.s.DefaultListableBeanFactory - Autowiring by type from bean name 'org.springframework.boot.autoconfigure.thymeleaf.ThymeleafAutoConfiguration$Thymeleaf2Configuration$DefaultTemplateResolverConfiguration' via constructor to bean named 'spring.thymeleaf-org.springframework.boot.autoconfigure.thymeleaf.ThymeleafProperties'
23:08:29.604 [Test worker] ?[39m[DEBUG]?[0;39m o.s.b.f.s.DefaultListableBeanFactory - Autowiring by type from bean name 'org.springframework.boot.autoconfigure.thymeleaf.ThymeleafAutoConfiguration$Thymeleaf2Configuration$DefaultTemplateResolverConfiguration' via constructor to bean named 'org.springframework.web.context.support.GenericWebApplicationContext@651903ed'
23:08:29.604 [Test worker] ?[39m[DEBUG]?[0;39m o.s.c.a.CommonAnnotationBeanPostProcessor - Found init method on class [org.springframework.boot.autoconfigure.thymeleaf.ThymeleafAutoConfiguration$Thymeleaf2Configuration$DefaultTemplateResolverConfiguration$$EnhancerBySpringCGLIB$$c099922c]: public void org.springframework.boot.autoconfigure.thymeleaf.AbstractTemplateResolverConfiguration.checkTemplateLocationExists()
23:08:29.605 [Test worker] ?[39m[DEBUG]?[0;39m o.s.c.a.CommonAnnotationBeanPostProcessor - Registered init method on class [org.springframework.boot.autoconfigure.thymeleaf.ThymeleafAutoConfiguration$Thymeleaf2Configuration$DefaultTemplateResolverConfiguration$$EnhancerBySpringCGLIB$$c099922c]: org.springframework.beans.factory.annotation.InitDestroyAnnotationBeanPostProcessor$LifecycleElement@7bbfab3
23:08:29.605 [Test worker] ?[39m[DEBUG]?[0;39m o.s.b.f.s.DefaultListableBeanFactory - Eagerly caching bean 'org.springframework.boot.autoconfigure.thymeleaf.ThymeleafAutoConfiguration$Thymeleaf2Configuration$DefaultTemplateResolverConfiguration' to allow for resolving potential circular references
23:08:29.608 [Test worker] ?[39m[DEBUG]?[0;39m o.s.c.a.CommonAnnotationBeanPostProcessor - Invoking init method on bean 'org.springframework.boot.autoconfigure.thymeleaf.ThymeleafAutoConfiguration$Thymeleaf2Configuration$DefaultTemplateResolverConfiguration': public void org.springframework.boot.autoconfigure.thymeleaf.AbstractTemplateResolverConfiguration.checkTemplateLocationExists()
23:08:29.608 [Test worker] ?[39m[DEBUG]?[0;39m o.s.b.f.s.DefaultListableBeanFactory - Finished creating instance of bean 'org.springframework.boot.autoconfigure.thymeleaf.ThymeleafAutoConfiguration$Thymeleaf2Configuration$DefaultTemplateResolverConfiguration'
23:08:29.632 [Test worker] ?[39m[DEBUG]?[0;39m o.s.b.f.s.DefaultListableBeanFactory - Eagerly caching bean 'defaultTemplateResolver' to allow for resolving potential circular references
23:08:29.642 [Test worker] ?[39m[DEBUG]?[0;39m o.s.b.f.s.DefaultListableBeanFactory - Invoking afterPropertiesSet() on bean with name 'defaultTemplateResolver'
23:08:29.642 [Test worker] ?[39m[DEBUG]?[0;39m o.s.b.f.s.DefaultListableBeanFactory - Finished creating instance of bean 'defaultTemplateResolver'
23:08:29.643 [Test worker] ?[39m[DEBUG]?[0;39m o.s.b.f.s.DefaultListableBeanFactory - Autowiring by type from bean name 'org.springframework.boot.autoconfigure.thymeleaf.ThymeleafAutoConfiguration$ThymeleafDefaultConfiguration' via constructor to bean named 'defaultTemplateResolver'
23:08:29.644 [Test worker] ?[39m[DEBUG]?[0;39m o.s.b.f.s.DefaultListableBeanFactory - Creating shared instance of singleton bean 'layoutDialect'
23:08:29.644 [Test worker] ?[39m[DEBUG]?[0;39m o.s.b.f.s.DefaultListableBeanFactory - Creating instance of bean 'layoutDialect'
23:08:29.644 [Test worker] ?[39m[DEBUG]?[0;39m o.s.b.f.s.DefaultListableBeanFactory - Creating shared instance of singleton bean 'org.springframework.boot.autoconfigure.thymeleaf.ThymeleafAutoConfiguration$ThymeleafWebLayoutConfiguration'
23:08:29.644 [Test worker] ?[39m[DEBUG]?[0;39m o.s.b.f.s.DefaultListableBeanFactory - Creating instance of bean 'org.springframework.boot.autoconfigure.thymeleaf.ThymeleafAutoConfiguration$ThymeleafWebLayoutConfiguration'
23:08:29.644 [Test worker] ?[39m[DEBUG]?[0;39m o.s.b.f.s.DefaultListableBeanFactory - Eagerly caching bean 'org.springframework.boot.autoconfigure.thymeleaf.ThymeleafAutoConfiguration$ThymeleafWebLayoutConfiguration' to allow for resolving potential circular references
23:08:29.647 [Test worker] ?[39m[DEBUG]?[0;39m o.s.b.f.s.DefaultListableBeanFactory - Finished creating instance of bean 'org.springframework.boot.autoconfigure.thymeleaf.ThymeleafAutoConfiguration$ThymeleafWebLayoutConfiguration'
23:08:29.804 [Test worker] ?[39m[DEBUG]?[0;39m o.s.b.f.s.DefaultListableBeanFactory - Eagerly caching bean 'layoutDialect' to allow for resolving potential circular references
23:08:29.807 [Test worker] ?[39m[DEBUG]?[0;39m o.s.b.f.s.DefaultListableBeanFactory - Finished creating instance of bean 'layoutDialect'
23:08:29.808 [Test worker] ?[39m[DEBUG]?[0;39m o.s.b.f.s.DefaultListableBeanFactory - Eagerly caching bean 'org.springframework.boot.autoconfigure.thymeleaf.ThymeleafAutoConfiguration$ThymeleafDefaultConfiguration' to allow for resolving potential circular references
23:08:29.810 [Test worker] ?[39m[DEBUG]?[0;39m o.s.b.f.s.DefaultListableBeanFactory - Finished creating instance of bean 'org.springframework.boot.autoconfigure.thymeleaf.ThymeleafAutoConfiguration$ThymeleafDefaultConfiguration'
23:08:29.841 [Test worker] ?[39m[DEBUG]?[0;39m o.s.b.f.s.DefaultListableBeanFactory - Eagerly caching bean 'templateEngine' to allow for resolving potential circular references
23:08:29.849 [Test worker] ?[39m[DEBUG]?[0;39m o.s.b.f.s.DefaultListableBeanFactory - Invoking afterPropertiesSet() on bean with name 'templateEngine'
23:08:29.850 [Test worker] ?[39m[DEBUG]?[0;39m o.s.b.f.s.DefaultListableBeanFactory - Finished creating instance of bean 'templateEngine'
23:08:29.850 [Test worker] ?[39m[DEBUG]?[0;39m o.s.b.f.s.DefaultListableBeanFactory - Autowiring by type from bean name 'org.springframework.boot.autoconfigure.thymeleaf.ThymeleafAutoConfiguration$Thymeleaf2Configuration$Thymeleaf2ViewResolverConfiguration' via constructor to bean named 'spring.thymeleaf-org.springframework.boot.autoconfigure.thymeleaf.ThymeleafProperties'
23:08:29.850 [Test worker] ?[39m[DEBUG]?[0;39m o.s.b.f.s.DefaultListableBeanFactory - Autowiring by type from bean name 'org.springframework.boot.autoconfigure.thymeleaf.ThymeleafAutoConfiguration$Thymeleaf2Configuration$Thymeleaf2ViewResolverConfiguration' via constructor to bean named 'templateEngine'
23:08:29.851 [Test worker] ?[39m[DEBUG]?[0;39m o.s.b.f.s.DefaultListableBeanFactory - Eagerly caching bean 'org.springframework.boot.autoconfigure.thymeleaf.ThymeleafAutoConfiguration$Thymeleaf2Configuration$Thymeleaf2ViewResolverConfiguration' to allow for resolving potential circular references
23:08:29.855 [Test worker] ?[39m[DEBUG]?[0;39m o.s.b.f.s.DefaultListableBeanFactory - Finished creating instance of bean 'org.springframework.boot.autoconfigure.thymeleaf.ThymeleafAutoConfiguration$Thymeleaf2Configuration$Thymeleaf2ViewResolverConfiguration'
23:08:29.859 [Test worker] ?[39m[DEBUG]?[0;39m o.s.b.f.s.DefaultListableBeanFactory - Eagerly caching bean 'thymeleafViewResolver' to allow for resolving potential circular references
23:08:29.865 [Test worker] ?[39m[DEBUG]?[0;39m o.s.b.f.s.DefaultListableBeanFactory - Finished creating instance of bean 'thymeleafViewResolver'
23:08:29.865 [Test worker] ?[39m[DEBUG]?[0;39m o.s.b.f.s.DefaultListableBeanFactory - Invoking afterPropertiesSet() on bean with name 'viewResolver'
23:08:29.865 [Test worker] ?[39m[DEBUG]?[0;39m o.s.b.f.s.DefaultListableBeanFactory - Finished creating instance of bean 'viewResolver'
23:08:29.865 [Test worker] ?[39m[DEBUG]?[0;39m o.s.b.f.s.DefaultListableBeanFactory - Creating shared instance of singleton bean 'welcomePageHandlerMapping'
23:08:29.865 [Test worker] ?[39m[DEBUG]?[0;39m o.s.b.f.s.DefaultListableBeanFactory - Creating instance of bean 'welcomePageHandlerMapping'
23:08:29.865 [Test worker] ?[39m[DEBUG]?[0;39m o.s.b.f.s.DefaultListableBeanFactory - Returning cached instance of singleton bean 'org.springframework.boot.autoconfigure.web.WebMvcAutoConfiguration$WebMvcAutoConfigurationAdapter'
23:08:29.865 [Test worker] ?[39m[DEBUG]?[0;39m o.s.b.f.s.DefaultListableBeanFactory - Returning cached instance of singleton bean 'spring.resources-org.springframework.boot.autoconfigure.web.ResourceProperties'
23:08:29.865 [Test worker] ?[39m[DEBUG]?[0;39m o.s.b.f.s.DefaultListableBeanFactory - Autowiring by type from bean name 'welcomePageHandlerMapping' via factory method to bean named 'spring.resources-org.springframework.boot.autoconfigure.web.ResourceProperties'
23:08:29.867 [Test worker] ?[39m[DEBUG]?[0;39m o.s.b.f.s.DefaultListableBeanFactory - Eagerly caching bean 'welcomePageHandlerMapping' to allow for resolving potential circular references
23:08:29.873 [Test worker] ?[39m[DEBUG]?[0;39m o.s.b.f.s.DefaultListableBeanFactory - Finished creating instance of bean 'welcomePageHandlerMapping'
23:08:29.873 [Test worker] ?[39m[DEBUG]?[0;39m o.s.b.f.s.DefaultListableBeanFactory - Creating shared instance of singleton bean 'requestContextFilter'
23:08:29.873 [Test worker] ?[39m[DEBUG]?[0;39m o.s.b.f.s.DefaultListableBeanFactory - Creating instance of bean 'requestContextFilter'
23:08:29.875 [Test worker] ?[39m[DEBUG]?[0;39m o.s.w.c.s.StandardServletEnvironment - Adding [servletConfigInitParams] PropertySource with lowest search precedence
23:08:29.875 [Test worker] ?[39m[DEBUG]?[0;39m o.s.w.c.s.StandardServletEnvironment - Adding [servletContextInitParams] PropertySource with lowest search precedence
23:08:29.877 [Test worker] ?[39m[DEBUG]?[0;39m o.s.w.c.s.StandardServletEnvironment - Adding [systemProperties] PropertySource with lowest search precedence
23:08:29.877 [Test worker] ?[39m[DEBUG]?[0;39m o.s.w.c.s.StandardServletEnvironment - Adding [systemEnvironment] PropertySource with lowest search precedence
23:08:29.877 [Test worker] ?[39m[DEBUG]?[0;39m o.s.w.c.s.StandardServletEnvironment - Initialized StandardServletEnvironment with PropertySources [servletConfigInitParams,servletContextInitParams,systemProperties,systemEnvironment]
23:08:29.878 [Test worker] ?[39m[DEBUG]?[0;39m o.s.b.f.s.DefaultListableBeanFactory - Eagerly caching bean 'requestContextFilter' to allow for resolving potential circular references
23:08:29.884 [Test worker] ?[39m[DEBUG]?[0;39m o.s.b.f.s.DefaultListableBeanFactory - Invoking afterPropertiesSet() on bean with name 'requestContextFilter'
23:08:29.885 [Test worker] ?[39m[DEBUG]?[0;39m o.s.b.f.s.DefaultListableBeanFactory - Finished creating instance of bean 'requestContextFilter'
23:08:29.885 [Test worker] ?[39m[DEBUG]?[0;39m o.s.b.f.s.DefaultListableBeanFactory - Creating shared instance of singleton bean 'org.springframework.boot.autoconfigure.web.WebMvcAutoConfiguration'
23:08:29.885 [Test worker] ?[39m[DEBUG]?[0;39m o.s.b.f.s.DefaultListableBeanFactory - Creating instance of bean 'org.springframework.boot.autoconfigure.web.WebMvcAutoConfiguration'
23:08:29.885 [Test worker] ?[39m[DEBUG]?[0;39m o.s.b.f.s.DefaultListableBeanFactory - Eagerly caching bean 'org.springframework.boot.autoconfigure.web.WebMvcAutoConfiguration' to allow for resolving potential circular references
23:08:29.888 [Test worker] ?[39m[DEBUG]?[0;39m o.s.b.f.s.DefaultListableBeanFactory - Finished creating instance of bean 'org.springframework.boot.autoconfigure.web.WebMvcAutoConfiguration'
23:08:29.889 [Test worker] ?[39m[DEBUG]?[0;39m o.s.b.f.s.DefaultListableBeanFactory - Creating shared instance of singleton bean 'hiddenHttpMethodFilter'
23:08:29.889 [Test worker] ?[39m[DEBUG]?[0;39m o.s.b.f.s.DefaultListableBeanFactory - Creating instance of bean 'hiddenHttpMethodFilter'
23:08:29.889 [Test worker] ?[39m[DEBUG]?[0;39m o.s.b.f.s.DefaultListableBeanFactory - Returning cached instance of singleton bean 'org.springframework.boot.autoconfigure.web.WebMvcAutoConfiguration'
23:08:29.891 [Test worker] ?[39m[DEBUG]?[0;39m o.s.w.c.s.StandardServletEnvironment - Adding [servletConfigInitParams] PropertySource with lowest search precedence
23:08:29.892 [Test worker] ?[39m[DEBUG]?[0;39m o.s.w.c.s.StandardServletEnvironment - Adding [servletContextInitParams] PropertySource with lowest search precedence
23:08:29.892 [Test worker] ?[39m[DEBUG]?[0;39m o.s.w.c.s.StandardServletEnvironment - Adding [systemProperties] PropertySource with lowest search precedence
23:08:29.892 [Test worker] ?[39m[DEBUG]?[0;39m o.s.w.c.s.StandardServletEnvironment - Adding [systemEnvironment] PropertySource with lowest search precedence
23:08:29.892 [Test worker] ?[39m[DEBUG]?[0;39m o.s.w.c.s.StandardServletEnvironment - Initialized StandardServletEnvironment with PropertySources [servletConfigInitParams,servletContextInitParams,systemProperties,systemEnvironment]
23:08:29.892 [Test worker] ?[39m[DEBUG]?[0;39m o.s.b.f.s.DefaultListableBeanFactory - Eagerly caching bean 'hiddenHttpMethodFilter' to allow for resolving potential circular references
23:08:29.898 [Test worker] ?[39m[DEBUG]?[0;39m o.s.b.f.s.DefaultListableBeanFactory - Invoking afterPropertiesSet() on bean with name 'hiddenHttpMethodFilter'
23:08:29.899 [Test worker] ?[39m[DEBUG]?[0;39m o.s.b.f.s.DefaultListableBeanFactory - Finished creating instance of bean 'hiddenHttpMethodFilter'
23:08:29.899 [Test worker] ?[39m[DEBUG]?[0;39m o.s.b.f.s.DefaultListableBeanFactory - Creating shared instance of singleton bean 'httpPutFormContentFilter'
23:08:29.899 [Test worker] ?[39m[DEBUG]?[0;39m o.s.b.f.s.DefaultListableBeanFactory - Creating instance of bean 'httpPutFormContentFilter'
23:08:29.899 [Test worker] ?[39m[DEBUG]?[0;39m o.s.b.f.s.DefaultListableBeanFactory - Returning cached instance of singleton bean 'org.springframework.boot.autoconfigure.web.WebMvcAutoConfiguration'
23:08:29.899 [Test worker] ?[39m[DEBUG]?[0;39m o.s.w.c.s.StandardServletEnvironment - Adding [servletConfigInitParams] PropertySource with lowest search precedence
23:08:29.899 [Test worker] ?[39m[DEBUG]?[0;39m o.s.w.c.s.StandardServletEnvironment - Adding [servletContextInitParams] PropertySource with lowest search precedence
23:08:29.899 [Test worker] ?[39m[DEBUG]?[0;39m o.s.w.c.s.StandardServletEnvironment - Adding [systemProperties] PropertySource with lowest search precedence
23:08:29.900 [Test worker] ?[39m[DEBUG]?[0;39m o.s.w.c.s.StandardServletEnvironment - Adding [systemEnvironment] PropertySource with lowest search precedence
23:08:29.900 [Test worker] ?[39m[DEBUG]?[0;39m o.s.w.c.s.StandardServletEnvironment - Initialized StandardServletEnvironment with PropertySources [servletConfigInitParams,servletContextInitParams,systemProperties,systemEnvironment]
23:08:29.903 [Test worker] ?[39m[DEBUG]?[0;39m o.s.b.f.s.DefaultListableBeanFactory - Eagerly caching bean 'httpPutFormContentFilter' to allow for resolving potential circular references
23:08:29.908 [Test worker] ?[39m[DEBUG]?[0;39m o.s.b.f.s.DefaultListableBeanFactory - Invoking afterPropertiesSet() on bean with name 'httpPutFormContentFilter'
23:08:29.909 [Test worker] ?[39m[DEBUG]?[0;39m o.s.b.f.s.DefaultListableBeanFactory - Finished creating instance of bean 'httpPutFormContentFilter'
23:08:29.909 [Test worker] ?[39m[DEBUG]?[0;39m o.s.b.f.s.DefaultListableBeanFactory - Creating shared instance of singleton bean 'org.springframework.boot.autoconfigure.aop.AopAutoConfiguration$JdkDynamicAutoProxyConfiguration'
23:08:29.909 [Test worker] ?[39m[DEBUG]?[0;39m o.s.b.f.s.DefaultListableBeanFactory - Creating instance of bean 'org.springframework.boot.autoconfigure.aop.AopAutoConfiguration$JdkDynamicAutoProxyConfiguration'
23:08:29.909 [Test worker] ?[39m[DEBUG]?[0;39m o.s.b.f.s.DefaultListableBeanFactory - Eagerly caching bean 'org.springframework.boot.autoconfigure.aop.AopAutoConfiguration$JdkDynamicAutoProxyConfiguration' to allow for resolving potential circular references
23:08:29.912 [Test worker] ?[39m[DEBUG]?[0;39m o.s.b.f.s.DefaultListableBeanFactory - Finished creating instance of bean 'org.springframework.boot.autoconfigure.aop.AopAutoConfiguration$JdkDynamicAutoProxyConfiguration'
23:08:29.912 [Test worker] ?[39m[DEBUG]?[0;39m o.s.b.f.s.DefaultListableBeanFactory - Returning cached instance of singleton bean 'org.springframework.aop.config.internalAutoProxyCreator'
23:08:29.913 [Test worker] ?[39m[DEBUG]?[0;39m o.s.b.f.s.DefaultListableBeanFactory - Creating shared instance of singleton bean 'org.springframework.boot.autoconfigure.aop.AopAutoConfiguration'
23:08:29.914 [Test worker] ?[39m[DEBUG]?[0;39m o.s.b.f.s.DefaultListableBeanFactory - Creating instance of bean 'org.springframework.boot.autoconfigure.aop.AopAutoConfiguration'
23:08:29.914 [Test worker] ?[39m[DEBUG]?[0;39m o.s.b.f.s.DefaultListableBeanFactory - Eagerly caching bean 'org.springframework.boot.autoconfigure.aop.AopAutoConfiguration' to allow for resolving potential circular references
23:08:29.918 [Test worker] ?[39m[DEBUG]?[0;39m o.s.b.f.s.DefaultListableBeanFactory - Finished creating instance of bean 'org.springframework.boot.autoconfigure.aop.AopAutoConfiguration'
23:08:29.918 [Test worker] ?[39m[DEBUG]?[0;39m o.s.b.f.s.DefaultListableBeanFactory - Creating shared instance of singleton bean 'org.springframework.boot.autoconfigure.cassandra.CassandraAutoConfiguration'
23:08:29.918 [Test worker] ?[39m[DEBUG]?[0;39m o.s.b.f.s.DefaultListableBeanFactory - Creating instance of bean 'org.springframework.boot.autoconfigure.cassandra.CassandraAutoConfiguration'
23:08:29.919 [Test worker] ?[39m[DEBUG]?[0;39m o.s.c.LocalVariableTableParameterNameDiscoverer - Cannot find '.class' file for class [class org.springframework.boot.autoconfigure.cassandra.CassandraAutoConfiguration$$EnhancerBySpringCGLIB$$322aa00a] - unable to determine constructor/method parameter names
23:08:29.920 [Test worker] ?[39m[DEBUG]?[0;39m o.s.b.f.s.DefaultListableBeanFactory - Creating shared instance of singleton bean 'spring.data.cassandra-org.springframework.boot.autoconfigure.cassandra.CassandraProperties'
23:08:29.920 [Test worker] ?[39m[DEBUG]?[0;39m o.s.b.f.s.DefaultListableBeanFactory - Creating instance of bean 'spring.data.cassandra-org.springframework.boot.autoconfigure.cassandra.CassandraProperties'
23:08:29.923 [Test worker] ?[39m[DEBUG]?[0;39m o.s.b.f.s.DefaultListableBeanFactory - Eagerly caching bean 'spring.data.cassandra-org.springframework.boot.autoconfigure.cassandra.CassandraProperties' to allow for resolving potential circular references
23:08:29.927 [Test worker] ?[39m[DEBUG]?[0;39m o.s.c.e.MutablePropertySources - Adding [Inlined Test Properties] PropertySource with lowest search precedence
23:08:29.927 [Test worker] ?[39m[DEBUG]?[0;39m o.s.c.e.MutablePropertySources - Adding [systemProperties] PropertySource with lowest search precedence
23:08:29.927 [Test worker] ?[39m[DEBUG]?[0;39m o.s.c.e.MutablePropertySources - Adding [systemEnvironment] PropertySource with lowest search precedence
23:08:29.927 [Test worker] ?[39m[DEBUG]?[0;39m o.s.c.e.MutablePropertySources - Adding [random] PropertySource with lowest search precedence
23:08:29.928 [Test worker] ?[39m[DEBUG]?[0;39m o.s.c.e.MutablePropertySources - Adding [localProperties] PropertySource with lowest search precedence
23:08:29.929 [Test worker] ?[39m[DEBUG]?[0;39m o.s.b.f.s.DefaultListableBeanFactory - Finished creating instance of bean 'spring.data.cassandra-org.springframework.boot.autoconfigure.cassandra.CassandraProperties'
23:08:29.929 [Test worker] ?[39m[DEBUG]?[0;39m o.s.b.f.s.DefaultListableBeanFactory - Autowiring by type from bean name 'org.springframework.boot.autoconfigure.cassandra.CassandraAutoConfiguration' via constructor to bean named 'spring.data.cassandra-org.springframework.boot.autoconfigure.cassandra.CassandraProperties'
23:08:29.930 [Test worker] ?[39m[DEBUG]?[0;39m o.s.b.f.s.DefaultListableBeanFactory - Eagerly caching bean 'org.springframework.boot.autoconfigure.cassandra.CassandraAutoConfiguration' to allow for resolving potential circular references
23:08:29.933 [Test worker] ?[39m[DEBUG]?[0;39m o.s.b.f.s.DefaultListableBeanFactory - Finished creating instance of bean 'org.springframework.boot.autoconfigure.cassandra.CassandraAutoConfiguration'
23:08:29.933 [Test worker] ?[39m[DEBUG]?[0;39m o.s.b.f.s.DefaultListableBeanFactory - Creating shared instance of singleton bean 'cluster'
23:08:29.933 [Test worker] ?[39m[DEBUG]?[0;39m o.s.b.f.s.DefaultListableBeanFactory - Creating instance of bean 'cluster'
23:08:29.933 [Test worker] ?[39m[DEBUG]?[0;39m o.s.b.f.s.DefaultListableBeanFactory - Returning cached instance of singleton bean 'org.springframework.boot.autoconfigure.cassandra.CassandraAutoConfiguration'
23:08:30.064 [Test worker] ?[39m[DEBUG]?[0;39m c.d.d.c.SystemProperties - com.datastax.driver.NEW_NODE_DELAY_SECONDS is undefined, using default value 1
23:08:30.066 [Test worker] ?[39m[DEBUG]?[0;39m c.d.d.c.SystemProperties - com.datastax.driver.NOTIF_LOCK_TIMEOUT_SECONDS is undefined, using default value 60
23:08:30.078 [Test worker] ?[39m[DEBUG]?[0;39m c.d.d.c.SystemProperties - com.datastax.driver.USE_NATIVE_CLOCK is undefined, using default value true
23:08:30.188 [Test worker] ?[39m[DEBUG]?[0;39m c.d.driver.core.Native - Could not load JNR C Library, native system calls through this library will not be available
java.lang.UnsatisfiedLinkError: unknown
	at jnr.ffi.provider.jffi.NativeLibrary.loadNativeLibraries(NativeLibrary.java:87)
	at jnr.ffi.provider.jffi.NativeLibrary.getNativeLibraries(NativeLibrary.java:70)
	at jnr.ffi.provider.jffi.NativeLibrary.getSymbolAddress(NativeLibrary.java:49)
	at jnr.ffi.provider.jffi.NativeLibrary.findSymbolAddress(NativeLibrary.java:59)
	at jnr.ffi.provider.jffi.AsmLibraryLoader.generateInterfaceImpl(AsmLibraryLoader.java:117)
	at jnr.ffi.provider.jffi.AsmLibraryLoader.loadLibrary(AsmLibraryLoader.java:59)
	at jnr.ffi.provider.jffi.NativeLibraryLoader.loadLibrary(NativeLibraryLoader.java:43)
	at jnr.ffi.LibraryLoader.load(LibraryLoader.java:290)
	at jnr.ffi.LibraryLoader.load(LibraryLoader.java:269)
	at com.datastax.driver.core.Native$LibCLoader.<clinit>(Native.java:108)
	at com.datastax.driver.core.Native.isGettimeofdayAvailable(Native.java:190)
	at com.datastax.driver.core.ClockFactory.newInstance(Clock.java:51)
	at com.datastax.driver.core.AbstractMonotonicTimestampGenerator.<init>(AbstractMonotonicTimestampGenerator.java:43)
	at com.datastax.driver.core.LoggingMonotonicTimestampGenerator.<init>(LoggingMonotonicTimestampGenerator.java:49)
	at com.datastax.driver.core.AtomicMonotonicTimestampGenerator.<init>(AtomicMonotonicTimestampGenerator.java:50)
	at com.datastax.driver.core.AtomicMonotonicTimestampGenerator.<init>(AtomicMonotonicTimestampGenerator.java:37)
	at com.datastax.driver.core.policies.Policies.defaultTimestampGenerator(Policies.java:122)
	at com.datastax.driver.core.policies.Policies$Builder.build(Policies.java:287)
	at com.datastax.driver.core.Cluster$Builder.getConfiguration(Cluster.java:1281)
	at com.datastax.driver.core.Cluster.<init>(Cluster.java:113)
	at com.datastax.driver.core.Cluster.buildFrom(Cluster.java:178)
	at com.datastax.driver.core.Cluster$Builder.build(Cluster.java:1299)
	at org.springframework.boot.autoconfigure.cassandra.CassandraAutoConfiguration.cluster(CassandraAutoConfiguration.java:96)
	at org.springframework.boot.autoconfigure.cassandra.CassandraAutoConfiguration$$EnhancerBySpringCGLIB$$322aa00a.CGLIB$cluster$0(<generated>)
	at org.springframework.boot.autoconfigure.cassandra.CassandraAutoConfiguration$$EnhancerBySpringCGLIB$$322aa00a$$FastClassBySpringCGLIB$$38d71796.invoke(<generated>)
	at org.springframework.cglib.proxy.MethodProxy.invokeSuper(MethodProxy.java:228)
	at org.springframework.context.annotation.ConfigurationClassEnhancer$BeanMethodInterceptor.intercept(ConfigurationClassEnhancer.java:358)
	at org.springframework.boot.autoconfigure.cassandra.CassandraAutoConfiguration$$EnhancerBySpringCGLIB$$322aa00a.cluster(<generated>)
	at sun.reflect.NativeMethodAccessorImpl.invoke0(Native Method)
	at sun.reflect.NativeMethodAccessorImpl.invoke(NativeMethodAccessorImpl.java:62)
	at sun.reflect.DelegatingMethodAccessorImpl.invoke(DelegatingMethodAccessorImpl.java:43)
	at java.lang.reflect.Method.invoke(Method.java:498)
	at org.springframework.beans.factory.support.SimpleInstantiationStrategy.instantiate(SimpleInstantiationStrategy.java:162)
	at org.springframework.beans.factory.support.ConstructorResolver.instantiateUsingFactoryMethod(ConstructorResolver.java:588)
	at org.springframework.beans.factory.support.AbstractAutowireCapableBeanFactory.instantiateUsingFactoryMethod(AbstractAutowireCapableBeanFactory.java:1173)
	at org.springframework.beans.factory.support.AbstractAutowireCapableBeanFactory.createBeanInstance(AbstractAutowireCapableBeanFactory.java:1067)
	at org.springframework.beans.factory.support.AbstractAutowireCapableBeanFactory.doCreateBean(AbstractAutowireCapableBeanFactory.java:513)
	at org.springframework.beans.factory.support.AbstractAutowireCapableBeanFactory.createBean(AbstractAutowireCapableBeanFactory.java:483)
	at org.springframework.beans.factory.support.AbstractBeanFactory$1.getObject(AbstractBeanFactory.java:306)
	at org.springframework.beans.factory.support.DefaultSingletonBeanRegistry.getSingleton(DefaultSingletonBeanRegistry.java:230)
	at org.springframework.beans.factory.support.AbstractBeanFactory.doGetBean(AbstractBeanFactory.java:302)
	at org.springframework.beans.factory.support.AbstractBeanFactory.getBean(AbstractBeanFactory.java:197)
	at org.springframework.beans.factory.support.DefaultListableBeanFactory.preInstantiateSingletons(DefaultListableBeanFactory.java:761)
	at org.springframework.context.support.AbstractApplicationContext.finishBeanFactoryInitialization(AbstractApplicationContext.java:866)
	at org.springframework.context.support.AbstractApplicationContext.refresh(AbstractApplicationContext.java:542)
	at org.springframework.boot.SpringApplication.refresh(SpringApplication.java:737)
	at org.springframework.boot.SpringApplication.refreshContext(SpringApplication.java:370)
	at org.springframework.boot.SpringApplication.run(SpringApplication.java:314)
	at org.springframework.boot.test.context.SpringBootContextLoader.loadContext(SpringBootContextLoader.java:120)
	at org.springframework.test.context.cache.DefaultCacheAwareContextLoaderDelegate.loadContextInternal(DefaultCacheAwareContextLoaderDelegate.java:98)
	at org.springframework.test.context.cache.DefaultCacheAwareContextLoaderDelegate.loadContext(DefaultCacheAwareContextLoaderDelegate.java:116)
	at org.springframework.test.context.support.DefaultTestContext.getApplicationContext(DefaultTestContext.java:83)
	at org.springframework.test.context.web.ServletTestExecutionListener.setUpRequestContextIfNecessary(ServletTestExecutionListener.java:189)
	at org.springframework.test.context.web.ServletTestExecutionListener.prepareTestInstance(ServletTestExecutionListener.java:131)
	at org.springframework.test.context.TestContextManager.prepareTestInstance(TestContextManager.java:230)
	at org.springframework.test.context.junit4.SpringJUnit4ClassRunner.createTest(SpringJUnit4ClassRunner.java:228)
	at org.springframework.test.context.junit4.SpringJUnit4ClassRunner$1.runReflectiveCall(SpringJUnit4ClassRunner.java:287)
	at org.junit.internal.runners.model.ReflectiveCallable.run(ReflectiveCallable.java:12)
	at org.springframework.test.context.junit4.SpringJUnit4ClassRunner.methodBlock(SpringJUnit4ClassRunner.java:289)
	at org.springframework.test.context.junit4.SpringJUnit4ClassRunner.runChild(SpringJUnit4ClassRunner.java:247)
	at org.springframework.test.context.junit4.SpringJUnit4ClassRunner.runChild(SpringJUnit4ClassRunner.java:94)
	at org.junit.runners.ParentRunner$3.run(ParentRunner.java:290)
	at org.junit.runners.ParentRunner$1.schedule(ParentRunner.java:71)
	at org.junit.runners.ParentRunner.runChildren(ParentRunner.java:288)
	at org.junit.runners.ParentRunner.access$000(ParentRunner.java:58)
	at org.junit.runners.ParentRunner$2.evaluate(ParentRunner.java:268)
	at org.springframework.test.context.junit4.statements.RunBeforeTestClassCallbacks.evaluate(RunBeforeTestClassCallbacks.java:61)
	at org.springframework.test.context.junit4.statements.RunAfterTestClassCallbacks.evaluate(RunAfterTestClassCallbacks.java:70)
	at org.junit.runners.ParentRunner.run(ParentRunner.java:363)
	at org.springframework.test.context.junit4.SpringJUnit4ClassRunner.run(SpringJUnit4ClassRunner.java:191)
	at org.gradle.api.internal.tasks.testing.junit.JUnitTestClassExecuter.runTestClass(JUnitTestClassExecuter.java:114)
	at org.gradle.api.internal.tasks.testing.junit.JUnitTestClassExecuter.execute(JUnitTestClassExecuter.java:57)
	at org.gradle.api.internal.tasks.testing.junit.JUnitTestClassProcessor.processTestClass(JUnitTestClassProcessor.java:66)
	at org.gradle.api.internal.tasks.testing.SuiteTestClassProcessor.processTestClass(SuiteTestClassProcessor.java:51)
	at sun.reflect.NativeMethodAccessorImpl.invoke0(Native Method)
	at sun.reflect.NativeMethodAccessorImpl.invoke(NativeMethodAccessorImpl.java:62)
	at sun.reflect.DelegatingMethodAccessorImpl.invoke(DelegatingMethodAccessorImpl.java:43)
	at java.lang.reflect.Method.invoke(Method.java:498)
	at org.gradle.internal.dispatch.ReflectionDispatch.dispatch(ReflectionDispatch.java:35)
	at org.gradle.internal.dispatch.ReflectionDispatch.dispatch(ReflectionDispatch.java:24)
	at org.gradle.internal.dispatch.ContextClassLoaderDispatch.dispatch(ContextClassLoaderDispatch.java:32)
	at org.gradle.internal.dispatch.ProxyDispatchAdapter$DispatchingInvocationHandler.invoke(ProxyDispatchAdapter.java:93)
	at com.sun.proxy.$Proxy3.processTestClass(Unknown Source)
	at org.gradle.api.internal.tasks.testing.worker.TestWorker.processTestClass(TestWorker.java:109)
	at sun.reflect.NativeMethodAccessorImpl.invoke0(Native Method)
	at sun.reflect.NativeMethodAccessorImpl.invoke(NativeMethodAccessorImpl.java:62)
	at sun.reflect.DelegatingMethodAccessorImpl.invoke(DelegatingMethodAccessorImpl.java:43)
	at java.lang.reflect.Method.invoke(Method.java:498)
	at org.gradle.internal.dispatch.ReflectionDispatch.dispatch(ReflectionDispatch.java:35)
	at org.gradle.internal.dispatch.ReflectionDispatch.dispatch(ReflectionDispatch.java:24)
	at org.gradle.internal.remote.internal.hub.MessageHubBackedObjectConnection$DispatchWrapper.dispatch(MessageHubBackedObjectConnection.java:147)
	at org.gradle.internal.remote.internal.hub.MessageHubBackedObjectConnection$DispatchWrapper.dispatch(MessageHubBackedObjectConnection.java:129)
	at org.gradle.internal.remote.internal.hub.MessageHub$Handler.run(MessageHub.java:404)
	at org.gradle.internal.concurrent.ExecutorPolicy$CatchAndRecordFailures.onExecute(ExecutorPolicy.java:63)
	at org.gradle.internal.concurrent.StoppableExecutorImpl$1.run(StoppableExecutorImpl.java:46)
	at java.util.concurrent.ThreadPoolExecutor.runWorker(ThreadPoolExecutor.java:1142)
	at java.util.concurrent.ThreadPoolExecutor$Worker.run(ThreadPoolExecutor.java:617)
	at java.lang.Thread.run(Thread.java:745)
23:08:30.189 [Test worker] ?[34m[INFO ]?[0;39m c.d.d.core.ClockFactory - Using java.lang.System clock to generate timestamps.
23:08:30.192 [Test worker] ?[39m[DEBUG]?[0;39m c.d.d.c.SystemProperties - com.datastax.driver.NON_BLOCKING_EXECUTOR_SIZE is undefined, using default value 4
23:08:30.240 [Test worker] ?[39m[DEBUG]?[0;39m o.s.b.f.s.DefaultListableBeanFactory - Eagerly caching bean 'cluster' to allow for resolving potential circular references
23:08:30.242 [Test worker] ?[39m[DEBUG]?[0;39m o.s.b.f.s.DefaultListableBeanFactory - Finished creating instance of bean 'cluster'
23:08:30.242 [Test worker] ?[39m[DEBUG]?[0;39m o.s.b.f.s.DefaultListableBeanFactory - Returning cached instance of singleton bean 'spring.data.cassandra-org.springframework.boot.autoconfigure.cassandra.CassandraProperties'
23:08:30.242 [Test worker] ?[39m[DEBUG]?[0;39m o.s.b.f.s.DefaultListableBeanFactory - Creating shared instance of singleton bean 'org.springframework.boot.autoconfigure.context.ConfigurationPropertiesAutoConfiguration'
23:08:30.242 [Test worker] ?[39m[DEBUG]?[0;39m o.s.b.f.s.DefaultListableBeanFactory - Creating instance of bean 'org.springframework.boot.autoconfigure.context.ConfigurationPropertiesAutoConfiguration'
23:08:30.242 [Test worker] ?[39m[DEBUG]?[0;39m o.s.b.f.s.DefaultListableBeanFactory - Eagerly caching bean 'org.springframework.boot.autoconfigure.context.ConfigurationPropertiesAutoConfiguration' to allow for resolving potential circular references
23:08:30.244 [Test worker] ?[39m[DEBUG]?[0;39m o.s.b.f.s.DefaultListableBeanFactory - Finished creating instance of bean 'org.springframework.boot.autoconfigure.context.ConfigurationPropertiesAutoConfiguration'
23:08:30.244 [Test worker] ?[39m[DEBUG]?[0;39m o.s.b.f.s.DefaultListableBeanFactory - Returning cached instance of singleton bean 'org.springframework.boot.autoconfigure.web.HttpMessageConvertersAutoConfiguration$StringHttpMessageConverterConfiguration'
23:08:30.244 [Test worker] ?[39m[DEBUG]?[0;39m o.s.b.f.s.DefaultListableBeanFactory - Returning cached instance of singleton bean 'stringHttpMessageConverter'
23:08:30.244 [Test worker] ?[39m[DEBUG]?[0;39m o.s.b.f.s.DefaultListableBeanFactory - Returning cached instance of singleton bean 'spring.http.encoding-org.springframework.boot.autoconfigure.web.HttpEncodingProperties'
23:08:30.244 [Test worker] ?[39m[DEBUG]?[0;39m o.s.b.f.s.DefaultListableBeanFactory - Returning cached instance of singleton bean 'org.springframework.boot.autoconfigure.web.JacksonHttpMessageConvertersConfiguration$MappingJackson2HttpMessageConverterConfiguration'
23:08:30.244 [Test worker] ?[39m[DEBUG]?[0;39m o.s.b.f.s.DefaultListableBeanFactory - Returning cached instance of singleton bean 'mappingJackson2HttpMessageConverter'
23:08:30.244 [Test worker] ?[39m[DEBUG]?[0;39m o.s.b.f.s.DefaultListableBeanFactory - Creating shared instance of singleton bean 'org.springframework.boot.autoconfigure.web.JacksonHttpMessageConvertersConfiguration'
23:08:30.244 [Test worker] ?[39m[DEBUG]?[0;39m o.s.b.f.s.DefaultListableBeanFactory - Creating instance of bean 'org.springframework.boot.autoconfigure.web.JacksonHttpMessageConvertersConfiguration'
23:08:30.245 [Test worker] ?[39m[DEBUG]?[0;39m o.s.b.f.s.DefaultListableBeanFactory - Eagerly caching bean 'org.springframework.boot.autoconfigure.web.JacksonHttpMessageConvertersConfiguration' to allow for resolving potential circular references
23:08:30.247 [Test worker] ?[39m[DEBUG]?[0;39m o.s.b.f.s.DefaultListableBeanFactory - Finished creating instance of bean 'org.springframework.boot.autoconfigure.web.JacksonHttpMessageConvertersConfiguration'
23:08:30.247 [Test worker] ?[39m[DEBUG]?[0;39m o.s.b.f.s.DefaultListableBeanFactory - Returning cached instance of singleton bean 'org.springframework.boot.autoconfigure.web.HttpMessageConvertersAutoConfiguration'
23:08:30.247 [Test worker] ?[39m[DEBUG]?[0;39m o.s.b.f.s.DefaultListableBeanFactory - Returning cached instance of singleton bean 'messageConverters'
23:08:30.247 [Test worker] ?[39m[DEBUG]?[0;39m o.s.b.f.s.DefaultListableBeanFactory - Creating shared instance of singleton bean 'org.springframework.boot.autoconfigure.info.ProjectInfoAutoConfiguration'
23:08:30.247 [Test worker] ?[39m[DEBUG]?[0;39m o.s.b.f.s.DefaultListableBeanFactory - Creating instance of bean 'org.springframework.boot.autoconfigure.info.ProjectInfoAutoConfiguration'
23:08:30.247 [Test worker] ?[39m[DEBUG]?[0;39m o.s.c.LocalVariableTableParameterNameDiscoverer - Cannot find '.class' file for class [class org.springframework.boot.autoconfigure.info.ProjectInfoAutoConfiguration$$EnhancerBySpringCGLIB$$6ccb156d] - unable to determine constructor/method parameter names
23:08:30.248 [Test worker] ?[39m[DEBUG]?[0;39m o.s.b.f.s.DefaultListableBeanFactory - Creating shared instance of singleton bean 'spring.info-org.springframework.boot.autoconfigure.info.ProjectInfoProperties'
23:08:30.248 [Test worker] ?[39m[DEBUG]?[0;39m o.s.b.f.s.DefaultListableBeanFactory - Creating instance of bean 'spring.info-org.springframework.boot.autoconfigure.info.ProjectInfoProperties'
23:08:30.249 [Test worker] ?[39m[DEBUG]?[0;39m o.s.b.f.a.InjectionMetadata - Registered injected element on class [org.springframework.boot.autoconfigure.info.ProjectInfoProperties]: AutowiredMethodElement for void org.springframework.boot.autoconfigure.info.ProjectInfoProperties.setDefaultGitLocation(org.springframework.core.io.Resource)
23:08:30.249 [Test worker] ?[39m[DEBUG]?[0;39m o.s.b.f.s.DefaultListableBeanFactory - Eagerly caching bean 'spring.info-org.springframework.boot.autoconfigure.info.ProjectInfoProperties' to allow for resolving potential circular references
23:08:30.249 [Test worker] ?[39m[DEBUG]?[0;39m o.s.b.f.a.InjectionMetadata - Processing injected element of bean 'spring.info-org.springframework.boot.autoconfigure.info.ProjectInfoProperties': AutowiredMethodElement for void org.springframework.boot.autoconfigure.info.ProjectInfoProperties.setDefaultGitLocation(org.springframework.core.io.Resource)
23:08:30.250 [Test worker] ?[39m[DEBUG]?[0;39m o.s.c.e.PropertySourcesPropertyResolver - Could not find key 'spring.git.properties:classpath:git.properties' in any property source
23:08:30.250 [Test worker] ?[39m[DEBUG]?[0;39m o.s.c.e.PropertySourcesPropertyResolver - Could not find key 'spring.git.properties:classpath:git.properties' in any property source
23:08:30.250 [Test worker] ?[39m[DEBUG]?[0;39m o.s.c.e.PropertySourcesPropertyResolver - Could not find key 'spring.git.properties' in any property source
23:08:30.250 [Test worker] ?[39m[DEBUG]?[0;39m o.s.c.e.PropertySourcesPropertyResolver - Could not find key 'spring.git.properties' in any property source
23:08:30.251 [Test worker] ?[39m[DEBUG]?[0;39m o.s.c.e.MutablePropertySources - Adding [Inlined Test Properties] PropertySource with lowest search precedence
23:08:30.251 [Test worker] ?[39m[DEBUG]?[0;39m o.s.c.e.MutablePropertySources - Adding [systemProperties] PropertySource with lowest search precedence
23:08:30.251 [Test worker] ?[39m[DEBUG]?[0;39m o.s.c.e.MutablePropertySources - Adding [systemEnvironment] PropertySource with lowest search precedence
23:08:30.251 [Test worker] ?[39m[DEBUG]?[0;39m o.s.c.e.MutablePropertySources - Adding [random] PropertySource with lowest search precedence
23:08:30.251 [Test worker] ?[39m[DEBUG]?[0;39m o.s.c.e.MutablePropertySources - Adding [localProperties] PropertySource with lowest search precedence
23:08:30.251 [Test worker] ?[39m[DEBUG]?[0;39m o.s.b.f.s.DefaultListableBeanFactory - Finished creating instance of bean 'spring.info-org.springframework.boot.autoconfigure.info.ProjectInfoProperties'
23:08:30.251 [Test worker] ?[39m[DEBUG]?[0;39m o.s.b.f.s.DefaultListableBeanFactory - Autowiring by type from bean name 'org.springframework.boot.autoconfigure.info.ProjectInfoAutoConfiguration' via constructor to bean named 'spring.info-org.springframework.boot.autoconfigure.info.ProjectInfoProperties'
23:08:30.251 [Test worker] ?[39m[DEBUG]?[0;39m o.s.b.f.s.DefaultListableBeanFactory - Eagerly caching bean 'org.springframework.boot.autoconfigure.info.ProjectInfoAutoConfiguration' to allow for resolving potential circular references
23:08:30.254 [Test worker] ?[39m[DEBUG]?[0;39m o.s.b.f.s.DefaultListableBeanFactory - Finished creating instance of bean 'org.springframework.boot.autoconfigure.info.ProjectInfoAutoConfiguration'
23:08:30.254 [Test worker] ?[39m[DEBUG]?[0;39m o.s.b.f.s.DefaultListableBeanFactory - Returning cached instance of singleton bean 'spring.info-org.springframework.boot.autoconfigure.info.ProjectInfoProperties'
23:08:30.254 [Test worker] ?[39m[DEBUG]?[0;39m o.s.b.f.s.DefaultListableBeanFactory - Creating shared instance of singleton bean 'org.springframework.boot.autoconfigure.thymeleaf.ThymeleafAutoConfiguration$ThymeleafResourceHandlingConfig'
23:08:30.254 [Test worker] ?[39m[DEBUG]?[0;39m o.s.b.f.s.DefaultListableBeanFactory - Creating instance of bean 'org.springframework.boot.autoconfigure.thymeleaf.ThymeleafAutoConfiguration$ThymeleafResourceHandlingConfig'
23:08:30.255 [Test worker] ?[39m[DEBUG]?[0;39m o.s.b.f.s.DefaultListableBeanFactory - Eagerly caching bean 'org.springframework.boot.autoconfigure.thymeleaf.ThymeleafAutoConfiguration$ThymeleafResourceHandlingConfig' to allow for resolving potential circular references
23:08:30.257 [Test worker] ?[39m[DEBUG]?[0;39m o.s.b.f.s.DefaultListableBeanFactory - Finished creating instance of bean 'org.springframework.boot.autoconfigure.thymeleaf.ThymeleafAutoConfiguration$ThymeleafResourceHandlingConfig'
23:08:30.257 [Test worker] ?[39m[DEBUG]?[0;39m o.s.b.f.s.DefaultListableBeanFactory - Returning cached instance of singleton bean 'org.springframework.boot.autoconfigure.thymeleaf.ThymeleafAutoConfiguration$ThymeleafWebLayoutConfiguration'
23:08:30.257 [Test worker] ?[39m[DEBUG]?[0;39m o.s.b.f.s.DefaultListableBeanFactory - Returning cached instance of singleton bean 'layoutDialect'
23:08:30.257 [Test worker] ?[39m[DEBUG]?[0;39m o.s.b.f.s.DefaultListableBeanFactory - Returning cached instance of singleton bean 'org.springframework.boot.autoconfigure.thymeleaf.ThymeleafAutoConfiguration$ThymeleafDefaultConfiguration'
23:08:30.257 [Test worker] ?[39m[DEBUG]?[0;39m o.s.b.f.s.DefaultListableBeanFactory - Returning cached instance of singleton bean 'templateEngine'
23:08:30.258 [Test worker] ?[39m[DEBUG]?[0;39m o.s.b.f.s.DefaultListableBeanFactory - Returning cached instance of singleton bean 'org.springframework.boot.autoconfigure.thymeleaf.ThymeleafAutoConfiguration$Thymeleaf2Configuration$Thymeleaf2ViewResolverConfiguration'
23:08:30.258 [Test worker] ?[39m[DEBUG]?[0;39m o.s.b.f.s.DefaultListableBeanFactory - Returning cached instance of singleton bean 'thymeleafViewResolver'
23:08:30.258 [Test worker] ?[39m[DEBUG]?[0;39m o.s.b.f.s.DefaultListableBeanFactory - Returning cached instance of singleton bean 'org.springframework.boot.autoconfigure.thymeleaf.ThymeleafAutoConfiguration$Thymeleaf2Configuration$DefaultTemplateResolverConfiguration'
23:08:30.258 [Test worker] ?[39m[DEBUG]?[0;39m o.s.b.f.s.DefaultListableBeanFactory - Creating shared instance of singleton bean 'thymeleafResourceResolver'
23:08:30.258 [Test worker] ?[39m[DEBUG]?[0;39m o.s.b.f.s.DefaultListableBeanFactory - Creating instance of bean 'thymeleafResourceResolver'
23:08:30.258 [Test worker] ?[39m[DEBUG]?[0;39m o.s.b.f.s.DefaultListableBeanFactory - Returning cached instance of singleton bean 'org.springframework.boot.autoconfigure.thymeleaf.ThymeleafAutoConfiguration$Thymeleaf2Configuration$DefaultTemplateResolverConfiguration'
23:08:30.259 [Test worker] ?[39m[DEBUG]?[0;39m o.s.b.f.s.DefaultListableBeanFactory - Eagerly caching bean 'thymeleafResourceResolver' to allow for resolving potential circular references
23:08:30.262 [Test worker] ?[39m[DEBUG]?[0;39m o.s.b.f.s.DefaultListableBeanFactory - Finished creating instance of bean 'thymeleafResourceResolver'
23:08:30.262 [Test worker] ?[39m[DEBUG]?[0;39m o.s.b.f.s.DefaultListableBeanFactory - Returning cached instance of singleton bean 'defaultTemplateResolver'
23:08:30.262 [Test worker] ?[39m[DEBUG]?[0;39m o.s.b.f.s.DefaultListableBeanFactory - Creating shared instance of singleton bean 'org.springframework.boot.autoconfigure.thymeleaf.ThymeleafAutoConfiguration$Thymeleaf2Configuration'
23:08:30.262 [Test worker] ?[39m[DEBUG]?[0;39m o.s.b.f.s.DefaultListableBeanFactory - Creating instance of bean 'org.springframework.boot.autoconfigure.thymeleaf.ThymeleafAutoConfiguration$Thymeleaf2Configuration'
23:08:30.262 [Test worker] ?[39m[DEBUG]?[0;39m o.s.b.f.s.DefaultListableBeanFactory - Eagerly caching bean 'org.springframework.boot.autoconfigure.thymeleaf.ThymeleafAutoConfiguration$Thymeleaf2Configuration' to allow for resolving potential circular references
23:08:30.265 [Test worker] ?[39m[DEBUG]?[0;39m o.s.b.f.s.DefaultListableBeanFactory - Finished creating instance of bean 'org.springframework.boot.autoconfigure.thymeleaf.ThymeleafAutoConfiguration$Thymeleaf2Configuration'
23:08:30.265 [Test worker] ?[39m[DEBUG]?[0;39m o.s.b.f.s.DefaultListableBeanFactory - Creating shared instance of singleton bean 'org.springframework.boot.autoconfigure.thymeleaf.ThymeleafAutoConfiguration'
23:08:30.265 [Test worker] ?[39m[DEBUG]?[0;39m o.s.b.f.s.DefaultListableBeanFactory - Creating instance of bean 'org.springframework.boot.autoconfigure.thymeleaf.ThymeleafAutoConfiguration'
23:08:30.265 [Test worker] ?[39m[DEBUG]?[0;39m o.s.b.f.s.DefaultListableBeanFactory - Eagerly caching bean 'org.springframework.boot.autoconfigure.thymeleaf.ThymeleafAutoConfiguration' to allow for resolving potential circular references
23:08:30.268 [Test worker] ?[39m[DEBUG]?[0;39m o.s.b.f.s.DefaultListableBeanFactory - Finished creating instance of bean 'org.springframework.boot.autoconfigure.thymeleaf.ThymeleafAutoConfiguration'
23:08:30.268 [Test worker] ?[39m[DEBUG]?[0;39m o.s.b.f.s.DefaultListableBeanFactory - Returning cached instance of singleton bean 'spring.thymeleaf-org.springframework.boot.autoconfigure.thymeleaf.ThymeleafProperties'
23:08:30.268 [Test worker] ?[39m[DEBUG]?[0;39m o.s.b.f.s.DefaultListableBeanFactory - Returning cached instance of singleton bean 'org.springframework.boot.autoconfigure.web.HttpEncodingAutoConfiguration'
23:08:30.268 [Test worker] ?[39m[DEBUG]?[0;39m o.s.b.f.s.DefaultListableBeanFactory - Creating shared instance of singleton bean 'characterEncodingFilter'
23:08:30.268 [Test worker] ?[39m[DEBUG]?[0;39m o.s.b.f.s.DefaultListableBeanFactory - Creating instance of bean 'characterEncodingFilter'
23:08:30.268 [Test worker] ?[39m[DEBUG]?[0;39m o.s.b.f.s.DefaultListableBeanFactory - Returning cached instance of singleton bean 'org.springframework.boot.autoconfigure.web.HttpEncodingAutoConfiguration'
23:08:30.268 [Test worker] ?[39m[DEBUG]?[0;39m o.s.w.c.s.StandardServletEnvironment - Adding [servletConfigInitParams] PropertySource with lowest search precedence
23:08:30.268 [Test worker] ?[39m[DEBUG]?[0;39m o.s.w.c.s.StandardServletEnvironment - Adding [servletContextInitParams] PropertySource with lowest search precedence
23:08:30.269 [Test worker] ?[39m[DEBUG]?[0;39m o.s.w.c.s.StandardServletEnvironment - Adding [systemProperties] PropertySource with lowest search precedence
23:08:30.269 [Test worker] ?[39m[DEBUG]?[0;39m o.s.w.c.s.StandardServletEnvironment - Adding [systemEnvironment] PropertySource with lowest search precedence
23:08:30.269 [Test worker] ?[39m[DEBUG]?[0;39m o.s.w.c.s.StandardServletEnvironment - Initialized StandardServletEnvironment with PropertySources [servletConfigInitParams,servletContextInitParams,systemProperties,systemEnvironment]
23:08:30.269 [Test worker] ?[39m[DEBUG]?[0;39m o.s.b.f.s.DefaultListableBeanFactory - Eagerly caching bean 'characterEncodingFilter' to allow for resolving potential circular references
23:08:30.274 [Test worker] ?[39m[DEBUG]?[0;39m o.s.b.f.s.DefaultListableBeanFactory - Invoking afterPropertiesSet() on bean with name 'characterEncodingFilter'
23:08:30.275 [Test worker] ?[39m[DEBUG]?[0;39m o.s.b.f.s.DefaultListableBeanFactory - Finished creating instance of bean 'characterEncodingFilter'
23:08:30.275 [Test worker] ?[39m[DEBUG]?[0;39m o.s.b.f.s.DefaultListableBeanFactory - Returning cached instance of singleton bean 'localeCharsetMappingsCustomizer'
23:08:30.275 [Test worker] ?[39m[DEBUG]?[0;39m o.s.b.f.s.DefaultListableBeanFactory - Returning cached instance of singleton bean 'org.springframework.boot.autoconfigure.web.MultipartAutoConfiguration'
23:08:30.275 [Test worker] ?[39m[DEBUG]?[0;39m o.s.b.f.s.DefaultListableBeanFactory - Returning cached instance of singleton bean 'multipartConfigElement'
23:08:30.275 [Test worker] ?[39m[DEBUG]?[0;39m o.s.b.f.s.DefaultListableBeanFactory - Creating shared instance of singleton bean 'multipartResolver'
23:08:30.275 [Test worker] ?[39m[DEBUG]?[0;39m o.s.b.f.s.DefaultListableBeanFactory - Creating instance of bean 'multipartResolver'
23:08:30.275 [Test worker] ?[39m[DEBUG]?[0;39m o.s.b.f.s.DefaultListableBeanFactory - Returning cached instance of singleton bean 'org.springframework.boot.autoconfigure.web.MultipartAutoConfiguration'
23:08:30.276 [Test worker] ?[39m[DEBUG]?[0;39m o.s.b.f.s.DefaultListableBeanFactory - Eagerly caching bean 'multipartResolver' to allow for resolving potential circular references
23:08:30.278 [Test worker] ?[39m[DEBUG]?[0;39m o.s.b.f.s.DefaultListableBeanFactory - Finished creating instance of bean 'multipartResolver'
23:08:30.278 [Test worker] ?[39m[DEBUG]?[0;39m o.s.b.f.s.DefaultListableBeanFactory - Returning cached instance of singleton bean 'spring.http.multipart-org.springframework.boot.autoconfigure.web.MultipartProperties'
23:08:30.278 [Test worker] ?[39m[DEBUG]?[0;39m o.s.b.f.s.DefaultListableBeanFactory - Returning cached instance of singleton bean 'org.springframework.boot.autoconfigure.web.ServerPropertiesAutoConfiguration'
23:08:30.278 [Test worker] ?[39m[DEBUG]?[0;39m o.s.b.f.s.DefaultListableBeanFactory - Returning cached instance of singleton bean 'serverProperties'
23:08:30.278 [Test worker] ?[39m[DEBUG]?[0;39m o.s.b.f.s.DefaultListableBeanFactory - Returning cached instance of singleton bean 'duplicateServerPropertiesDetector'
23:08:30.278 [Test worker] ?[39m[DEBUG]?[0;39m o.s.b.f.s.DefaultListableBeanFactory - Creating shared instance of singleton bean 'org.springframework.boot.autoconfigure.web.WebClientAutoConfiguration$RestTemplateConfiguration'
23:08:30.278 [Test worker] ?[39m[DEBUG]?[0;39m o.s.b.f.s.DefaultListableBeanFactory - Creating instance of bean 'org.springframework.boot.autoconfigure.web.WebClientAutoConfiguration$RestTemplateConfiguration'
23:08:30.279 [Test worker] ?[39m[DEBUG]?[0;39m o.s.c.LocalVariableTableParameterNameDiscoverer - Cannot find '.class' file for class [class org.springframework.boot.autoconfigure.web.WebClientAutoConfiguration$RestTemplateConfiguration$$EnhancerBySpringCGLIB$$38007f6b] - unable to determine constructor/method parameter names
23:08:30.280 [Test worker] ?[39m[DEBUG]?[0;39m o.s.b.f.s.DefaultListableBeanFactory - Eagerly caching bean 'org.springframework.boot.autoconfigure.web.WebClientAutoConfiguration$RestTemplateConfiguration' to allow for resolving potential circular references
23:08:30.282 [Test worker] ?[39m[DEBUG]?[0;39m o.s.b.f.s.DefaultListableBeanFactory - Finished creating instance of bean 'org.springframework.boot.autoconfigure.web.WebClientAutoConfiguration$RestTemplateConfiguration'
23:08:30.283 [Test worker] ?[39m[DEBUG]?[0;39m o.s.b.f.s.DefaultListableBeanFactory - Creating shared instance of singleton bean 'restTemplateBuilder'
23:08:30.283 [Test worker] ?[39m[DEBUG]?[0;39m o.s.b.f.s.DefaultListableBeanFactory - Creating instance of bean 'restTemplateBuilder'
23:08:30.283 [Test worker] ?[39m[DEBUG]?[0;39m o.s.b.f.s.DefaultListableBeanFactory - Returning cached instance of singleton bean 'org.springframework.boot.autoconfigure.web.WebClientAutoConfiguration$RestTemplateConfiguration'
23:08:30.286 [Test worker] ?[39m[DEBUG]?[0;39m o.s.b.f.s.DefaultListableBeanFactory - Returning cached instance of singleton bean 'messageConverters'
23:08:30.288 [Test worker] ?[39m[DEBUG]?[0;39m o.s.b.f.s.DefaultListableBeanFactory - Eagerly caching bean 'restTemplateBuilder' to allow for resolving potential circular references
23:08:30.290 [Test worker] ?[39m[DEBUG]?[0;39m o.s.b.f.s.DefaultListableBeanFactory - Finished creating instance of bean 'restTemplateBuilder'
23:08:30.291 [Test worker] ?[39m[DEBUG]?[0;39m o.s.b.f.s.DefaultListableBeanFactory - Creating shared instance of singleton bean 'org.springframework.boot.autoconfigure.web.WebClientAutoConfiguration'
23:08:30.291 [Test worker] ?[39m[DEBUG]?[0;39m o.s.b.f.s.DefaultListableBeanFactory - Creating instance of bean 'org.springframework.boot.autoconfigure.web.WebClientAutoConfiguration'
23:08:30.291 [Test worker] ?[39m[DEBUG]?[0;39m o.s.b.f.s.DefaultListableBeanFactory - Eagerly caching bean 'org.springframework.boot.autoconfigure.web.WebClientAutoConfiguration' to allow for resolving potential circular references
23:08:30.294 [Test worker] ?[39m[DEBUG]?[0;39m o.s.b.f.s.DefaultListableBeanFactory - Finished creating instance of bean 'org.springframework.boot.autoconfigure.web.WebClientAutoConfiguration'
23:08:30.295 [Test worker] ?[39m[DEBUG]?[0;39m o.s.b.f.s.DefaultListableBeanFactory - Returning cached instance of singleton bean 'org.springframework.context.event.internalEventListenerFactory'
23:08:30.340 [Test worker] ?[39m[DEBUG]?[0;39m o.s.w.c.s.GenericWebApplicationContext - Unable to locate LifecycleProcessor with name 'lifecycleProcessor': using default [org.springframework.context.support.DefaultLifecycleProcessor@33a10101]
23:08:30.341 [Test worker] ?[39m[DEBUG]?[0;39m o.s.b.f.s.DefaultListableBeanFactory - Returning cached instance of singleton bean 'lifecycleProcessor'
23:08:30.342 [Test worker] ?[39m[DEBUG]?[0;39m o.s.b.f.s.DefaultListableBeanFactory - Returning cached instance of singleton bean 'org.springframework.boot.autoconfigure.internalCachingMetadataReaderFactory'
23:08:30.342 [Test worker] ?[39m[DEBUG]?[0;39m o.s.b.f.s.DefaultListableBeanFactory - Returning cached instance of singleton bean 'org.springframework.boot.context.properties.ConfigurationPropertiesBindingPostProcessor'
23:08:30.342 [Test worker] ?[39m[DEBUG]?[0;39m o.s.b.f.s.DefaultListableBeanFactory - Returning cached instance of singleton bean 'mvcResourceUrlProvider'
23:08:30.350 [Test worker] ?[39m[DEBUG]?[0;39m o.s.b.a.l.AutoConfigurationReportLoggingInitializer - 


=========================
AUTO-CONFIGURATION REPORT
=========================


Positive matches:
-----------------

   AbstractThymeleafViewResolverConfiguration#thymeleafViewResolver matched:
      - @ConditionalOnProperty (spring.thymeleaf.enabled) matched (OnPropertyCondition)
      - @ConditionalOnMissingBean (names: thymeleafViewResolver; SearchStrategy: all) did not find any beans (OnBeanCondition)

   AopAutoConfiguration matched:
      - @ConditionalOnClass found required classes 'org.springframework.context.annotation.EnableAspectJAutoProxy', 'org.aspectj.lang.annotation.Aspect', 'org.aspectj.lang.reflect.Advice'; @ConditionalOnMissingClass did not find unwanted class (OnClassCondition)
      - @ConditionalOnProperty (spring.aop.auto=true) matched (OnPropertyCondition)

   AopAutoConfiguration.JdkDynamicAutoProxyConfiguration matched:
      - @ConditionalOnProperty (spring.aop.proxy-target-class=false) matched (OnPropertyCondition)

   CassandraAutoConfiguration matched:
      - @ConditionalOnClass found required class 'com.datastax.driver.core.Cluster'; @ConditionalOnMissingClass did not find unwanted class (OnClassCondition)

   CassandraAutoConfiguration#cluster matched:
      - @ConditionalOnMissingBean (types: com.datastax.driver.core.Cluster; SearchStrategy: all) did not find any beans (OnBeanCondition)

   DispatcherServletAutoConfiguration matched:
      - @ConditionalOnClass found required class 'org.springframework.web.servlet.DispatcherServlet'; @ConditionalOnMissingClass did not find unwanted class (OnClassCondition)
      - @ConditionalOnWebApplication (required) found 'session' scope (OnWebApplicationCondition)

   DispatcherServletAutoConfiguration.DispatcherServletConfiguration matched:
      - @ConditionalOnClass found required class 'javax.servlet.ServletRegistration'; @ConditionalOnMissingClass did not find unwanted class (OnClassCondition)
      - Default DispatcherServlet did not find dispatcher servlet beans (DispatcherServletAutoConfiguration.DefaultDispatcherServletCondition)

   DispatcherServletAutoConfiguration.DispatcherServletRegistrationConfiguration matched:
      - @ConditionalOnClass found required class 'javax.servlet.ServletRegistration'; @ConditionalOnMissingClass did not find unwanted class (OnClassCondition)
      - DispatcherServlet Registration did not find servlet registration bean (DispatcherServletAutoConfiguration.DispatcherServletRegistrationCondition)

   DispatcherServletAutoConfiguration.DispatcherServletRegistrationConfiguration#dispatcherServletRegistration matched:
      - @ConditionalOnBean (names: dispatcherServlet; types: org.springframework.web.servlet.DispatcherServlet; SearchStrategy: all) found beans 'dispatcherServlet', 'dispatcherServlet' (OnBeanCondition)

   EmbeddedServletContainerAutoConfiguration matched:
      - @ConditionalOnWebApplication (required) found 'session' scope (OnWebApplicationCondition)

   EmbeddedServletContainerAutoConfiguration.EmbeddedTomcat matched:
      - @ConditionalOnClass found required classes 'javax.servlet.Servlet', 'org.apache.catalina.startup.Tomcat'; @ConditionalOnMissingClass did not find unwanted class (OnClassCondition)
      - @ConditionalOnMissingBean (types: org.springframework.boot.context.embedded.EmbeddedServletContainerFactory; SearchStrategy: current) did not find any beans (OnBeanCondition)

   ErrorMvcAutoConfiguration matched:
      - @ConditionalOnClass found required classes 'javax.servlet.Servlet', 'org.springframework.web.servlet.DispatcherServlet'; @ConditionalOnMissingClass did not find unwanted class (OnClassCondition)
      - @ConditionalOnWebApplication (required) found 'session' scope (OnWebApplicationCondition)

   ErrorMvcAutoConfiguration#basicErrorController matched:
      - @ConditionalOnMissingBean (types: org.springframework.boot.autoconfigure.web.ErrorController; SearchStrategy: current) did not find any beans (OnBeanCondition)

   ErrorMvcAutoConfiguration#errorAttributes matched:
      - @ConditionalOnMissingBean (types: org.springframework.boot.autoconfigure.web.ErrorAttributes; SearchStrategy: current) did not find any beans (OnBeanCondition)

   ErrorMvcAutoConfiguration.DefaultErrorViewResolverConfiguration#conventionErrorViewResolver matched:
      - @ConditionalOnBean (types: org.springframework.web.servlet.DispatcherServlet; SearchStrategy: all) found bean 'dispatcherServlet'; @ConditionalOnMissingBean (types: org.springframework.boot.autoconfigure.web.DefaultErrorViewResolver; SearchStrategy: all) did not find any beans (OnBeanCondition)

   ErrorMvcAutoConfiguration.WhitelabelErrorViewConfiguration matched:
      - @ConditionalOnProperty (server.error.whitelabel.enabled) matched (OnPropertyCondition)
      - ErrorTemplate Missing did not find error template view (ErrorMvcAutoConfiguration.ErrorTemplateMissingCondition)

   ErrorMvcAutoConfiguration.WhitelabelErrorViewConfiguration#beanNameViewResolver matched:
      - @ConditionalOnMissingBean (types: org.springframework.web.servlet.view.BeanNameViewResolver; SearchStrategy: all) did not find any beans (OnBeanCondition)

   ErrorMvcAutoConfiguration.WhitelabelErrorViewConfiguration#defaultErrorView matched:
      - @ConditionalOnMissingBean (names: error; SearchStrategy: all) did not find any beans (OnBeanCondition)

   GenericCacheConfiguration matched:
      - Cache org.springframework.boot.autoconfigure.cache.GenericCacheConfiguration automatic cache type (CacheCondition)

   HttpEncodingAutoConfiguration matched:
      - @ConditionalOnClass found required class 'org.springframework.web.filter.CharacterEncodingFilter'; @ConditionalOnMissingClass did not find unwanted class (OnClassCondition)
      - @ConditionalOnWebApplication (required) found 'session' scope (OnWebApplicationCondition)
      - @ConditionalOnProperty (spring.http.encoding.enabled) matched (OnPropertyCondition)

   HttpEncodingAutoConfiguration#characterEncodingFilter matched:
      - @ConditionalOnMissingBean (types: org.springframework.web.filter.CharacterEncodingFilter; SearchStrategy: all) did not find any beans (OnBeanCondition)

   HttpMessageConvertersAutoConfiguration matched:
      - @ConditionalOnClass found required class 'org.springframework.http.converter.HttpMessageConverter'; @ConditionalOnMissingClass did not find unwanted class (OnClassCondition)

   HttpMessageConvertersAutoConfiguration#messageConverters matched:
      - @ConditionalOnMissingBean (types: org.springframework.boot.autoconfigure.web.HttpMessageConverters; SearchStrategy: all) did not find any beans (OnBeanCondition)

   HttpMessageConvertersAutoConfiguration.StringHttpMessageConverterConfiguration matched:
      - @ConditionalOnClass found required class 'org.springframework.http.converter.StringHttpMessageConverter'; @ConditionalOnMissingClass did not find unwanted class (OnClassCondition)

   HttpMessageConvertersAutoConfiguration.StringHttpMessageConverterConfiguration#stringHttpMessageConverter matched:
      - @ConditionalOnMissingBean (types: org.springframework.http.converter.StringHttpMessageConverter; SearchStrategy: all) did not find any beans (OnBeanCondition)

   JacksonAutoConfiguration matched:
      - @ConditionalOnClass found required class 'com.fasterxml.jackson.databind.ObjectMapper'; @ConditionalOnMissingClass did not find unwanted class (OnClassCondition)

   JacksonAutoConfiguration.Jackson2ObjectMapperBuilderCustomizerConfiguration matched:
      - @ConditionalOnClass found required classes 'com.fasterxml.jackson.databind.ObjectMapper', 'org.springframework.http.converter.json.Jackson2ObjectMapperBuilder'; @ConditionalOnMissingClass did not find unwanted class (OnClassCondition)

   JacksonAutoConfiguration.JacksonObjectMapperBuilderConfiguration matched:
      - @ConditionalOnClass found required classes 'com.fasterxml.jackson.databind.ObjectMapper', 'org.springframework.http.converter.json.Jackson2ObjectMapperBuilder'; @ConditionalOnMissingClass did not find unwanted class (OnClassCondition)

   JacksonAutoConfiguration.JacksonObjectMapperBuilderConfiguration#jacksonObjectMapperBuilder matched:
      - @ConditionalOnMissingBean (types: org.springframework.http.converter.json.Jackson2ObjectMapperBuilder; SearchStrategy: all) did not find any beans (OnBeanCondition)

   JacksonAutoConfiguration.JacksonObjectMapperConfiguration matched:
      - @ConditionalOnClass found required classes 'com.fasterxml.jackson.databind.ObjectMapper', 'org.springframework.http.converter.json.Jackson2ObjectMapperBuilder'; @ConditionalOnMissingClass did not find unwanted class (OnClassCondition)

   JacksonAutoConfiguration.JacksonObjectMapperConfiguration#jacksonObjectMapper matched:
      - @ConditionalOnMissingBean (types: com.fasterxml.jackson.databind.ObjectMapper; SearchStrategy: all) did not find any beans (OnBeanCondition)

   JacksonHttpMessageConvertersConfiguration.MappingJackson2HttpMessageConverterConfiguration matched:
      - @ConditionalOnClass found required class 'com.fasterxml.jackson.databind.ObjectMapper'; @ConditionalOnMissingClass did not find unwanted class (OnClassCondition)
      - @ConditionalOnProperty (spring.http.converters.preferred-json-mapper=jackson) matched (OnPropertyCondition)
      - @ConditionalOnBean (types: com.fasterxml.jackson.databind.ObjectMapper; SearchStrategy: all) found bean 'jacksonObjectMapper' (OnBeanCondition)

   JacksonHttpMessageConvertersConfiguration.MappingJackson2HttpMessageConverterConfiguration#mappingJackson2HttpMessageConverter matched:
      - @ConditionalOnMissingBean (types: org.springframework.http.converter.json.MappingJackson2HttpMessageConverter; SearchStrategy: all) did not find any beans (OnBeanCondition)

   MultipartAutoConfiguration matched:
      - @ConditionalOnClass found required classes 'javax.servlet.Servlet', 'org.springframework.web.multipart.support.StandardServletMultipartResolver', 'javax.servlet.MultipartConfigElement'; @ConditionalOnMissingClass did not find unwanted class (OnClassCondition)
      - @ConditionalOnProperty (spring.http.multipart.enabled) matched (OnPropertyCondition)

   MultipartAutoConfiguration#multipartConfigElement matched:
      - @ConditionalOnMissingBean (types: javax.servlet.MultipartConfigElement; SearchStrategy: all) did not find any beans (OnBeanCondition)

   MultipartAutoConfiguration#multipartResolver matched:
      - @ConditionalOnMissingBean (types: org.springframework.web.multipart.MultipartResolver; SearchStrategy: all) did not find any beans (OnBeanCondition)

   NoOpCacheConfiguration matched:
      - Cache org.springframework.boot.autoconfigure.cache.NoOpCacheConfiguration automatic cache type (CacheCondition)

   PropertyPlaceholderAutoConfiguration#propertySourcesPlaceholderConfigurer matched:
      - @ConditionalOnMissingBean (types: org.springframework.context.support.PropertySourcesPlaceholderConfigurer; SearchStrategy: current) did not find any beans (OnBeanCondition)

   RedisCacheConfiguration matched:
      - Cache org.springframework.boot.autoconfigure.cache.RedisCacheConfiguration automatic cache type (CacheCondition)

   ServerPropertiesAutoConfiguration matched:
      - @ConditionalOnWebApplication (required) found 'session' scope (OnWebApplicationCondition)

   ServerPropertiesAutoConfiguration#serverProperties matched:
      - @ConditionalOnMissingBean (types: org.springframework.boot.autoconfigure.web.ServerProperties; SearchStrategy: current) did not find any beans (OnBeanCondition)

   SimpleCacheConfiguration matched:
      - Cache org.springframework.boot.autoconfigure.cache.SimpleCacheConfiguration automatic cache type (CacheCondition)

   ThymeleafAutoConfiguration matched:
      - @ConditionalOnClass found required class 'org.thymeleaf.spring4.SpringTemplateEngine'; @ConditionalOnMissingClass did not find unwanted class (OnClassCondition)

   ThymeleafAutoConfiguration.Thymeleaf2Configuration matched:
      - @ConditionalOnClass found required class; @ConditionalOnMissingClass did not find unwanted class 'org.thymeleaf.templatemode.TemplateMode' (OnClassCondition)

   ThymeleafAutoConfiguration.Thymeleaf2Configuration.DefaultTemplateResolverConfiguration matched:
      - @ConditionalOnMissingBean (names: defaultTemplateResolver; SearchStrategy: all) did not find any beans (OnBeanCondition)

   ThymeleafAutoConfiguration.Thymeleaf2Configuration.Thymeleaf2ViewResolverConfiguration matched:
      - @ConditionalOnClass found required class 'javax.servlet.Servlet'; @ConditionalOnMissingClass did not find unwanted class (OnClassCondition)
      - @ConditionalOnWebApplication (required) found 'session' scope (OnWebApplicationCondition)

   ThymeleafAutoConfiguration.ThymeleafDefaultConfiguration matched:
      - @ConditionalOnMissingBean (types: org.thymeleaf.spring4.SpringTemplateEngine; SearchStrategy: all) did not find any beans (OnBeanCondition)

   ThymeleafAutoConfiguration.ThymeleafResourceHandlingConfig matched:
      - @ConditionalOnWebApplication (required) found 'session' scope (OnWebApplicationCondition)

   ThymeleafAutoConfiguration.ThymeleafWebLayoutConfiguration matched:
      - @ConditionalOnClass found required class 'nz.net.ultraq.thymeleaf.LayoutDialect'; @ConditionalOnMissingClass did not find unwanted class (OnClassCondition)

   ThymeleafAutoConfiguration.ThymeleafWebLayoutConfiguration#layoutDialect matched:
      - @ConditionalOnMissingBean (types: nz.net.ultraq.thymeleaf.LayoutDialect; SearchStrategy: all) did not find any beans (OnBeanCondition)

   ValidationAutoConfiguration matched:
      - @ConditionalOnClass found required class 'javax.validation.executable.ExecutableValidator'; @ConditionalOnMissingClass did not find unwanted class (OnClassCondition)
      - @ConditionalOnResource found location classpath:META-INF/services/javax.validation.spi.ValidationProvider (OnResourceCondition)

   ValidationAutoConfiguration#jsr303Validator matched:
      - @ConditionalOnMissingBean (types: javax.validation.Validator; SearchStrategy: all) did not find any beans (OnBeanCondition)

   ValidationAutoConfiguration#methodValidationPostProcessor matched:
      - @ConditionalOnMissingBean (types: org.springframework.validation.beanvalidation.MethodValidationPostProcessor; SearchStrategy: all) did not find any beans (OnBeanCondition)

   WebClientAutoConfiguration.RestTemplateConfiguration matched:
      - @ConditionalOnClass found required class 'org.springframework.web.client.RestTemplate'; @ConditionalOnMissingClass did not find unwanted class (OnClassCondition)

   WebClientAutoConfiguration.RestTemplateConfiguration#restTemplateBuilder matched:
      - @ConditionalOnMissingBean (types: org.springframework.boot.web.client.RestTemplateBuilder; SearchStrategy: all) did not find any beans (OnBeanCondition)

   WebMvcAutoConfiguration matched:
      - @ConditionalOnClass found required classes 'javax.servlet.Servlet', 'org.springframework.web.servlet.DispatcherServlet', 'org.springframework.web.servlet.config.annotation.WebMvcConfigurerAdapter'; @ConditionalOnMissingClass did not find unwanted class (OnClassCondition)
      - @ConditionalOnWebApplication (required) found 'session' scope (OnWebApplicationCondition)
      - @ConditionalOnMissingBean (types: org.springframework.web.servlet.config.annotation.WebMvcConfigurationSupport; SearchStrategy: all) did not find any beans (OnBeanCondition)

   WebMvcAutoConfiguration#hiddenHttpMethodFilter matched:
      - @ConditionalOnMissingBean (types: org.springframework.web.filter.HiddenHttpMethodFilter; SearchStrategy: all) did not find any beans (OnBeanCondition)

   WebMvcAutoConfiguration#httpPutFormContentFilter matched:
      - @ConditionalOnProperty (spring.mvc.formcontent.putfilter.enabled) matched (OnPropertyCondition)
      - @ConditionalOnMissingBean (types: org.springframework.web.filter.HttpPutFormContentFilter; SearchStrategy: all) did not find any beans (OnBeanCondition)

   WebMvcAutoConfiguration.WebMvcAutoConfigurationAdapter#defaultViewResolver matched:
      - @ConditionalOnMissingBean (types: org.springframework.web.servlet.view.InternalResourceViewResolver; SearchStrategy: all) did not find any beans (OnBeanCondition)

   WebMvcAutoConfiguration.WebMvcAutoConfigurationAdapter#requestContextFilter matched:
      - @ConditionalOnMissingBean (types: org.springframework.web.context.request.RequestContextListener,org.springframework.web.filter.RequestContextFilter; SearchStrategy: all) did not find any beans (OnBeanCondition)

   WebMvcAutoConfiguration.WebMvcAutoConfigurationAdapter#viewResolver matched:
      - @ConditionalOnBean (types: org.springframework.web.servlet.ViewResolver; SearchStrategy: all) found beans 'defaultViewResolver', 'beanNameViewResolver', 'mvcViewResolver'; @ConditionalOnMissingBean (names: viewResolver; types: org.springframework.web.servlet.view.ContentNegotiatingViewResolver; SearchStrategy: all) did not find any beans (OnBeanCondition)

   WebMvcAutoConfiguration.WebMvcAutoConfigurationAdapter.FaviconConfiguration matched:
      - @ConditionalOnProperty (spring.mvc.favicon.enabled) matched (OnPropertyCondition)

   WebSocketAutoConfiguration matched:
      - @ConditionalOnClass found required classes 'javax.servlet.Servlet', 'javax.websocket.server.ServerContainer'; @ConditionalOnMissingClass did not find unwanted class (OnClassCondition)
      - @ConditionalOnWebApplication (required) found 'session' scope (OnWebApplicationCondition)

   WebSocketAutoConfiguration.TomcatWebSocketConfiguration matched:
      - @ConditionalOnClass found required classes 'org.apache.catalina.startup.Tomcat', 'org.apache.tomcat.websocket.server.WsSci'; @ConditionalOnMissingClass did not find unwanted class (OnClassCondition)

   WebSocketAutoConfiguration.TomcatWebSocketConfiguration#websocketContainerCustomizer matched:
      - @ConditionalOnJava (1.7 or newer) found 1.8 (OnJavaCondition)
      - @ConditionalOnMissingBean (names: websocketContainerCustomizer; SearchStrategy: all) did not find any beans (OnBeanCondition)


Negative matches:
-----------------

   ActiveMQAutoConfiguration:
      Did not match:
         - @ConditionalOnClass did not find required classes 'javax.jms.ConnectionFactory', 'org.apache.activemq.ActiveMQConnectionFactory' (OnClassCondition)

   AopAutoConfiguration.CglibAutoProxyConfiguration:
      Did not match:
         - @ConditionalOnProperty (spring.aop.proxy-target-class=true) did not find property 'proxy-target-class' (OnPropertyCondition)

   ArtemisAutoConfiguration:
      Did not match:
         - @ConditionalOnClass did not find required classes 'javax.jms.ConnectionFactory', 'org.apache.activemq.artemis.jms.client.ActiveMQConnectionFactory' (OnClassCondition)

   BatchAutoConfiguration:
      Did not match:
         - @ConditionalOnClass did not find required classes 'org.springframework.batch.core.launch.JobLauncher', 'org.springframework.jdbc.core.JdbcOperations' (OnClassCondition)

   CacheAutoConfiguration:
      Did not match:
         - @ConditionalOnBean (types: org.springframework.cache.interceptor.CacheAspectSupport; SearchStrategy: all) did not find any beans (OnBeanCondition)
      Matched:
         - @ConditionalOnClass found required class 'org.springframework.cache.CacheManager'; @ConditionalOnMissingClass did not find unwanted class (OnClassCondition)

   CacheAutoConfiguration.CacheManagerJpaDependencyConfiguration:
      Did not match:
         - @ConditionalOnClass did not find required class 'org.springframework.orm.jpa.LocalContainerEntityManagerFactoryBean' (OnClassCondition)
         - Ancestor org.springframework.boot.autoconfigure.cache.CacheAutoConfiguration did not match (ConditionEvaluationReport.AncestorsMatchedCondition)

   CaffeineCacheConfiguration:
      Did not match:
         - @ConditionalOnClass did not find required class 'org.springframework.cache.caffeine.CaffeineCacheManager' (OnClassCondition)

   CassandraDataAutoConfiguration:
      Did not match:
         - @ConditionalOnClass did not find required class 'org.springframework.data.cassandra.core.CassandraAdminOperations' (OnClassCondition)

   CassandraRepositoriesAutoConfiguration:
      Did not match:
         - @ConditionalOnClass did not find required class 'org.springframework.data.cassandra.repository.CassandraRepository' (OnClassCondition)

   CloudAutoConfiguration:
      Did not match:
         - @ConditionalOnClass did not find required class 'org.springframework.cloud.config.java.CloudScanConfiguration' (OnClassCondition)

   CouchbaseAutoConfiguration:
      Did not match:
         - @ConditionalOnClass did not find required classes 'com.couchbase.client.java.CouchbaseBucket', 'com.couchbase.client.java.Cluster' (OnClassCondition)

   CouchbaseCacheConfiguration:
      Did not match:
         - @ConditionalOnClass did not find required classes 'com.couchbase.client.java.Bucket', 'com.couchbase.client.spring.cache.CouchbaseCacheManager' (OnClassCondition)

   CouchbaseDataAutoConfiguration:
      Did not match:
         - @ConditionalOnClass did not find required classes 'com.couchbase.client.java.Bucket', 'org.springframework.data.couchbase.repository.CouchbaseRepository' (OnClassCondition)

   CouchbaseRepositoriesAutoConfiguration:
      Did not match:
         - @ConditionalOnClass did not find required classes 'com.couchbase.client.java.Bucket', 'org.springframework.data.couchbase.repository.CouchbaseRepository' (OnClassCondition)

   DataSourceAutoConfiguration:
      Did not match:
         - @ConditionalOnClass did not find required class 'org.springframework.jdbc.datasource.embedded.EmbeddedDatabaseType' (OnClassCondition)

   DataSourceTransactionManagerAutoConfiguration:
      Did not match:
         - @ConditionalOnClass did not find required classes 'org.springframework.jdbc.core.JdbcTemplate', 'org.springframework.transaction.PlatformTransactionManager' (OnClassCondition)

   DeviceDelegatingViewResolverAutoConfiguration:
      Did not match:
         - @ConditionalOnClass did not find required class 'org.springframework.mobile.device.view.LiteDeviceDelegatingViewResolver' (OnClassCondition)

   DeviceResolverAutoConfiguration:
      Did not match:
         - @ConditionalOnClass did not find required classes 'org.springframework.mobile.device.DeviceResolverHandlerInterceptor', 'org.springframework.mobile.device.DeviceHandlerMethodArgumentResolver' (OnClassCondition)

   DispatcherServletAutoConfiguration.DispatcherServletConfiguration#multipartResolver:
      Did not match:
         - @ConditionalOnBean (types: org.springframework.web.multipart.MultipartResolver; SearchStrategy: all) did not find any beans (OnBeanCondition)

   EhCacheCacheConfiguration:
      Did not match:
         - @ConditionalOnClass did not find required classes 'net.sf.ehcache.Cache', 'org.springframework.cache.ehcache.EhCacheCacheManager' (OnClassCondition)

   ElasticsearchAutoConfiguration:
      Did not match:
         - @ConditionalOnClass did not find required classes 'org.elasticsearch.client.Client', 'org.springframework.data.elasticsearch.client.TransportClientFactoryBean', 'org.springframework.data.elasticsearch.client.NodeClientFactoryBean' (OnClassCondition)

   ElasticsearchDataAutoConfiguration:
      Did not match:
         - @ConditionalOnClass did not find required classes 'org.elasticsearch.client.Client', 'org.springframework.data.elasticsearch.core.ElasticsearchTemplate' (OnClassCondition)

   ElasticsearchRepositoriesAutoConfiguration:
      Did not match:
         - @ConditionalOnClass did not find required classes 'org.elasticsearch.client.Client', 'org.springframework.data.elasticsearch.repository.ElasticsearchRepository' (OnClassCondition)

   EmbeddedLdapAutoConfiguration:
      Did not match:
         - @ConditionalOnClass did not find required class 'com.unboundid.ldap.listener.InMemoryDirectoryServer' (OnClassCondition)

   EmbeddedMongoAutoConfiguration:
      Did not match:
         - @ConditionalOnClass did not find required classes 'com.mongodb.Mongo', 'de.flapdoodle.embed.mongo.MongodStarter' (OnClassCondition)

   EmbeddedServletContainerAutoConfiguration.EmbeddedJetty:
      Did not match:
         - @ConditionalOnClass did not find required classes 'org.eclipse.jetty.server.Server', 'org.eclipse.jetty.util.Loader', 'org.eclipse.jetty.webapp.WebAppContext' (OnClassCondition)

   EmbeddedServletContainerAutoConfiguration.EmbeddedUndertow:
      Did not match:
         - @ConditionalOnClass did not find required classes 'io.undertow.Undertow', 'org.xnio.SslClientAuthMode' (OnClassCondition)

   FacebookAutoConfiguration:
      Did not match:
         - @ConditionalOnClass did not find required classes 'org.springframework.social.config.annotation.SocialConfigurerAdapter', 'org.springframework.social.facebook.connect.FacebookConnectionFactory' (OnClassCondition)

   FallbackWebSecurityAutoConfiguration:
      Did not match:
         - @ConditionalOnClass did not find required class 'org.springframework.security.config.annotation.web.configuration.EnableWebSecurity' (OnClassCondition)

   FlywayAutoConfiguration:
      Did not match:
         - @ConditionalOnClass did not find required class 'org.flywaydb.core.Flyway' (OnClassCondition)

   FreeMarkerAutoConfiguration:
      Did not match:
         - @ConditionalOnClass did not find required classes 'freemarker.template.Configuration', 'org.springframework.ui.freemarker.FreeMarkerConfigurationFactory' (OnClassCondition)

   GroovyTemplateAutoConfiguration:
      Did not match:
         - @ConditionalOnClass did not find required class 'groovy.text.markup.MarkupTemplateEngine' (OnClassCondition)

   GsonAutoConfiguration:
      Did not match:
         - @ConditionalOnClass did not find required class 'com.google.gson.Gson' (OnClassCondition)

   GsonHttpMessageConvertersConfiguration:
      Did not match:
         - @ConditionalOnClass did not find required class 'com.google.gson.Gson' (OnClassCondition)

   GuavaCacheConfiguration:
      Did not match:
         - @ConditionalOnClass did not find required class 'org.springframework.cache.guava.GuavaCacheManager' (OnClassCondition)

   H2ConsoleAutoConfiguration:
      Did not match:
         - @ConditionalOnClass did not find required class 'org.h2.server.web.WebServlet' (OnClassCondition)

   HazelcastAutoConfiguration:
      Did not match:
         - @ConditionalOnClass did not find required class 'com.hazelcast.core.HazelcastInstance' (OnClassCondition)

   HazelcastCacheConfiguration:
      Did not match:
         - @ConditionalOnClass did not find required classes 'com.hazelcast.core.HazelcastInstance', 'com.hazelcast.spring.cache.HazelcastCacheManager' (OnClassCondition)

   HazelcastJpaDependencyAutoConfiguration:
      Did not match:
         - @ConditionalOnClass did not find required classes 'com.hazelcast.core.HazelcastInstance', 'org.springframework.orm.jpa.LocalContainerEntityManagerFactoryBean' (OnClassCondition)

   HibernateJpaAutoConfiguration:
      Did not match:
         - @ConditionalOnClass did not find required classes 'org.springframework.orm.jpa.LocalContainerEntityManagerFactoryBean', 'org.springframework.transaction.annotation.EnableTransactionManagement' (OnClassCondition)

   HypermediaAutoConfiguration:
      Did not match:
         - @ConditionalOnClass did not find required classes 'org.springframework.hateoas.Resource', 'org.springframework.plugin.core.Plugin' (OnClassCondition)

   InfinispanCacheConfiguration:
      Did not match:
         - @ConditionalOnClass did not find required class 'org.infinispan.spring.provider.SpringEmbeddedCacheManager' (OnClassCondition)

   IntegrationAutoConfiguration:
      Did not match:
         - @ConditionalOnClass did not find required class 'org.springframework.integration.config.EnableIntegration' (OnClassCondition)

   JCacheCacheConfiguration:
      Did not match:
         - @ConditionalOnClass did not find required classes 'javax.cache.Caching', 'org.springframework.cache.jcache.JCacheCacheManager' (OnClassCondition)

   JacksonAutoConfiguration.JodaDateTimeJacksonConfiguration:
      Did not match:
         - @ConditionalOnClass did not find required classes 'com.fasterxml.jackson.datatype.joda.ser.DateTimeSerializer', 'com.fasterxml.jackson.datatype.joda.cfg.JacksonJodaDateFormat' (OnClassCondition)

   JacksonAutoConfiguration.ParameterNamesModuleConfiguration:
      Did not match:
         - @ConditionalOnClass did not find required class 'com.fasterxml.jackson.module.paramnames.ParameterNamesModule' (OnClassCondition)

   JacksonHttpMessageConvertersConfiguration.MappingJackson2XmlHttpMessageConverterConfiguration:
      Did not match:
         - @ConditionalOnClass did not find required class 'com.fasterxml.jackson.dataformat.xml.XmlMapper' (OnClassCondition)

   JdbcTemplateAutoConfiguration:
      Did not match:
         - @ConditionalOnClass did not find required class 'org.springframework.jdbc.core.JdbcTemplate' (OnClassCondition)

   JerseyAutoConfiguration:
      Did not match:
         - @ConditionalOnClass did not find required class 'org.glassfish.jersey.server.spring.SpringComponentProvider' (OnClassCondition)

   JestAutoConfiguration:
      Did not match:
         - @ConditionalOnClass did not find required class 'io.searchbox.client.JestClient' (OnClassCondition)

   JmsAutoConfiguration:
      Did not match:
         - @ConditionalOnClass did not find required classes 'javax.jms.Message', 'org.springframework.jms.core.JmsTemplate' (OnClassCondition)

   JmxAutoConfiguration:
      Did not match:
         - @ConditionalOnProperty (spring.jmx.enabled=true) found different value in property 'enabled' (OnPropertyCondition)
      Matched:
         - @ConditionalOnClass found required class 'org.springframework.jmx.export.MBeanExporter'; @ConditionalOnMissingClass did not find unwanted class (OnClassCondition)

   JndiConnectionFactoryAutoConfiguration:
      Did not match:
         - @ConditionalOnClass did not find required class 'org.springframework.jms.core.JmsTemplate' (OnClassCondition)

   JndiDataSourceAutoConfiguration:
      Did not match:
         - @ConditionalOnClass did not find required class 'org.springframework.jdbc.datasource.embedded.EmbeddedDatabaseType' (OnClassCondition)

   JooqAutoConfiguration:
      Did not match:
         - @ConditionalOnClass did not find required class 'org.jooq.DSLContext' (OnClassCondition)

   JpaRepositoriesAutoConfiguration:
      Did not match:
         - @ConditionalOnClass did not find required class 'org.springframework.data.jpa.repository.JpaRepository' (OnClassCondition)

   JtaAutoConfiguration:
      Did not match:
         - @ConditionalOnClass did not find required class 'javax.transaction.Transaction' (OnClassCondition)

   KafkaAutoConfiguration:
      Did not match:
         - @ConditionalOnClass did not find required class 'org.springframework.kafka.core.KafkaTemplate' (OnClassCondition)

   LdapAutoConfiguration:
      Did not match:
         - @ConditionalOnClass did not find required class 'org.springframework.ldap.core.ContextSource' (OnClassCondition)

   LdapDataAutoConfiguration:
      Did not match:
         - @ConditionalOnClass did not find required class 'org.springframework.data.ldap.repository.LdapRepository' (OnClassCondition)

   LdapRepositoriesAutoConfiguration:
      Did not match:
         - @ConditionalOnClass did not find required class 'org.springframework.data.ldap.repository.LdapRepository' (OnClassCondition)

   LinkedInAutoConfiguration:
      Did not match:
         - @ConditionalOnClass did not find required classes 'org.springframework.social.config.annotation.SocialConfigurerAdapter', 'org.springframework.social.linkedin.connect.LinkedInConnectionFactory' (OnClassCondition)

   LiquibaseAutoConfiguration:
      Did not match:
         - @ConditionalOnClass did not find required class 'liquibase.integration.spring.SpringLiquibase' (OnClassCondition)

   MailSenderAutoConfiguration:
      Did not match:
         - @ConditionalOnClass did not find required class 'javax.mail.internet.MimeMessage' (OnClassCondition)

   MailSenderValidatorAutoConfiguration:
      Did not match:
         - @ConditionalOnProperty (spring.mail.test-connection) did not find property 'test-connection' (OnPropertyCondition)

   MessageSourceAutoConfiguration:
      Did not match:
         - ResourceBundle did not find bundle with basename messages (MessageSourceAutoConfiguration.ResourceBundleCondition)

   MongoAutoConfiguration:
      Did not match:
         - @ConditionalOnClass did not find required class 'com.mongodb.MongoClient' (OnClassCondition)

   MongoDataAutoConfiguration:
      Did not match:
         - @ConditionalOnClass did not find required classes 'com.mongodb.Mongo', 'org.springframework.data.mongodb.core.MongoTemplate' (OnClassCondition)

   MongoRepositoriesAutoConfiguration:
      Did not match:
         - @ConditionalOnClass did not find required classes 'com.mongodb.Mongo', 'org.springframework.data.mongodb.repository.MongoRepository' (OnClassCondition)

   MustacheAutoConfiguration:
      Did not match:
         - @ConditionalOnClass did not find required class 'com.samskivert.mustache.Mustache' (OnClassCondition)

   Neo4jDataAutoConfiguration:
      Did not match:
         - @ConditionalOnClass did not find required classes 'org.neo4j.ogm.session.SessionFactory', 'org.springframework.transaction.PlatformTransactionManager' (OnClassCondition)

   Neo4jRepositoriesAutoConfiguration:
      Did not match:
         - @ConditionalOnClass did not find required classes 'org.neo4j.ogm.session.Neo4jSession', 'org.springframework.data.neo4j.repository.GraphRepository' (OnClassCondition)

   OAuth2AutoConfiguration:
      Did not match:
         - @ConditionalOnClass did not find required class 'org.springframework.security.oauth2.common.OAuth2AccessToken' (OnClassCondition)

   PersistenceExceptionTranslationAutoConfiguration:
      Did not match:
         - @ConditionalOnClass did not find required class 'org.springframework.dao.annotation.PersistenceExceptionTranslationPostProcessor' (OnClassCondition)

   ProjectInfoAutoConfiguration#buildProperties:
      Did not match:
         - @ConditionalOnResource did not find resource '${spring.info.build.location:classpath:META-INF/build-info.properties}' (OnResourceCondition)

   ProjectInfoAutoConfiguration#gitProperties:
      Did not match:
         - GitResource did not find git info at classpath:git.properties (ProjectInfoAutoConfiguration.GitResourceAvailableCondition)

   RabbitAutoConfiguration:
      Did not match:
         - @ConditionalOnClass did not find required classes 'org.springframework.amqp.rabbit.core.RabbitTemplate', 'com.rabbitmq.client.Channel' (OnClassCondition)

   ReactorAutoConfiguration:
      Did not match:
         - @ConditionalOnClass did not find required classes 'reactor.spring.context.config.EnableReactor', 'reactor.Environment' (OnClassCondition)

   RedisAutoConfiguration:
      Did not match:
         - @ConditionalOnClass did not find required classes 'org.springframework.data.redis.connection.jedis.JedisConnection', 'org.springframework.data.redis.core.RedisOperations', 'redis.clients.jedis.Jedis' (OnClassCondition)

   RedisRepositoriesAutoConfiguration:
      Did not match:
         - @ConditionalOnClass did not find required classes 'redis.clients.jedis.Jedis', 'org.springframework.data.redis.repository.configuration.EnableRedisRepositories' (OnClassCondition)

   RepositoryRestMvcAutoConfiguration:
      Did not match:
         - @ConditionalOnClass did not find required class 'org.springframework.data.rest.webmvc.config.RepositoryRestMvcConfiguration' (OnClassCondition)

   SecurityAutoConfiguration:
      Did not match:
         - @ConditionalOnClass did not find required classes 'org.springframework.security.authentication.AuthenticationManager', 'org.springframework.security.config.annotation.authentication.configurers.GlobalAuthenticationConfigurerAdapter' (OnClassCondition)

   SecurityFilterAutoConfiguration:
      Did not match:
         - @ConditionalOnClass did not find required classes 'org.springframework.security.web.context.AbstractSecurityWebApplicationInitializer', 'org.springframework.security.config.http.SessionCreationPolicy' (OnClassCondition)

   SendGridAutoConfiguration:
      Did not match:
         - @ConditionalOnClass did not find required class 'com.sendgrid.SendGrid' (OnClassCondition)

   SessionAutoConfiguration:
      Did not match:
         - @ConditionalOnClass did not find required class 'org.springframework.session.Session' (OnClassCondition)

   SitePreferenceAutoConfiguration:
      Did not match:
         - @ConditionalOnClass did not find required classes 'org.springframework.mobile.device.site.SitePreferenceHandlerInterceptor', 'org.springframework.mobile.device.site.SitePreferenceHandlerMethodArgumentResolver' (OnClassCondition)

   SocialWebAutoConfiguration:
      Did not match:
         - @ConditionalOnClass did not find required classes 'org.springframework.social.connect.web.ConnectController', 'org.springframework.social.config.annotation.SocialConfigurerAdapter' (OnClassCondition)

   SolrAutoConfiguration:
      Did not match:
         - @ConditionalOnClass did not find required classes 'org.apache.solr.client.solrj.impl.HttpSolrClient', 'org.apache.solr.client.solrj.impl.CloudSolrClient' (OnClassCondition)

   SolrRepositoriesAutoConfiguration:
      Did not match:
         - @ConditionalOnClass did not find required classes 'org.apache.solr.client.solrj.SolrClient', 'org.springframework.data.solr.repository.SolrRepository' (OnClassCondition)

   SpringApplicationAdminJmxAutoConfiguration:
      Did not match:
         - @ConditionalOnProperty (spring.application.admin.enabled=true) did not find property 'enabled' (OnPropertyCondition)

   SpringDataWebAutoConfiguration:
      Did not match:
         - @ConditionalOnClass did not find required class 'org.springframework.data.web.PageableHandlerMethodArgumentResolver' (OnClassCondition)

   ThymeleafAutoConfiguration.DataAttributeDialectConfiguration:
      Did not match:
         - @ConditionalOnClass did not find required class 'com.github.mxab.thymeleaf.extras.dataattribute.dialect.DataAttributeDialect' (OnClassCondition)

   ThymeleafAutoConfiguration.Thymeleaf2Configuration.ThymeleafConditionalCommentsDialectConfiguration:
      Did not match:
         - @ConditionalOnClass did not find required class 'org.thymeleaf.extras.conditionalcomments.dialect.ConditionalCommentsDialect' (OnClassCondition)

   ThymeleafAutoConfiguration.Thymeleaf3Configuration:
      Did not match:
         - @ConditionalOnClass did not find required class 'org.thymeleaf.templatemode.TemplateMode' (OnClassCondition)

   ThymeleafAutoConfiguration.ThymeleafJava8TimeDialect:
      Did not match:
         - @ConditionalOnClass did not find required class 'org.thymeleaf.extras.java8time.dialect.Java8TimeDialect' (OnClassCondition)

   ThymeleafAutoConfiguration.ThymeleafResourceHandlingConfig#resourceUrlEncodingFilter:
      Did not match:
         - @ConditionalOnEnabledResourceChain did not find class org.webjars.WebJarAssetLocator (OnEnabledResourceChainCondition)
      Matched:
         - @ConditionalOnMissingBean (types: org.springframework.web.servlet.resource.ResourceUrlEncodingFilter; SearchStrategy: all) did not find any beans (OnBeanCondition)

   ThymeleafAutoConfiguration.ThymeleafSecurityDialectConfiguration:
      Did not match:
         - @ConditionalOnClass did not find required class 'org.thymeleaf.extras.springsecurity4.dialect.SpringSecurityDialect' (OnClassCondition)

   TransactionAutoConfiguration:
      Did not match:
         - @ConditionalOnClass did not find required class 'org.springframework.transaction.PlatformTransactionManager' (OnClassCondition)

   TwitterAutoConfiguration:
      Did not match:
         - @ConditionalOnClass did not find required classes 'org.springframework.social.config.annotation.SocialConfigurerAdapter', 'org.springframework.social.twitter.connect.TwitterConnectionFactory' (OnClassCondition)

   WebMvcAutoConfiguration.ResourceChainCustomizerConfiguration:
      Did not match:
         - @ConditionalOnEnabledResourceChain did not find class org.webjars.WebJarAssetLocator (OnEnabledResourceChainCondition)

   WebMvcAutoConfiguration.WebMvcAutoConfigurationAdapter#beanNameViewResolver:
      Did not match:
         - @ConditionalOnMissingBean (types: org.springframework.web.servlet.view.BeanNameViewResolver; SearchStrategy: all) found bean 'beanNameViewResolver' (OnBeanCondition)

   WebMvcAutoConfiguration.WebMvcAutoConfigurationAdapter#dateFormatter:
      Did not match:
         - @ConditionalOnProperty (spring.mvc.date-format) did not find property 'date-format' (OnPropertyCondition)

   WebMvcAutoConfiguration.WebMvcAutoConfigurationAdapter#localeResolver:
      Did not match:
         - @ConditionalOnProperty (spring.mvc.locale) did not find property 'locale' (OnPropertyCondition)

   WebServicesAutoConfiguration:
      Did not match:
         - @ConditionalOnClass did not find required class 'org.springframework.ws.transport.http.MessageDispatcherServlet' (OnClassCondition)

   WebSocketAutoConfiguration.JettyWebSocketConfiguration:
      Did not match:
         - @ConditionalOnClass did not find required class 'org.eclipse.jetty.websocket.jsr356.server.deploy.WebSocketServerContainerInitializer' (OnClassCondition)

   WebSocketAutoConfiguration.UndertowWebSocketConfiguration:
      Did not match:
         - @ConditionalOnClass did not find required class 'io.undertow.websockets.jsr.Bootstrap' (OnClassCondition)

   WebSocketMessagingAutoConfiguration:
      Did not match:
         - @ConditionalOnClass did not find required class 'org.springframework.web.socket.config.annotation.WebSocketMessageBrokerConfigurer' (OnClassCondition)

   XADataSourceAutoConfiguration:
      Did not match:
         - @ConditionalOnClass did not find required classes 'javax.transaction.TransactionManager', 'org.springframework.jdbc.datasource.embedded.EmbeddedDatabaseType' (OnClassCondition)


Exclusions:
-----------

    None


Unconditional classes:
----------------------

    org.springframework.boot.autoconfigure.context.ConfigurationPropertiesAutoConfiguration

    org.springframework.boot.autoconfigure.web.WebClientAutoConfiguration

    org.springframework.boot.autoconfigure.context.PropertyPlaceholderAutoConfiguration

    org.springframework.boot.autoconfigure.info.ProjectInfoAutoConfiguration



23:08:30.374 [Test worker] ?[39m[DEBUG]?[0;39m o.s.w.s.r.ResourceUrlProvider - Looking for resource handler mappings
23:08:30.374 [Test worker] ?[39m[DEBUG]?[0;39m o.s.b.f.s.DefaultListableBeanFactory - Returning cached instance of singleton bean 'resourceHandlerMapping'
23:08:30.374 [Test worker] ?[39m[DEBUG]?[0;39m o.s.b.f.s.DefaultListableBeanFactory - Returning cached instance of singleton bean 'faviconHandlerMapping'
23:08:30.375 [Test worker] ?[39m[DEBUG]?[0;39m o.s.w.s.r.ResourceUrlProvider - Found resource handler mapping: URL pattern="/**/favicon.ico", locations=[ServletContext resource [/], class path resource [META-INF/resources/], class path resource [resources/], class path resource [static/], class path resource [public/], class path resource []], resolvers=[org.springframework.web.servlet.resource.PathResourceResolver@23ac230f]
23:08:30.375 [Test worker] ?[39m[DEBUG]?[0;39m o.s.w.s.r.ResourceUrlProvider - Found resource handler mapping: URL pattern="/webjars/**", locations=[class path resource [META-INF/resources/webjars/]], resolvers=[org.springframework.web.servlet.resource.PathResourceResolver@22efc009]
23:08:30.375 [Test worker] ?[39m[DEBUG]?[0;39m o.s.w.s.r.ResourceUrlProvider - Found resource handler mapping: URL pattern="/**", locations=[ServletContext resource [/], class path resource [META-INF/resources/], class path resource [resources/], class path resource [static/], class path resource [public/]], resolvers=[org.springframework.web.servlet.resource.PathResourceResolver@4fd88d78]
23:08:30.376 [Test worker] ?[39m[DEBUG]?[0;39m o.s.c.e.PropertySourcesPropertyResolver - Could not find key 'spring.liveBeansView.mbeanDomain' in any property source
23:08:30.381 [Test worker] ?[34m[INFO ]?[0;39m c.o.TwitchFollowerSuggestionApplicationTests - Started TwitchFollowerSuggestionApplicationTests in 2.924 seconds (JVM running for 3.883)
23:08:30.382 [Test worker] ?[39m[DEBUG]?[0;39m o.s.t.c.c.DefaultCacheAwareContextLoaderDelegate - Storing ApplicationContext in cache under key [[WebMergedContextConfiguration@4e374d5a testClass = TwitchFollowerSuggestionApplicationTests, locations = '{}', classes = '{class com.ollee.TwitchFollowerSuggestionApplication}', contextInitializerClasses = '[]', activeProfiles = '{}', propertySourceLocations = '{}', propertySourceProperties = '{org.springframework.boot.test.context.SpringBootTestContextBootstrapper=true}', contextCustomizers = set[org.springframework.boot.test.context.SpringBootTestContextCustomizer@1d732a8f, org.springframework.boot.test.context.filter.ExcludeFilterContextCustomizer@4bc5695e, org.springframework.boot.test.mock.mockito.MockitoContextCustomizer@0, org.springframework.boot.test.autoconfigure.properties.PropertyMappingContextCustomizer@0, org.springframework.boot.test.autoconfigure.web.servlet.WebDriverContextCustomizerFactory$Customizer@3dac4438], resourceBasePath = 'src/main/webapp', contextLoader = 'org.springframework.boot.test.context.SpringBootContextLoader', parent = [null]]]
23:08:30.383 [Test worker] ?[39m[DEBUG]?[0;39m o.s.test.context.cache - Spring test ApplicationContext cache statistics: [DefaultContextCache@73f25cfd size = 1, maxSize = 32, parentContextCount = 0, hitCount = 0, missCount = 1]
23:08:30.383 [Test worker] ?[39m[DEBUG]?[0;39m o.s.t.c.w.ServletTestExecutionListener - Setting up MockHttpServletRequest, MockHttpServletResponse, ServletWebRequest, and RequestContextHolder for test context [DefaultTestContext@3a94e046 testClass = TwitchFollowerSuggestionApplicationTests, testInstance = com.ollee.TwitchFollowerSuggestionApplicationTests@650272fa, testMethod = [null], testException = [null], mergedContextConfiguration = [WebMergedContextConfiguration@4e374d5a testClass = TwitchFollowerSuggestionApplicationTests, locations = '{}', classes = '{class com.ollee.TwitchFollowerSuggestionApplication}', contextInitializerClasses = '[]', activeProfiles = '{}', propertySourceLocations = '{}', propertySourceProperties = '{org.springframework.boot.test.context.SpringBootTestContextBootstrapper=true}', contextCustomizers = set[org.springframework.boot.test.context.SpringBootTestContextCustomizer@1d732a8f, org.springframework.boot.test.context.filter.ExcludeFilterContextCustomizer@4bc5695e, org.springframework.boot.test.mock.mockito.MockitoContextCustomizer@0, org.springframework.boot.test.autoconfigure.properties.PropertyMappingContextCustomizer@0, org.springframework.boot.test.autoconfigure.web.servlet.WebDriverContextCustomizerFactory$Customizer@3dac4438], resourceBasePath = 'src/main/webapp', contextLoader = 'org.springframework.boot.test.context.SpringBootContextLoader', parent = [null]]].
23:08:30.393 [Test worker] ?[39m[DEBUG]?[0;39m o.s.t.c.s.DependencyInjectionTestExecutionListener - Performing dependency injection for test context [[DefaultTestContext@3a94e046 testClass = TwitchFollowerSuggestionApplicationTests, testInstance = com.ollee.TwitchFollowerSuggestionApplicationTests@650272fa, testMethod = [null], testException = [null], mergedContextConfiguration = [WebMergedContextConfiguration@4e374d5a testClass = TwitchFollowerSuggestionApplicationTests, locations = '{}', classes = '{class com.ollee.TwitchFollowerSuggestionApplication}', contextInitializerClasses = '[]', activeProfiles = '{}', propertySourceLocations = '{}', propertySourceProperties = '{org.springframework.boot.test.context.SpringBootTestContextBootstrapper=true}', contextCustomizers = set[org.springframework.boot.test.context.SpringBootTestContextCustomizer@1d732a8f, org.springframework.boot.test.context.filter.ExcludeFilterContextCustomizer@4bc5695e, org.springframework.boot.test.mock.mockito.MockitoContextCustomizer@0, org.springframework.boot.test.autoconfigure.properties.PropertyMappingContextCustomizer@0, org.springframework.boot.test.autoconfigure.web.servlet.WebDriverContextCustomizerFactory$Customizer@3dac4438], resourceBasePath = 'src/main/webapp', contextLoader = 'org.springframework.boot.test.context.SpringBootContextLoader', parent = [null]]]].
23:08:30.394 [Test worker] ?[39m[DEBUG]?[0;39m o.s.t.c.c.DefaultCacheAwareContextLoaderDelegate - Retrieved ApplicationContext from cache with key [[WebMergedContextConfiguration@4e374d5a testClass = TwitchFollowerSuggestionApplicationTests, locations = '{}', classes = '{class com.ollee.TwitchFollowerSuggestionApplication}', contextInitializerClasses = '[]', activeProfiles = '{}', propertySourceLocations = '{}', propertySourceProperties = '{org.springframework.boot.test.context.SpringBootTestContextBootstrapper=true}', contextCustomizers = set[org.springframework.boot.test.context.SpringBootTestContextCustomizer@1d732a8f, org.springframework.boot.test.context.filter.ExcludeFilterContextCustomizer@4bc5695e, org.springframework.boot.test.mock.mockito.MockitoContextCustomizer@0, org.springframework.boot.test.autoconfigure.properties.PropertyMappingContextCustomizer@0, org.springframework.boot.test.autoconfigure.web.servlet.WebDriverContextCustomizerFactory$Customizer@3dac4438], resourceBasePath = 'src/main/webapp', contextLoader = 'org.springframework.boot.test.context.SpringBootContextLoader', parent = [null]]]
23:08:30.394 [Test worker] ?[39m[DEBUG]?[0;39m o.s.test.context.cache - Spring test ApplicationContext cache statistics: [DefaultContextCache@73f25cfd size = 1, maxSize = 32, parentContextCount = 0, hitCount = 1, missCount = 1]
23:08:30.399 [Test worker] ?[39m[DEBUG]?[0;39m o.s.t.c.s.AbstractDirtiesContextTestExecutionListener - Before test method: context [DefaultTestContext@3a94e046 testClass = TwitchFollowerSuggestionApplicationTests, testInstance = com.ollee.TwitchFollowerSuggestionApplicationTests@650272fa, testMethod = contextLoads@TwitchFollowerSuggestionApplicationTests, testException = [null], mergedContextConfiguration = [WebMergedContextConfiguration@4e374d5a testClass = TwitchFollowerSuggestionApplicationTests, locations = '{}', classes = '{class com.ollee.TwitchFollowerSuggestionApplication}', contextInitializerClasses = '[]', activeProfiles = '{}', propertySourceLocations = '{}', propertySourceProperties = '{org.springframework.boot.test.context.SpringBootTestContextBootstrapper=true}', contextCustomizers = set[org.springframework.boot.test.context.SpringBootTestContextCustomizer@1d732a8f, org.springframework.boot.test.context.filter.ExcludeFilterContextCustomizer@4bc5695e, org.springframework.boot.test.mock.mockito.MockitoContextCustomizer@0, org.springframework.boot.test.autoconfigure.properties.PropertyMappingContextCustomizer@0, org.springframework.boot.test.autoconfigure.web.servlet.WebDriverContextCustomizerFactory$Customizer@3dac4438], resourceBasePath = 'src/main/webapp', contextLoader = 'org.springframework.boot.test.context.SpringBootContextLoader', parent = [null]]], class annotated with @DirtiesContext [false] with mode [null], method annotated with @DirtiesContext [false] with mode [null].
23:08:30.399 [Test worker] ?[39m[DEBUG]?[0;39m o.s.t.c.c.DefaultCacheAwareContextLoaderDelegate - Retrieved ApplicationContext from cache with key [[WebMergedContextConfiguration@4e374d5a testClass = TwitchFollowerSuggestionApplicationTests, locations = '{}', classes = '{class com.ollee.TwitchFollowerSuggestionApplication}', contextInitializerClasses = '[]', activeProfiles = '{}', propertySourceLocations = '{}', propertySourceProperties = '{org.springframework.boot.test.context.SpringBootTestContextBootstrapper=true}', contextCustomizers = set[org.springframework.boot.test.context.SpringBootTestContextCustomizer@1d732a8f, org.springframework.boot.test.context.filter.ExcludeFilterContextCustomizer@4bc5695e, org.springframework.boot.test.mock.mockito.MockitoContextCustomizer@0, org.springframework.boot.test.autoconfigure.properties.PropertyMappingContextCustomizer@0, org.springframework.boot.test.autoconfigure.web.servlet.WebDriverContextCustomizerFactory$Customizer@3dac4438], resourceBasePath = 'src/main/webapp', contextLoader = 'org.springframework.boot.test.context.SpringBootContextLoader', parent = [null]]]
23:08:30.399 [Test worker] ?[39m[DEBUG]?[0;39m o.s.test.context.cache - Spring test ApplicationContext cache statistics: [DefaultContextCache@73f25cfd size = 1, maxSize = 32, parentContextCount = 0, hitCount = 2, missCount = 1]
23:08:30.421 [Test worker] ?[39m[DEBUG]?[0;39m o.s.b.f.s.DefaultListableBeanFactory - Returning cached instance of singleton bean 'org.springframework.boot.test.mock.mockito.MockitoBeans'
23:08:30.427 [Test worker] ?[39m[DEBUG]?[0;39m o.s.t.c.c.DefaultCacheAwareContextLoaderDelegate - Retrieved ApplicationContext from cache with key [[WebMergedContextConfiguration@4e374d5a testClass = TwitchFollowerSuggestionApplicationTests, locations = '{}', classes = '{class com.ollee.TwitchFollowerSuggestionApplication}', contextInitializerClasses = '[]', activeProfiles = '{}', propertySourceLocations = '{}', propertySourceProperties = '{org.springframework.boot.test.context.SpringBootTestContextBootstrapper=true}', contextCustomizers = set[org.springframework.boot.test.context.SpringBootTestContextCustomizer@1d732a8f, org.springframework.boot.test.context.filter.ExcludeFilterContextCustomizer@4bc5695e, org.springframework.boot.test.mock.mockito.MockitoContextCustomizer@0, org.springframework.boot.test.autoconfigure.properties.PropertyMappingContextCustomizer@0, org.springframework.boot.test.autoconfigure.web.servlet.WebDriverContextCustomizerFactory$Customizer@3dac4438], resourceBasePath = 'src/main/webapp', contextLoader = 'org.springframework.boot.test.context.SpringBootContextLoader', parent = [null]]]
23:08:30.427 [Test worker] ?[39m[DEBUG]?[0;39m o.s.test.context.cache - Spring test ApplicationContext cache statistics: [DefaultContextCache@73f25cfd size = 1, maxSize = 32, parentContextCount = 0, hitCount = 3, missCount = 1]
23:08:30.427 [Test worker] ?[39m[DEBUG]?[0;39m o.s.t.c.c.DefaultCacheAwareContextLoaderDelegate - Retrieved ApplicationContext from cache with key [[WebMergedContextConfiguration@4e374d5a testClass = TwitchFollowerSuggestionApplicationTests, locations = '{}', classes = '{class com.ollee.TwitchFollowerSuggestionApplication}', contextInitializerClasses = '[]', activeProfiles = '{}', propertySourceLocations = '{}', propertySourceProperties = '{org.springframework.boot.test.context.SpringBootTestContextBootstrapper=true}', contextCustomizers = set[org.springframework.boot.test.context.SpringBootTestContextCustomizer@1d732a8f, org.springframework.boot.test.context.filter.ExcludeFilterContextCustomizer@4bc5695e, org.springframework.boot.test.mock.mockito.MockitoContextCustomizer@0, org.springframework.boot.test.autoconfigure.properties.PropertyMappingContextCustomizer@0, org.springframework.boot.test.autoconfigure.web.servlet.WebDriverContextCustomizerFactory$Customizer@3dac4438], resourceBasePath = 'src/main/webapp', contextLoader = 'org.springframework.boot.test.context.SpringBootContextLoader', parent = [null]]]
23:08:30.427 [Test worker] ?[39m[DEBUG]?[0;39m o.s.test.context.cache - Spring test ApplicationContext cache statistics: [DefaultContextCache@73f25cfd size = 1, maxSize = 32, parentContextCount = 0, hitCount = 4, missCount = 1]
23:08:30.429 [Test worker] ?[39m[DEBUG]?[0;39m o.s.t.c.c.DefaultCacheAwareContextLoaderDelegate - Retrieved ApplicationContext from cache with key [[WebMergedContextConfiguration@4e374d5a testClass = TwitchFollowerSuggestionApplicationTests, locations = '{}', classes = '{class com.ollee.TwitchFollowerSuggestionApplication}', contextInitializerClasses = '[]', activeProfiles = '{}', propertySourceLocations = '{}', propertySourceProperties = '{org.springframework.boot.test.context.SpringBootTestContextBootstrapper=true}', contextCustomizers = set[org.springframework.boot.test.context.SpringBootTestContextCustomizer@1d732a8f, org.springframework.boot.test.context.filter.ExcludeFilterContextCustomizer@4bc5695e, org.springframework.boot.test.mock.mockito.MockitoContextCustomizer@0, org.springframework.boot.test.autoconfigure.properties.PropertyMappingContextCustomizer@0, org.springframework.boot.test.autoconfigure.web.servlet.WebDriverContextCustomizerFactory$Customizer@3dac4438], resourceBasePath = 'src/main/webapp', contextLoader = 'org.springframework.boot.test.context.SpringBootContextLoader', parent = [null]]]
23:08:30.429 [Test worker] ?[39m[DEBUG]?[0;39m o.s.test.context.cache - Spring test ApplicationContext cache statistics: [DefaultContextCache@73f25cfd size = 1, maxSize = 32, parentContextCount = 0, hitCount = 5, missCount = 1]
23:08:30.430 [Test worker] ?[39m[DEBUG]?[0;39m o.s.b.f.s.DefaultListableBeanFactory - Returning cached instance of singleton bean 'org.springframework.boot.test.mock.mockito.MockitoBeans'
23:08:30.430 [Test worker] ?[39m[DEBUG]?[0;39m o.s.t.c.s.AbstractDirtiesContextTestExecutionListener - After test method: context [DefaultTestContext@3a94e046 testClass = TwitchFollowerSuggestionApplicationTests, testInstance = com.ollee.TwitchFollowerSuggestionApplicationTests@650272fa, testMethod = contextLoads@TwitchFollowerSuggestionApplicationTests, testException = [null], mergedContextConfiguration = [WebMergedContextConfiguration@4e374d5a testClass = TwitchFollowerSuggestionApplicationTests, locations = '{}', classes = '{class com.ollee.TwitchFollowerSuggestionApplication}', contextInitializerClasses = '[]', activeProfiles = '{}', propertySourceLocations = '{}', propertySourceProperties = '{org.springframework.boot.test.context.SpringBootTestContextBootstrapper=true}', contextCustomizers = set[org.springframework.boot.test.context.SpringBootTestContextCustomizer@1d732a8f, org.springframework.boot.test.context.filter.ExcludeFilterContextCustomizer@4bc5695e, org.springframework.boot.test.mock.mockito.MockitoContextCustomizer@0, org.springframework.boot.test.autoconfigure.properties.PropertyMappingContextCustomizer@0, org.springframework.boot.test.autoconfigure.web.servlet.WebDriverContextCustomizerFactory$Customizer@3dac4438], resourceBasePath = 'src/main/webapp', contextLoader = 'org.springframework.boot.test.context.SpringBootContextLoader', parent = [null]]], class annotated with @DirtiesContext [false] with mode [null], method annotated with @DirtiesContext [false] with mode [null].
23:08:30.431 [Test worker] ?[39m[DEBUG]?[0;39m o.s.t.c.w.ServletTestExecutionListener - Resetting RequestContextHolder for test context [DefaultTestContext@3a94e046 testClass = TwitchFollowerSuggestionApplicationTests, testInstance = com.ollee.TwitchFollowerSuggestionApplicationTests@650272fa, testMethod = contextLoads@TwitchFollowerSuggestionApplicationTests, testException = [null], mergedContextConfiguration = [WebMergedContextConfiguration@4e374d5a testClass = TwitchFollowerSuggestionApplicationTests, locations = '{}', classes = '{class com.ollee.TwitchFollowerSuggestionApplication}', contextInitializerClasses = '[]', activeProfiles = '{}', propertySourceLocations = '{}', propertySourceProperties = '{org.springframework.boot.test.context.SpringBootTestContextBootstrapper=true}', contextCustomizers = set[org.springframework.boot.test.context.SpringBootTestContextCustomizer@1d732a8f, org.springframework.boot.test.context.filter.ExcludeFilterContextCustomizer@4bc5695e, org.springframework.boot.test.mock.mockito.MockitoContextCustomizer@0, org.springframework.boot.test.autoconfigure.properties.PropertyMappingContextCustomizer@0, org.springframework.boot.test.autoconfigure.web.servlet.WebDriverContextCustomizerFactory$Customizer@3dac4438], resourceBasePath = 'src/main/webapp', contextLoader = 'org.springframework.boot.test.context.SpringBootContextLoader', parent = [null]]].
23:08:30.432 [Test worker] ?[39m[DEBUG]?[0;39m o.s.t.c.s.AbstractDirtiesContextTestExecutionListener - After test class: context [DefaultTestContext@3a94e046 testClass = TwitchFollowerSuggestionApplicationTests, testInstance = [null], testMethod = [null], testException = [null], mergedContextConfiguration = [WebMergedContextConfiguration@4e374d5a testClass = TwitchFollowerSuggestionApplicationTests, locations = '{}', classes = '{class com.ollee.TwitchFollowerSuggestionApplication}', contextInitializerClasses = '[]', activeProfiles = '{}', propertySourceLocations = '{}', propertySourceProperties = '{org.springframework.boot.test.context.SpringBootTestContextBootstrapper=true}', contextCustomizers = set[org.springframework.boot.test.context.SpringBootTestContextCustomizer@1d732a8f, org.springframework.boot.test.context.filter.ExcludeFilterContextCustomizer@4bc5695e, org.springframework.boot.test.mock.mockito.MockitoContextCustomizer@0, org.springframework.boot.test.autoconfigure.properties.PropertyMappingContextCustomizer@0, org.springframework.boot.test.autoconfigure.web.servlet.WebDriverContextCustomizerFactory$Customizer@3dac4438], resourceBasePath = 'src/main/webapp', contextLoader = 'org.springframework.boot.test.context.SpringBootContextLoader', parent = [null]]], class annotated with @DirtiesContext [false] with mode [null].
]]></system-out>
  <system-err><![CDATA[SLF4J: Class path contains multiple SLF4J bindings.
SLF4J: Found binding in [jar:file:/C:/Users/Chris/.gradle/caches/modules-2/files-2.1/ch.qos.logback/logback-classic/1.1.11/ccedfbacef4a6515d2983e3f89ed753d5d4fb665/logback-classic-1.1.11.jar!/org/slf4j/impl/StaticLoggerBinder.class]
SLF4J: Found binding in [jar:file:/C:/Users/Chris/.gradle/caches/modules-2/files-2.1/org.slf4j/slf4j-log4j12/1.7.24/309d7b29b14573c05d4c69cc7e44da0cb17212d3/slf4j-log4j12-1.7.24.jar!/org/slf4j/impl/StaticLoggerBinder.class]
SLF4J: See http://www.slf4j.org/codes.html#multiple_bindings for an explanation.
SLF4J: Actual binding is of type [ch.qos.logback.classic.util.ContextSelectorStaticBinder]
]]></system-err>
</testsuite>
